#
# There is insufficient memory for the Java Runtime Environment to continue.
# Native memory allocation (malloc) failed to allocate 59856 bytes for Chunk::new
# Possible reasons:
#   The system is out of physical RAM or swap space
#   The process is running with CompressedOops enabled, and the Java Heap may be blocking the growth of the native heap
# Possible solutions:
#   Reduce memory load on the system
#   Increase physical memory or swap space
#   Check if swap backing store is full
#   Decrease Java heap size (-Xmx/-Xms)
#   Decrease number of Java threads
#   Decrease Java thread stack sizes (-Xss)
#   Set larger code cache with -XX:ReservedCodeCacheSize=
#   JVM is running with Zero Based Compressed Oops mode in which the Java heap is
#     placed in the first 32GB address space. The Java Heap base address is the
#     maximum limit for the native heap growth. Please use -XX:HeapBaseMinAddress
#     to set the Java Heap base and to place the Java Heap above 32GB virtual address.
# This output file may be truncated or incomplete.
#
#  Out of Memory Error (arena.cpp:184), pid=28404, tid=31640
#
# JRE version: Java(TM) SE Runtime Environment (20.0.2+9) (build 20.0.2+9-78)
# Java VM: Java HotSpot(TM) 64-Bit Server VM (20.0.2+9-78, mixed mode, sharing, tiered, compressed oops, compressed class ptrs, g1 gc, windows-amd64)
# No core dump will be written. Minidumps are not enabled by default on client versions of Windows
#

---------------  S U M M A R Y ------------

Command Line: -Dclassworlds.conf=C:\Program Files\NetBeans-18\netbeans\java\maven\bin\m2.conf -Dmaven.home=C:\Program Files\NetBeans-18\netbeans\java\maven -Dlibrary.jansi.path=C:\Program Files\NetBeans-18\netbeans\java\maven\lib\jansi-native -Dmaven.multiModuleProjectDirectory=C:\Users\FLOW\Documents\NetBeansProjects\Peminjaman-Ruang org.codehaus.plexus.classworlds.launcher.Launcher -Dexec.vmArgs= -Dexec.args=${exec.vmArgs} -classpath %classpath ${exec.mainClass} ${exec.appArgs} -Dexec.appArgs= -Dexec.mainClass=peminjaman.peminjaman.ruang.PeminjamanRuang -Dexec.executable=C:\Program Files\Java\jdk-20\bin\java.exe -Dmaven.ext.class.path=C:\Program Files\NetBeans-18\netbeans\java\maven-nblib\netbeans-eventspy.jar --no-transfer-progress process-classes org.codehaus.mojo:exec-maven-plugin:3.1.0:exec

Host: AMD Ryzen 9 6900HS with Radeon Graphics        , 16 cores, 15G,  Windows 11 , 64 bit Build 22000 (10.0.22000.2360)
Time: Sun Oct  8 15:01:58 2023 Malay Peninsula Standard Time elapsed time: 26.219390 seconds (0d 0h 0m 26s)

---------------  T H R E A D  ---------------

Current thread (0x000001fbba112420):  JavaThread "C2 CompilerThread0" daemon [_thread_in_native, id=31640, stack(0x0000002c93d00000,0x0000002c93e00000)]


Current CompileTask:
C2:  26219  479       4       java.lang.StringLatin1::replace (198 bytes)

Stack: [0x0000002c93d00000,0x0000002c93e00000]
Native frames: (J=compiled Java code, j=interpreted, Vv=VM code, C=native code)
V  [jvm.dll+0x6bc25a]
V  [jvm.dll+0x84971a]
V  [jvm.dll+0x84b315]
V  [jvm.dll+0x84ba13]
V  [jvm.dll+0x280e4f]
V  [jvm.dll+0xc2ab1]
V  [jvm.dll+0xc2dd5]
V  [jvm.dll+0x2f611f]
V  [jvm.dll+0x5e3b0b]
V  [jvm.dll+0x254684]
V  [jvm.dll+0x24cf0a]
V  [jvm.dll+0x24a819]
V  [jvm.dll+0x1ce761]
V  [jvm.dll+0x25a0eb]
V  [jvm.dll+0x2587c0]
V  [jvm.dll+0x3f2dd5]
V  [jvm.dll+0x7f5c76]
V  [jvm.dll+0x6baecb]
C  [ucrtbase.dll+0x26c0c]
C  [KERNEL32.DLL+0x153e0]
C  [ntdll.dll+0x485b]


---------------  P R O C E S S  ---------------

Threads class SMR info:
_java_thread_list=0x000001fbff68c720, length=12, elements={
0x000001fb9a421210, 0x000001fbba1082c0, 0x000001fbba109060, 0x000001fbba10d6f0,
0x000001fbba10f040, 0x000001fbba10f980, 0x000001fbba1112d0, 0x000001fbba112420,
0x000001fbba1188f0, 0x000001fbff5011e0, 0x000001fbff510360, 0x000001fbff683db0
}

Java Threads: ( => current thread )
  0x000001fb9a421210 JavaThread "main" [_thread_in_native, id=25836, stack(0x0000002c93000000,0x0000002c93100000)]
  0x000001fbba1082c0 JavaThread "Reference Handler" daemon [_thread_blocked, id=31616, stack(0x0000002c93700000,0x0000002c93800000)]
  0x000001fbba109060 JavaThread "Finalizer" daemon [_thread_blocked, id=31620, stack(0x0000002c93800000,0x0000002c93900000)]
  0x000001fbba10d6f0 JavaThread "Signal Dispatcher" daemon [_thread_blocked, id=31624, stack(0x0000002c93900000,0x0000002c93a00000)]
  0x000001fbba10f040 JavaThread "Attach Listener" daemon [_thread_blocked, id=31628, stack(0x0000002c93a00000,0x0000002c93b00000)]
  0x000001fbba10f980 JavaThread "Service Thread" daemon [_thread_blocked, id=31632, stack(0x0000002c93b00000,0x0000002c93c00000)]
  0x000001fbba1112d0 JavaThread "Monitor Deflation Thread" daemon [_thread_blocked, id=31636, stack(0x0000002c93c00000,0x0000002c93d00000)]
=>0x000001fbba112420 JavaThread "C2 CompilerThread0" daemon [_thread_in_native, id=31640, stack(0x0000002c93d00000,0x0000002c93e00000)]
  0x000001fbba1188f0 JavaThread "C1 CompilerThread0" daemon [_thread_blocked, id=31644, stack(0x0000002c93e00000,0x0000002c93f00000)]
  0x000001fbff5011e0 JavaThread "Notification Thread" daemon [_thread_blocked, id=31672, stack(0x0000002c94200000,0x0000002c94300000)]
  0x000001fbff510360 JavaThread "Common-Cleaner" daemon [_thread_blocked, id=31684, stack(0x0000002c94400000,0x0000002c94500000)]
  0x000001fbff683db0 JavaThread "C1 CompilerThread1" daemon [_thread_blocked, id=44956, stack(0x0000002c93f00000,0x0000002c94000000)]

Other Threads:
  0x000001fbba0ea180 VMThread "VM Thread" [stack: 0x0000002c93600000,0x0000002c93700000] [id=31468]
  0x000001fbff50d750 WatcherThread "VM Periodic Task Thread" [stack: 0x0000002c94300000,0x0000002c94400000] [id=31676]
  0x000001fb9a48cb50 WorkerThread "GC Thread#0" [stack: 0x0000002c93100000,0x0000002c93200000] [id=30872]
  0x000001fb9a49de70 ConcurrentGCThread "G1 Main Marker" [stack: 0x0000002c93200000,0x0000002c93300000] [id=30876]
  0x000001fb9a4a07b0 WorkerThread "G1 Conc#0" [stack: 0x0000002c93300000,0x0000002c93400000] [id=30880]
  0x000001fbb9fa8160 ConcurrentGCThread "G1 Refine#0" [stack: 0x0000002c93400000,0x0000002c93500000] [id=30896]
  0x000001fbb9fa8b00 ConcurrentGCThread "G1 Service" [stack: 0x0000002c93500000,0x0000002c93600000] [id=30900]

Threads with active compile tasks:
C2 CompilerThread0    26234  479       4       java.lang.StringLatin1::replace (198 bytes)

VM state: not at safepoint (normal execution)

VM Mutex/Monitor currently owned by a thread: None

Heap address: 0x000000070c000000, size: 3904 MB, Compressed Oops mode: Zero based, Oop shift amount: 3

CDS archive(s) mapped at: [0x000001fbba400000-0x000001fbbb060000-0x000001fbbb060000), size 12976128, SharedBaseAddress: 0x000001fbba400000, ArchiveRelocationMode: 1.
Compressed class space mapped at: 0x000001fbbb400000-0x000001fbfb400000, reserved size: 1073741824
Narrow klass base: 0x000001fbba400000, Narrow klass shift: 0, Narrow klass range: 0x100000000

GC Precious Log:
 CardTable entry size: 512
 Card Set container configuration: InlinePtr #cards 4 size 8 Array Of Cards #cards 16 size 48 Howl #buckets 8 coarsen threshold 3686 Howl Bitmap #cards 512 size 80 coarsen threshold 460 Card regions per heap region 1 cards per card region 4096
 CPUs: 16 total, 16 available
 Memory: 15612M
 Large Page Support: Disabled
 NUMA Support: Disabled
 Compressed Oops: Enabled (Zero based)
 Heap Region Size: 2M
 Heap Min Capacity: 8M
 Heap Initial Capacity: 244M
 Heap Max Capacity: 3904M
 Pre-touch: Disabled
 Parallel Workers: 13
 Concurrent Workers: 3
 Concurrent Refinement Workers: 13
 Periodic GC: Disabled

Heap:
 garbage-first heap   total 249856K, used 8192K [0x000000070c000000, 0x0000000800000000)
  region size 2048K, 5 young (10240K), 0 survivors (0K)
 Metaspace       used 1675K, committed 1856K, reserved 1114112K
  class space    used 145K, committed 256K, reserved 1048576K

Heap Regions: E=young(eden), S=young(survivor), O=old, HS=humongous(starts), HC=humongous(continues), CS=collection set, F=free, OA=open archive, CA=closed archive, TAMS=top-at-mark-start, PB=parsable bottom
|   0|0x000000070c000000, 0x000000070c000000, 0x000000070c200000|  0%| F|  |TAMS 0x000000070c000000| PB 0x000000070c000000| Untracked 
|   1|0x000000070c200000, 0x000000070c200000, 0x000000070c400000|  0%| F|  |TAMS 0x000000070c200000| PB 0x000000070c200000| Untracked 
|   2|0x000000070c400000, 0x000000070c400000, 0x000000070c600000|  0%| F|  |TAMS 0x000000070c400000| PB 0x000000070c400000| Untracked 
|   3|0x000000070c600000, 0x000000070c600000, 0x000000070c800000|  0%| F|  |TAMS 0x000000070c600000| PB 0x000000070c600000| Untracked 
|   4|0x000000070c800000, 0x000000070c800000, 0x000000070ca00000|  0%| F|  |TAMS 0x000000070c800000| PB 0x000000070c800000| Untracked 
|   5|0x000000070ca00000, 0x000000070ca00000, 0x000000070cc00000|  0%| F|  |TAMS 0x000000070ca00000| PB 0x000000070ca00000| Untracked 
|   6|0x000000070cc00000, 0x000000070cc00000, 0x000000070ce00000|  0%| F|  |TAMS 0x000000070cc00000| PB 0x000000070cc00000| Untracked 
|   7|0x000000070ce00000, 0x000000070ce00000, 0x000000070d000000|  0%| F|  |TAMS 0x000000070ce00000| PB 0x000000070ce00000| Untracked 
|   8|0x000000070d000000, 0x000000070d000000, 0x000000070d200000|  0%| F|  |TAMS 0x000000070d000000| PB 0x000000070d000000| Untracked 
|   9|0x000000070d200000, 0x000000070d200000, 0x000000070d400000|  0%| F|  |TAMS 0x000000070d200000| PB 0x000000070d200000| Untracked 
|  10|0x000000070d400000, 0x000000070d400000, 0x000000070d600000|  0%| F|  |TAMS 0x000000070d400000| PB 0x000000070d400000| Untracked 
|  11|0x000000070d600000, 0x000000070d600000, 0x000000070d800000|  0%| F|  |TAMS 0x000000070d600000| PB 0x000000070d600000| Untracked 
|  12|0x000000070d800000, 0x000000070d800000, 0x000000070da00000|  0%| F|  |TAMS 0x000000070d800000| PB 0x000000070d800000| Untracked 
|  13|0x000000070da00000, 0x000000070da00000, 0x000000070dc00000|  0%| F|  |TAMS 0x000000070da00000| PB 0x000000070da00000| Untracked 
|  14|0x000000070dc00000, 0x000000070dc00000, 0x000000070de00000|  0%| F|  |TAMS 0x000000070dc00000| PB 0x000000070dc00000| Untracked 
|  15|0x000000070de00000, 0x000000070de00000, 0x000000070e000000|  0%| F|  |TAMS 0x000000070de00000| PB 0x000000070de00000| Untracked 
|  16|0x000000070e000000, 0x000000070e000000, 0x000000070e200000|  0%| F|  |TAMS 0x000000070e000000| PB 0x000000070e000000| Untracked 
|  17|0x000000070e200000, 0x000000070e200000, 0x000000070e400000|  0%| F|  |TAMS 0x000000070e200000| PB 0x000000070e200000| Untracked 
|  18|0x000000070e400000, 0x000000070e400000, 0x000000070e600000|  0%| F|  |TAMS 0x000000070e400000| PB 0x000000070e400000| Untracked 
|  19|0x000000070e600000, 0x000000070e600000, 0x000000070e800000|  0%| F|  |TAMS 0x000000070e600000| PB 0x000000070e600000| Untracked 
|  20|0x000000070e800000, 0x000000070e800000, 0x000000070ea00000|  0%| F|  |TAMS 0x000000070e800000| PB 0x000000070e800000| Untracked 
|  21|0x000000070ea00000, 0x000000070ea00000, 0x000000070ec00000|  0%| F|  |TAMS 0x000000070ea00000| PB 0x000000070ea00000| Untracked 
|  22|0x000000070ec00000, 0x000000070ec00000, 0x000000070ee00000|  0%| F|  |TAMS 0x000000070ec00000| PB 0x000000070ec00000| Untracked 
|  23|0x000000070ee00000, 0x000000070ee00000, 0x000000070f000000|  0%| F|  |TAMS 0x000000070ee00000| PB 0x000000070ee00000| Untracked 
|  24|0x000000070f000000, 0x000000070f000000, 0x000000070f200000|  0%| F|  |TAMS 0x000000070f000000| PB 0x000000070f000000| Untracked 
|  25|0x000000070f200000, 0x000000070f200000, 0x000000070f400000|  0%| F|  |TAMS 0x000000070f200000| PB 0x000000070f200000| Untracked 
|  26|0x000000070f400000, 0x000000070f400000, 0x000000070f600000|  0%| F|  |TAMS 0x000000070f400000| PB 0x000000070f400000| Untracked 
|  27|0x000000070f600000, 0x000000070f600000, 0x000000070f800000|  0%| F|  |TAMS 0x000000070f600000| PB 0x000000070f600000| Untracked 
|  28|0x000000070f800000, 0x000000070f800000, 0x000000070fa00000|  0%| F|  |TAMS 0x000000070f800000| PB 0x000000070f800000| Untracked 
|  29|0x000000070fa00000, 0x000000070fa00000, 0x000000070fc00000|  0%| F|  |TAMS 0x000000070fa00000| PB 0x000000070fa00000| Untracked 
|  30|0x000000070fc00000, 0x000000070fc00000, 0x000000070fe00000|  0%| F|  |TAMS 0x000000070fc00000| PB 0x000000070fc00000| Untracked 
|  31|0x000000070fe00000, 0x000000070fe00000, 0x0000000710000000|  0%| F|  |TAMS 0x000000070fe00000| PB 0x000000070fe00000| Untracked 
|  32|0x0000000710000000, 0x0000000710000000, 0x0000000710200000|  0%| F|  |TAMS 0x0000000710000000| PB 0x0000000710000000| Untracked 
|  33|0x0000000710200000, 0x0000000710200000, 0x0000000710400000|  0%| F|  |TAMS 0x0000000710200000| PB 0x0000000710200000| Untracked 
|  34|0x0000000710400000, 0x0000000710400000, 0x0000000710600000|  0%| F|  |TAMS 0x0000000710400000| PB 0x0000000710400000| Untracked 
|  35|0x0000000710600000, 0x0000000710600000, 0x0000000710800000|  0%| F|  |TAMS 0x0000000710600000| PB 0x0000000710600000| Untracked 
|  36|0x0000000710800000, 0x0000000710800000, 0x0000000710a00000|  0%| F|  |TAMS 0x0000000710800000| PB 0x0000000710800000| Untracked 
|  37|0x0000000710a00000, 0x0000000710a00000, 0x0000000710c00000|  0%| F|  |TAMS 0x0000000710a00000| PB 0x0000000710a00000| Untracked 
|  38|0x0000000710c00000, 0x0000000710c00000, 0x0000000710e00000|  0%| F|  |TAMS 0x0000000710c00000| PB 0x0000000710c00000| Untracked 
|  39|0x0000000710e00000, 0x0000000710e00000, 0x0000000711000000|  0%| F|  |TAMS 0x0000000710e00000| PB 0x0000000710e00000| Untracked 
|  40|0x0000000711000000, 0x0000000711000000, 0x0000000711200000|  0%| F|  |TAMS 0x0000000711000000| PB 0x0000000711000000| Untracked 
|  41|0x0000000711200000, 0x0000000711200000, 0x0000000711400000|  0%| F|  |TAMS 0x0000000711200000| PB 0x0000000711200000| Untracked 
|  42|0x0000000711400000, 0x0000000711400000, 0x0000000711600000|  0%| F|  |TAMS 0x0000000711400000| PB 0x0000000711400000| Untracked 
|  43|0x0000000711600000, 0x0000000711600000, 0x0000000711800000|  0%| F|  |TAMS 0x0000000711600000| PB 0x0000000711600000| Untracked 
|  44|0x0000000711800000, 0x0000000711800000, 0x0000000711a00000|  0%| F|  |TAMS 0x0000000711800000| PB 0x0000000711800000| Untracked 
|  45|0x0000000711a00000, 0x0000000711a00000, 0x0000000711c00000|  0%| F|  |TAMS 0x0000000711a00000| PB 0x0000000711a00000| Untracked 
|  46|0x0000000711c00000, 0x0000000711c00000, 0x0000000711e00000|  0%| F|  |TAMS 0x0000000711c00000| PB 0x0000000711c00000| Untracked 
|  47|0x0000000711e00000, 0x0000000711e00000, 0x0000000712000000|  0%| F|  |TAMS 0x0000000711e00000| PB 0x0000000711e00000| Untracked 
|  48|0x0000000712000000, 0x0000000712000000, 0x0000000712200000|  0%| F|  |TAMS 0x0000000712000000| PB 0x0000000712000000| Untracked 
|  49|0x0000000712200000, 0x0000000712200000, 0x0000000712400000|  0%| F|  |TAMS 0x0000000712200000| PB 0x0000000712200000| Untracked 
|  50|0x0000000712400000, 0x0000000712400000, 0x0000000712600000|  0%| F|  |TAMS 0x0000000712400000| PB 0x0000000712400000| Untracked 
|  51|0x0000000712600000, 0x0000000712600000, 0x0000000712800000|  0%| F|  |TAMS 0x0000000712600000| PB 0x0000000712600000| Untracked 
|  52|0x0000000712800000, 0x0000000712800000, 0x0000000712a00000|  0%| F|  |TAMS 0x0000000712800000| PB 0x0000000712800000| Untracked 
|  53|0x0000000712a00000, 0x0000000712a00000, 0x0000000712c00000|  0%| F|  |TAMS 0x0000000712a00000| PB 0x0000000712a00000| Untracked 
|  54|0x0000000712c00000, 0x0000000712c00000, 0x0000000712e00000|  0%| F|  |TAMS 0x0000000712c00000| PB 0x0000000712c00000| Untracked 
|  55|0x0000000712e00000, 0x0000000712e00000, 0x0000000713000000|  0%| F|  |TAMS 0x0000000712e00000| PB 0x0000000712e00000| Untracked 
|  56|0x0000000713000000, 0x0000000713000000, 0x0000000713200000|  0%| F|  |TAMS 0x0000000713000000| PB 0x0000000713000000| Untracked 
|  57|0x0000000713200000, 0x0000000713200000, 0x0000000713400000|  0%| F|  |TAMS 0x0000000713200000| PB 0x0000000713200000| Untracked 
|  58|0x0000000713400000, 0x0000000713400000, 0x0000000713600000|  0%| F|  |TAMS 0x0000000713400000| PB 0x0000000713400000| Untracked 
|  59|0x0000000713600000, 0x0000000713600000, 0x0000000713800000|  0%| F|  |TAMS 0x0000000713600000| PB 0x0000000713600000| Untracked 
|  60|0x0000000713800000, 0x0000000713800000, 0x0000000713a00000|  0%| F|  |TAMS 0x0000000713800000| PB 0x0000000713800000| Untracked 
|  61|0x0000000713a00000, 0x0000000713a00000, 0x0000000713c00000|  0%| F|  |TAMS 0x0000000713a00000| PB 0x0000000713a00000| Untracked 
|  62|0x0000000713c00000, 0x0000000713c00000, 0x0000000713e00000|  0%| F|  |TAMS 0x0000000713c00000| PB 0x0000000713c00000| Untracked 
|  63|0x0000000713e00000, 0x0000000713e00000, 0x0000000714000000|  0%| F|  |TAMS 0x0000000713e00000| PB 0x0000000713e00000| Untracked 
|  64|0x0000000714000000, 0x0000000714000000, 0x0000000714200000|  0%| F|  |TAMS 0x0000000714000000| PB 0x0000000714000000| Untracked 
|  65|0x0000000714200000, 0x0000000714200000, 0x0000000714400000|  0%| F|  |TAMS 0x0000000714200000| PB 0x0000000714200000| Untracked 
|  66|0x0000000714400000, 0x0000000714400000, 0x0000000714600000|  0%| F|  |TAMS 0x0000000714400000| PB 0x0000000714400000| Untracked 
|  67|0x0000000714600000, 0x0000000714600000, 0x0000000714800000|  0%| F|  |TAMS 0x0000000714600000| PB 0x0000000714600000| Untracked 
|  68|0x0000000714800000, 0x0000000714800000, 0x0000000714a00000|  0%| F|  |TAMS 0x0000000714800000| PB 0x0000000714800000| Untracked 
|  69|0x0000000714a00000, 0x0000000714a00000, 0x0000000714c00000|  0%| F|  |TAMS 0x0000000714a00000| PB 0x0000000714a00000| Untracked 
|  70|0x0000000714c00000, 0x0000000714c00000, 0x0000000714e00000|  0%| F|  |TAMS 0x0000000714c00000| PB 0x0000000714c00000| Untracked 
|  71|0x0000000714e00000, 0x0000000714e00000, 0x0000000715000000|  0%| F|  |TAMS 0x0000000714e00000| PB 0x0000000714e00000| Untracked 
|  72|0x0000000715000000, 0x0000000715000000, 0x0000000715200000|  0%| F|  |TAMS 0x0000000715000000| PB 0x0000000715000000| Untracked 
|  73|0x0000000715200000, 0x0000000715200000, 0x0000000715400000|  0%| F|  |TAMS 0x0000000715200000| PB 0x0000000715200000| Untracked 
|  74|0x0000000715400000, 0x0000000715400000, 0x0000000715600000|  0%| F|  |TAMS 0x0000000715400000| PB 0x0000000715400000| Untracked 
|  75|0x0000000715600000, 0x0000000715600000, 0x0000000715800000|  0%| F|  |TAMS 0x0000000715600000| PB 0x0000000715600000| Untracked 
|  76|0x0000000715800000, 0x0000000715800000, 0x0000000715a00000|  0%| F|  |TAMS 0x0000000715800000| PB 0x0000000715800000| Untracked 
|  77|0x0000000715a00000, 0x0000000715a00000, 0x0000000715c00000|  0%| F|  |TAMS 0x0000000715a00000| PB 0x0000000715a00000| Untracked 
|  78|0x0000000715c00000, 0x0000000715c00000, 0x0000000715e00000|  0%| F|  |TAMS 0x0000000715c00000| PB 0x0000000715c00000| Untracked 
|  79|0x0000000715e00000, 0x0000000715e00000, 0x0000000716000000|  0%| F|  |TAMS 0x0000000715e00000| PB 0x0000000715e00000| Untracked 
|  80|0x0000000716000000, 0x0000000716000000, 0x0000000716200000|  0%| F|  |TAMS 0x0000000716000000| PB 0x0000000716000000| Untracked 
|  81|0x0000000716200000, 0x0000000716200000, 0x0000000716400000|  0%| F|  |TAMS 0x0000000716200000| PB 0x0000000716200000| Untracked 
|  82|0x0000000716400000, 0x0000000716400000, 0x0000000716600000|  0%| F|  |TAMS 0x0000000716400000| PB 0x0000000716400000| Untracked 
|  83|0x0000000716600000, 0x0000000716600000, 0x0000000716800000|  0%| F|  |TAMS 0x0000000716600000| PB 0x0000000716600000| Untracked 
|  84|0x0000000716800000, 0x0000000716800000, 0x0000000716a00000|  0%| F|  |TAMS 0x0000000716800000| PB 0x0000000716800000| Untracked 
|  85|0x0000000716a00000, 0x0000000716a00000, 0x0000000716c00000|  0%| F|  |TAMS 0x0000000716a00000| PB 0x0000000716a00000| Untracked 
|  86|0x0000000716c00000, 0x0000000716c00000, 0x0000000716e00000|  0%| F|  |TAMS 0x0000000716c00000| PB 0x0000000716c00000| Untracked 
|  87|0x0000000716e00000, 0x0000000716e00000, 0x0000000717000000|  0%| F|  |TAMS 0x0000000716e00000| PB 0x0000000716e00000| Untracked 
|  88|0x0000000717000000, 0x0000000717000000, 0x0000000717200000|  0%| F|  |TAMS 0x0000000717000000| PB 0x0000000717000000| Untracked 
|  89|0x0000000717200000, 0x0000000717200000, 0x0000000717400000|  0%| F|  |TAMS 0x0000000717200000| PB 0x0000000717200000| Untracked 
|  90|0x0000000717400000, 0x0000000717400000, 0x0000000717600000|  0%| F|  |TAMS 0x0000000717400000| PB 0x0000000717400000| Untracked 
|  91|0x0000000717600000, 0x0000000717600000, 0x0000000717800000|  0%| F|  |TAMS 0x0000000717600000| PB 0x0000000717600000| Untracked 
|  92|0x0000000717800000, 0x0000000717800000, 0x0000000717a00000|  0%| F|  |TAMS 0x0000000717800000| PB 0x0000000717800000| Untracked 
|  93|0x0000000717a00000, 0x0000000717a00000, 0x0000000717c00000|  0%| F|  |TAMS 0x0000000717a00000| PB 0x0000000717a00000| Untracked 
|  94|0x0000000717c00000, 0x0000000717c00000, 0x0000000717e00000|  0%| F|  |TAMS 0x0000000717c00000| PB 0x0000000717c00000| Untracked 
|  95|0x0000000717e00000, 0x0000000717e00000, 0x0000000718000000|  0%| F|  |TAMS 0x0000000717e00000| PB 0x0000000717e00000| Untracked 
|  96|0x0000000718000000, 0x0000000718000000, 0x0000000718200000|  0%| F|  |TAMS 0x0000000718000000| PB 0x0000000718000000| Untracked 
|  97|0x0000000718200000, 0x0000000718200000, 0x0000000718400000|  0%| F|  |TAMS 0x0000000718200000| PB 0x0000000718200000| Untracked 
|  98|0x0000000718400000, 0x0000000718400000, 0x0000000718600000|  0%| F|  |TAMS 0x0000000718400000| PB 0x0000000718400000| Untracked 
|  99|0x0000000718600000, 0x0000000718600000, 0x0000000718800000|  0%| F|  |TAMS 0x0000000718600000| PB 0x0000000718600000| Untracked 
| 100|0x0000000718800000, 0x0000000718800000, 0x0000000718a00000|  0%| F|  |TAMS 0x0000000718800000| PB 0x0000000718800000| Untracked 
| 101|0x0000000718a00000, 0x0000000718a00000, 0x0000000718c00000|  0%| F|  |TAMS 0x0000000718a00000| PB 0x0000000718a00000| Untracked 
| 102|0x0000000718c00000, 0x0000000718c00000, 0x0000000718e00000|  0%| F|  |TAMS 0x0000000718c00000| PB 0x0000000718c00000| Untracked 
| 103|0x0000000718e00000, 0x0000000718e00000, 0x0000000719000000|  0%| F|  |TAMS 0x0000000718e00000| PB 0x0000000718e00000| Untracked 
| 104|0x0000000719000000, 0x0000000719000000, 0x0000000719200000|  0%| F|  |TAMS 0x0000000719000000| PB 0x0000000719000000| Untracked 
| 105|0x0000000719200000, 0x0000000719200000, 0x0000000719400000|  0%| F|  |TAMS 0x0000000719200000| PB 0x0000000719200000| Untracked 
| 106|0x0000000719400000, 0x0000000719400000, 0x0000000719600000|  0%| F|  |TAMS 0x0000000719400000| PB 0x0000000719400000| Untracked 
| 107|0x0000000719600000, 0x0000000719600000, 0x0000000719800000|  0%| F|  |TAMS 0x0000000719600000| PB 0x0000000719600000| Untracked 
| 108|0x0000000719800000, 0x0000000719800000, 0x0000000719a00000|  0%| F|  |TAMS 0x0000000719800000| PB 0x0000000719800000| Untracked 
| 109|0x0000000719a00000, 0x0000000719a00000, 0x0000000719c00000|  0%| F|  |TAMS 0x0000000719a00000| PB 0x0000000719a00000| Untracked 
| 110|0x0000000719c00000, 0x0000000719c00000, 0x0000000719e00000|  0%| F|  |TAMS 0x0000000719c00000| PB 0x0000000719c00000| Untracked 
| 111|0x0000000719e00000, 0x0000000719e00000, 0x000000071a000000|  0%| F|  |TAMS 0x0000000719e00000| PB 0x0000000719e00000| Untracked 
| 112|0x000000071a000000, 0x000000071a000000, 0x000000071a200000|  0%| F|  |TAMS 0x000000071a000000| PB 0x000000071a000000| Untracked 
| 113|0x000000071a200000, 0x000000071a200000, 0x000000071a400000|  0%| F|  |TAMS 0x000000071a200000| PB 0x000000071a200000| Untracked 
| 114|0x000000071a400000, 0x000000071a400000, 0x000000071a600000|  0%| F|  |TAMS 0x000000071a400000| PB 0x000000071a400000| Untracked 
| 115|0x000000071a600000, 0x000000071a600000, 0x000000071a800000|  0%| F|  |TAMS 0x000000071a600000| PB 0x000000071a600000| Untracked 
| 116|0x000000071a800000, 0x000000071a800000, 0x000000071aa00000|  0%| F|  |TAMS 0x000000071a800000| PB 0x000000071a800000| Untracked 
| 117|0x000000071aa00000, 0x000000071aa79ef0, 0x000000071ac00000| 23%| E|  |TAMS 0x000000071aa00000| PB 0x000000071aa00000| Complete 
| 118|0x000000071ac00000, 0x000000071ae00000, 0x000000071ae00000|100%| E|CS|TAMS 0x000000071ac00000| PB 0x000000071ac00000| Complete 
| 119|0x000000071ae00000, 0x000000071b000000, 0x000000071b000000|100%| E|CS|TAMS 0x000000071ae00000| PB 0x000000071ae00000| Complete 
| 120|0x000000071b000000, 0x000000071b200000, 0x000000071b200000|100%| E|CS|TAMS 0x000000071b000000| PB 0x000000071b000000| Complete 
| 121|0x000000071b200000, 0x000000071b400000, 0x000000071b400000|100%| E|CS|TAMS 0x000000071b200000| PB 0x000000071b200000| Complete 

Card table byte_map: [0x000001fbb2540000,0x000001fbb2ce0000] _byte_map_base: 0x000001fbaece0000

Marking Bits: (CMBitMap*) 0x000001fb9a48d180
 Bits: [0x000001fbb3480000, 0x000001fbb7180000)

Polling page: 0x000001fb98370000

Metaspace:

Usage:
  Non-class:      1.53 MB used.
      Class:    151.17 KB used.
       Both:      1.68 MB used.

Virtual space:
  Non-class space:       64.00 MB reserved,       1.62 MB (  3%) committed,  1 nodes.
      Class space:        1.00 GB reserved,     256.00 KB ( <1%) committed,  1 nodes.
             Both:        1.06 GB reserved,       1.88 MB ( <1%) committed. 

Chunk freelists:
   Non-Class:  3.28 MB
       Class:  3.66 MB
        Both:  6.94 MB

MaxMetaspaceSize: unlimited
CompressedClassSpaceSize: 1.00 GB
Initial GC threshold: 21.00 MB
Current GC threshold: 21.00 MB
CDS: on
MetaspaceReclaimPolicy: balanced
 - commit_granule_bytes: 65536.
 - commit_granule_words: 8192.
 - virtual_space_node_default_size: 8388608.
 - enlarge_chunks_in_place: 1.
 - new_chunks_are_fully_committed: 0.
 - uncommit_free_chunks: 1.
 - use_allocation_guard: 0.


Internal statistics:

num_allocs_failed_limit: 0.
num_arena_births: 22.
num_arena_deaths: 0.
num_vsnodes_births: 2.
num_vsnodes_deaths: 0.
num_space_committed: 30.
num_space_uncommitted: 0.
num_chunks_returned_to_freelist: 0.
num_chunks_taken_from_freelist: 60.
num_chunk_merges: 0.
num_chunk_splits: 38.
num_chunks_enlarged: 34.
num_inconsistent_stats: 0.

CodeHeap 'non-profiled nmethods': size=119168Kb used=135Kb max_used=135Kb free=119032Kb
 bounds [0x000001fbaa0a0000, 0x000001fbaa310000, 0x000001fbb1500000]
CodeHeap 'profiled nmethods': size=119104Kb used=756Kb max_used=756Kb free=118347Kb
 bounds [0x000001fba2500000, 0x000001fba2770000, 0x000001fba9950000]
CodeHeap 'non-nmethods': size=7488Kb used=1911Kb max_used=2974Kb free=5576Kb
 bounds [0x000001fba9950000, 0x000001fba9c40000, 0x000001fbaa0a0000]
 total_blobs=888 nmethods=487 adapters=311
 compilation: enabled
              stopped_count=0, restarted_count=0
 full_count=0

Compilation events (20 events):
Event: 26.166 Thread 0x000001fbba1188f0 nmethod 468 0x000001fba25b6c10 code [0x000001fba25b6e00, 0x000001fba25b7288]
Event: 26.191 Thread 0x000001fbff683db0  469       3       java.lang.String::rangeCheck (10 bytes)
Event: 26.191 Thread 0x000001fbff683db0 nmethod 469 0x000001fba25b7510 code [0x000001fba25b76c0, 0x000001fba25b7940]
Event: 26.191 Thread 0x000001fbba1188f0  471       3       jdk.internal.loader.URLClassPath$JarLoader::findResource (18 bytes)
Event: 26.192 Thread 0x000001fbba1188f0 nmethod 471 0x000001fba25b7a90 code [0x000001fba25b7c40, 0x000001fba25b7ec0]
Event: 26.192 Thread 0x000001fbba1188f0  472       3       java.lang.Character::getType (9 bytes)
Event: 26.192 Thread 0x000001fbff683db0  473       3       java.lang.CharacterDataLatin1::getType (11 bytes)
Event: 26.192 Thread 0x000001fbba1188f0 nmethod 472 0x000001fba25b7f90 code [0x000001fba25b8140, 0x000001fba25b8328]
Event: 26.192 Thread 0x000001fbff683db0 nmethod 473 0x000001fba25b8410 code [0x000001fba25b85a0, 0x000001fba25b8758]
Event: 26.196 Thread 0x000001fbba112420  474       4       java.lang.String::equals (56 bytes)
Event: 26.197 Thread 0x000001fbba112420 nmethod 474 0x000001fbaa0c1790 code [0x000001fbaa0c1900, 0x000001fbaa0c1ae0]
Event: 26.208 Thread 0x000001fbba1188f0  475       3       java.lang.String::indexOf (64 bytes)
Event: 26.208 Thread 0x000001fbff683db0  476       3       java.lang.StringLatin1::indexOf (25 bytes)
Event: 26.208 Thread 0x000001fbff683db0 nmethod 476 0x000001fba25b8890 code [0x000001fba25b8a40, 0x000001fba25b8c40]
Event: 26.208 Thread 0x000001fbba1188f0 nmethod 475 0x000001fba25b8d10 code [0x000001fba25b8f00, 0x000001fba25b93e0]
Event: 26.210 Thread 0x000001fbba1188f0  477       3       java.lang.String::equalsIgnoreCase (45 bytes)
Event: 26.210 Thread 0x000001fbba1188f0 nmethod 477 0x000001fba25b9590 code [0x000001fba25b9760, 0x000001fba25b9cc0]
Event: 26.215 Thread 0x000001fbba1188f0  478       3       jdk.internal.loader.URLClassPath::getResource (74 bytes)
Event: 26.215 Thread 0x000001fbba1188f0 nmethod 478 0x000001fba25b9e90 code [0x000001fba25ba040, 0x000001fba25ba398]
Event: 26.216 Thread 0x000001fbba112420  479       4       java.lang.StringLatin1::replace (198 bytes)

GC Heap History (0 events):
No events

Dll operation events (8 events):
Event: 0.957 Loaded shared library C:\Program Files\Java\jdk-20\bin\java.dll
Event: 1.593 Loaded shared library C:\Program Files\Java\jdk-20\bin\jsvml.dll
Event: 1.844 Loaded shared library C:\Program Files\Java\jdk-20\bin\net.dll
Event: 1.850 Loaded shared library C:\Program Files\Java\jdk-20\bin\nio.dll
Event: 1.856 Loaded shared library C:\Program Files\Java\jdk-20\bin\zip.dll
Event: 23.486 Loaded shared library C:\Program Files\Java\jdk-20\bin\jimage.dll
Event: 23.502 Loaded shared library C:\Program Files\NetBeans-18\netbeans\java\maven\lib\jansi-native\Windows\x86_64\jansi.dll
Event: 23.514 Loaded shared library C:\Program Files\Java\jdk-20\bin\verify.dll

Deoptimization events (0 events):
No events

Classes loaded (20 events):
Event: 23.663 Loading class java/util/concurrent/LinkedBlockingQueue$Node
Event: 23.663 Loading class java/util/concurrent/LinkedBlockingQueue$Node done
Event: 23.669 Loading class java/net/URLClassLoader$3
Event: 23.669 Loading class java/net/URLClassLoader$3 done
Event: 23.669 Loading class java/net/URLClassLoader$3$1
Event: 23.669 Loading class java/net/URLClassLoader$3$1 done
Event: 25.329 Loading class java/util/LinkedHashMap$LinkedKeySet
Event: 25.329 Loading class java/util/LinkedHashMap$LinkedKeySet done
Event: 25.329 Loading class java/util/LinkedHashMap$LinkedKeyIterator
Event: 25.329 Loading class java/util/LinkedHashMap$LinkedKeyIterator done
Event: 25.605 Loading class jdk/internal/loader/URLClassPath$FileLoader$1
Event: 25.605 Loading class jdk/internal/loader/URLClassPath$FileLoader$1 done
Event: 26.066 Loading class java/lang/InstantiationException
Event: 26.066 Loading class java/lang/InstantiationException done
Event: 26.205 Loading class java/lang/StringIndexOutOfBoundsException
Event: 26.205 Loading class java/lang/IndexOutOfBoundsException
Event: 26.205 Loading class java/lang/IndexOutOfBoundsException done
Event: 26.205 Loading class java/lang/StringIndexOutOfBoundsException done
Event: 26.205 Loading class java/util/StringTokenizer
Event: 26.205 Loading class java/util/StringTokenizer done

Classes unloaded (0 events):
No events

Classes redefined (0 events):
No events

Internal exceptions (10 events):
Event: 23.427 Thread 0x000001fb9a421210 Exception <a 'java/lang/NoSuchMethodError'{0x000000071afabec0}: 'java.lang.Object java.lang.invoke.Invokers$Holder.invokeExact_MT(java.lang.Object, java.lang.Object, java.lang.Object, java.lang.Object, java.lang.Object)'> (0x000000071afabec0) 
thrown [s\open\src\hotspot\share\interpreter\linkResolver.cpp, line 773]
Event: 23.482 Thread 0x000001fb9a421210 Exception <a 'java/lang/NullPointerException'{0x000000071ac01bd0}> (0x000000071ac01bd0) 
thrown [s\open\src\hotspot\share\interpreter\linkResolver.cpp, line 1373]
Event: 23.504 Thread 0x000001fb9a421210 Exception <a 'java/lang/NullPointerException'{0x000000071ac39dd8}> (0x000000071ac39dd8) 
thrown [s\open\src\hotspot\share\interpreter\linkResolver.cpp, line 1373]
Event: 23.504 Thread 0x000001fb9a421210 Exception <a 'java/lang/NullPointerException'{0x000000071ac3a0b8}> (0x000000071ac3a0b8) 
thrown [s\open\src\hotspot\share\interpreter\linkResolver.cpp, line 1373]
Event: 23.504 Thread 0x000001fb9a421210 Exception <a 'java/lang/NullPointerException'{0x000000071ac3a398}> (0x000000071ac3a398) 
thrown [s\open\src\hotspot\share\interpreter\linkResolver.cpp, line 1373]
Event: 23.505 Thread 0x000001fb9a421210 Exception <a 'java/lang/NullPointerException'{0x000000071ac3f170}> (0x000000071ac3f170) 
thrown [s\open\src\hotspot\share\interpreter\linkResolver.cpp, line 1373]
Event: 23.507 Thread 0x000001fb9a421210 Exception <a 'java/lang/NullPointerException'{0x000000071ac51b90}> (0x000000071ac51b90) 
thrown [s\open\src\hotspot\share\interpreter\linkResolver.cpp, line 1373]
Event: 23.508 Thread 0x000001fb9a421210 Exception <a 'java/lang/NullPointerException'{0x000000071ac51e70}> (0x000000071ac51e70) 
thrown [s\open\src\hotspot\share\interpreter\linkResolver.cpp, line 1373]
Event: 23.508 Thread 0x000001fb9a421210 Exception <a 'java/lang/NullPointerException'{0x000000071ac52150}> (0x000000071ac52150) 
thrown [s\open\src\hotspot\share\interpreter\linkResolver.cpp, line 1373]
Event: 23.508 Thread 0x000001fb9a421210 Exception <a 'java/lang/NullPointerException'{0x000000071ac52430}> (0x000000071ac52430) 
thrown [s\open\src\hotspot\share\interpreter\linkResolver.cpp, line 1373]

VM Operations (14 events):
Event: 1.858 Executing VM operation: HandshakeAllThreads
Event: 1.858 Executing VM operation: HandshakeAllThreads done
Event: 2.870 Executing VM operation: Cleanup
Event: 2.870 Executing VM operation: Cleanup done
Event: 23.033 Executing VM operation: Cleanup
Event: 23.033 Executing VM operation: Cleanup done
Event: 23.443 Executing VM operation: HandshakeAllThreads
Event: 23.478 Executing VM operation: HandshakeAllThreads done
Event: 23.489 Executing VM operation: HandshakeAllThreads
Event: 23.489 Executing VM operation: HandshakeAllThreads done
Event: 24.482 Executing VM operation: Cleanup
Event: 24.482 Executing VM operation: Cleanup done
Event: 25.487 Executing VM operation: Cleanup
Event: 25.487 Executing VM operation: Cleanup done

Events (18 events):
Event: 1.687 Thread 0x000001fb9a421210 Thread added: 0x000001fb9a421210
Event: 1.768 Thread 0x000001fbba1082c0 Thread added: 0x000001fbba1082c0
Event: 1.769 Thread 0x000001fbba109060 Thread added: 0x000001fbba109060
Event: 1.769 Thread 0x000001fbba10d6f0 Thread added: 0x000001fbba10d6f0
Event: 1.769 Thread 0x000001fbba10f040 Thread added: 0x000001fbba10f040
Event: 1.769 Thread 0x000001fbba10f980 Thread added: 0x000001fbba10f980
Event: 1.769 Thread 0x000001fbba1112d0 Thread added: 0x000001fbba1112d0
Event: 1.771 Thread 0x000001fbba112420 Thread added: 0x000001fbba112420
Event: 1.771 Thread 0x000001fbba1188f0 Thread added: 0x000001fbba1188f0
Event: 1.796 Thread 0x000001fbff4f8d90 Thread added: 0x000001fbff4f8d90
Event: 1.796 Thread 0x000001fbff4f94c0 Thread added: 0x000001fbff4f94c0
Event: 1.797 Thread 0x000001fbff500c50 Thread added: 0x000001fbff500c50
Event: 1.801 Thread 0x000001fbff5011e0 Thread added: 0x000001fbff5011e0
Event: 1.806 Thread 0x000001fbff510360 Thread added: 0x000001fbff510360
Event: 2.743 Thread 0x000001fbff500c50 Thread exited: 0x000001fbff500c50
Event: 3.928 Thread 0x000001fbff4f94c0 Thread exited: 0x000001fbff4f94c0
Event: 3.928 Thread 0x000001fbff4f8d90 Thread exited: 0x000001fbff4f8d90
Event: 23.403 Thread 0x000001fbff683db0 Thread added: 0x000001fbff683db0


Dynamic libraries:
0x00007ff622560000 - 0x00007ff622570000 	C:\Program Files\Java\jdk-20\bin\java.exe
0x00007ff8a2c80000 - 0x00007ff8a2e89000 	C:\Windows\SYSTEM32\ntdll.dll
0x00007ff8a0b80000 - 0x00007ff8a0c3d000 	C:\Windows\System32\KERNEL32.DLL
0x00007ff8a0110000 - 0x00007ff8a0494000 	C:\Windows\System32\KERNELBASE.dll
0x00007ff8a04d0000 - 0x00007ff8a05e1000 	C:\Windows\System32\ucrtbase.dll
0x00007ff890a20000 - 0x00007ff890a39000 	C:\Program Files\Java\jdk-20\bin\jli.dll
0x00007ff8a2b80000 - 0x00007ff8a2c2e000 	C:\Windows\System32\ADVAPI32.dll
0x00007ff8a0eb0000 - 0x00007ff8a0f53000 	C:\Windows\System32\msvcrt.dll
0x00007ff8a1910000 - 0x00007ff8a19ae000 	C:\Windows\System32\sechost.dll
0x00007ff8a10c0000 - 0x00007ff8a11e1000 	C:\Windows\System32\RPCRT4.dll
0x00007ff8a28b0000 - 0x00007ff8a2a5d000 	C:\Windows\System32\USER32.dll
0x00007ff8a04a0000 - 0x00007ff8a04c6000 	C:\Windows\System32\win32u.dll
0x00007ff8a0c40000 - 0x00007ff8a0c6a000 	C:\Windows\System32\GDI32.dll
0x00007ff8a07d0000 - 0x00007ff8a08ee000 	C:\Windows\System32\gdi32full.dll
0x00007ff8a0730000 - 0x00007ff8a07cd000 	C:\Windows\System32\msvcp_win.dll
0x00007ff8967c0000 - 0x00007ff8967db000 	C:\Program Files\Java\jdk-20\bin\VCRUNTIME140.dll
0x00007ff889e00000 - 0x00007ff88a0a5000 	C:\Windows\WinSxS\amd64_microsoft.windows.common-controls_6595b64144ccf1df_6.0.22000.120_none_9d947278b86cc467\COMCTL32.dll
0x00007ff896fa0000 - 0x00007ff896faa000 	C:\Windows\SYSTEM32\VERSION.dll
0x00007ff8a2a60000 - 0x00007ff8a2a91000 	C:\Windows\System32\IMM32.DLL
0x00007ff89c110000 - 0x00007ff89c11c000 	C:\Program Files\Java\jdk-20\bin\vcruntime140_1.dll
0x00007ff88f320000 - 0x00007ff88f3ae000 	C:\Program Files\Java\jdk-20\bin\msvcp140.dll
0x00007ff815810000 - 0x00007ff8164a8000 	C:\Program Files\Java\jdk-20\bin\server\jvm.dll
0x00007ff89c120000 - 0x00007ff89c129000 	C:\Windows\SYSTEM32\WSOCK32.dll
0x00007ff8a1290000 - 0x00007ff8a12ff000 	C:\Windows\System32\WS2_32.dll
0x00007ff898e20000 - 0x00007ff898e53000 	C:\Windows\SYSTEM32\WINMM.dll
0x00007ff89f1f0000 - 0x00007ff89f208000 	C:\Windows\SYSTEM32\kernel.appcore.dll
0x00007ff89a260000 - 0x00007ff89a26a000 	C:\Program Files\Java\jdk-20\bin\jimage.dll
0x00007ff89dcb0000 - 0x00007ff89ded1000 	C:\Windows\SYSTEM32\DBGHELP.DLL
0x00007ff886a60000 - 0x00007ff886a91000 	C:\Windows\SYSTEM32\dbgcore.DLL
0x00007ff8a05f0000 - 0x00007ff8a066f000 	C:\Windows\System32\bcryptPrimitives.dll
0x00007ff894e60000 - 0x00007ff894e86000 	C:\Program Files\Java\jdk-20\bin\java.dll
0x00007ff87e8e0000 - 0x00007ff87e9b7000 	C:\Program Files\Java\jdk-20\bin\jsvml.dll
0x00007ff8a1aa0000 - 0x00007ff8a2265000 	C:\Windows\System32\SHELL32.dll
0x00007ff89e1e0000 - 0x00007ff89ea42000 	C:\Windows\SYSTEM32\windows.storage.dll
0x00007ff8a1590000 - 0x00007ff8a1906000 	C:\Windows\System32\combase.dll
0x00007ff89e070000 - 0x00007ff89e1d7000 	C:\Windows\SYSTEM32\wintypes.dll
0x00007ff8a0f60000 - 0x00007ff8a104a000 	C:\Windows\System32\SHCORE.dll
0x00007ff8a1050000 - 0x00007ff8a10ad000 	C:\Windows\System32\shlwapi.dll
0x00007ff8a0040000 - 0x00007ff8a0065000 	C:\Windows\SYSTEM32\profapi.dll
0x00007ff8967a0000 - 0x00007ff8967b3000 	C:\Program Files\Java\jdk-20\bin\net.dll
0x00007ff89b5f0000 - 0x00007ff89b704000 	C:\Windows\SYSTEM32\WINHTTP.dll
0x00007ff89f6a0000 - 0x00007ff89f707000 	C:\Windows\system32\mswsock.dll
0x00007ff894e40000 - 0x00007ff894e56000 	C:\Program Files\Java\jdk-20\bin\nio.dll
0x00007ff891e40000 - 0x00007ff891e58000 	C:\Program Files\Java\jdk-20\bin\zip.dll
0x0000000069ac0000 - 0x0000000069ae4000 	C:\Program Files\NetBeans-18\netbeans\java\maven\lib\jansi-native\Windows\x86_64\jansi.dll
0x00007ff896640000 - 0x00007ff896650000 	C:\Program Files\Java\jdk-20\bin\verify.dll

dbghelp: loaded successfully - version: 4.0.5 - missing functions: none
symbol engine: initialized successfully - sym options: 0x614 - pdb path: .;C:\Program Files\Java\jdk-20\bin;C:\Windows\SYSTEM32;C:\Windows\WinSxS\amd64_microsoft.windows.common-controls_6595b64144ccf1df_6.0.22000.120_none_9d947278b86cc467;C:\Program Files\Java\jdk-20\bin\server;C:\Program Files\NetBeans-18\netbeans\java\maven\lib\jansi-native\Windows\x86_64

VM Arguments:
jvm_args: -Dclassworlds.conf=C:\Program Files\NetBeans-18\netbeans\java\maven\bin\m2.conf -Dmaven.home=C:\Program Files\NetBeans-18\netbeans\java\maven -Dlibrary.jansi.path=C:\Program Files\NetBeans-18\netbeans\java\maven\lib\jansi-native -Dmaven.multiModuleProjectDirectory=C:\Users\FLOW\Documents\NetBeansProjects\Peminjaman-Ruang 
java_command: org.codehaus.plexus.classworlds.launcher.Launcher -Dexec.vmArgs= -Dexec.args=${exec.vmArgs} -classpath %classpath ${exec.mainClass} ${exec.appArgs} -Dexec.appArgs= -Dexec.mainClass=peminjaman.peminjaman.ruang.PeminjamanRuang -Dexec.executable=C:\Program Files\Java\jdk-20\bin\java.exe -Dmaven.ext.class.path=C:\Program Files\NetBeans-18\netbeans\java\maven-nblib\netbeans-eventspy.jar --no-transfer-progress process-classes org.codehaus.mojo:exec-maven-plugin:3.1.0:exec
java_class_path (initial): C:\Program Files\NetBeans-18\netbeans\java\maven\boot\plexus-classworlds-2.6.0.jar
Launcher Type: SUN_STANDARD

[Global flags]
     intx CICompilerCount                          = 12                                        {product} {ergonomic}
     uint ConcGCThreads                            = 3                                         {product} {ergonomic}
     uint G1ConcRefinementThreads                  = 13                                        {product} {ergonomic}
   size_t G1HeapRegionSize                         = 2097152                                   {product} {ergonomic}
    uintx GCDrainStackTargetSize                   = 64                                        {product} {ergonomic}
   size_t InitialHeapSize                          = 255852544                                 {product} {ergonomic}
   size_t MarkStackSize                            = 4194304                                   {product} {ergonomic}
   size_t MaxHeapSize                              = 4093640704                                {product} {ergonomic}
   size_t MaxNewSize                               = 2455764992                                {product} {ergonomic}
   size_t MinHeapDeltaBytes                        = 2097152                                   {product} {ergonomic}
   size_t MinHeapSize                              = 8388608                                   {product} {ergonomic}
    uintx NonNMethodCodeHeapSize                   = 7602480                                {pd product} {ergonomic}
    uintx NonProfiledCodeHeapSize                  = 122027880                              {pd product} {ergonomic}
    uintx ProfiledCodeHeapSize                     = 122027880                              {pd product} {ergonomic}
    uintx ReservedCodeCacheSize                    = 251658240                              {pd product} {ergonomic}
     bool SegmentedCodeCache                       = true                                      {product} {ergonomic}
   size_t SoftMaxHeapSize                          = 4093640704                             {manageable} {ergonomic}
     bool UseCompressedClassPointers               = true                           {product lp64_product} {ergonomic}
     bool UseCompressedOops                        = true                           {product lp64_product} {ergonomic}
     bool UseG1GC                                  = true                                      {product} {ergonomic}
     bool UseLargePagesIndividualAllocation        = false                                  {pd product} {ergonomic}

Logging:
Log output configuration:
 #0: stdout all=warning uptime,level,tags foldmultilines=false
 #1: stderr all=off uptime,level,tags foldmultilines=false

Environment Variables:
JAVA_HOME=C:\Program Files\Java\jdk-20
PATH=C:\Program Files\Common Files\Oracle\Java\javapath;C:\Windows\system32;C:\Windows;C:\Windows\System32\Wbem;C:\Windows\System32\WindowsPowerShell\v1.0\;C:\Windows\System32\OpenSSH\;C:\Program Files (x86)\NVIDIA Corporation\PhysX\Common;C:\Program Files\NVIDIA Corporation\NVIDIA NvDLISR;C:\Users\FLOW\AppData\Local\Programs\Python\Launcher\;C:\Users\FLOW\AppData\Local\Microsoft\WindowsApps;;C:\Users\FLOW\AppData\Local\Programs\Microsoft VS Code\bin
USERNAME=FLOW
OS=Windows_NT
PROCESSOR_IDENTIFIER=AMD64 Family 25 Model 68 Stepping 1, AuthenticAMD
TMP=C:\Users\FLOW\AppData\Local\Temp
TEMP=C:\Users\FLOW\AppData\Local\Temp




---------------  S Y S T E M  ---------------

OS:
 Windows 11 , 64 bit Build 22000 (10.0.22000.2360)
OS uptime: 0 days 7:30 hours

CPU: total 16 (initial active 16) (16 cores per cpu, 2 threads per core) family 25 model 68 stepping 1 microcode 0x0, cx8, cmov, fxsr, ht, mmx, 3dnowpref, sse, sse2, sse3, ssse3, sse4a, sse4.1, sse4.2, popcnt, lzcnt, tsc, tscinvbit, avx, avx2, aes, erms, clmul, bmi1, bmi2, adx, sha, fma, vzeroupper, clflush, clflushopt, rdtscp, rdpid, fsrm, f16c, pku, cet_ss

Memory: 4k page, system-wide physical 15612M (527M free)
TotalPageFile size 62716M (AvailPageFile size 76M)
current process WorkingSet (physical memory assigned to process): 45M, peak: 45M
current process commit charge ("private bytes"): 343M, peak: 343M

vm_info: Java HotSpot(TM) 64-Bit Server VM (20.0.2+9-78) for windows-amd64 JRE (20.0.2+9-78), built on 2023-06-14T10:08:48Z by "mach5one" with MS VC++ 17.1 (VS2022)

END.
