#
# There is insufficient memory for the Java Runtime Environment to continue.
# Native memory allocation (malloc) failed to allocate 324576 bytes for Chunk::new
# Possible reasons:
#   The system is out of physical RAM or swap space
#   The process is running with CompressedOops enabled, and the Java Heap may be blocking the growth of the native heap
# Possible solutions:
#   Reduce memory load on the system
#   Increase physical memory or swap space
#   Check if swap backing store is full
#   Decrease Java heap size (-Xmx/-Xms)
#   Decrease number of Java threads
#   Decrease Java thread stack sizes (-Xss)
#   Set larger code cache with -XX:ReservedCodeCacheSize=
#   JVM is running with Zero Based Compressed Oops mode in which the Java heap is
#     placed in the first 32GB address space. The Java Heap base address is the
#     maximum limit for the native heap growth. Please use -XX:HeapBaseMinAddress
#     to set the Java Heap base and to place the Java Heap above 32GB virtual address.
# This output file may be truncated or incomplete.
#
#  Out of Memory Error (arena.cpp:184), pid=22984, tid=23404
#
# JRE version: Java(TM) SE Runtime Environment (20.0.2+9) (build 20.0.2+9-78)
# Java VM: Java HotSpot(TM) 64-Bit Server VM (20.0.2+9-78, mixed mode, sharing, tiered, compressed oops, compressed class ptrs, g1 gc, windows-amd64)
# No core dump will be written. Minidumps are not enabled by default on client versions of Windows
#

---------------  S U M M A R Y ------------

Command Line: -Dclassworlds.conf=C:\Program Files\NetBeans-18\netbeans\java\maven\bin\m2.conf -Dmaven.home=C:\Program Files\NetBeans-18\netbeans\java\maven -Dlibrary.jansi.path=C:\Program Files\NetBeans-18\netbeans\java\maven\lib\jansi-native -Dmaven.multiModuleProjectDirectory=C:\Users\FLOW\Documents\NetBeansProjects\Peminjaman-Ruang org.codehaus.plexus.classworlds.launcher.Launcher -Dexec.vmArgs= -Dexec.args=${exec.vmArgs} -classpath %classpath ${exec.mainClass} ${exec.appArgs} -Dexec.appArgs= -Dexec.mainClass=peminjaman.peminjaman.ruang.PeminjamanRuang -Dexec.executable=C:\Program Files\Java\jdk-20\bin\java.exe -Dmaven.ext.class.path=C:\Program Files\NetBeans-18\netbeans\java\maven-nblib\netbeans-eventspy.jar --no-transfer-progress process-classes org.codehaus.mojo:exec-maven-plugin:3.1.0:exec

Host: AMD Ryzen 9 6900HS with Radeon Graphics        , 16 cores, 15G,  Windows 11 , 64 bit Build 22000 (10.0.22000.2360)
Time: Sun Oct  8 15:01:55 2023 Malay Peninsula Standard Time elapsed time: 25.200062 seconds (0d 0h 0m 25s)

---------------  T H R E A D  ---------------

Current thread (0x0000018e4c561fc0):  JavaThread "C2 CompilerThread0" daemon [_thread_in_native, id=23404, stack(0x0000003cad300000,0x0000003cad400000)]


Current CompileTask:
C2:  25200 3383       4       org.codehaus.plexus.util.xml.pull.MXParser::nextImpl (1203 bytes)

Stack: [0x0000003cad300000,0x0000003cad400000]
Native frames: (J=compiled Java code, j=interpreted, Vv=VM code, C=native code)
V  [jvm.dll+0x6bc25a]
V  [jvm.dll+0x84971a]
V  [jvm.dll+0x84b315]
V  [jvm.dll+0x84ba13]
V  [jvm.dll+0x280e4f]
V  [jvm.dll+0xc2ab1]
V  [jvm.dll+0xc2dd5]
V  [jvm.dll+0x2f611f]
V  [jvm.dll+0x5e3b0b]
V  [jvm.dll+0x254684]
V  [jvm.dll+0x254a4f]
V  [jvm.dll+0x24d23d]
V  [jvm.dll+0x24a819]
V  [jvm.dll+0x1ce761]
V  [jvm.dll+0x25a0eb]
V  [jvm.dll+0x2587c0]
V  [jvm.dll+0x3f2dd5]
V  [jvm.dll+0x7f5c76]
V  [jvm.dll+0x6baecb]
C  [ucrtbase.dll+0x26c0c]
C  [KERNEL32.DLL+0x153e0]
C  [ntdll.dll+0x485b]


---------------  P R O C E S S  ---------------

Threads class SMR info:
_java_thread_list=0x0000018e930c70d0, length=12, elements={
0x0000018e2a8a21c0, 0x0000018e4c55c620, 0x0000018e4c55d0c0, 0x0000018e4c55dcc0,
0x0000018e4c55f610, 0x0000018e4c55ff50, 0x0000018e4c5648f0, 0x0000018e4c561fc0,
0x0000018e4c567240, 0x0000018e9190fb90, 0x0000018e9191d570, 0x0000018e934ecdd0
}

Java Threads: ( => current thread )
  0x0000018e2a8a21c0 JavaThread "main" [_thread_in_native, id=23068, stack(0x0000003cac600000,0x0000003cac700000)]
  0x0000018e4c55c620 JavaThread "Reference Handler" daemon [_thread_blocked, id=23380, stack(0x0000003cacd00000,0x0000003cace00000)]
  0x0000018e4c55d0c0 JavaThread "Finalizer" daemon [_thread_blocked, id=23384, stack(0x0000003cace00000,0x0000003cacf00000)]
  0x0000018e4c55dcc0 JavaThread "Signal Dispatcher" daemon [_thread_blocked, id=23388, stack(0x0000003cacf00000,0x0000003cad000000)]
  0x0000018e4c55f610 JavaThread "Attach Listener" daemon [_thread_blocked, id=23392, stack(0x0000003cad000000,0x0000003cad100000)]
  0x0000018e4c55ff50 JavaThread "Service Thread" daemon [_thread_blocked, id=23396, stack(0x0000003cad100000,0x0000003cad200000)]
  0x0000018e4c5648f0 JavaThread "Monitor Deflation Thread" daemon [_thread_blocked, id=23400, stack(0x0000003cad200000,0x0000003cad300000)]
=>0x0000018e4c561fc0 JavaThread "C2 CompilerThread0" daemon [_thread_in_native, id=23404, stack(0x0000003cad300000,0x0000003cad400000)]
  0x0000018e4c567240 JavaThread "C1 CompilerThread0" daemon [_thread_blocked, id=23408, stack(0x0000003cad400000,0x0000003cad500000)]
  0x0000018e9190fb90 JavaThread "Notification Thread" daemon [_thread_blocked, id=22560, stack(0x0000003cad600000,0x0000003cad700000)]
  0x0000018e9191d570 JavaThread "Common-Cleaner" daemon [_thread_blocked, id=22748, stack(0x0000003cad800000,0x0000003cad900000)]
  0x0000018e934ecdd0 JavaThread "C1 CompilerThread1" daemon [_thread_blocked, id=19840, stack(0x0000003cad500000,0x0000003cad600000)]

Other Threads:
  0x0000018e4c53ec70 VMThread "VM Thread" [stack: 0x0000003cacc00000,0x0000003cacd00000] [id=23300]
  0x0000018e91915100 WatcherThread "VM Periodic Task Thread" [stack: 0x0000003cad700000,0x0000003cad800000] [id=22660]
  0x0000018e2a90db00 WorkerThread "GC Thread#0" [stack: 0x0000003cac700000,0x0000003cac800000] [id=23168]
  0x0000018e91c5f980 WorkerThread "GC Thread#1" [stack: 0x0000003cae200000,0x0000003cae300000] [id=30244]
  0x0000018e91c5f6b0 WorkerThread "GC Thread#2" [stack: 0x0000003cae300000,0x0000003cae400000] [id=30256]
  0x0000018e91c5e030 WorkerThread "GC Thread#3" [stack: 0x0000003cae400000,0x0000003cae500000] [id=30260]
  0x0000018e91c5e5d0 WorkerThread "GC Thread#4" [stack: 0x0000003cae500000,0x0000003cae600000] [id=30264]
  0x0000018e91c5eb70 WorkerThread "GC Thread#5" [stack: 0x0000003cae600000,0x0000003cae700000] [id=30596]
  0x0000018e91c5ee40 WorkerThread "GC Thread#6" [stack: 0x0000003cae700000,0x0000003cae800000] [id=30600]
  0x0000018e91c5f110 WorkerThread "GC Thread#7" [stack: 0x0000003cae800000,0x0000003cae900000] [id=30604]
  0x0000018e91c5f3e0 WorkerThread "GC Thread#8" [stack: 0x0000003cadb00000,0x0000003cadc00000] [id=32784]
  0x0000018e91e2c0a0 WorkerThread "GC Thread#9" [stack: 0x0000003cadc00000,0x0000003cadd00000] [id=32788]
  0x0000018e91e2bdd0 WorkerThread "GC Thread#10" [stack: 0x0000003cadd00000,0x0000003cade00000] [id=32792]
  0x0000018e2a91ee20 ConcurrentGCThread "G1 Main Marker" [stack: 0x0000003cac800000,0x0000003cac900000] [id=23176]
  0x0000018e2a921760 WorkerThread "G1 Conc#0" [stack: 0x0000003cac900000,0x0000003caca00000] [id=23180]
  0x0000018e4c3fd590 ConcurrentGCThread "G1 Refine#0" [stack: 0x0000003caca00000,0x0000003cacb00000] [id=23204]
  0x0000018e4c3fdce0 ConcurrentGCThread "G1 Service" [stack: 0x0000003cacb00000,0x0000003cacc00000] [id=23208]

Threads with active compile tasks:
C2 CompilerThread0    25216 3383       4       org.codehaus.plexus.util.xml.pull.MXParser::nextImpl (1203 bytes)

VM state: not at safepoint (normal execution)

VM Mutex/Monitor currently owned by a thread: None

Heap address: 0x000000070c000000, size: 3904 MB, Compressed Oops mode: Zero based, Oop shift amount: 3

CDS archive(s) mapped at: [0x0000018e4c800000-0x0000018e4d460000-0x0000018e4d460000), size 12976128, SharedBaseAddress: 0x0000018e4c800000, ArchiveRelocationMode: 1.
Compressed class space mapped at: 0x0000018e4d800000-0x0000018e8d800000, reserved size: 1073741824
Narrow klass base: 0x0000018e4c800000, Narrow klass shift: 0, Narrow klass range: 0x100000000

GC Precious Log:
 CardTable entry size: 512
 Card Set container configuration: InlinePtr #cards 4 size 8 Array Of Cards #cards 16 size 48 Howl #buckets 8 coarsen threshold 3686 Howl Bitmap #cards 512 size 80 coarsen threshold 460 Card regions per heap region 1 cards per card region 4096
 CPUs: 16 total, 16 available
 Memory: 15612M
 Large Page Support: Disabled
 NUMA Support: Disabled
 Compressed Oops: Enabled (Zero based)
 Heap Region Size: 2M
 Heap Min Capacity: 8M
 Heap Initial Capacity: 244M
 Heap Max Capacity: 3904M
 Pre-touch: Disabled
 Parallel Workers: 13
 Concurrent Workers: 3
 Concurrent Refinement Workers: 13
 Periodic GC: Disabled

Heap:
 garbage-first heap   total 249856K, used 36439K [0x000000070c000000, 0x0000000800000000)
  region size 2048K, 18 young (36864K), 2 survivors (4096K)
 Metaspace       used 15179K, committed 15488K, reserved 1114112K
  class space    used 1777K, committed 1920K, reserved 1048576K

Heap Regions: E=young(eden), S=young(survivor), O=old, HS=humongous(starts), HC=humongous(continues), CS=collection set, F=free, OA=open archive, CA=closed archive, TAMS=top-at-mark-start, PB=parsable bottom
|   0|0x000000070c000000, 0x000000070c200000, 0x000000070c200000|100%| O|  |TAMS 0x000000070c000000| PB 0x000000070c000000| Untracked 
|   1|0x000000070c200000, 0x000000070c375400, 0x000000070c400000| 72%| O|  |TAMS 0x000000070c200000| PB 0x000000070c200000| Untracked 
|   2|0x000000070c400000, 0x000000070c400000, 0x000000070c600000|  0%| F|  |TAMS 0x000000070c400000| PB 0x000000070c400000| Untracked 
|   3|0x000000070c600000, 0x000000070c600000, 0x000000070c800000|  0%| F|  |TAMS 0x000000070c600000| PB 0x000000070c600000| Untracked 
|   4|0x000000070c800000, 0x000000070c800000, 0x000000070ca00000|  0%| F|  |TAMS 0x000000070c800000| PB 0x000000070c800000| Untracked 
|   5|0x000000070ca00000, 0x000000070ca00000, 0x000000070cc00000|  0%| F|  |TAMS 0x000000070ca00000| PB 0x000000070ca00000| Untracked 
|   6|0x000000070cc00000, 0x000000070cc00000, 0x000000070ce00000|  0%| F|  |TAMS 0x000000070cc00000| PB 0x000000070cc00000| Untracked 
|   7|0x000000070ce00000, 0x000000070ce00000, 0x000000070d000000|  0%| F|  |TAMS 0x000000070ce00000| PB 0x000000070ce00000| Untracked 
|   8|0x000000070d000000, 0x000000070d000000, 0x000000070d200000|  0%| F|  |TAMS 0x000000070d000000| PB 0x000000070d000000| Untracked 
|   9|0x000000070d200000, 0x000000070d200000, 0x000000070d400000|  0%| F|  |TAMS 0x000000070d200000| PB 0x000000070d200000| Untracked 
|  10|0x000000070d400000, 0x000000070d400000, 0x000000070d600000|  0%| F|  |TAMS 0x000000070d400000| PB 0x000000070d400000| Untracked 
|  11|0x000000070d600000, 0x000000070d600000, 0x000000070d800000|  0%| F|  |TAMS 0x000000070d600000| PB 0x000000070d600000| Untracked 
|  12|0x000000070d800000, 0x000000070d800000, 0x000000070da00000|  0%| F|  |TAMS 0x000000070d800000| PB 0x000000070d800000| Untracked 
|  13|0x000000070da00000, 0x000000070da00000, 0x000000070dc00000|  0%| F|  |TAMS 0x000000070da00000| PB 0x000000070da00000| Untracked 
|  14|0x000000070dc00000, 0x000000070dc00000, 0x000000070de00000|  0%| F|  |TAMS 0x000000070dc00000| PB 0x000000070dc00000| Untracked 
|  15|0x000000070de00000, 0x000000070de00000, 0x000000070e000000|  0%| F|  |TAMS 0x000000070de00000| PB 0x000000070de00000| Untracked 
|  16|0x000000070e000000, 0x000000070e000000, 0x000000070e200000|  0%| F|  |TAMS 0x000000070e000000| PB 0x000000070e000000| Untracked 
|  17|0x000000070e200000, 0x000000070e200000, 0x000000070e400000|  0%| F|  |TAMS 0x000000070e200000| PB 0x000000070e200000| Untracked 
|  18|0x000000070e400000, 0x000000070e400000, 0x000000070e600000|  0%| F|  |TAMS 0x000000070e400000| PB 0x000000070e400000| Untracked 
|  19|0x000000070e600000, 0x000000070e600000, 0x000000070e800000|  0%| F|  |TAMS 0x000000070e600000| PB 0x000000070e600000| Untracked 
|  20|0x000000070e800000, 0x000000070e800000, 0x000000070ea00000|  0%| F|  |TAMS 0x000000070e800000| PB 0x000000070e800000| Untracked 
|  21|0x000000070ea00000, 0x000000070ea00000, 0x000000070ec00000|  0%| F|  |TAMS 0x000000070ea00000| PB 0x000000070ea00000| Untracked 
|  22|0x000000070ec00000, 0x000000070ec00000, 0x000000070ee00000|  0%| F|  |TAMS 0x000000070ec00000| PB 0x000000070ec00000| Untracked 
|  23|0x000000070ee00000, 0x000000070ee00000, 0x000000070f000000|  0%| F|  |TAMS 0x000000070ee00000| PB 0x000000070ee00000| Untracked 
|  24|0x000000070f000000, 0x000000070f000000, 0x000000070f200000|  0%| F|  |TAMS 0x000000070f000000| PB 0x000000070f000000| Untracked 
|  25|0x000000070f200000, 0x000000070f200000, 0x000000070f400000|  0%| F|  |TAMS 0x000000070f200000| PB 0x000000070f200000| Untracked 
|  26|0x000000070f400000, 0x000000070f400000, 0x000000070f600000|  0%| F|  |TAMS 0x000000070f400000| PB 0x000000070f400000| Untracked 
|  27|0x000000070f600000, 0x000000070f600000, 0x000000070f800000|  0%| F|  |TAMS 0x000000070f600000| PB 0x000000070f600000| Untracked 
|  28|0x000000070f800000, 0x000000070f800000, 0x000000070fa00000|  0%| F|  |TAMS 0x000000070f800000| PB 0x000000070f800000| Untracked 
|  29|0x000000070fa00000, 0x000000070fa00000, 0x000000070fc00000|  0%| F|  |TAMS 0x000000070fa00000| PB 0x000000070fa00000| Untracked 
|  30|0x000000070fc00000, 0x000000070fc00000, 0x000000070fe00000|  0%| F|  |TAMS 0x000000070fc00000| PB 0x000000070fc00000| Untracked 
|  31|0x000000070fe00000, 0x000000070fe00000, 0x0000000710000000|  0%| F|  |TAMS 0x000000070fe00000| PB 0x000000070fe00000| Untracked 
|  32|0x0000000710000000, 0x0000000710000000, 0x0000000710200000|  0%| F|  |TAMS 0x0000000710000000| PB 0x0000000710000000| Untracked 
|  33|0x0000000710200000, 0x0000000710200000, 0x0000000710400000|  0%| F|  |TAMS 0x0000000710200000| PB 0x0000000710200000| Untracked 
|  34|0x0000000710400000, 0x0000000710400000, 0x0000000710600000|  0%| F|  |TAMS 0x0000000710400000| PB 0x0000000710400000| Untracked 
|  35|0x0000000710600000, 0x0000000710600000, 0x0000000710800000|  0%| F|  |TAMS 0x0000000710600000| PB 0x0000000710600000| Untracked 
|  36|0x0000000710800000, 0x0000000710800000, 0x0000000710a00000|  0%| F|  |TAMS 0x0000000710800000| PB 0x0000000710800000| Untracked 
|  37|0x0000000710a00000, 0x0000000710a00000, 0x0000000710c00000|  0%| F|  |TAMS 0x0000000710a00000| PB 0x0000000710a00000| Untracked 
|  38|0x0000000710c00000, 0x0000000710c00000, 0x0000000710e00000|  0%| F|  |TAMS 0x0000000710c00000| PB 0x0000000710c00000| Untracked 
|  39|0x0000000710e00000, 0x0000000710e00000, 0x0000000711000000|  0%| F|  |TAMS 0x0000000710e00000| PB 0x0000000710e00000| Untracked 
|  40|0x0000000711000000, 0x0000000711000000, 0x0000000711200000|  0%| F|  |TAMS 0x0000000711000000| PB 0x0000000711000000| Untracked 
|  41|0x0000000711200000, 0x0000000711200000, 0x0000000711400000|  0%| F|  |TAMS 0x0000000711200000| PB 0x0000000711200000| Untracked 
|  42|0x0000000711400000, 0x0000000711400000, 0x0000000711600000|  0%| F|  |TAMS 0x0000000711400000| PB 0x0000000711400000| Untracked 
|  43|0x0000000711600000, 0x0000000711600000, 0x0000000711800000|  0%| F|  |TAMS 0x0000000711600000| PB 0x0000000711600000| Untracked 
|  44|0x0000000711800000, 0x0000000711800000, 0x0000000711a00000|  0%| F|  |TAMS 0x0000000711800000| PB 0x0000000711800000| Untracked 
|  45|0x0000000711a00000, 0x0000000711a00000, 0x0000000711c00000|  0%| F|  |TAMS 0x0000000711a00000| PB 0x0000000711a00000| Untracked 
|  46|0x0000000711c00000, 0x0000000711c00000, 0x0000000711e00000|  0%| F|  |TAMS 0x0000000711c00000| PB 0x0000000711c00000| Untracked 
|  47|0x0000000711e00000, 0x0000000711e00000, 0x0000000712000000|  0%| F|  |TAMS 0x0000000711e00000| PB 0x0000000711e00000| Untracked 
|  48|0x0000000712000000, 0x0000000712000000, 0x0000000712200000|  0%| F|  |TAMS 0x0000000712000000| PB 0x0000000712000000| Untracked 
|  49|0x0000000712200000, 0x0000000712200000, 0x0000000712400000|  0%| F|  |TAMS 0x0000000712200000| PB 0x0000000712200000| Untracked 
|  50|0x0000000712400000, 0x0000000712400000, 0x0000000712600000|  0%| F|  |TAMS 0x0000000712400000| PB 0x0000000712400000| Untracked 
|  51|0x0000000712600000, 0x0000000712600000, 0x0000000712800000|  0%| F|  |TAMS 0x0000000712600000| PB 0x0000000712600000| Untracked 
|  52|0x0000000712800000, 0x0000000712800000, 0x0000000712a00000|  0%| F|  |TAMS 0x0000000712800000| PB 0x0000000712800000| Untracked 
|  53|0x0000000712a00000, 0x0000000712a00000, 0x0000000712c00000|  0%| F|  |TAMS 0x0000000712a00000| PB 0x0000000712a00000| Untracked 
|  54|0x0000000712c00000, 0x0000000712c00000, 0x0000000712e00000|  0%| F|  |TAMS 0x0000000712c00000| PB 0x0000000712c00000| Untracked 
|  55|0x0000000712e00000, 0x0000000712e00000, 0x0000000713000000|  0%| F|  |TAMS 0x0000000712e00000| PB 0x0000000712e00000| Untracked 
|  56|0x0000000713000000, 0x0000000713000000, 0x0000000713200000|  0%| F|  |TAMS 0x0000000713000000| PB 0x0000000713000000| Untracked 
|  57|0x0000000713200000, 0x0000000713200000, 0x0000000713400000|  0%| F|  |TAMS 0x0000000713200000| PB 0x0000000713200000| Untracked 
|  58|0x0000000713400000, 0x0000000713400000, 0x0000000713600000|  0%| F|  |TAMS 0x0000000713400000| PB 0x0000000713400000| Untracked 
|  59|0x0000000713600000, 0x0000000713600000, 0x0000000713800000|  0%| F|  |TAMS 0x0000000713600000| PB 0x0000000713600000| Untracked 
|  60|0x0000000713800000, 0x0000000713800000, 0x0000000713a00000|  0%| F|  |TAMS 0x0000000713800000| PB 0x0000000713800000| Untracked 
|  61|0x0000000713a00000, 0x0000000713a00000, 0x0000000713c00000|  0%| F|  |TAMS 0x0000000713a00000| PB 0x0000000713a00000| Untracked 
|  62|0x0000000713c00000, 0x0000000713c00000, 0x0000000713e00000|  0%| F|  |TAMS 0x0000000713c00000| PB 0x0000000713c00000| Untracked 
|  63|0x0000000713e00000, 0x0000000713e00000, 0x0000000714000000|  0%| F|  |TAMS 0x0000000713e00000| PB 0x0000000713e00000| Untracked 
|  64|0x0000000714000000, 0x0000000714000000, 0x0000000714200000|  0%| F|  |TAMS 0x0000000714000000| PB 0x0000000714000000| Untracked 
|  65|0x0000000714200000, 0x0000000714200000, 0x0000000714400000|  0%| F|  |TAMS 0x0000000714200000| PB 0x0000000714200000| Untracked 
|  66|0x0000000714400000, 0x0000000714400000, 0x0000000714600000|  0%| F|  |TAMS 0x0000000714400000| PB 0x0000000714400000| Untracked 
|  67|0x0000000714600000, 0x0000000714600000, 0x0000000714800000|  0%| F|  |TAMS 0x0000000714600000| PB 0x0000000714600000| Untracked 
|  68|0x0000000714800000, 0x0000000714800000, 0x0000000714a00000|  0%| F|  |TAMS 0x0000000714800000| PB 0x0000000714800000| Untracked 
|  69|0x0000000714a00000, 0x0000000714a00000, 0x0000000714c00000|  0%| F|  |TAMS 0x0000000714a00000| PB 0x0000000714a00000| Untracked 
|  70|0x0000000714c00000, 0x0000000714c00000, 0x0000000714e00000|  0%| F|  |TAMS 0x0000000714c00000| PB 0x0000000714c00000| Untracked 
|  71|0x0000000714e00000, 0x0000000714e00000, 0x0000000715000000|  0%| F|  |TAMS 0x0000000714e00000| PB 0x0000000714e00000| Untracked 
|  72|0x0000000715000000, 0x0000000715000000, 0x0000000715200000|  0%| F|  |TAMS 0x0000000715000000| PB 0x0000000715000000| Untracked 
|  73|0x0000000715200000, 0x0000000715200000, 0x0000000715400000|  0%| F|  |TAMS 0x0000000715200000| PB 0x0000000715200000| Untracked 
|  74|0x0000000715400000, 0x0000000715400000, 0x0000000715600000|  0%| F|  |TAMS 0x0000000715400000| PB 0x0000000715400000| Untracked 
|  75|0x0000000715600000, 0x0000000715600000, 0x0000000715800000|  0%| F|  |TAMS 0x0000000715600000| PB 0x0000000715600000| Untracked 
|  76|0x0000000715800000, 0x0000000715800000, 0x0000000715a00000|  0%| F|  |TAMS 0x0000000715800000| PB 0x0000000715800000| Untracked 
|  77|0x0000000715a00000, 0x0000000715a00000, 0x0000000715c00000|  0%| F|  |TAMS 0x0000000715a00000| PB 0x0000000715a00000| Untracked 
|  78|0x0000000715c00000, 0x0000000715c00000, 0x0000000715e00000|  0%| F|  |TAMS 0x0000000715c00000| PB 0x0000000715c00000| Untracked 
|  79|0x0000000715e00000, 0x0000000715e00000, 0x0000000716000000|  0%| F|  |TAMS 0x0000000715e00000| PB 0x0000000715e00000| Untracked 
|  80|0x0000000716000000, 0x0000000716000000, 0x0000000716200000|  0%| F|  |TAMS 0x0000000716000000| PB 0x0000000716000000| Untracked 
|  81|0x0000000716200000, 0x0000000716200000, 0x0000000716400000|  0%| F|  |TAMS 0x0000000716200000| PB 0x0000000716200000| Untracked 
|  82|0x0000000716400000, 0x0000000716400000, 0x0000000716600000|  0%| F|  |TAMS 0x0000000716400000| PB 0x0000000716400000| Untracked 
|  83|0x0000000716600000, 0x0000000716600000, 0x0000000716800000|  0%| F|  |TAMS 0x0000000716600000| PB 0x0000000716600000| Untracked 
|  84|0x0000000716800000, 0x0000000716800000, 0x0000000716a00000|  0%| F|  |TAMS 0x0000000716800000| PB 0x0000000716800000| Untracked 
|  85|0x0000000716a00000, 0x0000000716a00000, 0x0000000716c00000|  0%| F|  |TAMS 0x0000000716a00000| PB 0x0000000716a00000| Untracked 
|  86|0x0000000716c00000, 0x0000000716c00000, 0x0000000716e00000|  0%| F|  |TAMS 0x0000000716c00000| PB 0x0000000716c00000| Untracked 
|  87|0x0000000716e00000, 0x0000000716e00000, 0x0000000717000000|  0%| F|  |TAMS 0x0000000716e00000| PB 0x0000000716e00000| Untracked 
|  88|0x0000000717000000, 0x0000000717000000, 0x0000000717200000|  0%| F|  |TAMS 0x0000000717000000| PB 0x0000000717000000| Untracked 
|  89|0x0000000717200000, 0x0000000717200000, 0x0000000717400000|  0%| F|  |TAMS 0x0000000717200000| PB 0x0000000717200000| Untracked 
|  90|0x0000000717400000, 0x0000000717400000, 0x0000000717600000|  0%| F|  |TAMS 0x0000000717400000| PB 0x0000000717400000| Untracked 
|  91|0x0000000717600000, 0x0000000717600000, 0x0000000717800000|  0%| F|  |TAMS 0x0000000717600000| PB 0x0000000717600000| Untracked 
|  92|0x0000000717800000, 0x0000000717800000, 0x0000000717a00000|  0%| F|  |TAMS 0x0000000717800000| PB 0x0000000717800000| Untracked 
|  93|0x0000000717a00000, 0x0000000717a00000, 0x0000000717c00000|  0%| F|  |TAMS 0x0000000717a00000| PB 0x0000000717a00000| Untracked 
|  94|0x0000000717c00000, 0x0000000717c00000, 0x0000000717e00000|  0%| F|  |TAMS 0x0000000717c00000| PB 0x0000000717c00000| Untracked 
|  95|0x0000000717e00000, 0x0000000717e00000, 0x0000000718000000|  0%| F|  |TAMS 0x0000000717e00000| PB 0x0000000717e00000| Untracked 
|  96|0x0000000718000000, 0x0000000718000000, 0x0000000718200000|  0%| F|  |TAMS 0x0000000718000000| PB 0x0000000718000000| Untracked 
|  97|0x0000000718200000, 0x0000000718200000, 0x0000000718400000|  0%| F|  |TAMS 0x0000000718200000| PB 0x0000000718200000| Untracked 
|  98|0x0000000718400000, 0x0000000718400000, 0x0000000718600000|  0%| F|  |TAMS 0x0000000718400000| PB 0x0000000718400000| Untracked 
|  99|0x0000000718600000, 0x0000000718600000, 0x0000000718800000|  0%| F|  |TAMS 0x0000000718600000| PB 0x0000000718600000| Untracked 
| 100|0x0000000718800000, 0x0000000718800000, 0x0000000718a00000|  0%| F|  |TAMS 0x0000000718800000| PB 0x0000000718800000| Untracked 
| 101|0x0000000718a00000, 0x0000000718a00000, 0x0000000718c00000|  0%| F|  |TAMS 0x0000000718a00000| PB 0x0000000718a00000| Untracked 
| 102|0x0000000718c00000, 0x0000000718c20990, 0x0000000718e00000|  6%| S|CS|TAMS 0x0000000718c00000| PB 0x0000000718c00000| Complete 
| 103|0x0000000718e00000, 0x0000000719000000, 0x0000000719000000|100%| S|CS|TAMS 0x0000000718e00000| PB 0x0000000718e00000| Complete 
| 104|0x0000000719000000, 0x0000000719000000, 0x0000000719200000|  0%| F|  |TAMS 0x0000000719000000| PB 0x0000000719000000| Untracked 
| 105|0x0000000719200000, 0x0000000719200000, 0x0000000719400000|  0%| F|  |TAMS 0x0000000719200000| PB 0x0000000719200000| Untracked 
| 106|0x0000000719400000, 0x000000071949abc0, 0x0000000719600000| 30%| E|  |TAMS 0x0000000719400000| PB 0x0000000719400000| Complete 
| 107|0x0000000719600000, 0x0000000719800000, 0x0000000719800000|100%| E|CS|TAMS 0x0000000719600000| PB 0x0000000719600000| Complete 
| 108|0x0000000719800000, 0x0000000719a00000, 0x0000000719a00000|100%| E|CS|TAMS 0x0000000719800000| PB 0x0000000719800000| Complete 
| 109|0x0000000719a00000, 0x0000000719c00000, 0x0000000719c00000|100%| E|CS|TAMS 0x0000000719a00000| PB 0x0000000719a00000| Complete 
| 110|0x0000000719c00000, 0x0000000719e00000, 0x0000000719e00000|100%| E|CS|TAMS 0x0000000719c00000| PB 0x0000000719c00000| Complete 
| 111|0x0000000719e00000, 0x000000071a000000, 0x000000071a000000|100%| E|CS|TAMS 0x0000000719e00000| PB 0x0000000719e00000| Complete 
| 112|0x000000071a000000, 0x000000071a200000, 0x000000071a200000|100%| E|CS|TAMS 0x000000071a000000| PB 0x000000071a000000| Complete 
| 113|0x000000071a200000, 0x000000071a400000, 0x000000071a400000|100%| E|CS|TAMS 0x000000071a200000| PB 0x000000071a200000| Complete 
| 114|0x000000071a400000, 0x000000071a600000, 0x000000071a600000|100%| E|CS|TAMS 0x000000071a400000| PB 0x000000071a400000| Complete 
| 115|0x000000071a600000, 0x000000071a800000, 0x000000071a800000|100%| E|CS|TAMS 0x000000071a600000| PB 0x000000071a600000| Complete 
| 116|0x000000071a800000, 0x000000071aa00000, 0x000000071aa00000|100%| E|CS|TAMS 0x000000071a800000| PB 0x000000071a800000| Complete 
| 117|0x000000071aa00000, 0x000000071ac00000, 0x000000071ac00000|100%| E|CS|TAMS 0x000000071aa00000| PB 0x000000071aa00000| Complete 
| 118|0x000000071ac00000, 0x000000071ae00000, 0x000000071ae00000|100%| E|CS|TAMS 0x000000071ac00000| PB 0x000000071ac00000| Complete 
| 119|0x000000071ae00000, 0x000000071b000000, 0x000000071b000000|100%| E|CS|TAMS 0x000000071ae00000| PB 0x000000071ae00000| Complete 
| 120|0x000000071b000000, 0x000000071b200000, 0x000000071b200000|100%| E|CS|TAMS 0x000000071b000000| PB 0x000000071b000000| Complete 
| 121|0x000000071b200000, 0x000000071b400000, 0x000000071b400000|100%| E|CS|TAMS 0x000000071b200000| PB 0x000000071b200000| Complete 

Card table byte_map: [0x0000018e448c0000,0x0000018e45060000] _byte_map_base: 0x0000018e41060000

Marking Bits: (CMBitMap*) 0x0000018e2a90e130
 Bits: [0x0000018e45800000, 0x0000018e49500000)

Polling page: 0x0000018e34130000

Metaspace:

Usage:
  Non-class:     13.09 MB used.
      Class:      1.74 MB used.
       Both:     14.82 MB used.

Virtual space:
  Non-class space:       64.00 MB reserved,      13.25 MB ( 21%) committed,  1 nodes.
      Class space:        1.00 GB reserved,       1.88 MB ( <1%) committed,  1 nodes.
             Both:        1.06 GB reserved,      15.12 MB (  1%) committed. 

Chunk freelists:
   Non-Class:  2.16 MB
       Class:  1.98 MB
        Both:  4.14 MB

MaxMetaspaceSize: unlimited
CompressedClassSpaceSize: 1.00 GB
Initial GC threshold: 21.00 MB
Current GC threshold: 21.00 MB
CDS: on
MetaspaceReclaimPolicy: balanced
 - commit_granule_bytes: 65536.
 - commit_granule_words: 8192.
 - virtual_space_node_default_size: 8388608.
 - enlarge_chunks_in_place: 1.
 - new_chunks_are_fully_committed: 0.
 - uncommit_free_chunks: 1.
 - use_allocation_guard: 0.


Internal statistics:

num_allocs_failed_limit: 0.
num_arena_births: 156.
num_arena_deaths: 0.
num_vsnodes_births: 2.
num_vsnodes_deaths: 0.
num_space_committed: 242.
num_space_uncommitted: 0.
num_chunks_returned_to_freelist: 0.
num_chunks_taken_from_freelist: 656.
num_chunk_merges: 0.
num_chunk_splits: 463.
num_chunks_enlarged: 383.
num_inconsistent_stats: 0.

CodeHeap 'non-profiled nmethods': size=119168Kb used=1268Kb max_used=1268Kb free=117899Kb
 bounds [0x0000018e3bcf0000, 0x0000018e3bf60000, 0x0000018e43150000]
CodeHeap 'profiled nmethods': size=119104Kb used=6755Kb max_used=6755Kb free=112348Kb
 bounds [0x0000018e34150000, 0x0000018e347f0000, 0x0000018e3b5a0000]
CodeHeap 'non-nmethods': size=7488Kb used=2019Kb max_used=3171Kb free=5468Kb
 bounds [0x0000018e3b5a0000, 0x0000018e3b8c0000, 0x0000018e3bcf0000]
 total_blobs=3875 nmethods=3387 adapters=397
 compilation: enabled
              stopped_count=0, restarted_count=0
 full_count=0

Compilation events (20 events):
Event: 24.777 Thread 0x0000018e934ecdd0 3381       3       java.util.regex.Matcher::matches (10 bytes)
Event: 24.777 Thread 0x0000018e934ecdd0 nmethod 3381 0x0000018e347e6f10 code [0x0000018e347e70a0, 0x0000018e347e71e0]
Event: 24.818 Thread 0x0000018e4c561fc0 nmethod 3368 0x0000018e3be26390 code [0x0000018e3be265c0, 0x0000018e3be27728]
Event: 24.818 Thread 0x0000018e4c561fc0 3378       4       java.lang.String::startsWith (138 bytes)
Event: 24.822 Thread 0x0000018e4c561fc0 nmethod 3378 0x0000018e3be28290 code [0x0000018e3be28400, 0x0000018e3be286d8]
Event: 24.822 Thread 0x0000018e4c561fc0 3369   !   4       org.apache.maven.model.interpolation.StringVisitorModelInterpolator$1::interpolate (97 bytes)
Event: 24.848 Thread 0x0000018e4c561fc0 nmethod 3369 0x0000018e3be28890 code [0x0000018e3be28aa0, 0x0000018e3be29c00]
Event: 25.166 Thread 0x0000018e4c561fc0 3382       4       java.util.regex.Matcher::search (154 bytes)
Event: 25.167 Thread 0x0000018e4c567240 3384       1       org.apache.maven.model.Dependency::setGroupId (6 bytes)
Event: 25.167 Thread 0x0000018e934ecdd0 3385       1       org.apache.maven.model.Dependency::setArtifactId (6 bytes)
Event: 25.167 Thread 0x0000018e4c567240 nmethod 3384 0x0000018e3be2a710 code [0x0000018e3be2a8a0, 0x0000018e3be2a9c0]
Event: 25.167 Thread 0x0000018e934ecdd0 nmethod 3385 0x0000018e3be2aa10 code [0x0000018e3be2aba0, 0x0000018e3be2acc0]
Event: 25.167 Thread 0x0000018e934ecdd0 3386   !   3       org.apache.maven.model.PluginExecution::clone (83 bytes)
Event: 25.168 Thread 0x0000018e934ecdd0 nmethod 3386 0x0000018e347e7290 code [0x0000018e347e7540, 0x0000018e347e8318]
Event: 25.168 Thread 0x0000018e934ecdd0 3387       3       java.util.Collections$UnmodifiableCollection::size (10 bytes)
Event: 25.168 Thread 0x0000018e934ecdd0 nmethod 3387 0x0000018e347e8890 code [0x0000018e347e8a20, 0x0000018e347e8bf8]
Event: 25.168 Thread 0x0000018e934ecdd0 3388       1       org.apache.maven.model.Model::getParent (5 bytes)
Event: 25.168 Thread 0x0000018e934ecdd0 nmethod 3388 0x0000018e3be2ad10 code [0x0000018e3be2ae80, 0x0000018e3be2af50]
Event: 25.186 Thread 0x0000018e4c561fc0 nmethod 3382 0x0000018e3be2b010 code [0x0000018e3be2b220, 0x0000018e3be2c478]
Event: 25.186 Thread 0x0000018e4c561fc0 3383       4       org.codehaus.plexus.util.xml.pull.MXParser::nextImpl (1203 bytes)

GC Heap History (4 events):
Event: 2.955 GC heap before
{Heap before GC invocations=0 (full 0):
 garbage-first heap   total 249856K, used 22528K [0x000000070c000000, 0x0000000800000000)
  region size 2048K, 11 young (22528K), 0 survivors (0K)
 Metaspace       used 5190K, committed 5312K, reserved 1114112K
  class space    used 596K, committed 640K, reserved 1048576K
}
Event: 3.130 GC heap after
{Heap after GC invocations=1 (full 0):
 garbage-first heap   total 249856K, used 4060K [0x000000070c000000, 0x0000000800000000)
  region size 2048K, 2 young (4096K), 2 survivors (4096K)
 Metaspace       used 5190K, committed 5312K, reserved 1114112K
  class space    used 596K, committed 640K, reserved 1048576K
}
Event: 6.701 GC heap before
{Heap before GC invocations=1 (full 0):
 garbage-first heap   total 249856K, used 36828K [0x000000070c000000, 0x0000000800000000)
  region size 2048K, 18 young (36864K), 2 survivors (4096K)
 Metaspace       used 9903K, committed 10112K, reserved 1114112K
  class space    used 1177K, committed 1280K, reserved 1048576K
}
Event: 6.707 GC heap after
{Heap after GC invocations=2 (full 0):
 garbage-first heap   total 249856K, used 5719K [0x000000070c000000, 0x0000000800000000)
  region size 2048K, 2 young (4096K), 2 survivors (4096K)
 Metaspace       used 9903K, committed 10112K, reserved 1114112K
  class space    used 1177K, committed 1280K, reserved 1048576K
}

Dll operation events (8 events):
Event: 0.012 Loaded shared library C:\Program Files\Java\jdk-20\bin\java.dll
Event: 0.057 Loaded shared library C:\Program Files\Java\jdk-20\bin\jsvml.dll
Event: 0.113 Loaded shared library C:\Program Files\Java\jdk-20\bin\net.dll
Event: 0.115 Loaded shared library C:\Program Files\Java\jdk-20\bin\nio.dll
Event: 0.127 Loaded shared library C:\Program Files\Java\jdk-20\bin\zip.dll
Event: 0.431 Loaded shared library C:\Program Files\Java\jdk-20\bin\jimage.dll
Event: 0.541 Loaded shared library C:\Program Files\NetBeans-18\netbeans\java\maven\lib\jansi-native\Windows\x86_64\jansi.dll
Event: 0.554 Loaded shared library C:\Program Files\Java\jdk-20\bin\verify.dll

Deoptimization events (20 events):
Event: 21.666 Thread 0x0000018e2a8a21c0 Uncommon trap: trap_request=0xffffff45 fr.pc=0x0000018e3bdac0f4 relative=0x0000000000000254
Event: 21.666 Thread 0x0000018e2a8a21c0 Uncommon trap: reason=unstable_if action=reinterpret pc=0x0000018e3bdac0f4 method=java.util.HashMap.hash(Ljava/lang/Object;)I @ 1 c2
Event: 21.666 Thread 0x0000018e2a8a21c0 DEOPT PACKING pc=0x0000018e3bdac0f4 sp=0x0000003cac6fe7d0
Event: 21.666 Thread 0x0000018e2a8a21c0 DEOPT UNPACKING pc=0x0000018e3b609d22 sp=0x0000003cac6fe6c8 mode 2
Event: 21.666 Thread 0x0000018e2a8a21c0 Uncommon trap: trap_request=0xffffff45 fr.pc=0x0000018e3be16f3c relative=0x00000000000008bc
Event: 21.666 Thread 0x0000018e2a8a21c0 Uncommon trap: reason=unstable_if action=reinterpret pc=0x0000018e3be16f3c method=java.util.HashMap.hash(Ljava/lang/Object;)I @ 1 c2
Event: 21.666 Thread 0x0000018e2a8a21c0 DEOPT PACKING pc=0x0000018e3be16f3c sp=0x0000003cac6fe7c0
Event: 21.666 Thread 0x0000018e2a8a21c0 DEOPT UNPACKING pc=0x0000018e3b609d22 sp=0x0000003cac6fe738 mode 2
Event: 21.666 Thread 0x0000018e2a8a21c0 Uncommon trap: trap_request=0xffffff45 fr.pc=0x0000018e3bdaca64 relative=0x0000000000000244
Event: 21.666 Thread 0x0000018e2a8a21c0 Uncommon trap: reason=unstable_if action=reinterpret pc=0x0000018e3bdaca64 method=java.util.HashMap.hash(Ljava/lang/Object;)I @ 1 c2
Event: 21.666 Thread 0x0000018e2a8a21c0 DEOPT PACKING pc=0x0000018e3bdaca64 sp=0x0000003cac6fe860
Event: 21.666 Thread 0x0000018e2a8a21c0 DEOPT UNPACKING pc=0x0000018e3b609d22 sp=0x0000003cac6fe6f8 mode 2
Event: 21.666 Thread 0x0000018e2a8a21c0 Uncommon trap: trap_request=0xffffff45 fr.pc=0x0000018e3bd8b528 relative=0x00000000000000a8
Event: 21.666 Thread 0x0000018e2a8a21c0 Uncommon trap: reason=unstable_if action=reinterpret pc=0x0000018e3bd8b528 method=java.util.HashMap.hash(Ljava/lang/Object;)I @ 1 c2
Event: 21.666 Thread 0x0000018e2a8a21c0 DEOPT PACKING pc=0x0000018e3bd8b528 sp=0x0000003cac6fe870
Event: 21.666 Thread 0x0000018e2a8a21c0 DEOPT UNPACKING pc=0x0000018e3b609d22 sp=0x0000003cac6fe808 mode 2
Event: 24.704 Thread 0x0000018e2a8a21c0 Uncommon trap: trap_request=0xffffff45 fr.pc=0x0000018e3be10858 relative=0x00000000000013f8
Event: 24.704 Thread 0x0000018e2a8a21c0 Uncommon trap: reason=unstable_if action=reinterpret pc=0x0000018e3be10858 method=org.codehaus.plexus.util.xml.pull.MXParser.nextImpl()I @ 306 c2
Event: 24.704 Thread 0x0000018e2a8a21c0 DEOPT PACKING pc=0x0000018e3be10858 sp=0x0000003cac6fd580
Event: 24.704 Thread 0x0000018e2a8a21c0 DEOPT UNPACKING pc=0x0000018e3b609d22 sp=0x0000003cac6fd530 mode 2

Classes loaded (20 events):
Event: 14.164 Loading class sun/nio/ch/ChannelInputStream
Event: 14.164 Loading class sun/nio/ch/ChannelInputStream done
Event: 14.164 Loading class sun/nio/ch/NativeThread
Event: 14.164 Loading class sun/nio/ch/NativeThread done
Event: 14.164 Loading class sun/nio/ch/Util
Event: 14.164 Loading class sun/nio/ch/Util done
Event: 14.164 Loading class sun/nio/ch/Util$1
Event: 14.164 Loading class sun/nio/ch/Util$1 done
Event: 14.164 Loading class sun/nio/ch/Util$BufferCache
Event: 14.164 Loading class sun/nio/ch/Util$BufferCache done
Event: 14.165 Loading class java/nio/DirectByteBuffer$Deallocator
Event: 14.165 Loading class java/nio/DirectByteBuffer$Deallocator done
Event: 14.165 Loading class sun/nio/ch/IOStatus
Event: 14.165 Loading class sun/nio/ch/IOStatus done
Event: 14.165 Loading class java/util/AbstractMap$2
Event: 14.166 Loading class java/util/AbstractMap$2 done
Event: 14.166 Loading class java/util/AbstractMap$2$1
Event: 14.166 Loading class java/util/AbstractMap$2$1 done
Event: 14.670 Loading class java/util/Formatter$FixedString
Event: 14.670 Loading class java/util/Formatter$FixedString done

Classes unloaded (0 events):
No events

Classes redefined (0 events):
No events

Internal exceptions (20 events):
Event: 6.921 Thread 0x0000018e2a8a21c0 Exception <a 'java/lang/NoSuchMethodError'{0x000000071b062040}: 'long java.lang.invoke.DirectMethodHandle$Holder.invokeStatic(java.lang.Object, java.lang.Object, int)'> (0x000000071b062040) 
thrown [s\open\src\hotspot\share\interpreter\linkResolver.cpp, line 773]
Event: 7.003 Thread 0x0000018e2a8a21c0 Exception <a 'java/lang/NoSuchMethodError'{0x000000071b0750d8}: 'java.lang.Object java.lang.invoke.DirectMethodHandle$Holder.invokeStatic(java.lang.Object, java.lang.Object, java.lang.Object, java.lang.Object, int)'> (0x000000071b0750d8) 
thrown [s\open\src\hotspot\share\interpreter\linkResolver.cpp, line 773]
Event: 7.004 Thread 0x0000018e2a8a21c0 Exception <a 'java/lang/NoSuchMethodError'{0x000000071b07cff0}: 'java.lang.Object java.lang.invoke.DirectMethodHandle$Holder.invokeSpecial(java.lang.Object, java.lang.Object, java.lang.Object, java.lang.Object, long)'> (0x000000071b07cff0) 
thrown [s\open\src\hotspot\share\interpreter\linkResolver.cpp, line 773]
Event: 7.007 Thread 0x0000018e2a8a21c0 Exception <a 'java/lang/NoSuchMethodError'{0x000000071b088ae0}: 'java.lang.Object java.lang.invoke.DirectMethodHandle$Holder.invokeSpecial(java.lang.Object, java.lang.Object, java.lang.Object, int, java.lang.Object)'> (0x000000071b088ae0) 
thrown [s\open\src\hotspot\share\interpreter\linkResolver.cpp, line 773]
Event: 7.009 Thread 0x0000018e2a8a21c0 Exception <a 'java/lang/NoSuchMethodError'{0x000000071b090c00}: 'int java.lang.invoke.DirectMethodHandle$Holder.invokeSpecial(java.lang.Object, java.lang.Object, java.lang.Object, int)'> (0x000000071b090c00) 
thrown [s\open\src\hotspot\share\interpreter\linkResolver.cpp, line 773]
Event: 7.020 Thread 0x0000018e2a8a21c0 Implicit null exception at 0x0000018e3bd75f9d to 0x0000018e3bd760fc
Event: 7.022 Thread 0x0000018e2a8a21c0 Exception <a 'java/lang/NoSuchMethodError'{0x000000071b0eb0a8}: 'java.lang.Object java.lang.invoke.Invokers$Holder.invokeExact_MT(java.lang.Object, int, java.lang.Object)'> (0x000000071b0eb0a8) 
thrown [s\open\src\hotspot\share\interpreter\linkResolver.cpp, line 773]
Event: 7.061 Thread 0x0000018e2a8a21c0 Exception <a 'java/lang/NoSuchMethodError'{0x000000071b173118}: 'void java.lang.invoke.DirectMethodHandle$Holder.invokeStatic(java.lang.Object, java.lang.Object)'> (0x000000071b173118) 
thrown [s\open\src\hotspot\share\interpreter\linkResolver.cpp, line 773]
Event: 8.738 Thread 0x0000018e2a8a21c0 Exception <a 'java/lang/NoSuchMethodError'{0x000000071a8cc5e0}: 'void java.lang.invoke.Invokers$Holder.invokeExact_MT(java.lang.Object, java.lang.Object, java.lang.Object, java.lang.Object)'> (0x000000071a8cc5e0) 
thrown [s\open\src\hotspot\share\interpreter\linkResolver.cpp, line 773]
Event: 8.885 Thread 0x0000018e2a8a21c0 Exception <a 'java/lang/NoClassDefFoundError'{0x000000071a95a368}: com/google/inject/servlet/ServletModuleTargetVisitor> (0x000000071a95a368) 
thrown [s\open\src\hotspot\share\classfile\systemDictionary.cpp, line 294]
Event: 9.658 Thread 0x0000018e2a8a21c0 Exception <a 'java/lang/NoSuchMethodError'{0x000000071a405d68}: 'void java.lang.invoke.DirectMethodHandle$Holder.invokeVirtual(java.lang.Object, java.lang.Object)'> (0x000000071a405d68) 
thrown [s\open\src\hotspot\share\interpreter\linkResolver.cpp, line 773]
Event: 9.868 Thread 0x0000018e2a8a21c0 Exception <a 'java/lang/NoSuchMethodError'{0x000000071a4936d0}: 'java.lang.Object java.lang.invoke.DirectMethodHandle$Holder.invokeStaticInit(java.lang.Object, int, int, int, int)'> (0x000000071a4936d0) 
thrown [s\open\src\hotspot\share\interpreter\linkResolver.cpp, line 773]
Event: 11.737 Thread 0x0000018e2a8a21c0 Exception <a 'java/lang/NoSuchMethodError'{0x0000000719e4e578}: 'void java.lang.invoke.DirectMethodHandle$Holder.invokeVirtual(java.lang.Object, java.lang.Object, int)'> (0x0000000719e4e578) 
thrown [s\open\src\hotspot\share\interpreter\linkResolver.cpp, line 773]
Event: 11.738 Thread 0x0000018e2a8a21c0 Exception <a 'java/lang/NoSuchMethodError'{0x0000000719e55548}: 'void java.lang.invoke.DelegatingMethodHandle$Holder.reinvoke_L(java.lang.Object, java.lang.Object, int)'> (0x0000000719e55548) 
thrown [s\open\src\hotspot\share\interpreter\linkResolver.cpp, line 773]
Event: 14.667 Thread 0x0000018e2a8a21c0 Implicit null exception at 0x0000018e3bdaad2c to 0x0000018e3bdaaef0
Event: 21.666 Thread 0x0000018e2a8a21c0 Implicit null exception at 0x0000018e3bdabefb to 0x0000018e3bdac0d4
Event: 21.666 Thread 0x0000018e2a8a21c0 Implicit null exception at 0x0000018e3be166cd to 0x0000018e3be16f20
Event: 21.666 Thread 0x0000018e2a8a21c0 Implicit null exception at 0x0000018e3bdac87b to 0x0000018e3bdaca44
Event: 21.666 Thread 0x0000018e2a8a21c0 Implicit null exception at 0x0000018e3bd8b49d to 0x0000018e3bd8b519
Event: 21.990 Thread 0x0000018e2a8a21c0 Exception <a 'java/lang/NoSuchMethodError'{0x00000007196c8af0}: 'java.lang.Object java.lang.invoke.DirectMethodHandle$Holder.newInvokeSpecial(java.lang.Object, java.lang.Object, java.lang.Object, java.lang.Object, java.lang.Object, java.lang.Object, java.lang.Object)'> (0x00000007196c8af0) 
thrown [s\open\src\hotspot\share\interpreter\linkResolver.cpp, line 773]

VM Operations (20 events):
Event: 11.059 Executing VM operation: HandshakeAllThreads
Event: 11.059 Executing VM operation: HandshakeAllThreads done
Event: 11.907 Executing VM operation: HandshakeAllThreads
Event: 11.907 Executing VM operation: HandshakeAllThreads done
Event: 11.908 Executing VM operation: HandshakeAllThreads
Event: 11.908 Executing VM operation: HandshakeAllThreads done
Event: 12.898 Executing VM operation: Cleanup
Event: 12.898 Executing VM operation: Cleanup done
Event: 14.905 Executing VM operation: Cleanup
Event: 14.905 Executing VM operation: Cleanup done
Event: 15.911 Executing VM operation: Cleanup
Event: 15.911 Executing VM operation: Cleanup done
Event: 18.931 Executing VM operation: Cleanup
Event: 18.932 Executing VM operation: Cleanup done
Event: 19.937 Executing VM operation: Cleanup
Event: 19.937 Executing VM operation: Cleanup done
Event: 21.951 Executing VM operation: Cleanup
Event: 21.951 Executing VM operation: Cleanup done
Event: 24.972 Executing VM operation: Cleanup
Event: 24.972 Executing VM operation: Cleanup done

Events (20 events):
Event: 3.472 Thread 0x0000018e9244ec80 Thread exited: 0x0000018e9244ec80
Event: 3.515 Thread 0x0000018e930c6cf0 Thread added: 0x0000018e930c6cf0
Event: 3.586 Thread 0x0000018e92541850 Thread added: 0x0000018e92541850
Event: 3.588 Thread 0x0000018e92541de0 Thread added: 0x0000018e92541de0
Event: 3.756 Thread 0x0000018e92541de0 Thread exited: 0x0000018e92541de0
Event: 3.759 Thread 0x0000018e92541850 Thread exited: 0x0000018e92541850
Event: 4.484 Thread 0x0000018e93522c00 Thread added: 0x0000018e93522c00
Event: 4.612 Thread 0x0000018e93522c00 Thread exited: 0x0000018e93522c00
Event: 8.462 Thread 0x0000018e925e6cc0 Thread added: 0x0000018e925e6cc0
Event: 8.888 Thread 0x0000018e925e6cc0 Thread exited: 0x0000018e925e6cc0
Event: 14.668 Thread 0x0000018e934ecdd0 Thread added: 0x0000018e934ecdd0
Event: 15.011 Thread 0x0000018e934ecdd0 Thread exited: 0x0000018e934ecdd0
Event: 15.067 Thread 0x0000018e934ecdd0 Thread added: 0x0000018e934ecdd0
Event: 15.234 Thread 0x0000018e934ecdd0 Thread exited: 0x0000018e934ecdd0
Event: 16.888 Thread 0x0000018e930c6cf0 Thread exited: 0x0000018e930c6cf0
Event: 19.407 Thread 0x0000018e91cd2e10 Thread exited: 0x0000018e91cd2e10
Event: 19.407 Thread 0x0000018e918fd190 Thread exited: 0x0000018e918fd190
Event: 21.653 Thread 0x0000018e934ecdd0 Thread added: 0x0000018e934ecdd0
Event: 21.654 Thread 0x0000018e91cd2e10 Thread added: 0x0000018e91cd2e10
Event: 23.725 Thread 0x0000018e91cd2e10 Thread exited: 0x0000018e91cd2e10


Dynamic libraries:
0x00007ff622560000 - 0x00007ff622570000 	C:\Program Files\Java\jdk-20\bin\java.exe
0x00007ff8a2c80000 - 0x00007ff8a2e89000 	C:\Windows\SYSTEM32\ntdll.dll
0x00007ff8a0b80000 - 0x00007ff8a0c3d000 	C:\Windows\System32\KERNEL32.DLL
0x00007ff8a0110000 - 0x00007ff8a0494000 	C:\Windows\System32\KERNELBASE.dll
0x00007ff8a04d0000 - 0x00007ff8a05e1000 	C:\Windows\System32\ucrtbase.dll
0x00007ff890a20000 - 0x00007ff890a39000 	C:\Program Files\Java\jdk-20\bin\jli.dll
0x00007ff8a2b80000 - 0x00007ff8a2c2e000 	C:\Windows\System32\ADVAPI32.dll
0x00007ff8a0eb0000 - 0x00007ff8a0f53000 	C:\Windows\System32\msvcrt.dll
0x00007ff8a1910000 - 0x00007ff8a19ae000 	C:\Windows\System32\sechost.dll
0x00007ff8a10c0000 - 0x00007ff8a11e1000 	C:\Windows\System32\RPCRT4.dll
0x00007ff8a28b0000 - 0x00007ff8a2a5d000 	C:\Windows\System32\USER32.dll
0x00007ff8a04a0000 - 0x00007ff8a04c6000 	C:\Windows\System32\win32u.dll
0x00007ff8a0c40000 - 0x00007ff8a0c6a000 	C:\Windows\System32\GDI32.dll
0x00007ff8a07d0000 - 0x00007ff8a08ee000 	C:\Windows\System32\gdi32full.dll
0x00007ff8a0730000 - 0x00007ff8a07cd000 	C:\Windows\System32\msvcp_win.dll
0x00007ff8967c0000 - 0x00007ff8967db000 	C:\Program Files\Java\jdk-20\bin\VCRUNTIME140.dll
0x00007ff889e00000 - 0x00007ff88a0a5000 	C:\Windows\WinSxS\amd64_microsoft.windows.common-controls_6595b64144ccf1df_6.0.22000.120_none_9d947278b86cc467\COMCTL32.dll
0x00007ff896fa0000 - 0x00007ff896faa000 	C:\Windows\SYSTEM32\VERSION.dll
0x00007ff8a2a60000 - 0x00007ff8a2a91000 	C:\Windows\System32\IMM32.DLL
0x00007ff89c110000 - 0x00007ff89c11c000 	C:\Program Files\Java\jdk-20\bin\vcruntime140_1.dll
0x00007ff88f320000 - 0x00007ff88f3ae000 	C:\Program Files\Java\jdk-20\bin\msvcp140.dll
0x00007ff815810000 - 0x00007ff8164a8000 	C:\Program Files\Java\jdk-20\bin\server\jvm.dll
0x00007ff89c120000 - 0x00007ff89c129000 	C:\Windows\SYSTEM32\WSOCK32.dll
0x00007ff8a1290000 - 0x00007ff8a12ff000 	C:\Windows\System32\WS2_32.dll
0x00007ff898e20000 - 0x00007ff898e53000 	C:\Windows\SYSTEM32\WINMM.dll
0x00007ff89f1f0000 - 0x00007ff89f208000 	C:\Windows\SYSTEM32\kernel.appcore.dll
0x00007ff89a260000 - 0x00007ff89a26a000 	C:\Program Files\Java\jdk-20\bin\jimage.dll
0x00007ff89dcb0000 - 0x00007ff89ded1000 	C:\Windows\SYSTEM32\DBGHELP.DLL
0x00007ff886a60000 - 0x00007ff886a91000 	C:\Windows\SYSTEM32\dbgcore.DLL
0x00007ff8a05f0000 - 0x00007ff8a066f000 	C:\Windows\System32\bcryptPrimitives.dll
0x00007ff894e60000 - 0x00007ff894e86000 	C:\Program Files\Java\jdk-20\bin\java.dll
0x00007ff87e8e0000 - 0x00007ff87e9b7000 	C:\Program Files\Java\jdk-20\bin\jsvml.dll
0x00007ff8a1aa0000 - 0x00007ff8a2265000 	C:\Windows\System32\SHELL32.dll
0x00007ff89e1e0000 - 0x00007ff89ea42000 	C:\Windows\SYSTEM32\windows.storage.dll
0x00007ff8a1590000 - 0x00007ff8a1906000 	C:\Windows\System32\combase.dll
0x00007ff89e070000 - 0x00007ff89e1d7000 	C:\Windows\SYSTEM32\wintypes.dll
0x00007ff8a0f60000 - 0x00007ff8a104a000 	C:\Windows\System32\SHCORE.dll
0x00007ff8a1050000 - 0x00007ff8a10ad000 	C:\Windows\System32\shlwapi.dll
0x00007ff8a0040000 - 0x00007ff8a0065000 	C:\Windows\SYSTEM32\profapi.dll
0x00007ff8967a0000 - 0x00007ff8967b3000 	C:\Program Files\Java\jdk-20\bin\net.dll
0x00007ff89b5f0000 - 0x00007ff89b704000 	C:\Windows\SYSTEM32\WINHTTP.dll
0x00007ff89f6a0000 - 0x00007ff89f707000 	C:\Windows\system32\mswsock.dll
0x00007ff894e40000 - 0x00007ff894e56000 	C:\Program Files\Java\jdk-20\bin\nio.dll
0x00007ff891e40000 - 0x00007ff891e58000 	C:\Program Files\Java\jdk-20\bin\zip.dll
0x0000000069ac0000 - 0x0000000069ae4000 	C:\Program Files\NetBeans-18\netbeans\java\maven\lib\jansi-native\Windows\x86_64\jansi.dll
0x00007ff896640000 - 0x00007ff896650000 	C:\Program Files\Java\jdk-20\bin\verify.dll

dbghelp: loaded successfully - version: 4.0.5 - missing functions: none
symbol engine: initialized successfully - sym options: 0x614 - pdb path: .;C:\Program Files\Java\jdk-20\bin;C:\Windows\SYSTEM32;C:\Windows\WinSxS\amd64_microsoft.windows.common-controls_6595b64144ccf1df_6.0.22000.120_none_9d947278b86cc467;C:\Program Files\Java\jdk-20\bin\server;C:\Program Files\NetBeans-18\netbeans\java\maven\lib\jansi-native\Windows\x86_64

VM Arguments:
jvm_args: -Dclassworlds.conf=C:\Program Files\NetBeans-18\netbeans\java\maven\bin\m2.conf -Dmaven.home=C:\Program Files\NetBeans-18\netbeans\java\maven -Dlibrary.jansi.path=C:\Program Files\NetBeans-18\netbeans\java\maven\lib\jansi-native -Dmaven.multiModuleProjectDirectory=C:\Users\FLOW\Documents\NetBeansProjects\Peminjaman-Ruang 
java_command: org.codehaus.plexus.classworlds.launcher.Launcher -Dexec.vmArgs= -Dexec.args=${exec.vmArgs} -classpath %classpath ${exec.mainClass} ${exec.appArgs} -Dexec.appArgs= -Dexec.mainClass=peminjaman.peminjaman.ruang.PeminjamanRuang -Dexec.executable=C:\Program Files\Java\jdk-20\bin\java.exe -Dmaven.ext.class.path=C:\Program Files\NetBeans-18\netbeans\java\maven-nblib\netbeans-eventspy.jar --no-transfer-progress process-classes org.codehaus.mojo:exec-maven-plugin:3.1.0:exec
java_class_path (initial): C:\Program Files\NetBeans-18\netbeans\java\maven\boot\plexus-classworlds-2.6.0.jar
Launcher Type: SUN_STANDARD

[Global flags]
     intx CICompilerCount                          = 12                                        {product} {ergonomic}
     uint ConcGCThreads                            = 3                                         {product} {ergonomic}
     uint G1ConcRefinementThreads                  = 13                                        {product} {ergonomic}
   size_t G1HeapRegionSize                         = 2097152                                   {product} {ergonomic}
    uintx GCDrainStackTargetSize                   = 64                                        {product} {ergonomic}
   size_t InitialHeapSize                          = 255852544                                 {product} {ergonomic}
   size_t MarkStackSize                            = 4194304                                   {product} {ergonomic}
   size_t MaxHeapSize                              = 4093640704                                {product} {ergonomic}
   size_t MaxNewSize                               = 2455764992                                {product} {ergonomic}
   size_t MinHeapDeltaBytes                        = 2097152                                   {product} {ergonomic}
   size_t MinHeapSize                              = 8388608                                   {product} {ergonomic}
    uintx NonNMethodCodeHeapSize                   = 7602480                                {pd product} {ergonomic}
    uintx NonProfiledCodeHeapSize                  = 122027880                              {pd product} {ergonomic}
    uintx ProfiledCodeHeapSize                     = 122027880                              {pd product} {ergonomic}
    uintx ReservedCodeCacheSize                    = 251658240                              {pd product} {ergonomic}
     bool SegmentedCodeCache                       = true                                      {product} {ergonomic}
   size_t SoftMaxHeapSize                          = 4093640704                             {manageable} {ergonomic}
     bool UseCompressedClassPointers               = true                           {product lp64_product} {ergonomic}
     bool UseCompressedOops                        = true                           {product lp64_product} {ergonomic}
     bool UseG1GC                                  = true                                      {product} {ergonomic}
     bool UseLargePagesIndividualAllocation        = false                                  {pd product} {ergonomic}

Logging:
Log output configuration:
 #0: stdout all=warning uptime,level,tags foldmultilines=false
 #1: stderr all=off uptime,level,tags foldmultilines=false

Environment Variables:
JAVA_HOME=C:\Program Files\Java\jdk-20
PATH=C:\Program Files\Common Files\Oracle\Java\javapath;C:\Windows\system32;C:\Windows;C:\Windows\System32\Wbem;C:\Windows\System32\WindowsPowerShell\v1.0\;C:\Windows\System32\OpenSSH\;C:\Program Files (x86)\NVIDIA Corporation\PhysX\Common;C:\Program Files\NVIDIA Corporation\NVIDIA NvDLISR;C:\Users\FLOW\AppData\Local\Programs\Python\Launcher\;C:\Users\FLOW\AppData\Local\Microsoft\WindowsApps;;C:\Users\FLOW\AppData\Local\Programs\Microsoft VS Code\bin
USERNAME=FLOW
OS=Windows_NT
PROCESSOR_IDENTIFIER=AMD64 Family 25 Model 68 Stepping 1, AuthenticAMD
TMP=C:\Users\FLOW\AppData\Local\Temp
TEMP=C:\Users\FLOW\AppData\Local\Temp




---------------  S Y S T E M  ---------------

OS:
 Windows 11 , 64 bit Build 22000 (10.0.22000.2360)
OS uptime: 0 days 7:30 hours

CPU: total 16 (initial active 16) (16 cores per cpu, 2 threads per core) family 25 model 68 stepping 1 microcode 0x0, cx8, cmov, fxsr, ht, mmx, 3dnowpref, sse, sse2, sse3, ssse3, sse4a, sse4.1, sse4.2, popcnt, lzcnt, tsc, tscinvbit, avx, avx2, aes, erms, clmul, bmi1, bmi2, adx, sha, fma, vzeroupper, clflush, clflushopt, rdtscp, rdpid, fsrm, f16c, pku, cet_ss

Memory: 4k page, system-wide physical 15612M (470M free)
TotalPageFile size 62716M (AvailPageFile size 1M)
current process WorkingSet (physical memory assigned to process): 113M, peak: 119M
current process commit charge ("private bytes"): 371M, peak: 382M

vm_info: Java HotSpot(TM) 64-Bit Server VM (20.0.2+9-78) for windows-amd64 JRE (20.0.2+9-78), built on 2023-06-14T10:08:48Z by "mach5one" with MS VC++ 17.1 (VS2022)

END.
