#
# There is insufficient memory for the Java Runtime Environment to continue.
# Native memory allocation (mmap) failed to map 65536 bytes for Failed to commit metaspace.
# Possible reasons:
#   The system is out of physical RAM or swap space
#   The process is running with CompressedOops enabled, and the Java Heap may be blocking the growth of the native heap
# Possible solutions:
#   Reduce memory load on the system
#   Increase physical memory or swap space
#   Check if swap backing store is full
#   Decrease Java heap size (-Xmx/-Xms)
#   Decrease number of Java threads
#   Decrease Java thread stack sizes (-Xss)
#   Set larger code cache with -XX:ReservedCodeCacheSize=
#   JVM is running with Zero Based Compressed Oops mode in which the Java heap is
#     placed in the first 32GB address space. The Java Heap base address is the
#     maximum limit for the native heap growth. Please use -XX:HeapBaseMinAddress
#     to set the Java Heap base and to place the Java Heap above 32GB virtual address.
# This output file may be truncated or incomplete.
#
#  Out of Memory Error (virtualSpaceNode.cpp:110), pid=33572, tid=33588
#
# JRE version: Java(TM) SE Runtime Environment (20.0.2+9) (build 20.0.2+9-78)
# Java VM: Java HotSpot(TM) 64-Bit Server VM (20.0.2+9-78, mixed mode, sharing, tiered, compressed oops, compressed class ptrs, g1 gc, windows-amd64)
# No core dump will be written. Minidumps are not enabled by default on client versions of Windows
#

---------------  S U M M A R Y ------------

Command Line: -Dclassworlds.conf=C:\Program Files\NetBeans-18\netbeans\java\maven\bin\m2.conf -Dmaven.home=C:\Program Files\NetBeans-18\netbeans\java\maven -Dlibrary.jansi.path=C:\Program Files\NetBeans-18\netbeans\java\maven\lib\jansi-native -Dmaven.multiModuleProjectDirectory=C:\Users\FLOW\Documents\NetBeansProjects\Peminjaman-Ruang org.codehaus.plexus.classworlds.launcher.Launcher -Dexec.vmArgs= -Dexec.args=${exec.vmArgs} -classpath %classpath ${exec.mainClass} ${exec.appArgs} -Dexec.appArgs= -Dexec.mainClass=peminjaman.peminjaman.ruang.PeminjamanRuang -Dexec.executable=C:\Program Files\Java\jdk-20\bin\java.exe -Dmaven.ext.class.path=C:\Program Files\NetBeans-18\netbeans\java\maven-nblib\netbeans-eventspy.jar --no-transfer-progress process-classes org.codehaus.mojo:exec-maven-plugin:3.1.0:exec

Host: AMD Ryzen 9 6900HS with Radeon Graphics        , 16 cores, 15G,  Windows 11 , 64 bit Build 22000 (10.0.22000.2360)
Time: Sun Oct  8 15:01:58 2023 Malay Peninsula Standard Time elapsed time: 20.019676 seconds (0d 0h 0m 20s)

---------------  T H R E A D  ---------------

Current thread (0x00000216aeeb1110):  JavaThread "main" [_thread_in_vm, id=33588, stack(0x000000ad4a700000,0x000000ad4a800000)]

Stack: [0x000000ad4a700000,0x000000ad4a800000]
Native frames: (J=compiled Java code, j=interpreted, Vv=VM code, C=native code)
V  [jvm.dll+0x6bc25a]
V  [jvm.dll+0x84971a]
V  [jvm.dll+0x84b315]
V  [jvm.dll+0x84ba13]
V  [jvm.dll+0x280e4f]
V  [jvm.dll+0x84565b]
V  [jvm.dll+0x660616]
V  [jvm.dll+0x1eb7b7]
V  [jvm.dll+0x663032]
V  [jvm.dll+0x662e1e]
V  [jvm.dll+0x66102e]
V  [jvm.dll+0x219c14]
V  [jvm.dll+0x21c57c]
V  [jvm.dll+0x211a50]
V  [jvm.dll+0x59c7cc]
V  [jvm.dll+0x7c42a3]
V  [jvm.dll+0x7c4384]
V  [jvm.dll+0x46ca64]
V  [jvm.dll+0x471fc8]
C  [java.dll+0x17ec]

Java frames: (J=compiled Java code, j=interpreted, Vv=VM code)
J 905  java.lang.ClassLoader.defineClass1(Ljava/lang/ClassLoader;Ljava/lang/String;[BIILjava/security/ProtectionDomain;Ljava/lang/String;)Ljava/lang/Class; java.base@20.0.2 (0 bytes) @ 0x00000216beb6f771 [0x00000216beb6f6a0+0x00000000000000d1]
J 904 c1 java.lang.ClassLoader.defineClass(Ljava/lang/String;[BIILjava/security/ProtectionDomain;)Ljava/lang/Class; java.base@20.0.2 (43 bytes) @ 0x00000216b713e264 [0x00000216b713df00+0x0000000000000364]
J 903 c1 java.security.SecureClassLoader.defineClass(Ljava/lang/String;[BIILjava/security/CodeSource;)Ljava/lang/Class; java.base@20.0.2 (16 bytes) @ 0x00000216b713d1f4 [0x00000216b713d120+0x00000000000000d4]
J 909 c1 java.net.URLClassLoader.defineClass(Ljava/lang/String;Ljdk/internal/loader/Resource;)Ljava/lang/Class; java.base@20.0.2 (224 bytes) @ 0x00000216b714176c [0x00000216b7140480+0x00000000000012ec]
J 911 c1 java.net.URLClassLoader$1.run()Ljava/lang/Class; java.base@20.0.2 (81 bytes) @ 0x00000216b7143a24 [0x00000216b7142da0+0x0000000000000c84]
J 846 c1 java.net.URLClassLoader$1.run()Ljava/lang/Object; java.base@20.0.2 (5 bytes) @ 0x00000216b711af34 [0x00000216b711aea0+0x0000000000000094]
J 524 c1 java.security.AccessController.doPrivileged(Ljava/security/PrivilegedExceptionAction;Ljava/security/AccessControlContext;)Ljava/lang/Object; java.base@20.0.2 (26 bytes) @ 0x00000216b705c5e4 [0x00000216b705c400+0x00000000000001e4]
J 844 c1 java.net.URLClassLoader.findClass(Ljava/lang/String;)Ljava/lang/Class; java.base@20.0.2 (47 bytes) @ 0x00000216b711bd34 [0x00000216b711bb80+0x00000000000001b4]
J 842 c1 org.codehaus.plexus.classworlds.realm.ClassRealm.loadClassFromSelf(Ljava/lang/String;)Ljava/lang/Class; (40 bytes) @ 0x00000216b711b4ec [0x00000216b711b280+0x000000000000026c]
J 854 c1 org.codehaus.plexus.classworlds.strategy.SelfFirstStrategy.loadClass(Ljava/lang/String;)Ljava/lang/Class; (50 bytes) @ 0x00000216b711f70c [0x00000216b711f4a0+0x000000000000026c]
J 544 c1 org.codehaus.plexus.classworlds.realm.ClassRealm.loadClass(Ljava/lang/String;Z)Ljava/lang/Class; (33 bytes) @ 0x00000216b7065e44 [0x00000216b7065cc0+0x0000000000000184]
J 543 c1 org.codehaus.plexus.classworlds.realm.ClassRealm.loadClass(Ljava/lang/String;)Ljava/lang/Class; (7 bytes) @ 0x00000216b70659bc [0x00000216b7065920+0x000000000000009c]
J 854 c1 org.codehaus.plexus.classworlds.strategy.SelfFirstStrategy.loadClass(Ljava/lang/String;)Ljava/lang/Class; (50 bytes) @ 0x00000216b711f944 [0x00000216b711f4a0+0x00000000000004a4]
J 544 c1 org.codehaus.plexus.classworlds.realm.ClassRealm.loadClass(Ljava/lang/String;Z)Ljava/lang/Class; (33 bytes) @ 0x00000216b7065e44 [0x00000216b7065cc0+0x0000000000000184]
J 543 c1 org.codehaus.plexus.classworlds.realm.ClassRealm.loadClass(Ljava/lang/String;)Ljava/lang/Class; (7 bytes) @ 0x00000216b70659bc [0x00000216b7065920+0x000000000000009c]
j  org.eclipse.sisu.space.URLClassSpace.loadClass(Ljava/lang/String;)Ljava/lang/Class;+5
j  org.eclipse.sisu.space.QualifiedTypeVisitor.leaveClass()V+26
j  org.eclipse.sisu.plexus.PlexusTypeVisitor.leaveClass()V+77
j  org.eclipse.sisu.space.SpaceScanner$1.visitEnd()V+4
j  org.eclipse.sisu.space.asm.ClassReader.accept(Lorg/eclipse/sisu/space/asm/ClassVisitor;[Lorg/eclipse/sisu/space/asm/Attribute;I)V+1173
j  org.eclipse.sisu.space.asm.ClassReader.accept(Lorg/eclipse/sisu/space/asm/ClassVisitor;I)V+7
j  org.eclipse.sisu.space.SpaceScanner.accept(Lorg/eclipse/sisu/space/ClassVisitor;Ljava/net/URL;)V+24
j  org.eclipse.sisu.space.SpaceScanner.accept(Lorg/eclipse/sisu/space/SpaceVisitor;)V+54
j  org.eclipse.sisu.space.SpaceModule.scanForElements(Lcom/google/inject/Binder;)V+25
j  org.eclipse.sisu.space.SpaceModule.configure(Lcom/google/inject/Binder;)V+41
j  org.eclipse.sisu.plexus.PlexusAnnotatedBeanModule.configure(Lcom/google/inject/Binder;)Lorg/eclipse/sisu/plexus/PlexusBeanSource;+12
j  org.eclipse.sisu.plexus.PlexusBindingModule.configure(Lcom/google/inject/Binder;)V+37
j  com.google.inject.spi.Elements$RecordingBinder.install(Lcom/google/inject/Module;)V+209
j  com.google.inject.spi.Elements.getElements(Lcom/google/inject/Stage;Ljava/lang/Iterable;)Ljava/util/List;+40
j  com.google.inject.spi.Elements.getElements(Ljava/lang/Iterable;)Ljava/util/List;+4
j  org.eclipse.sisu.wire.WireModule.configure(Lcom/google/inject/Binder;)V+13
j  com.google.inject.spi.Elements$RecordingBinder.install(Lcom/google/inject/Module;)V+209
j  com.google.inject.spi.Elements.getElements(Lcom/google/inject/Stage;Ljava/lang/Iterable;)Ljava/util/List;+40
j  com.google.inject.internal.InjectorShell$Builder.build(Lcom/google/inject/internal/Initializer;Lcom/google/inject/internal/ProcessedBindingData;Lcom/google/inject/internal/util/ContinuousStopwatch;Lcom/google/inject/internal/Errors;)Ljava/util/List;+163
j  com.google.inject.internal.InternalInjectorCreator.build()Lcom/google/inject/Injector;+48
j  com.google.inject.Guice.createInjector(Lcom/google/inject/Stage;Ljava/lang/Iterable;)Lcom/google/inject/Injector;+15
j  com.google.inject.Guice.createInjector(Ljava/lang/Iterable;)Lcom/google/inject/Injector;+4
j  com.google.inject.Guice.createInjector([Lcom/google/inject/Module;)Lcom/google/inject/Injector;+4
j  org.codehaus.plexus.DefaultPlexusContainer.addPlexusInjector(Ljava/util/List;[Lcom/google/inject/Module;)Lcom/google/inject/Injector;+88
j  org.codehaus.plexus.DefaultPlexusContainer.<init>(Lorg/codehaus/plexus/ContainerConfiguration;[Lcom/google/inject/Module;)V+396
j  org.apache.maven.cli.MavenCli.container(Lorg/apache/maven/cli/CliRequest;)Lorg/codehaus/plexus/PlexusContainer;+279
j  org.apache.maven.cli.MavenCli.doMain(Lorg/apache/maven/cli/CliRequest;)I+34
j  org.apache.maven.cli.MavenCli.main([Ljava/lang/String;Lorg/codehaus/plexus/classworlds/ClassWorld;)I+24
j  java.lang.invoke.DirectMethodHandle$Holder.invokeStatic(Ljava/lang/Object;Ljava/lang/Object;Ljava/lang/Object;)I+11 java.base@20.0.2
j  java.lang.invoke.LambdaForm$MH+0x00000216cfc09400.invoke(Ljava/lang/Object;Ljava/lang/Object;Ljava/lang/Object;Ljava/lang/Object;)Ljava/lang/Object;+54 java.base@20.0.2
j  java.lang.invoke.LambdaForm$MH+0x00000216cfc09800.invokeExact_MT(Ljava/lang/Object;Ljava/lang/Object;Ljava/lang/Object;Ljava/lang/Object;Ljava/lang/Object;)Ljava/lang/Object;+22 java.base@20.0.2
j  jdk.internal.reflect.DirectMethodHandleAccessor.invokeImpl(Ljava/lang/Object;[Ljava/lang/Object;)Ljava/lang/Object;+72 java.base@20.0.2
j  jdk.internal.reflect.DirectMethodHandleAccessor.invoke(Ljava/lang/Object;[Ljava/lang/Object;)Ljava/lang/Object;+23 java.base@20.0.2
j  java.lang.reflect.Method.invoke(Ljava/lang/Object;[Ljava/lang/Object;)Ljava/lang/Object;+102 java.base@20.0.2
j  org.codehaus.plexus.classworlds.launcher.Launcher.launchEnhanced([Ljava/lang/String;)V+45
j  org.codehaus.plexus.classworlds.launcher.Launcher.launch([Ljava/lang/String;)V+2
j  org.codehaus.plexus.classworlds.launcher.Launcher.mainWithExitCode([Ljava/lang/String;)I+101
j  org.codehaus.plexus.classworlds.launcher.Launcher.main([Ljava/lang/String;)V+1
v  ~StubRoutines::call_stub 0x00000216be3e100d

Compiled method (n/a)   20046  905     n 0       java.lang.ClassLoader::defineClass1 (native)
 total in heap  [0x00000216beb6f510,0x00000216beb6fb40] = 1584
 relocation     [0x00000216beb6f658,0x00000216beb6f690] = 56
 main code      [0x00000216beb6f6a0,0x00000216beb6fb3e] = 1182
 stub code      [0x00000216beb6fb3e,0x00000216beb6fb40] = 2

[Constant Pool (empty)]

[MachCode]
[Entry Point]
  # {method} {0x00000216cf038da8} 'defineClass1' '(Ljava/lang/ClassLoader;Ljava/lang/String;[BIILjava/security/ProtectionDomain;Ljava/lang/String;)Ljava/lang/Class;' in 'java/lang/ClassLoader'
  # parm0:    rdx:rdx   = 'java/lang/ClassLoader'
  # parm1:    r8:r8     = 'java/lang/String'
  # parm2:    r9:r9     = '[B'
  # parm3:    rdi       = int
  # parm4:    rsi       = int
  # parm5:    rcx:rcx   = 'java/security/ProtectionDomain'
  # parm6:    [sp+0xa0]   = 'java/lang/String'  (sp of caller)
  0x00000216beb6f6a0: 448b 5208 | 49bb 0000 | c0ce 1602 | 0000 4d03 | d349 3bc2 | 0f84 0600 

  0x00000216beb6f6b8: ;   {runtime_call ic_miss_stub}
  0x00000216beb6f6b8: 0000 e941 | 478d ff90 
[Verified Entry Point]
  0x00000216beb6f6c0: 8984 2400 | 80ff ff55 | 488b ec48 | 81ec 9000 | 0000 6690 | 4181 7f20 | 0100 0000 

  0x00000216beb6f6dc: ;   {runtime_call StubRoutines (2)}
  0x00000216beb6f6dc: 7405 e8fd | 8f8b ff48 | 837d 1000 | 488d 4510 | 480f 4445 | 1048 8944 | 2440 4889 | 4c24 7048 
  0x00000216beb6f6fc: 83f9 0048 | 8d44 2470 | 480f 4444 | 2470 4889 | 4424 3848 | 8974 2430 | 4889 7c24 | 284c 894c 
  0x00000216beb6f71c: 2458 4983 | f900 488d | 4424 5848 | 0f44 4424 | 5848 8944 | 2420 4c89 | 4424 5049 | 83f8 004c 
  0x00000216beb6f73c: 8d4c 2450 | 4c0f 444c | 2450 4889 | 5424 4848 | 83fa 004c | 8d44 2448 | 4c0f 4444 

  0x00000216beb6f758: ;   {oop(a 'java/lang/Class'{0x0000000719c9d958} = 'java/lang/ClassLoader')}
  0x00000216beb6f758: 2448 49be | 58d9 c919 | 0700 0000 | 4c89 7424 | 784c 8d74 | 2478 498b | d6c5 f877 

  0x00000216beb6f774: ;   {internal_word}
  0x00000216beb6f774: 49ba 71f7 | b6be 1602 | 0000 4d89 | 97c8 0200 | 0049 89a7 | c002 0000 

  0x00000216beb6f78c: ;   {external_word}
  0x00000216beb6f78c: 49ba 5d1a | 3c16 f87f | 0000 4180 | 3a00 0f84 | 4e00 0000 | 5241 5041 

  0x00000216beb6f7a4: ;   {metadata({method} {0x00000216cf038da8} 'defineClass1' '(Ljava/lang/ClassLoader;Ljava/lang/String;[BIILjava/security/ProtectionDomain;Ljava/lang/String;)Ljava/lang/Class;' in 'java/lang/ClassLoader')}
  0x00000216beb6f7a4: 5148 baa0 | 8d03 cf16 | 0200 0049 | 8bcf 4883 | ec20 40f6 | c40f 0f84 | 1900 0000 | 4883 ec08 
  0x00000216beb6f7c4: ;   {runtime_call}
  0x00000216beb6f7c4: 48b8 f011 | f315 f87f | 0000 ffd0 | 4883 c408 | e90c 0000 

  0x00000216beb6f7d8: ;   {runtime_call}
  0x00000216beb6f7d8: 0048 b8f0 | 11f3 15f8 | 7f00 00ff | d048 83c4 | 2041 5941 | 585a 498d | 8fe0 0200 | 0041 c787 
  0x00000216beb6f7f8: 7403 0000 | 0400 0000 

  0x00000216beb6f800: ;   {runtime_call}
  0x00000216beb6f800: 48b8 ac16 | e694 f87f | 0000 ffd0 | c5f8 7741 | c787 7403 | 0000 0500 | 0000 f083 | 4424 c000 
  0x00000216beb6f820: 493b af78 | 0300 000f | 870e 0000 | 0041 83bf | 7003 0000 | 000f 842b | 0000 00c5 | f877 4889 
  0x00000216beb6f840: 45f8 498b | cf4c 8be4 | 4883 ec20 | 4883 e4f0 

  0x00000216beb6f850: ;   {runtime_call}
  0x00000216beb6f850: 48b8 a001 | c015 f87f | 0000 ffd0 | 498b e44d | 33e4 488b | 45f8 41c7 | 8774 0300 | 0008 0000 
  0x00000216beb6f870: 0041 83bf | f003 0000 | 020f 8492 

  0x00000216beb6f87c: ;   {external_word}
  0x00000216beb6f87c: 0200 0049 | ba5d 1a3c | 16f8 7f00 | 0041 803a | 000f 844c | 0000 0048 

  0x00000216beb6f894: ;   {metadata({method} {0x00000216cf038da8} 'defineClass1' '(Ljava/lang/ClassLoader;Ljava/lang/String;[BIILjava/security/ProtectionDomain;Ljava/lang/String;)Ljava/lang/Class;' in 'java/lang/ClassLoader')}
  0x00000216beb6f894: 8945 f848 | baa0 8d03 | cf16 0200 | 0049 8bcf | 4883 ec20 | 40f6 c40f | 0f84 1900 | 0000 4883 
  0x00000216beb6f8b4: ;   {runtime_call}
  0x00000216beb6f8b4: ec08 48b8 | f011 f315 | f87f 0000 | ffd0 4883 | c408 e90c 

  0x00000216beb6f8c8: ;   {runtime_call}
  0x00000216beb6f8c8: 0000 0048 | b8f0 11f3 | 15f8 7f00 | 00ff d048 | 83c4 2048 | 8b45 f849 | c787 c002 | 0000 0000 
  0x00000216beb6f8e8: 0000 49c7 | 87c8 0200 | 0000 0000 | 00c5 f877 | 4885 c00f | 84ed 0100 | 00a8 010f | 84e2 0100 
  0x00000216beb6f908: 0048 8b40 | ff41 807f | 4000 0f84 | ce01 0000 | 4883 f800 | 0f84 c401 | 0000 498b | 4f28 4883 
  0x00000216beb6f928: f900 0f84 | 1400 0000 | 4883 e908 | 4989 4f28 | 4903 4f38 | 4889 01e9 | a201 0000 | 4881 ecd0 
  0x00000216beb6f948: 0000 0048 | 8904 2448 | 894c 2408 | 4889 5424 | 1048 8974 | 2418 4889 | 7c24 204c | 8944 2428 
  0x00000216beb6f968: 4c89 4c24 | 304c 8954 | 2438 4c89 | 5c24 40c5 | fb11 4424 | 50c5 fb11 | 4c24 58c5 | fb11 5424 
  0x00000216beb6f988: 60c5 fb11 | 5c24 68c5 | fb11 6424 | 70c5 fb11 | 6c24 78c5 | fb11 b424 | 8000 0000 | c5fb 11bc 
  0x00000216beb6f9a8: 2488 0000 | 00c5 7b11 | 8424 9000 | 0000 c57b | 118c 2498 | 0000 00c5 | 7b11 9424 | a000 0000 
  0x00000216beb6f9c8: c57b 119c | 24a8 0000 | 00c5 7b11 | a424 b000 | 0000 c57b | 11ac 24b8 | 0000 00c5 | 7b11 b424 
  0x00000216beb6f9e8: c000 0000 | c57b 11bc | 24c8 0000 | 0049 8bd7 | 488b c848 | 83ec 2040 | f6c4 0f0f | 8419 0000 
  0x00000216beb6fa08: 0048 83ec 

  0x00000216beb6fa0c: ;   {runtime_call}
  0x00000216beb6fa0c: 0848 b860 | 40b3 15f8 | 7f00 00ff | d048 83c4 | 08e9 0c00 

  0x00000216beb6fa20: ;   {runtime_call}
  0x00000216beb6fa20: 0000 48b8 | 6040 b315 | f87f 0000 | ffd0 4883 | c420 c57b | 10bc 24c8 | 0000 00c5 | 7b10 b424 
  0x00000216beb6fa40: c000 0000 | c57b 10ac | 24b8 0000 | 00c5 7b10 | a424 b000 | 0000 c57b | 109c 24a8 | 0000 00c5 
  0x00000216beb6fa60: 7b10 9424 | a000 0000 | c57b 108c | 2498 0000 | 00c5 7b10 | 8424 9000 | 0000 c5fb | 10bc 2488 
  0x00000216beb6fa80: 0000 00c5 | fb10 b424 | 8000 0000 | c5fb 106c | 2478 c5fb | 1064 2470 | c5fb 105c | 2468 c5fb 
  0x00000216beb6faa0: 1054 2460 | c5fb 104c | 2458 c5fb | 1044 2450 | 4c8b 5c24 | 404c 8b54 | 2438 4c8b | 4c24 304c 
  0x00000216beb6fac0: 8b44 2428 | 488b 7c24 | 2048 8b74 | 2418 488b | 5424 1048 | 8b4c 2408 | 488b 0424 | 4881 c4d0 
  0x00000216beb6fae0: 0000 00c5 | f877 e903 | 0000 0048 | 8b00 498b | 8f50 0300 | 00c7 8100 | 0100 0000 | 0000 00c9 
  0x00000216beb6fb00: 4983 7f08 | 000f 8501 | 0000 00c3 

  0x00000216beb6fb0c: ;   {runtime_call StubRoutines (1)}
  0x00000216beb6fb0c: e9ef 1387 | ffc5 f877 | 4889 45f8 | 4c8b e448 | 83ec 2048 

  0x00000216beb6fb20: ;   {runtime_call}
  0x00000216beb6fb20: 83e4 f048 | b830 46f3 | 15f8 7f00 | 00ff d049 | 8be4 4d33 | e448 8b45 | f8e9 41fd | ffff f4f4 
[/MachCode]


Compiled method (c1)   20060  904       3       java.lang.ClassLoader::defineClass (43 bytes)
 total in heap  [0x00000216b713dd10,0x00000216b713e640] = 2352
 relocation     [0x00000216b713de58,0x00000216b713def0] = 152
 main code      [0x00000216b713df00,0x00000216b713e398] = 1176
 stub code      [0x00000216b713e398,0x00000216b713e410] = 120
 metadata       [0x00000216b713e410,0x00000216b713e440] = 48
 scopes data    [0x00000216b713e440,0x00000216b713e530] = 240
 scopes pcs     [0x00000216b713e530,0x00000216b713e610] = 224
 dependencies   [0x00000216b713e610,0x00000216b713e618] = 8
 nul chk table  [0x00000216b713e618,0x00000216b713e640] = 40

[Constant Pool (empty)]

[MachCode]
[Entry Point]
  # {method} {0x00000216cf0390d0} 'defineClass' '(Ljava/lang/String;[BIILjava/security/ProtectionDomain;)Ljava/lang/Class;' in 'java/lang/ClassLoader'
  # this:     rdx:rdx   = 'java/lang/ClassLoader'
  # parm0:    r8:r8     = 'java/lang/String'
  # parm1:    r9:r9     = '[B'
  # parm2:    rdi       = int
  # parm3:    rsi       = int
  # parm4:    rcx:rcx   = 'java/security/ProtectionDomain'
  #           [sp+0xc0]  (sp of caller)
  0x00000216b713df00: 448b 5208 | 49bb 0000 | c0ce 1602 | 0000 4d03 | d34c 3bd0 

  0x00000216b713df14: ;   {runtime_call ic_miss_stub}
  0x00000216b713df14: 0f85 e65e | 3007 660f | 1f44 0000 
[Verified Entry Point]
  0x00000216b713df20: 8984 2400 | 80ff ff55 | 4881 ecb0 | 0000 0090 | 4181 7f20 | 0100 0000 

  0x00000216b713df38: ;   {runtime_call StubRoutines (2)}
  0x00000216b713df38: 7405 e8a1 | a72e 0748 | 8954 2478 

  0x00000216b713df44: ;   {metadata(method data for {method} {0x00000216cf0390d0} 'defineClass' '(Ljava/lang/String;[BIILjava/security/ProtectionDomain;)Ljava/lang/Class;' in 'java/lang/ClassLoader')}
  0x00000216b713df44: 48bb 3871 | d30f 1702 | 0000 8b83 | cc00 0000 | 83c0 0289 | 83cc 0000 | 0025 fe07 | 0000 83f8 
  0x00000216b713df64: 000f 844f | 0300 0089 | b424 9400 | 0000 89bc | 2490 0000 | 004c 898c | 2488 0000 | 0048 8bda 
  0x00000216b713df84: ;   {metadata(method data for {method} {0x00000216cf0390d0} 'defineClass' '(Ljava/lang/String;[BIILjava/security/ProtectionDomain;)Ljava/lang/Class;' in 'java/lang/ClassLoader')}
  0x00000216b713df84: 48b8 3871 | d30f 1702 | 0000 4883 | 8010 0100 | 0001 498b | d84c 8bc3 | 4c8b c948 | 8bca 488b 
  0x00000216b713dfa4: d148 899c | 2480 0000 

  0x00000216b713dfac: ;   {optimized virtual_call}
  0x00000216b713dfac: 0066 90e8 

  0x00000216b713dfb0: ; ImmutableOopMap {[120]=Oop [128]=Oop [136]=Oop }
                      ;*invokevirtual preDefineClass {reexecute=0 rethrow=0 return_oop=0}
                      ; - java.lang.ClassLoader::defineClass@4 (line 1011)
  0x00000216b713dfb0: 2c52 ffff | 4889 8424 | 9800 0000 | 488b 5424 

  0x00000216b713dfc0: ;   {metadata(method data for {method} {0x00000216cf0390d0} 'defineClass' '(Ljava/lang/String;[BIILjava/security/ProtectionDomain;)Ljava/lang/Class;' in 'java/lang/ClassLoader')}
  0x00000216b713dfc0: 7849 b838 | 71d3 0f17 | 0200 0049 | 8380 4801 

  0x00000216b713dfd0: ;   {metadata(method data for {method} {0x00000216cf038e10} 'defineClassSourceLocation' '(Ljava/security/ProtectionDomain;)Ljava/lang/String;' in 'java/lang/ClassLoader')}
  0x00000216b713dfd0: 0000 0149 | b840 45d3 | 0f17 0200 | 0041 8b90 | cc00 0000 | 83c2 0241 | 8990 cc00 | 0000 81e2 
  0x00000216b713dff0: feff 1f00 | 83fa 000f | 84de 0200 | 0048 3b00 

  0x00000216b713e000: ;   {metadata(method data for {method} {0x00000216cf038e10} 'defineClassSourceLocation' '(Ljava/security/ProtectionDomain;)Ljava/lang/String;' in 'java/lang/ClassLoader')}
  0x00000216b713e000: 4c8b c048 | ba40 45d3 | 0f17 0200 | 0048 8382 | 1001 0000 | 0144 8b40 | 1049 c1e0 | 0349 83f8 
  0x00000216b713e020: ;   {metadata(method data for {method} {0x00000216cf038e10} 'defineClassSourceLocation' '(Ljava/security/ProtectionDomain;)Ljava/lang/String;' in 'java/lang/ClassLoader')}
  0x00000216b713e020: 0048 ba40 | 45d3 0f17 | 0200 0048 | be58 0100 | 0000 0000 | 000f 850a | 0000 0048 | be48 0100 
  0x00000216b713e040: 0000 0000 | 0048 8b3c | 3248 8d7f | 0148 893c | 320f 850f 

  0x00000216b713e054: ;   {oop(NULL)}
  0x00000216b713e054: 0000 0048 | bb00 0000 | 0000 0000 | 00e9 a901 | 0000 493b | 0049 8bd0 

  0x00000216b713e06c: ;   {metadata(method data for {method} {0x00000216cf038e10} 'defineClassSourceLocation' '(Ljava/security/ProtectionDomain;)Ljava/lang/String;' in 'java/lang/ClassLoader')}
  0x00000216b713e06c: 48be 4045 | d30f 1702 | 0000 4883 | 8668 0100 | 0001 418b | 500c 48c1 | e203 4883 

  0x00000216b713e088: ;   {metadata(method data for {method} {0x00000216cf038e10} 'defineClassSourceLocation' '(Ljava/security/ProtectionDomain;)Ljava/lang/String;' in 'java/lang/ClassLoader')}
  0x00000216b713e088: fa00 48be | 4045 d30f | 1702 0000 | 48bf b001 | 0000 0000 | 0000 0f85 | 0a00 0000 | 48bf a001 
  0x00000216b713e0a8: 0000 0000 | 0000 488b | 1c3e 488d | 5b01 4889 | 1c3e 0f85 | 0f00 0000 

  0x00000216b713e0c0: ;   {oop(NULL)}
  0x00000216b713e0c0: 48bb 0000 | 0000 0000 | 0000 e940 

  0x00000216b713e0cc: ;   {metadata(method data for {method} {0x00000216cf038e10} 'defineClassSourceLocation' '(Ljava/security/ProtectionDomain;)Ljava/lang/String;' in 'java/lang/ClassLoader')}
  0x00000216b713e0cc: 0100 0048 | be40 45d3 | 0f17 0200 | 0048 8386 | c001 0000 | 0148 3b02 

  0x00000216b713e0e4: ;   {metadata(method data for {method} {0x00000216cf038e10} 'defineClassSourceLocation' '(Ljava/security/ProtectionDomain;)Ljava/lang/String;' in 'java/lang/ClassLoader')}
  0x00000216b713e0e4: 4c8b c248 | be40 45d3 | 0f17 0200 | 0048 8386 | f801 0000 

  0x00000216b713e0f8: ;   {metadata(method data for {method} {0x00000216cec1b3e0} 'toString' '()Ljava/lang/String;' in 'java/net/URL')}
  0x00000216b713e0f8: 0149 b8b0 | 52d1 0f17 | 0200 0041 | 8bb0 cc00 | 0000 83c6 | 0241 89b0 | cc00 0000 | 81e6 feff 
  0x00000216b713e118: 1f00 83fe | 000f 84e8 | 0100 004c 

  0x00000216b713e124: ;   {metadata(method data for {method} {0x00000216cec1b3e0} 'toString' '()Ljava/lang/String;' in 'java/net/URL')}
  0x00000216b713e124: 8bc2 48be | b052 d10f | 1702 0000 | 4883 8610 | 0100 0001 

  0x00000216b713e138: ;   {metadata(method data for {method} {0x00000216cf02c908} 'toExternalForm' '()Ljava/lang/String;' in 'java/net/URL')}
  0x00000216b713e138: 49b8 983a | ce0f 1702 | 0000 418b | b0cc 0000 | 0083 c602 | 4189 b0cc | 0000 0081 | e6fe ff1f 
  0x00000216b713e158: 0083 fe00 | 0f84 ca01 | 0000 8b72 | 3848 c1e6 | 0348 3b06 

  0x00000216b713e16c: ;   {metadata(method data for {method} {0x00000216cf02c908} 'toExternalForm' '()Ljava/lang/String;' in 'java/net/URL')}
  0x00000216b713e16c: 4c8b c648 | bf98 3ace | 0f17 0200 | 0045 8b40 | 0849 ba00 | 00c0 ce16 | 0200 004d | 03c2 4c3b 
  0x00000216b713e18c: 8720 0100 | 0075 0d48 | 8387 2801 | 0000 01e9 | 6000 0000 | 4c3b 8730 | 0100 0075 | 0d48 8387 
  0x00000216b713e1ac: 3801 0000 | 01e9 4a00 | 0000 4883 | bf20 0100 | 0000 7517 | 4c89 8720 | 0100 0048 | c787 2801 
  0x00000216b713e1cc: 0000 0100 | 0000 e929 | 0000 0048 | 83bf 3001 | 0000 0075 | 174c 8987 | 3001 0000 | 48c7 8738 
  0x00000216b713e1ec: 0100 0001 | 0000 00e9 | 0800 0000 | 4883 8710 | 0100 0001 | 4c8b c248 

  0x00000216b713e204: ;   {optimized virtual_call}
  0x00000216b713e204: 8bd6 90e8 

  0x00000216b713e208: ; ImmutableOopMap {[120]=Oop [128]=Oop [136]=Oop [152]=Oop }
                      ;*invokevirtual toExternalForm {reexecute=0 rethrow=0 return_oop=0}
                      ; - java.net.URL::toExternalForm@5 (line 1195)
                      ; - java.net.URL::toString@1 (line 1181)
                      ; - java.lang.ClassLoader::defineClassSourceLocation@22 (line 913)
                      ; - java.lang.ClassLoader::defineClass@12 (line 1012)
  0x00000216b713e208: d4a2 f2ff | 488b d848 | 8b84 2498 | 0000 008b | b424 9400 | 0000 8bbc | 2490 0000 | 004c 8b8c 
  0x00000216b713e228: 2488 0000 | 004c 8b84 | 2480 0000 | 0048 8b54 

  0x00000216b713e238: ;   {metadata(method data for {method} {0x00000216cf0390d0} 'defineClass' '(Ljava/lang/String;[BIILjava/security/ProtectionDomain;)Ljava/lang/Class;' in 'java/lang/ClassLoader')}
  0x00000216b713e238: 2478 48b9 | 3871 d30f | 1702 0000 | 4883 8180 | 0100 0001 | 4c8b da49 | 8bd3 488b | c848 891c 
  0x00000216b713e258: 2466 0f1f 

  0x00000216b713e25c: ;   {static_call}
  0x00000216b713e25c: 4400 00e8 

  0x00000216b713e260: ; ImmutableOopMap {[120]=Oop [152]=Oop }
                      ;*invokestatic defineClass1 {reexecute=0 rethrow=0 return_oop=0}
                      ; - java.lang.ClassLoader::defineClass@27 (line 1013)
  0x00000216b713e260: 5c14 a307 | 488b 5424 

  0x00000216b713e268: ;   {metadata(method data for {method} {0x00000216cf0390d0} 'defineClass' '(Ljava/lang/String;[BIILjava/security/ProtectionDomain;)Ljava/lang/Class;' in 'java/lang/ClassLoader')}
  0x00000216b713e268: 7849 b838 | 71d3 0f17 | 0200 0049 | 8380 9001 | 0000 014c | 8bc0 4c8b | 8c24 9800 | 0000 488b 
  0x00000216b713e288: 5424 7848 | 8984 24a0 | 0000 000f 

  0x00000216b713e294: ;   {optimized virtual_call}
  0x00000216b713e294: 1f40 00e8 

  0x00000216b713e298: ; ImmutableOopMap {[160]=Oop }
                      ;*invokevirtual postDefineClass {reexecute=0 rethrow=0 return_oop=0}
                      ; - java.lang.ClassLoader::defineClass@37 (line 1014)
  0x00000216b713e298: e47f ffff | 488b 8424 | a000 0000 | 4881 c4b0 | 0000 005d 

  0x00000216b713e2ac: ;   {poll_return}
  0x00000216b713e2ac: 493b a778 | 0300 000f | 8799 0000 

  0x00000216b713e2b8: ;   {metadata({method} {0x00000216cf0390d0} 'defineClass' '(Ljava/lang/String;[BIILjava/security/ProtectionDomain;)Ljava/lang/Class;' in 'java/lang/ClassLoader')}
  0x00000216b713e2b8: 00c3 49ba | c890 03cf | 1602 0000 | 4c89 5424 | 0848 c704 | 24ff ffff 

  0x00000216b713e2d0: ;   {runtime_call counter_overflow Runtime1 stub}
  0x00000216b713e2d0: ffe8 aa15 

  0x00000216b713e2d4: ; ImmutableOopMap {rdx=Oop r8=Oop r9=Oop rcx=Oop [120]=Oop }
                      ;*synchronization entry
                      ; - java.lang.ClassLoader::defineClass@-1 (line 1011)
  0x00000216b713e2d4: 3d07 e990 

  0x00000216b713e2d8: ;   {metadata({method} {0x00000216cf038e10} 'defineClassSourceLocation' '(Ljava/security/ProtectionDomain;)Ljava/lang/String;' in 'java/lang/ClassLoader')}
  0x00000216b713e2d8: fcff ff49 | ba08 8e03 | cf16 0200 | 004c 8954 | 2408 48c7 | 0424 ffff 

  0x00000216b713e2f0: ;   {runtime_call counter_overflow Runtime1 stub}
  0x00000216b713e2f0: ffff e889 

  0x00000216b713e2f4: ; ImmutableOopMap {rax=Oop [120]=Oop [128]=Oop [136]=Oop [152]=Oop }
                      ;*synchronization entry
                      ; - java.lang.ClassLoader::defineClassSourceLocation@-1 (line 910)
                      ; - java.lang.ClassLoader::defineClass@12 (line 1012)
  0x00000216b713e2f4: 153d 07e9 | 01fd ffff 

  0x00000216b713e2fc: ;   {runtime_call throw_null_pointer_exception Runtime1 stub}
  0x00000216b713e2fc: e87f c43c 

  0x00000216b713e300: ; ImmutableOopMap {rax=Oop [120]=Oop [128]=Oop [136]=Oop [152]=Oop }
                      ;*invokevirtual getCodeSource {reexecute=0 rethrow=0 return_oop=0}
                      ; - java.lang.ClassLoader::defineClassSourceLocation@1 (line 910)
                      ; - java.lang.ClassLoader::defineClass@12 (line 1012)
                      ;   {runtime_call throw_null_pointer_exception Runtime1 stub}
  0x00000216b713e300: 07e8 7ac4 

  0x00000216b713e304: ; ImmutableOopMap {rax=Oop r8=Oop [120]=Oop [128]=Oop [136]=Oop [152]=Oop }
                      ;*invokevirtual getLocation {reexecute=0 rethrow=0 return_oop=0}
                      ; - java.lang.ClassLoader::defineClassSourceLocation@12 (line 912)
                      ; - java.lang.ClassLoader::defineClass@12 (line 1012)
                      ;   {runtime_call throw_null_pointer_exception Runtime1 stub}
  0x00000216b713e304: 3c07 e875 

  0x00000216b713e308: ; ImmutableOopMap {rdx=Oop [120]=Oop [128]=Oop [136]=Oop [152]=Oop }
                      ;*invokevirtual toString {reexecute=0 rethrow=0 return_oop=0}
                      ; - java.lang.ClassLoader::defineClassSourceLocation@22 (line 913)
                      ; - java.lang.ClassLoader::defineClass@12 (line 1012)
                      ;   {metadata({method} {0x00000216cec1b3e0} 'toString' '()Ljava/lang/String;' in 'java/net/URL')}
  0x00000216b713e308: c43c 0749 | bad8 b3c1 | ce16 0200 | 004c 8954 | 2408 48c7 | 0424 ffff 

  0x00000216b713e320: ;   {runtime_call counter_overflow Runtime1 stub}
  0x00000216b713e320: ffff e859 

  0x00000216b713e324: ; ImmutableOopMap {rdx=Oop [120]=Oop [128]=Oop [136]=Oop [152]=Oop }
                      ;*synchronization entry
                      ; - java.net.URL::toString@-1 (line 1181)
                      ; - java.lang.ClassLoader::defineClassSourceLocation@22 (line 913)
                      ; - java.lang.ClassLoader::defineClass@12 (line 1012)
  0x00000216b713e324: 153d 07e9 | f7fd ffff 

  0x00000216b713e32c: ;   {metadata({method} {0x00000216cf02c908} 'toExternalForm' '()Ljava/lang/String;' in 'java/net/URL')}
  0x00000216b713e32c: 49ba 00c9 | 02cf 1602 | 0000 4c89 | 5424 0848 | c704 24ff 

  0x00000216b713e340: ;   {runtime_call counter_overflow Runtime1 stub}
  0x00000216b713e340: ffff ffe8 

  0x00000216b713e344: ; ImmutableOopMap {rdx=Oop [120]=Oop [128]=Oop [136]=Oop [152]=Oop }
                      ;*synchronization entry
                      ; - java.net.URL::toExternalForm@-1 (line 1195)
                      ; - java.net.URL::toString@1 (line 1181)
                      ; - java.lang.ClassLoader::defineClassSourceLocation@22 (line 913)
                      ; - java.lang.ClassLoader::defineClass@12 (line 1012)
  0x00000216b713e344: 3815 3d07 | e915 feff 

  0x00000216b713e34c: ;   {runtime_call throw_null_pointer_exception Runtime1 stub}
  0x00000216b713e34c: ffe8 2ec4 

  0x00000216b713e350: ; ImmutableOopMap {rdx=Oop rsi=Oop [120]=Oop [128]=Oop [136]=Oop [152]=Oop }
                      ;*invokevirtual toExternalForm {reexecute=0 rethrow=0 return_oop=0}
                      ; - java.net.URL::toExternalForm@5 (line 1195)
                      ; - java.net.URL::toString@1 (line 1181)
                      ; - java.lang.ClassLoader::defineClassSourceLocation@22 (line 913)
                      ; - java.lang.ClassLoader::defineClass@12 (line 1012)
                      ;   {internal_word}
  0x00000216b713e350: 3c07 49ba | ace2 13b7 | 1602 0000 | 4d89 9790 

  0x00000216b713e360: ;   {runtime_call SafepointBlob}
  0x00000216b713e360: 0300 00e9 | 18ca 3007 | 498b 8728 | 0400 0049 | c787 2804 | 0000 0000 | 0000 49c7 | 8730 0400 
  0x00000216b713e380: 0000 0000 | 0048 81c4 | b000 0000 

  0x00000216b713e38c: ;   {runtime_call unwind_exception Runtime1 stub}
  0x00000216b713e38c: 5de9 eeb4 | 3c07 f4f4 | f4f4 f4f4 
[Stub Code]
  0x00000216b713e398: ;   {no_reloc}
  0x00000216b713e398: 0f1f 4400 

  0x00000216b713e39c: ;   {static_stub}
  0x00000216b713e39c: 0048 bb00 | 0000 0000 

  0x00000216b713e3a4: ;   {runtime_call}
  0x00000216b713e3a4: 0000 00e9 | fbff ffff 
[Exception Handler]
  0x00000216b713e3ac: ;   {runtime_call handle_exception_from_callee Runtime1 stub}
  0x00000216b713e3ac: e8cf e13c 

  0x00000216b713e3b0: ;   {external_word}
  0x00000216b713e3b0: 0748 b9b0 | 3316 16f8 | 7f00 0048 

  0x00000216b713e3bc: ;   {runtime_call}
  0x00000216b713e3bc: 83e4 f048 | b860 1de2 | 15f8 7f00 | 00ff d0f4 
[Deopt Handler Code]
  0x00000216b713e3cc: ;   {section_word}
  0x00000216b713e3cc: 49ba cce3 | 13b7 1602 | 0000 4152 

  0x00000216b713e3d8: ;   {runtime_call DeoptimizationBlob}
  0x00000216b713e3d8: e943 bc30 

  0x00000216b713e3dc: ;   {static_stub}
  0x00000216b713e3dc: 0748 bb00 | 0000 0000 

  0x00000216b713e3e4: ;   {runtime_call}
  0x00000216b713e3e4: 0000 00e9 | fbff ffff 

  0x00000216b713e3ec: ;   {static_stub}
  0x00000216b713e3ec: 48bb 0000 | 0000 0000 

  0x00000216b713e3f4: ;   {runtime_call}
  0x00000216b713e3f4: 0000 e9fb 

  0x00000216b713e3f8: ;   {static_stub}
  0x00000216b713e3f8: ffff ff48 | bb00 0000 | 0000 0000 

  0x00000216b713e404: ;   {runtime_call}
  0x00000216b713e404: 00e9 fbff | ffff f4f4 | f4f4 f4f4 
[/MachCode]


Compiled method (c1)   20205  903       3       java.security.SecureClassLoader::defineClass (16 bytes)
 total in heap  [0x00000216b713cf90,0x00000216b713d360] = 976
 relocation     [0x00000216b713d0d8,0x00000216b713d120] = 72
 main code      [0x00000216b713d120,0x00000216b713d268] = 328
 stub code      [0x00000216b713d268,0x00000216b713d2b8] = 80
 metadata       [0x00000216b713d2b8,0x00000216b713d2c0] = 8
 scopes data    [0x00000216b713d2c0,0x00000216b713d308] = 72
 scopes pcs     [0x00000216b713d308,0x00000216b713d358] = 80
 dependencies   [0x00000216b713d358,0x00000216b713d360] = 8

[Constant Pool (empty)]

[MachCode]
[Entry Point]
  # {method} {0x00000216cec4dc48} 'defineClass' '(Ljava/lang/String;[BIILjava/security/CodeSource;)Ljava/lang/Class;' in 'java/security/SecureClassLoader'
  # this:     rdx:rdx   = 'java/security/SecureClassLoader'
  # parm0:    r8:r8     = 'java/lang/String'
  # parm1:    r9:r9     = '[B'
  # parm2:    rdi       = int
  # parm3:    rsi       = int
  # parm4:    rcx:rcx   = 'java/security/CodeSource'
  #           [sp+0x80]  (sp of caller)
  0x00000216b713d120: 448b 5208 | 49bb 0000 | c0ce 1602 | 0000 4d03 | d34c 3bd0 

  0x00000216b713d134: ;   {runtime_call ic_miss_stub}
  0x00000216b713d134: 0f85 c66c | 3007 660f | 1f44 0000 
[Verified Entry Point]
  0x00000216b713d140: 8984 2400 | 80ff ff55 | 4883 ec70 | 4181 7f20 | 0100 0000 

  0x00000216b713d154: ;   {runtime_call StubRoutines (2)}
  0x00000216b713d154: 7405 e885 

  0x00000216b713d158: ;   {metadata(method data for {method} {0x00000216cec4dc48} 'defineClass' '(Ljava/lang/String;[BIILjava/security/CodeSource;)Ljava/lang/Class;' in 'java/security/SecureClassLoader')}
  0x00000216b713d158: b52e 0748 | bb50 6fd3 | 0f17 0200 | 008b 83cc | 0000 0083 | c002 8983 | cc00 0000 | 25fe 0700 
  0x00000216b713d178: 0083 f800 | 0f84 8500 | 0000 8974 | 245c 897c | 2458 4c89 | 4c24 504c | 8944 2448 

  0x00000216b713d194: ;   {metadata(method data for {method} {0x00000216cec4dc48} 'defineClass' '(Ljava/lang/String;[BIILjava/security/CodeSource;)Ljava/lang/Class;' in 'java/security/SecureClassLoader')}
  0x00000216b713d194: 488b da48 | b850 6fd3 | 0f17 0200 | 0048 8380 | 1001 0000 | 014c 8bc1 | 488b c248 | 8bd0 4889 
  0x00000216b713d1b4: ;   {optimized virtual_call}
  0x00000216b713d1b4: 4424 40e8 

  0x00000216b713d1b8: ; ImmutableOopMap {[64]=Oop [72]=Oop [80]=Oop }
                      ;*invokevirtual getProtectionDomain {reexecute=0 rethrow=0 return_oop=0}
                      ; - java.security.SecureClassLoader::defineClass@9 (line 150)
  0x00000216b713d1b8: 64ad fbff | 488b 5424 

  0x00000216b713d1c0: ;   {metadata(method data for {method} {0x00000216cec4dc48} 'defineClass' '(Ljava/lang/String;[BIILjava/security/CodeSource;)Ljava/lang/Class;' in 'java/security/SecureClassLoader')}
  0x00000216b713d1c0: 4049 b850 | 6fd3 0f17 | 0200 0049 | 8380 4801 | 0000 014c | 8b44 2448 | 4c8b 4c24 | 508b 7c24 
  0x00000216b713d1e0: 588b 7424 | 5c48 8bc8 | 488b 5424 

  0x00000216b713d1ec: ;   {optimized virtual_call}
  0x00000216b713d1ec: 4066 90e8 

  0x00000216b713d1f0: ; ImmutableOopMap {}
                      ;*invokevirtual defineClass {reexecute=0 rethrow=0 return_oop=0}
                      ; - java.security.SecureClassLoader::defineClass@12 (line 150)
  0x00000216b713d1f0: 2c0d 0000 | 4883 c470 

  0x00000216b713d1f8: ;   {poll_return}
  0x00000216b713d1f8: 5d49 3ba7 | 7803 0000 | 0f87 2200 

  0x00000216b713d204: ;   {metadata({method} {0x00000216cec4dc48} 'defineClass' '(Ljava/lang/String;[BIILjava/security/CodeSource;)Ljava/lang/Class;' in 'java/security/SecureClassLoader')}
  0x00000216b713d204: 0000 c349 | ba40 dcc4 | ce16 0200 | 004c 8954 | 2408 48c7 | 0424 ffff 

  0x00000216b713d21c: ;   {runtime_call counter_overflow Runtime1 stub}
  0x00000216b713d21c: ffff e85d 

  0x00000216b713d220: ; ImmutableOopMap {rdx=Oop r8=Oop r9=Oop rcx=Oop }
                      ;*synchronization entry
                      ; - java.security.SecureClassLoader::defineClass@-1 (line 150)
  0x00000216b713d220: 263d 07e9 | 5aff ffff 

  0x00000216b713d228: ;   {internal_word}
  0x00000216b713d228: 49ba f9d1 | 13b7 1602 | 0000 4d89 | 9790 0300 

  0x00000216b713d238: ;   {runtime_call SafepointBlob}
  0x00000216b713d238: 00e9 42db | 3007 498b | 8728 0400 | 0049 c787 | 2804 0000 | 0000 0000 | 49c7 8730 | 0400 0000 
  0x00000216b713d258: 0000 0048 | 83c4 705d 

  0x00000216b713d260: ;   {runtime_call unwind_exception Runtime1 stub}
  0x00000216b713d260: e91b c63c | 07f4 f4f4 
[Exception Handler]
  0x00000216b713d268: ;   {no_reloc}
  0x00000216b713d268: e813 f33c 

  0x00000216b713d26c: ;   {external_word}
  0x00000216b713d26c: 0748 b9b0 | 3316 16f8 | 7f00 0048 

  0x00000216b713d278: ;   {runtime_call}
  0x00000216b713d278: 83e4 f048 | b860 1de2 | 15f8 7f00 | 00ff d0f4 
[Deopt Handler Code]
  0x00000216b713d288: ;   {section_word}
  0x00000216b713d288: 49ba 88d2 | 13b7 1602 | 0000 4152 

  0x00000216b713d294: ;   {runtime_call DeoptimizationBlob}
  0x00000216b713d294: e987 cd30 

  0x00000216b713d298: ;   {static_stub}
  0x00000216b713d298: 0748 bb00 | 0000 0000 

  0x00000216b713d2a0: ;   {runtime_call}
  0x00000216b713d2a0: 0000 00e9 | fbff ffff 

  0x00000216b713d2a8: ;   {static_stub}
  0x00000216b713d2a8: 48bb c890 | 03cf 1602 

  0x00000216b713d2b0: ;   {runtime_call I2C/C2I adapters}
  0x00000216b713d2b0: 0000 e92e | 962f 07f4 
[/MachCode]


---------------  P R O C E S S  ---------------

Threads class SMR info:
_java_thread_list=0x000002171439fed0, length=14, elements={
0x00000216aeeb1110, 0x00000216ceb8b8f0, 0x00000216ceb8c690, 0x00000216ceb8f630,
0x00000216ceb90f80, 0x00000216ceb918c0, 0x00000216ceb933b0, 0x00000216ceb941c0,
0x0000021713d38010, 0x0000021713ed7290, 0x0000021713ee3c60, 0x0000021713e71af0,
0x0000021713e04410, 0x000002171444a030
}

Java Threads: ( => current thread )
=>0x00000216aeeb1110 JavaThread "main" [_thread_in_vm, id=33588, stack(0x000000ad4a700000,0x000000ad4a800000)]
  0x00000216ceb8b8f0 JavaThread "Reference Handler" daemon [_thread_blocked, id=34048, stack(0x000000ad4ae00000,0x000000ad4af00000)]
  0x00000216ceb8c690 JavaThread "Finalizer" daemon [_thread_blocked, id=34052, stack(0x000000ad4af00000,0x000000ad4b000000)]
  0x00000216ceb8f630 JavaThread "Signal Dispatcher" daemon [_thread_blocked, id=34056, stack(0x000000ad4b000000,0x000000ad4b100000)]
  0x00000216ceb90f80 JavaThread "Attach Listener" daemon [_thread_blocked, id=34060, stack(0x000000ad4b100000,0x000000ad4b200000)]
  0x00000216ceb918c0 JavaThread "Service Thread" daemon [_thread_blocked, id=34064, stack(0x000000ad4b200000,0x000000ad4b300000)]
  0x00000216ceb933b0 JavaThread "Monitor Deflation Thread" daemon [_thread_blocked, id=34068, stack(0x000000ad4b300000,0x000000ad4b400000)]
  0x00000216ceb941c0 JavaThread "C2 CompilerThread0" daemon [_thread_blocked, id=34072, stack(0x000000ad4b400000,0x000000ad4b500000)]
  0x0000021713d38010 JavaThread "C1 CompilerThread0" daemon [_thread_blocked, id=34164, stack(0x000000ad4b500000,0x000000ad4b600000)]
  0x0000021713ed7290 JavaThread "Notification Thread" daemon [_thread_blocked, id=34264, stack(0x000000ad4b900000,0x000000ad4ba00000)]
  0x0000021713ee3c60 JavaThread "Common-Cleaner" daemon [_thread_blocked, id=34272, stack(0x000000ad4bb00000,0x000000ad4bc00000)]
  0x0000021713e71af0 JavaThread "C1 CompilerThread1" daemon [_thread_blocked, id=44436, stack(0x000000ad4b600000,0x000000ad4b700000)]
  0x0000021713e04410 JavaThread "C1 CompilerThread2" daemon [_thread_blocked, id=44500, stack(0x000000ad4b700000,0x000000ad4b800000)]
  0x000002171444a030 JavaThread "C1 CompilerThread3" daemon [_thread_blocked, id=26960, stack(0x000000ad4b800000,0x000000ad4b900000)]

Other Threads:
  0x00000216ceb6cf40 VMThread "VM Thread" [stack: 0x000000ad4ad00000,0x000000ad4ae00000] [id=33868]
  0x0000021713edb7f0 WatcherThread "VM Periodic Task Thread" [stack: 0x000000ad4ba00000,0x000000ad4bb00000] [id=34268]
  0x00000216aef1ca50 WorkerThread "GC Thread#0" [stack: 0x000000ad4a800000,0x000000ad4a900000] [id=33084]
  0x0000021713ea7190 WorkerThread "GC Thread#1" [stack: 0x000000ad4c100000,0x000000ad4c200000] [id=26732]
  0x0000021713ea7460 WorkerThread "GC Thread#2" [stack: 0x000000ad4c200000,0x000000ad4c300000] [id=33344]
  0x0000021713ea6bf0 WorkerThread "GC Thread#3" [stack: 0x000000ad4c300000,0x000000ad4c400000] [id=27244]
  0x0000021713ea7cd0 WorkerThread "GC Thread#4" [stack: 0x000000ad4c400000,0x000000ad4c500000] [id=25840]
  0x0000021713ea8270 WorkerThread "GC Thread#5" [stack: 0x000000ad4c500000,0x000000ad4c600000] [id=30256]
  0x0000021713ea8540 WorkerThread "GC Thread#6" [stack: 0x000000ad4c600000,0x000000ad4c700000] [id=30260]
  0x0000021713ea7730 WorkerThread "GC Thread#7" [stack: 0x000000ad4c700000,0x000000ad4c800000] [id=30264]
  0x00000216aef2dd70 ConcurrentGCThread "G1 Main Marker" [stack: 0x000000ad4a900000,0x000000ad4aa00000] [id=33080]
  0x00000216aef306b0 WorkerThread "G1 Conc#0" [stack: 0x000000ad4aa00000,0x000000ad4ab00000] [id=23804]
  0x00000216aef7e7d0 ConcurrentGCThread "G1 Refine#0" [stack: 0x000000ad4ab00000,0x000000ad4ac00000] [id=28056]
  0x00000216cea29950 ConcurrentGCThread "G1 Service" [stack: 0x000000ad4ac00000,0x000000ad4ad00000] [id=28692]

Threads with active compile tasks:

VM state: not at safepoint (normal execution)

VM Mutex/Monitor currently owned by a thread:  ([mutex/lock_event])
[0x00000216aee9d190] Metaspace_lock - owner thread: 0x00000216aeeb1110

Heap address: 0x000000070c000000, size: 3904 MB, Compressed Oops mode: Zero based, Oop shift amount: 3

CDS archive(s) mapped at: [0x00000216cec00000-0x00000216cf860000-0x00000216cf860000), size 12976128, SharedBaseAddress: 0x00000216cec00000, ArchiveRelocationMode: 1.
Compressed class space mapped at: 0x00000216cfc00000-0x000002170fc00000, reserved size: 1073741824
Narrow klass base: 0x00000216cec00000, Narrow klass shift: 0, Narrow klass range: 0x100000000

GC Precious Log:
 CardTable entry size: 512
 Card Set container configuration: InlinePtr #cards 4 size 8 Array Of Cards #cards 16 size 48 Howl #buckets 8 coarsen threshold 3686 Howl Bitmap #cards 512 size 80 coarsen threshold 460 Card regions per heap region 1 cards per card region 4096
 CPUs: 16 total, 16 available
 Memory: 15612M
 Large Page Support: Disabled
 NUMA Support: Disabled
 Compressed Oops: Enabled (Zero based)
 Heap Region Size: 2M
 Heap Min Capacity: 8M
 Heap Initial Capacity: 244M
 Heap Max Capacity: 3904M
 Pre-touch: Disabled
 Parallel Workers: 13
 Concurrent Workers: 3
 Concurrent Refinement Workers: 13
 Periodic GC: Disabled

Heap:
 garbage-first heap   total 249856K, used 18214K [0x000000070c000000, 0x0000000800000000)
  region size 2048K, 10 young (20480K), 2 survivors (4096K)
 Metaspace       used 6408K, committed 6592K, reserved 1114112K
  class space    used 733K, committed 832K, reserved 1048576K

Heap Regions: E=young(eden), S=young(survivor), O=old, HS=humongous(starts), HC=humongous(continues), CS=collection set, F=free, OA=open archive, CA=closed archive, TAMS=top-at-mark-start, PB=parsable bottom
|   0|0x000000070c000000, 0x000000070c000000, 0x000000070c200000|  0%| F|  |TAMS 0x000000070c000000| PB 0x000000070c000000| Untracked 
|   1|0x000000070c200000, 0x000000070c200000, 0x000000070c400000|  0%| F|  |TAMS 0x000000070c200000| PB 0x000000070c200000| Untracked 
|   2|0x000000070c400000, 0x000000070c400000, 0x000000070c600000|  0%| F|  |TAMS 0x000000070c400000| PB 0x000000070c400000| Untracked 
|   3|0x000000070c600000, 0x000000070c600000, 0x000000070c800000|  0%| F|  |TAMS 0x000000070c600000| PB 0x000000070c600000| Untracked 
|   4|0x000000070c800000, 0x000000070c800000, 0x000000070ca00000|  0%| F|  |TAMS 0x000000070c800000| PB 0x000000070c800000| Untracked 
|   5|0x000000070ca00000, 0x000000070ca00000, 0x000000070cc00000|  0%| F|  |TAMS 0x000000070ca00000| PB 0x000000070ca00000| Untracked 
|   6|0x000000070cc00000, 0x000000070cc00000, 0x000000070ce00000|  0%| F|  |TAMS 0x000000070cc00000| PB 0x000000070cc00000| Untracked 
|   7|0x000000070ce00000, 0x000000070ce00000, 0x000000070d000000|  0%| F|  |TAMS 0x000000070ce00000| PB 0x000000070ce00000| Untracked 
|   8|0x000000070d000000, 0x000000070d000000, 0x000000070d200000|  0%| F|  |TAMS 0x000000070d000000| PB 0x000000070d000000| Untracked 
|   9|0x000000070d200000, 0x000000070d200000, 0x000000070d400000|  0%| F|  |TAMS 0x000000070d200000| PB 0x000000070d200000| Untracked 
|  10|0x000000070d400000, 0x000000070d400000, 0x000000070d600000|  0%| F|  |TAMS 0x000000070d400000| PB 0x000000070d400000| Untracked 
|  11|0x000000070d600000, 0x000000070d600000, 0x000000070d800000|  0%| F|  |TAMS 0x000000070d600000| PB 0x000000070d600000| Untracked 
|  12|0x000000070d800000, 0x000000070d800000, 0x000000070da00000|  0%| F|  |TAMS 0x000000070d800000| PB 0x000000070d800000| Untracked 
|  13|0x000000070da00000, 0x000000070da00000, 0x000000070dc00000|  0%| F|  |TAMS 0x000000070da00000| PB 0x000000070da00000| Untracked 
|  14|0x000000070dc00000, 0x000000070dc00000, 0x000000070de00000|  0%| F|  |TAMS 0x000000070dc00000| PB 0x000000070dc00000| Untracked 
|  15|0x000000070de00000, 0x000000070de00000, 0x000000070e000000|  0%| F|  |TAMS 0x000000070de00000| PB 0x000000070de00000| Untracked 
|  16|0x000000070e000000, 0x000000070e000000, 0x000000070e200000|  0%| F|  |TAMS 0x000000070e000000| PB 0x000000070e000000| Untracked 
|  17|0x000000070e200000, 0x000000070e200000, 0x000000070e400000|  0%| F|  |TAMS 0x000000070e200000| PB 0x000000070e200000| Untracked 
|  18|0x000000070e400000, 0x000000070e400000, 0x000000070e600000|  0%| F|  |TAMS 0x000000070e400000| PB 0x000000070e400000| Untracked 
|  19|0x000000070e600000, 0x000000070e600000, 0x000000070e800000|  0%| F|  |TAMS 0x000000070e600000| PB 0x000000070e600000| Untracked 
|  20|0x000000070e800000, 0x000000070e800000, 0x000000070ea00000|  0%| F|  |TAMS 0x000000070e800000| PB 0x000000070e800000| Untracked 
|  21|0x000000070ea00000, 0x000000070ea00000, 0x000000070ec00000|  0%| F|  |TAMS 0x000000070ea00000| PB 0x000000070ea00000| Untracked 
|  22|0x000000070ec00000, 0x000000070ec00000, 0x000000070ee00000|  0%| F|  |TAMS 0x000000070ec00000| PB 0x000000070ec00000| Untracked 
|  23|0x000000070ee00000, 0x000000070ee00000, 0x000000070f000000|  0%| F|  |TAMS 0x000000070ee00000| PB 0x000000070ee00000| Untracked 
|  24|0x000000070f000000, 0x000000070f000000, 0x000000070f200000|  0%| F|  |TAMS 0x000000070f000000| PB 0x000000070f000000| Untracked 
|  25|0x000000070f200000, 0x000000070f200000, 0x000000070f400000|  0%| F|  |TAMS 0x000000070f200000| PB 0x000000070f200000| Untracked 
|  26|0x000000070f400000, 0x000000070f400000, 0x000000070f600000|  0%| F|  |TAMS 0x000000070f400000| PB 0x000000070f400000| Untracked 
|  27|0x000000070f600000, 0x000000070f600000, 0x000000070f800000|  0%| F|  |TAMS 0x000000070f600000| PB 0x000000070f600000| Untracked 
|  28|0x000000070f800000, 0x000000070f800000, 0x000000070fa00000|  0%| F|  |TAMS 0x000000070f800000| PB 0x000000070f800000| Untracked 
|  29|0x000000070fa00000, 0x000000070fa00000, 0x000000070fc00000|  0%| F|  |TAMS 0x000000070fa00000| PB 0x000000070fa00000| Untracked 
|  30|0x000000070fc00000, 0x000000070fc00000, 0x000000070fe00000|  0%| F|  |TAMS 0x000000070fc00000| PB 0x000000070fc00000| Untracked 
|  31|0x000000070fe00000, 0x000000070fe00000, 0x0000000710000000|  0%| F|  |TAMS 0x000000070fe00000| PB 0x000000070fe00000| Untracked 
|  32|0x0000000710000000, 0x0000000710000000, 0x0000000710200000|  0%| F|  |TAMS 0x0000000710000000| PB 0x0000000710000000| Untracked 
|  33|0x0000000710200000, 0x0000000710200000, 0x0000000710400000|  0%| F|  |TAMS 0x0000000710200000| PB 0x0000000710200000| Untracked 
|  34|0x0000000710400000, 0x0000000710400000, 0x0000000710600000|  0%| F|  |TAMS 0x0000000710400000| PB 0x0000000710400000| Untracked 
|  35|0x0000000710600000, 0x0000000710600000, 0x0000000710800000|  0%| F|  |TAMS 0x0000000710600000| PB 0x0000000710600000| Untracked 
|  36|0x0000000710800000, 0x0000000710800000, 0x0000000710a00000|  0%| F|  |TAMS 0x0000000710800000| PB 0x0000000710800000| Untracked 
|  37|0x0000000710a00000, 0x0000000710a00000, 0x0000000710c00000|  0%| F|  |TAMS 0x0000000710a00000| PB 0x0000000710a00000| Untracked 
|  38|0x0000000710c00000, 0x0000000710c00000, 0x0000000710e00000|  0%| F|  |TAMS 0x0000000710c00000| PB 0x0000000710c00000| Untracked 
|  39|0x0000000710e00000, 0x0000000710e00000, 0x0000000711000000|  0%| F|  |TAMS 0x0000000710e00000| PB 0x0000000710e00000| Untracked 
|  40|0x0000000711000000, 0x0000000711000000, 0x0000000711200000|  0%| F|  |TAMS 0x0000000711000000| PB 0x0000000711000000| Untracked 
|  41|0x0000000711200000, 0x0000000711200000, 0x0000000711400000|  0%| F|  |TAMS 0x0000000711200000| PB 0x0000000711200000| Untracked 
|  42|0x0000000711400000, 0x0000000711400000, 0x0000000711600000|  0%| F|  |TAMS 0x0000000711400000| PB 0x0000000711400000| Untracked 
|  43|0x0000000711600000, 0x0000000711600000, 0x0000000711800000|  0%| F|  |TAMS 0x0000000711600000| PB 0x0000000711600000| Untracked 
|  44|0x0000000711800000, 0x0000000711800000, 0x0000000711a00000|  0%| F|  |TAMS 0x0000000711800000| PB 0x0000000711800000| Untracked 
|  45|0x0000000711a00000, 0x0000000711a00000, 0x0000000711c00000|  0%| F|  |TAMS 0x0000000711a00000| PB 0x0000000711a00000| Untracked 
|  46|0x0000000711c00000, 0x0000000711c00000, 0x0000000711e00000|  0%| F|  |TAMS 0x0000000711c00000| PB 0x0000000711c00000| Untracked 
|  47|0x0000000711e00000, 0x0000000711e00000, 0x0000000712000000|  0%| F|  |TAMS 0x0000000711e00000| PB 0x0000000711e00000| Untracked 
|  48|0x0000000712000000, 0x0000000712000000, 0x0000000712200000|  0%| F|  |TAMS 0x0000000712000000| PB 0x0000000712000000| Untracked 
|  49|0x0000000712200000, 0x0000000712200000, 0x0000000712400000|  0%| F|  |TAMS 0x0000000712200000| PB 0x0000000712200000| Untracked 
|  50|0x0000000712400000, 0x0000000712400000, 0x0000000712600000|  0%| F|  |TAMS 0x0000000712400000| PB 0x0000000712400000| Untracked 
|  51|0x0000000712600000, 0x0000000712600000, 0x0000000712800000|  0%| F|  |TAMS 0x0000000712600000| PB 0x0000000712600000| Untracked 
|  52|0x0000000712800000, 0x0000000712800000, 0x0000000712a00000|  0%| F|  |TAMS 0x0000000712800000| PB 0x0000000712800000| Untracked 
|  53|0x0000000712a00000, 0x0000000712a00000, 0x0000000712c00000|  0%| F|  |TAMS 0x0000000712a00000| PB 0x0000000712a00000| Untracked 
|  54|0x0000000712c00000, 0x0000000712c00000, 0x0000000712e00000|  0%| F|  |TAMS 0x0000000712c00000| PB 0x0000000712c00000| Untracked 
|  55|0x0000000712e00000, 0x0000000712e00000, 0x0000000713000000|  0%| F|  |TAMS 0x0000000712e00000| PB 0x0000000712e00000| Untracked 
|  56|0x0000000713000000, 0x0000000713000000, 0x0000000713200000|  0%| F|  |TAMS 0x0000000713000000| PB 0x0000000713000000| Untracked 
|  57|0x0000000713200000, 0x0000000713200000, 0x0000000713400000|  0%| F|  |TAMS 0x0000000713200000| PB 0x0000000713200000| Untracked 
|  58|0x0000000713400000, 0x0000000713400000, 0x0000000713600000|  0%| F|  |TAMS 0x0000000713400000| PB 0x0000000713400000| Untracked 
|  59|0x0000000713600000, 0x0000000713600000, 0x0000000713800000|  0%| F|  |TAMS 0x0000000713600000| PB 0x0000000713600000| Untracked 
|  60|0x0000000713800000, 0x0000000713800000, 0x0000000713a00000|  0%| F|  |TAMS 0x0000000713800000| PB 0x0000000713800000| Untracked 
|  61|0x0000000713a00000, 0x0000000713a00000, 0x0000000713c00000|  0%| F|  |TAMS 0x0000000713a00000| PB 0x0000000713a00000| Untracked 
|  62|0x0000000713c00000, 0x0000000713c00000, 0x0000000713e00000|  0%| F|  |TAMS 0x0000000713c00000| PB 0x0000000713c00000| Untracked 
|  63|0x0000000713e00000, 0x0000000713e00000, 0x0000000714000000|  0%| F|  |TAMS 0x0000000713e00000| PB 0x0000000713e00000| Untracked 
|  64|0x0000000714000000, 0x0000000714000000, 0x0000000714200000|  0%| F|  |TAMS 0x0000000714000000| PB 0x0000000714000000| Untracked 
|  65|0x0000000714200000, 0x0000000714200000, 0x0000000714400000|  0%| F|  |TAMS 0x0000000714200000| PB 0x0000000714200000| Untracked 
|  66|0x0000000714400000, 0x0000000714400000, 0x0000000714600000|  0%| F|  |TAMS 0x0000000714400000| PB 0x0000000714400000| Untracked 
|  67|0x0000000714600000, 0x0000000714600000, 0x0000000714800000|  0%| F|  |TAMS 0x0000000714600000| PB 0x0000000714600000| Untracked 
|  68|0x0000000714800000, 0x0000000714800000, 0x0000000714a00000|  0%| F|  |TAMS 0x0000000714800000| PB 0x0000000714800000| Untracked 
|  69|0x0000000714a00000, 0x0000000714a00000, 0x0000000714c00000|  0%| F|  |TAMS 0x0000000714a00000| PB 0x0000000714a00000| Untracked 
|  70|0x0000000714c00000, 0x0000000714c00000, 0x0000000714e00000|  0%| F|  |TAMS 0x0000000714c00000| PB 0x0000000714c00000| Untracked 
|  71|0x0000000714e00000, 0x0000000714e00000, 0x0000000715000000|  0%| F|  |TAMS 0x0000000714e00000| PB 0x0000000714e00000| Untracked 
|  72|0x0000000715000000, 0x0000000715000000, 0x0000000715200000|  0%| F|  |TAMS 0x0000000715000000| PB 0x0000000715000000| Untracked 
|  73|0x0000000715200000, 0x0000000715200000, 0x0000000715400000|  0%| F|  |TAMS 0x0000000715200000| PB 0x0000000715200000| Untracked 
|  74|0x0000000715400000, 0x0000000715400000, 0x0000000715600000|  0%| F|  |TAMS 0x0000000715400000| PB 0x0000000715400000| Untracked 
|  75|0x0000000715600000, 0x0000000715600000, 0x0000000715800000|  0%| F|  |TAMS 0x0000000715600000| PB 0x0000000715600000| Untracked 
|  76|0x0000000715800000, 0x0000000715800000, 0x0000000715a00000|  0%| F|  |TAMS 0x0000000715800000| PB 0x0000000715800000| Untracked 
|  77|0x0000000715a00000, 0x0000000715a00000, 0x0000000715c00000|  0%| F|  |TAMS 0x0000000715a00000| PB 0x0000000715a00000| Untracked 
|  78|0x0000000715c00000, 0x0000000715c00000, 0x0000000715e00000|  0%| F|  |TAMS 0x0000000715c00000| PB 0x0000000715c00000| Untracked 
|  79|0x0000000715e00000, 0x0000000715e00000, 0x0000000716000000|  0%| F|  |TAMS 0x0000000715e00000| PB 0x0000000715e00000| Untracked 
|  80|0x0000000716000000, 0x0000000716000000, 0x0000000716200000|  0%| F|  |TAMS 0x0000000716000000| PB 0x0000000716000000| Untracked 
|  81|0x0000000716200000, 0x0000000716200000, 0x0000000716400000|  0%| F|  |TAMS 0x0000000716200000| PB 0x0000000716200000| Untracked 
|  82|0x0000000716400000, 0x0000000716400000, 0x0000000716600000|  0%| F|  |TAMS 0x0000000716400000| PB 0x0000000716400000| Untracked 
|  83|0x0000000716600000, 0x0000000716600000, 0x0000000716800000|  0%| F|  |TAMS 0x0000000716600000| PB 0x0000000716600000| Untracked 
|  84|0x0000000716800000, 0x0000000716800000, 0x0000000716a00000|  0%| F|  |TAMS 0x0000000716800000| PB 0x0000000716800000| Untracked 
|  85|0x0000000716a00000, 0x0000000716a00000, 0x0000000716c00000|  0%| F|  |TAMS 0x0000000716a00000| PB 0x0000000716a00000| Untracked 
|  86|0x0000000716c00000, 0x0000000716c00000, 0x0000000716e00000|  0%| F|  |TAMS 0x0000000716c00000| PB 0x0000000716c00000| Untracked 
|  87|0x0000000716e00000, 0x0000000716e00000, 0x0000000717000000|  0%| F|  |TAMS 0x0000000716e00000| PB 0x0000000716e00000| Untracked 
|  88|0x0000000717000000, 0x0000000717000000, 0x0000000717200000|  0%| F|  |TAMS 0x0000000717000000| PB 0x0000000717000000| Untracked 
|  89|0x0000000717200000, 0x0000000717200000, 0x0000000717400000|  0%| F|  |TAMS 0x0000000717200000| PB 0x0000000717200000| Untracked 
|  90|0x0000000717400000, 0x0000000717400000, 0x0000000717600000|  0%| F|  |TAMS 0x0000000717400000| PB 0x0000000717400000| Untracked 
|  91|0x0000000717600000, 0x0000000717600000, 0x0000000717800000|  0%| F|  |TAMS 0x0000000717600000| PB 0x0000000717600000| Untracked 
|  92|0x0000000717800000, 0x0000000717800000, 0x0000000717a00000|  0%| F|  |TAMS 0x0000000717800000| PB 0x0000000717800000| Untracked 
|  93|0x0000000717a00000, 0x0000000717a00000, 0x0000000717c00000|  0%| F|  |TAMS 0x0000000717a00000| PB 0x0000000717a00000| Untracked 
|  94|0x0000000717c00000, 0x0000000717c00000, 0x0000000717e00000|  0%| F|  |TAMS 0x0000000717c00000| PB 0x0000000717c00000| Untracked 
|  95|0x0000000717e00000, 0x0000000717e00000, 0x0000000718000000|  0%| F|  |TAMS 0x0000000717e00000| PB 0x0000000717e00000| Untracked 
|  96|0x0000000718000000, 0x0000000718000000, 0x0000000718200000|  0%| F|  |TAMS 0x0000000718000000| PB 0x0000000718000000| Untracked 
|  97|0x0000000718200000, 0x0000000718200000, 0x0000000718400000|  0%| F|  |TAMS 0x0000000718200000| PB 0x0000000718200000| Untracked 
|  98|0x0000000718400000, 0x0000000718400000, 0x0000000718600000|  0%| F|  |TAMS 0x0000000718400000| PB 0x0000000718400000| Untracked 
|  99|0x0000000718600000, 0x0000000718600000, 0x0000000718800000|  0%| F|  |TAMS 0x0000000718600000| PB 0x0000000718600000| Untracked 
| 100|0x0000000718800000, 0x0000000718800000, 0x0000000718a00000|  0%| F|  |TAMS 0x0000000718800000| PB 0x0000000718800000| Untracked 
| 101|0x0000000718a00000, 0x0000000718a00000, 0x0000000718c00000|  0%| F|  |TAMS 0x0000000718a00000| PB 0x0000000718a00000| Untracked 
| 102|0x0000000718c00000, 0x0000000718c00000, 0x0000000718e00000|  0%| F|  |TAMS 0x0000000718c00000| PB 0x0000000718c00000| Untracked 
| 103|0x0000000718e00000, 0x0000000718e00000, 0x0000000719000000|  0%| F|  |TAMS 0x0000000718e00000| PB 0x0000000718e00000| Untracked 
| 104|0x0000000719000000, 0x0000000719000000, 0x0000000719200000|  0%| F|  |TAMS 0x0000000719000000| PB 0x0000000719000000| Untracked 
| 105|0x0000000719200000, 0x0000000719200000, 0x0000000719400000|  0%| F|  |TAMS 0x0000000719200000| PB 0x0000000719200000| Untracked 
| 106|0x0000000719400000, 0x0000000719400000, 0x0000000719600000|  0%| F|  |TAMS 0x0000000719400000| PB 0x0000000719400000| Untracked 
| 107|0x0000000719600000, 0x0000000719600000, 0x0000000719800000|  0%| F|  |TAMS 0x0000000719600000| PB 0x0000000719600000| Untracked 
| 108|0x0000000719800000, 0x0000000719800000, 0x0000000719a00000|  0%| F|  |TAMS 0x0000000719800000| PB 0x0000000719800000| Untracked 
| 109|0x0000000719a00000, 0x0000000719bc9930, 0x0000000719c00000| 89%| S|CS|TAMS 0x0000000719a00000| PB 0x0000000719a00000| Complete 
| 110|0x0000000719c00000, 0x0000000719e00000, 0x0000000719e00000|100%| S|CS|TAMS 0x0000000719c00000| PB 0x0000000719c00000| Complete 
| 111|0x0000000719e00000, 0x0000000719e00000, 0x000000071a000000|  0%| F|  |TAMS 0x0000000719e00000| PB 0x0000000719e00000| Untracked 
| 112|0x000000071a000000, 0x000000071a000000, 0x000000071a200000|  0%| F|  |TAMS 0x000000071a000000| PB 0x000000071a000000| Untracked 
| 113|0x000000071a200000, 0x000000071a200000, 0x000000071a400000|  0%| F|  |TAMS 0x000000071a200000| PB 0x000000071a200000| Untracked 
| 114|0x000000071a400000, 0x000000071a4596c8, 0x000000071a600000| 17%| E|  |TAMS 0x000000071a400000| PB 0x000000071a400000| Complete 
| 115|0x000000071a600000, 0x000000071a800000, 0x000000071a800000|100%| E|CS|TAMS 0x000000071a600000| PB 0x000000071a600000| Complete 
| 116|0x000000071a800000, 0x000000071aa00000, 0x000000071aa00000|100%| E|CS|TAMS 0x000000071a800000| PB 0x000000071a800000| Complete 
| 117|0x000000071aa00000, 0x000000071ac00000, 0x000000071ac00000|100%| E|CS|TAMS 0x000000071aa00000| PB 0x000000071aa00000| Complete 
| 118|0x000000071ac00000, 0x000000071ae00000, 0x000000071ae00000|100%| E|CS|TAMS 0x000000071ac00000| PB 0x000000071ac00000| Complete 
| 119|0x000000071ae00000, 0x000000071b000000, 0x000000071b000000|100%| E|CS|TAMS 0x000000071ae00000| PB 0x000000071ae00000| Complete 
| 120|0x000000071b000000, 0x000000071b200000, 0x000000071b200000|100%| E|CS|TAMS 0x000000071b000000| PB 0x000000071b000000| Complete 
| 121|0x000000071b200000, 0x000000071b400000, 0x000000071b400000|100%| E|CS|TAMS 0x000000071b200000| PB 0x000000071b200000| Complete 

Card table byte_map: [0x00000216c6fb0000,0x00000216c7750000] _byte_map_base: 0x00000216c3750000

Marking Bits: (CMBitMap*) 0x00000216aef1d080
 Bits: [0x00000216c7ef0000, 0x00000216cbbf0000)

Polling page: 0x00000216acde0000

Metaspace:

Usage:
  Non-class:      5.54 MB used.
      Class:    733.86 KB used.
       Both:      6.26 MB used.

Virtual space:
  Non-class space:       64.00 MB reserved,       5.62 MB (  9%) committed,  1 nodes.
      Class space:        1.00 GB reserved,     832.00 KB ( <1%) committed,  1 nodes.
             Both:        1.06 GB reserved,       6.44 MB ( <1%) committed. 

Chunk freelists:
   Non-Class:  432.00 KB
       Class:  3.17 MB
        Both:  3.59 MB

MaxMetaspaceSize: unlimited
CompressedClassSpaceSize: 1.00 GB
Initial GC threshold: 21.00 MB
Current GC threshold: 21.00 MB
CDS: on
MetaspaceReclaimPolicy: balanced
 - commit_granule_bytes: 65536.
 - commit_granule_words: 8192.
 - virtual_space_node_default_size: 8388608.
 - enlarge_chunks_in_place: 1.
 - new_chunks_are_fully_committed: 0.
 - uncommit_free_chunks: 1.
 - use_allocation_guard: 0.


Internal statistics:

num_allocs_failed_limit: 0.
num_arena_births: 52.
num_arena_deaths: 0.
num_vsnodes_births: 2.
num_vsnodes_deaths: 0.
num_space_committed: 103.
num_space_uncommitted: 0.
num_chunks_returned_to_freelist: 0.
num_chunks_taken_from_freelist: 236.
num_chunk_merges: 0.
num_chunk_splits: 163.
num_chunks_enlarged: 138.
num_inconsistent_stats: 0.

CodeHeap 'non-profiled nmethods': size=119168Kb used=612Kb max_used=612Kb free=118555Kb
 bounds [0x00000216beb30000, 0x00000216beda0000, 0x00000216c5f90000]
CodeHeap 'profiled nmethods': size=119104Kb used=2941Kb max_used=2941Kb free=116162Kb
 bounds [0x00000216b6f90000, 0x00000216b7270000, 0x00000216be3e0000]
CodeHeap 'non-nmethods': size=7488Kb used=3089Kb max_used=3217Kb free=4398Kb
 bounds [0x00000216be3e0000, 0x00000216be7e0000, 0x00000216beb30000]
 total_blobs=2011 nmethods=1562 adapters=357
 compilation: enabled
              stopped_count=0, restarted_count=0
 full_count=0

Compilation events (20 events):
Event: 19.938 Thread 0x0000021713e71af0 nmethod 1554 0x00000216b726a090 code [0x00000216b726a220, 0x00000216b726a410]
Event: 19.938 Thread 0x000002171444a030 nmethod 1553 0x00000216b726a510 code [0x00000216b726a6e0, 0x00000216b726aae0]
Event: 19.938 Thread 0x0000021713d38010 nmethod 1551 0x00000216b726ac10 code [0x00000216b726ae00, 0x00000216b726b400]
Event: 19.939 Thread 0x0000021713e04410 nmethod 1552 0x00000216b726b610 code [0x00000216b726b980, 0x00000216b726ce00]
Event: 19.939 Thread 0x00000216ceb941c0 1555 %     4       java.util.jar.JarFile::match @ 14 (132 bytes)
Event: 19.943 Thread 0x00000216ceb941c0 nmethod 1555% 0x00000216bebc5710 code [0x00000216bebc58a0, 0x00000216bebc5c80]
Event: 19.948 Thread 0x000002171444a030 1556       3       java.util.LinkedHashMap$LinkedKeyIterator::next (8 bytes)
Event: 19.949 Thread 0x000002171444a030 nmethod 1556 0x00000216b726d610 code [0x00000216b726d7a0, 0x00000216b726d8f8]
Event: 19.951 Thread 0x000002171444a030 1557       3       java.security.AccessController::doPrivileged (17 bytes)
Event: 19.951 Thread 0x000002171444a030 nmethod 1557 0x00000216b726da10 code [0x00000216b726dbe0, 0x00000216b726dfa0]
Event: 19.954 Thread 0x00000216ceb941c0 1558       4       java.util.jar.JarFile::match (132 bytes)
Event: 19.957 Thread 0x00000216ceb941c0 nmethod 1558 0x00000216bebc5f90 code [0x00000216bebc6100, 0x00000216bebc63f8]
Event: 19.959 Thread 0x0000021713e04410 1559       3       jdk.internal.reflect.ConstantPool::getUTF8At (10 bytes)
Event: 19.959 Thread 0x0000021713e04410 nmethod 1559 0x00000216b726e190 code [0x00000216b726e320, 0x00000216b726e460]
Event: 19.982 Thread 0x00000216ceb941c0 1561       4       jdk.internal.jimage.ImageLocation::verify (218 bytes)
Event: 20.006 Thread 0x00000216ceb941c0 nmethod 1561 0x00000216bebc6c90 code [0x00000216bebc6e80, 0x00000216bebc8088]
Event: 20.009 Thread 0x0000021713e71af0 1562       3       org.codehaus.plexus.classworlds.realm.ClassRealm::isImportedFromParent (65 bytes)
Event: 20.009 Thread 0x0000021713e71af0 nmethod 1562 0x00000216b726e510 code [0x00000216b726e720, 0x00000216b726ee68]
Event: 20.010 Thread 0x0000021713e04410 1563       3       java.lang.String::toLowerCase (29 bytes)
Event: 20.010 Thread 0x0000021713e04410 nmethod 1563 0x00000216b726f090 code [0x00000216b726f240, 0x00000216b726f508]

GC Heap History (2 events):
Event: 18.229 GC heap before
{Heap before GC invocations=0 (full 0):
 garbage-first heap   total 249856K, used 22528K [0x000000070c000000, 0x0000000800000000)
  region size 2048K, 11 young (22528K), 0 survivors (0K)
 Metaspace       used 5178K, committed 5312K, reserved 1114112K
  class space    used 596K, committed 640K, reserved 1048576K
}
Event: 18.668 GC heap after
{Heap after GC invocations=1 (full 0):
 garbage-first heap   total 249856K, used 3878K [0x000000070c000000, 0x0000000800000000)
  region size 2048K, 2 young (4096K), 2 survivors (4096K)
 Metaspace       used 5178K, committed 5312K, reserved 1114112K
  class space    used 596K, committed 640K, reserved 1048576K
}

Dll operation events (8 events):
Event: 0.290 Loaded shared library C:\Program Files\Java\jdk-20\bin\java.dll
Event: 0.620 Loaded shared library C:\Program Files\Java\jdk-20\bin\jsvml.dll
Event: 1.383 Loaded shared library C:\Program Files\Java\jdk-20\bin\net.dll
Event: 1.386 Loaded shared library C:\Program Files\Java\jdk-20\bin\nio.dll
Event: 1.389 Loaded shared library C:\Program Files\Java\jdk-20\bin\zip.dll
Event: 12.936 Loaded shared library C:\Program Files\Java\jdk-20\bin\jimage.dll
Event: 12.953 Loaded shared library C:\Program Files\NetBeans-18\netbeans\java\maven\lib\jansi-native\Windows\x86_64\jansi.dll
Event: 12.965 Loaded shared library C:\Program Files\Java\jdk-20\bin\verify.dll

Deoptimization events (20 events):
Event: 18.669 Thread 0x00000216aeeb1110 DEOPT UNPACKING pc=0x00000216be44a4c2 sp=0x000000ad4a7fd7d8 mode 0
Event: 18.669 Thread 0x00000216ceb8b8f0 DEOPT UNPACKING pc=0x00000216be449d22 sp=0x000000ad4aefed80 mode 2
Event: 18.669 Thread 0x00000216aeeb1110 Uncommon trap: trap_request=0xffffffde fr.pc=0x00000216beb609bc relative=0x000000000000065c
Event: 18.669 Thread 0x00000216aeeb1110 Uncommon trap: reason=class_check action=maybe_recompile pc=0x00000216beb609bc method=java.util.regex.Matcher.search(I)Z @ 121 c2
Event: 18.669 Thread 0x00000216aeeb1110 DEOPT PACKING pc=0x00000216beb609bc sp=0x000000ad4a7fe400
Event: 18.669 Thread 0x00000216aeeb1110 DEOPT UNPACKING pc=0x00000216be449d22 sp=0x000000ad4a7fe3d0 mode 2
Event: 18.935 Thread 0x00000216aeeb1110 Uncommon trap: trap_request=0xffffff45 fr.pc=0x00000216beba3b28 relative=0x00000000000009c8
Event: 18.935 Thread 0x00000216aeeb1110 Uncommon trap: reason=unstable_if action=reinterpret pc=0x00000216beba3b28 method=org.codehaus.plexus.util.xml.pull.MXParser.nextImpl()I @ 241 c2
Event: 18.935 Thread 0x00000216aeeb1110 DEOPT PACKING pc=0x00000216beba3b28 sp=0x000000ad4a7fe730
Event: 18.935 Thread 0x00000216aeeb1110 DEOPT UNPACKING pc=0x00000216be449d22 sp=0x000000ad4a7fe6c0 mode 2
Event: 18.942 Thread 0x00000216aeeb1110 Uncommon trap: trap_request=0xffffffde fr.pc=0x00000216beb609bc relative=0x000000000000065c
Event: 18.942 Thread 0x00000216aeeb1110 Uncommon trap: reason=class_check action=maybe_recompile pc=0x00000216beb609bc method=java.util.regex.Matcher.search(I)Z @ 121 c2
Event: 18.942 Thread 0x00000216aeeb1110 DEOPT PACKING pc=0x00000216beb609bc sp=0x000000ad4a7fe400
Event: 18.942 Thread 0x00000216aeeb1110 DEOPT UNPACKING pc=0x00000216be449d22 sp=0x000000ad4a7fe3d0 mode 2
Event: 19.834 Thread 0x00000216aeeb1110 Uncommon trap: trap_request=0xffffff45 fr.pc=0x00000216bebbaff4 relative=0x0000000000000654
Event: 19.834 Thread 0x00000216aeeb1110 Uncommon trap: reason=unstable_if action=reinterpret pc=0x00000216bebbaff4 method=java.lang.String.<init>([CIILjava/lang/Void;)V @ 5 c2
Event: 19.834 Thread 0x00000216aeeb1110 DEOPT PACKING pc=0x00000216bebbaff4 sp=0x000000ad4a7fe380
Event: 19.834 Thread 0x00000216aeeb1110 DEOPT UNPACKING pc=0x00000216be449d22 sp=0x000000ad4a7fe218 mode 2
Event: 19.954 Thread 0x00000216aeeb1110 DEOPT PACKING pc=0x00000216b72135a4 sp=0x000000ad4a7fe450
Event: 19.954 Thread 0x00000216aeeb1110 DEOPT UNPACKING pc=0x00000216be44a4c2 sp=0x000000ad4a7fd8c0 mode 0

Classes loaded (20 events):
Event: 18.071 Loading class sun/reflect/generics/tree/TypeVariableSignature
Event: 18.071 Loading class sun/reflect/generics/tree/TypeVariableSignature done
Event: 18.093 Loading class java/lang/annotation/IncompleteAnnotationException
Event: 18.093 Loading class java/lang/annotation/IncompleteAnnotationException done
Event: 18.132 Loading class java/lang/foreign/MemorySegment
Event: 18.132 Loading class java/lang/foreign/MemorySegment done
Event: 18.945 Loading class sun/reflect/generics/reflectiveObjects/TypeVariableImpl
Event: 18.945 Loading class sun/reflect/generics/reflectiveObjects/LazyReflectiveObjectGenerator
Event: 18.945 Loading class sun/reflect/generics/reflectiveObjects/LazyReflectiveObjectGenerator done
Event: 18.945 Loading class sun/reflect/generics/reflectiveObjects/TypeVariableImpl done
Event: 18.945 Loading class sun/reflect/generics/reflectiveObjects/ParameterizedTypeImpl
Event: 18.945 Loading class sun/reflect/generics/reflectiveObjects/ParameterizedTypeImpl done
Event: 18.947 Loading class sun/reflect/misc/ReflectUtil
Event: 18.947 Loading class sun/reflect/misc/ReflectUtil done
Event: 19.230 Loading class jdk/internal/foreign/MemorySessionImpl
Event: 19.230 Loading class java/lang/foreign/SegmentScope
Event: 19.230 Loading class java/lang/foreign/SegmentScope done
Event: 19.230 Loading class java/lang/foreign/SegmentAllocator
Event: 19.231 Loading class java/lang/foreign/SegmentAllocator done
Event: 19.231 Loading class jdk/internal/foreign/MemorySessionImpl done

Classes unloaded (0 events):
No events

Classes redefined (0 events):
No events

Internal exceptions (20 events):
Event: 12.805 Thread 0x00000216aeeb1110 Exception <a 'java/lang/NoSuchMethodError'{0x000000071af774a0}: 'java.lang.Object java.lang.invoke.Invokers$Holder.invokeExact_MT(java.lang.Object, java.lang.Object, java.lang.Object, java.lang.Object, java.lang.Object)'> (0x000000071af774a0) 
thrown [s\open\src\hotspot\share\interpreter\linkResolver.cpp, line 773]
Event: 12.823 Thread 0x00000216aeeb1110 Exception <a 'java/lang/NullPointerException'{0x000000071ac07640}> (0x000000071ac07640) 
thrown [s\open\src\hotspot\share\interpreter\linkResolver.cpp, line 1373]
Event: 12.955 Thread 0x00000216aeeb1110 Exception <a 'java/lang/NullPointerException'{0x000000071ac3f7a0}> (0x000000071ac3f7a0) 
thrown [s\open\src\hotspot\share\interpreter\linkResolver.cpp, line 1373]
Event: 12.955 Thread 0x00000216aeeb1110 Exception <a 'java/lang/NullPointerException'{0x000000071ac3fa80}> (0x000000071ac3fa80) 
thrown [s\open\src\hotspot\share\interpreter\linkResolver.cpp, line 1373]
Event: 12.955 Thread 0x00000216aeeb1110 Exception <a 'java/lang/NullPointerException'{0x000000071ac3fd60}> (0x000000071ac3fd60) 
thrown [s\open\src\hotspot\share\interpreter\linkResolver.cpp, line 1373]
Event: 12.955 Thread 0x00000216aeeb1110 Exception <a 'java/lang/NullPointerException'{0x000000071ac44b38}> (0x000000071ac44b38) 
thrown [s\open\src\hotspot\share\interpreter\linkResolver.cpp, line 1373]
Event: 12.958 Thread 0x00000216aeeb1110 Exception <a 'java/lang/NullPointerException'{0x000000071ac57558}> (0x000000071ac57558) 
thrown [s\open\src\hotspot\share\interpreter\linkResolver.cpp, line 1373]
Event: 12.958 Thread 0x00000216aeeb1110 Exception <a 'java/lang/NullPointerException'{0x000000071ac57838}> (0x000000071ac57838) 
thrown [s\open\src\hotspot\share\interpreter\linkResolver.cpp, line 1373]
Event: 12.958 Thread 0x00000216aeeb1110 Exception <a 'java/lang/NullPointerException'{0x000000071ac57b18}> (0x000000071ac57b18) 
thrown [s\open\src\hotspot\share\interpreter\linkResolver.cpp, line 1373]
Event: 12.958 Thread 0x00000216aeeb1110 Exception <a 'java/lang/NullPointerException'{0x000000071ac57df8}> (0x000000071ac57df8) 
thrown [s\open\src\hotspot\share\interpreter\linkResolver.cpp, line 1373]
Event: 14.620 Thread 0x00000216aeeb1110 Exception <a 'java/lang/NoSuchMethodError'{0x000000071aadc7e8}: 'java.lang.Object java.lang.invoke.DirectMethodHandle$Holder.invokeSpecialIFC(java.lang.Object, java.lang.Object, java.lang.Object, java.lang.Object)'> (0x000000071aadc7e8) 
thrown [s\open\src\hotspot\share\interpreter\linkResolver.cpp, line 773]
Event: 17.609 Thread 0x00000216aeeb1110 Exception <a 'java/lang/NoSuchMethodError'{0x000000071a51b0b8}: 'void java.lang.invoke.DirectMethodHandle$Holder.invokeSpecial(java.lang.Object, java.lang.Object, java.lang.Object)'> (0x000000071a51b0b8) 
thrown [s\open\src\hotspot\share\interpreter\linkResolver.cpp, line 773]
Event: 17.659 Thread 0x00000216aeeb1110 Exception <a 'java/lang/NoSuchMethodError'{0x000000071a23d4d0}: 'java.lang.Object java.lang.invoke.DirectMethodHandle$Holder.invokeInterface(java.lang.Object, java.lang.Object)'> (0x000000071a23d4d0) 
thrown [s\open\src\hotspot\share\interpreter\linkResolver.cpp, line 773]
Event: 17.661 Thread 0x00000216aeeb1110 Exception <a 'java/lang/NoSuchMethodError'{0x000000071a2465a0}: 'int java.lang.invoke.DirectMethodHandle$Holder.invokeSpecial(java.lang.Object, java.lang.Object, java.lang.Object)'> (0x000000071a2465a0) 
thrown [s\open\src\hotspot\share\interpreter\linkResolver.cpp, line 773]
Event: 17.786 Thread 0x00000216aeeb1110 Exception <a 'java/lang/NoSuchMethodError'{0x000000071a2ca7e0}: 'int java.lang.invoke.DirectMethodHandle$Holder.invokeStatic(java.lang.Object, java.lang.Object, java.lang.Object, java.lang.Object)'> (0x000000071a2ca7e0) 
thrown [s\open\src\hotspot\share\interpreter\linkResolver.cpp, line 773]
Event: 17.787 Thread 0x00000216aeeb1110 Exception <a 'java/lang/NoSuchMethodError'{0x000000071a2cde60}: 'java.lang.Object java.lang.invoke.Invokers$Holder.invokeExact_MT(java.lang.Object, java.lang.Object, java.lang.Object, java.lang.Object, java.lang.Object, java.lang.Object)'> (0x000000071a2cde60) 
thrown [s\open\src\hotspot\share\interpreter\linkResolver.cpp, line 773]
Event: 17.790 Thread 0x00000216aeeb1110 Exception <a 'java/lang/NoSuchMethodError'{0x000000071a2e1a28}: 'int java.lang.invoke.DirectMethodHandle$Holder.invokeSpecialIFC(java.lang.Object, java.lang.Object, java.lang.Object, java.lang.Object, java.lang.Object)'> (0x000000071a2e1a28) 
thrown [s\open\src\hotspot\share\interpreter\linkResolver.cpp, line 773]
Event: 17.894 Thread 0x00000216aeeb1110 Exception <a 'java/lang/NoSuchMethodError'{0x000000071a05ae48}: 'java.lang.Object java.lang.invoke.DirectMethodHandle$Holder.newInvokeSpecial(java.lang.Object, java.lang.Object, java.lang.Object, java.lang.Object, java.lang.Object)'> (0x000000071a05ae48) 
thrown [s\open\src\hotspot\share\interpreter\linkResolver.cpp, line 773]
Event: 18.079 Thread 0x00000216aeeb1110 Exception <a 'java/lang/NoSuchMethodError'{0x000000071a152bf0}: 'int java.lang.invoke.DirectMethodHandle$Holder.invokeStaticInit(java.lang.Object, java.lang.Object)'> (0x000000071a152bf0) 
thrown [s\open\src\hotspot\share\interpreter\linkResolver.cpp, line 773]
Event: 18.095 Thread 0x00000216aeeb1110 Exception <a 'java/lang/NoClassDefFoundError'{0x000000071a189858}: javax/enterprise/inject/Typed> (0x000000071a189858) 
thrown [s\open\src\hotspot\share\classfile\systemDictionary.cpp, line 294]

VM Operations (20 events):
Event: 7.406 Executing VM operation: Cleanup
Event: 7.406 Executing VM operation: Cleanup done
Event: 12.474 Executing VM operation: Cleanup
Event: 12.474 Executing VM operation: Cleanup done
Event: 12.817 Executing VM operation: HandshakeAllThreads
Event: 12.817 Executing VM operation: HandshakeAllThreads done
Event: 12.944 Executing VM operation: HandshakeAllThreads
Event: 12.944 Executing VM operation: HandshakeAllThreads done
Event: 13.951 Executing VM operation: Cleanup
Event: 13.951 Executing VM operation: Cleanup done
Event: 14.643 Executing VM operation: HandshakeAllThreads
Event: 14.644 Executing VM operation: HandshakeAllThreads done
Event: 15.652 Executing VM operation: Cleanup
Event: 15.652 Executing VM operation: Cleanup done
Event: 16.657 Executing VM operation: Cleanup
Event: 16.686 Executing VM operation: Cleanup done
Event: 17.689 Executing VM operation: Cleanup
Event: 17.784 Executing VM operation: Cleanup done
Event: 18.228 Executing VM operation: G1CollectForAllocation
Event: 18.669 Executing VM operation: G1CollectForAllocation done

Events (20 events):
Event: 14.399 Thread 0x0000021713e399c0 Thread exited: 0x0000021713e399c0
Event: 16.142 Thread 0x0000021713e71af0 Thread added: 0x0000021713e71af0
Event: 16.291 Thread 0x0000021713e04410 Thread added: 0x0000021713e04410
Event: 16.460 Thread 0x0000021714288630 Thread added: 0x0000021714288630
Event: 16.621 Thread 0x0000021714288630 Thread exited: 0x0000021714288630
Event: 18.105 Thread 0x000002171444a030 Thread added: 0x000002171444a030
Event: 18.106 Thread 0x0000021714268870 Thread added: 0x0000021714268870
Event: 18.123 Thread 0x000002171405a100 Thread added: 0x000002171405a100
Event: 18.135 Thread 0x00000217141c3420 Thread added: 0x00000217141c3420
Event: 18.136 Thread 0x0000021714c90c80 Thread added: 0x0000021714c90c80
Event: 18.137 Thread 0x0000021714c91210 Thread added: 0x0000021714c91210
Event: 18.935 Thread 0x0000021714c91210 Thread exited: 0x0000021714c91210
Event: 18.952 Thread 0x0000021714c90c80 Thread exited: 0x0000021714c90c80
Event: 18.952 Thread 0x00000217141c3420 Thread exited: 0x00000217141c3420
Event: 19.096 Thread 0x000002171405a100 Thread exited: 0x000002171405a100
Event: 19.096 Thread 0x0000021714268870 Thread exited: 0x0000021714268870
Event: 19.214 Thread 0x00000217141c3420 Thread added: 0x00000217141c3420
Event: 19.214 Thread 0x0000021715270ed0 Thread added: 0x0000021715270ed0
Event: 19.455 Thread 0x0000021715270ed0 Thread exited: 0x0000021715270ed0
Event: 19.552 Thread 0x00000217141c3420 Thread exited: 0x00000217141c3420


Dynamic libraries:
0x00007ff622560000 - 0x00007ff622570000 	C:\Program Files\Java\jdk-20\bin\java.exe
0x00007ff8a2c80000 - 0x00007ff8a2e89000 	C:\Windows\SYSTEM32\ntdll.dll
0x00007ff8a0b80000 - 0x00007ff8a0c3d000 	C:\Windows\System32\KERNEL32.DLL
0x00007ff8a0110000 - 0x00007ff8a0494000 	C:\Windows\System32\KERNELBASE.dll
0x00007ff8a04d0000 - 0x00007ff8a05e1000 	C:\Windows\System32\ucrtbase.dll
0x00007ff890a20000 - 0x00007ff890a39000 	C:\Program Files\Java\jdk-20\bin\jli.dll
0x00007ff8a2b80000 - 0x00007ff8a2c2e000 	C:\Windows\System32\ADVAPI32.dll
0x00007ff8a0eb0000 - 0x00007ff8a0f53000 	C:\Windows\System32\msvcrt.dll
0x00007ff8a1910000 - 0x00007ff8a19ae000 	C:\Windows\System32\sechost.dll
0x00007ff8a10c0000 - 0x00007ff8a11e1000 	C:\Windows\System32\RPCRT4.dll
0x00007ff8a28b0000 - 0x00007ff8a2a5d000 	C:\Windows\System32\USER32.dll
0x00007ff8a04a0000 - 0x00007ff8a04c6000 	C:\Windows\System32\win32u.dll
0x00007ff8a0c40000 - 0x00007ff8a0c6a000 	C:\Windows\System32\GDI32.dll
0x00007ff8a07d0000 - 0x00007ff8a08ee000 	C:\Windows\System32\gdi32full.dll
0x00007ff8a0730000 - 0x00007ff8a07cd000 	C:\Windows\System32\msvcp_win.dll
0x00007ff8967c0000 - 0x00007ff8967db000 	C:\Program Files\Java\jdk-20\bin\VCRUNTIME140.dll
0x00007ff889e00000 - 0x00007ff88a0a5000 	C:\Windows\WinSxS\amd64_microsoft.windows.common-controls_6595b64144ccf1df_6.0.22000.120_none_9d947278b86cc467\COMCTL32.dll
0x00007ff896fa0000 - 0x00007ff896faa000 	C:\Windows\SYSTEM32\VERSION.dll
0x00007ff8a2a60000 - 0x00007ff8a2a91000 	C:\Windows\System32\IMM32.DLL
0x00007ff89c110000 - 0x00007ff89c11c000 	C:\Program Files\Java\jdk-20\bin\vcruntime140_1.dll
0x00007ff88f320000 - 0x00007ff88f3ae000 	C:\Program Files\Java\jdk-20\bin\msvcp140.dll
0x00007ff815810000 - 0x00007ff8164a8000 	C:\Program Files\Java\jdk-20\bin\server\jvm.dll
0x00007ff89c120000 - 0x00007ff89c129000 	C:\Windows\SYSTEM32\WSOCK32.dll
0x00007ff8a1290000 - 0x00007ff8a12ff000 	C:\Windows\System32\WS2_32.dll
0x00007ff898e20000 - 0x00007ff898e53000 	C:\Windows\SYSTEM32\WINMM.dll
0x00007ff89f1f0000 - 0x00007ff89f208000 	C:\Windows\SYSTEM32\kernel.appcore.dll
0x00007ff89a260000 - 0x00007ff89a26a000 	C:\Program Files\Java\jdk-20\bin\jimage.dll
0x00007ff89dcb0000 - 0x00007ff89ded1000 	C:\Windows\SYSTEM32\DBGHELP.DLL
0x00007ff886a60000 - 0x00007ff886a91000 	C:\Windows\SYSTEM32\dbgcore.DLL
0x00007ff8a05f0000 - 0x00007ff8a066f000 	C:\Windows\System32\bcryptPrimitives.dll
0x00007ff894e60000 - 0x00007ff894e86000 	C:\Program Files\Java\jdk-20\bin\java.dll
0x00007ff87e8e0000 - 0x00007ff87e9b7000 	C:\Program Files\Java\jdk-20\bin\jsvml.dll
0x00007ff8a1aa0000 - 0x00007ff8a2265000 	C:\Windows\System32\SHELL32.dll
0x00007ff89e1e0000 - 0x00007ff89ea42000 	C:\Windows\SYSTEM32\windows.storage.dll
0x00007ff8a1590000 - 0x00007ff8a1906000 	C:\Windows\System32\combase.dll
0x00007ff89e070000 - 0x00007ff89e1d7000 	C:\Windows\SYSTEM32\wintypes.dll
0x00007ff8a0f60000 - 0x00007ff8a104a000 	C:\Windows\System32\SHCORE.dll
0x00007ff8a1050000 - 0x00007ff8a10ad000 	C:\Windows\System32\shlwapi.dll
0x00007ff8a0040000 - 0x00007ff8a0065000 	C:\Windows\SYSTEM32\profapi.dll
0x00007ff8967a0000 - 0x00007ff8967b3000 	C:\Program Files\Java\jdk-20\bin\net.dll
0x00007ff89b5f0000 - 0x00007ff89b704000 	C:\Windows\SYSTEM32\WINHTTP.dll
0x00007ff89f6a0000 - 0x00007ff89f707000 	C:\Windows\system32\mswsock.dll
0x00007ff894e40000 - 0x00007ff894e56000 	C:\Program Files\Java\jdk-20\bin\nio.dll
0x00007ff891e40000 - 0x00007ff891e58000 	C:\Program Files\Java\jdk-20\bin\zip.dll
0x0000000069ac0000 - 0x0000000069ae4000 	C:\Program Files\NetBeans-18\netbeans\java\maven\lib\jansi-native\Windows\x86_64\jansi.dll
0x00007ff896640000 - 0x00007ff896650000 	C:\Program Files\Java\jdk-20\bin\verify.dll

dbghelp: loaded successfully - version: 4.0.5 - missing functions: none
symbol engine: initialized successfully - sym options: 0x614 - pdb path: .;C:\Program Files\Java\jdk-20\bin;C:\Windows\SYSTEM32;C:\Windows\WinSxS\amd64_microsoft.windows.common-controls_6595b64144ccf1df_6.0.22000.120_none_9d947278b86cc467;C:\Program Files\Java\jdk-20\bin\server;C:\Program Files\NetBeans-18\netbeans\java\maven\lib\jansi-native\Windows\x86_64

VM Arguments:
jvm_args: -Dclassworlds.conf=C:\Program Files\NetBeans-18\netbeans\java\maven\bin\m2.conf -Dmaven.home=C:\Program Files\NetBeans-18\netbeans\java\maven -Dlibrary.jansi.path=C:\Program Files\NetBeans-18\netbeans\java\maven\lib\jansi-native -Dmaven.multiModuleProjectDirectory=C:\Users\FLOW\Documents\NetBeansProjects\Peminjaman-Ruang 
java_command: org.codehaus.plexus.classworlds.launcher.Launcher -Dexec.vmArgs= -Dexec.args=${exec.vmArgs} -classpath %classpath ${exec.mainClass} ${exec.appArgs} -Dexec.appArgs= -Dexec.mainClass=peminjaman.peminjaman.ruang.PeminjamanRuang -Dexec.executable=C:\Program Files\Java\jdk-20\bin\java.exe -Dmaven.ext.class.path=C:\Program Files\NetBeans-18\netbeans\java\maven-nblib\netbeans-eventspy.jar --no-transfer-progress process-classes org.codehaus.mojo:exec-maven-plugin:3.1.0:exec
java_class_path (initial): C:\Program Files\NetBeans-18\netbeans\java\maven\boot\plexus-classworlds-2.6.0.jar
Launcher Type: SUN_STANDARD

[Global flags]
     intx CICompilerCount                          = 12                                        {product} {ergonomic}
     uint ConcGCThreads                            = 3                                         {product} {ergonomic}
     uint G1ConcRefinementThreads                  = 13                                        {product} {ergonomic}
   size_t G1HeapRegionSize                         = 2097152                                   {product} {ergonomic}
    uintx GCDrainStackTargetSize                   = 64                                        {product} {ergonomic}
   size_t InitialHeapSize                          = 255852544                                 {product} {ergonomic}
   size_t MarkStackSize                            = 4194304                                   {product} {ergonomic}
   size_t MaxHeapSize                              = 4093640704                                {product} {ergonomic}
   size_t MaxNewSize                               = 2455764992                                {product} {ergonomic}
   size_t MinHeapDeltaBytes                        = 2097152                                   {product} {ergonomic}
   size_t MinHeapSize                              = 8388608                                   {product} {ergonomic}
    uintx NonNMethodCodeHeapSize                   = 7602480                                {pd product} {ergonomic}
    uintx NonProfiledCodeHeapSize                  = 122027880                              {pd product} {ergonomic}
    uintx ProfiledCodeHeapSize                     = 122027880                              {pd product} {ergonomic}
    uintx ReservedCodeCacheSize                    = 251658240                              {pd product} {ergonomic}
     bool SegmentedCodeCache                       = true                                      {product} {ergonomic}
   size_t SoftMaxHeapSize                          = 4093640704                             {manageable} {ergonomic}
     bool UseCompressedClassPointers               = true                           {product lp64_product} {ergonomic}
     bool UseCompressedOops                        = true                           {product lp64_product} {ergonomic}
     bool UseG1GC                                  = true                                      {product} {ergonomic}
     bool UseLargePagesIndividualAllocation        = false                                  {pd product} {ergonomic}

Logging:
Log output configuration:
 #0: stdout all=warning uptime,level,tags foldmultilines=false
 #1: stderr all=off uptime,level,tags foldmultilines=false

Environment Variables:
JAVA_HOME=C:\Program Files\Java\jdk-20
PATH=C:\Program Files\Common Files\Oracle\Java\javapath;C:\Windows\system32;C:\Windows;C:\Windows\System32\Wbem;C:\Windows\System32\WindowsPowerShell\v1.0\;C:\Windows\System32\OpenSSH\;C:\Program Files (x86)\NVIDIA Corporation\PhysX\Common;C:\Program Files\NVIDIA Corporation\NVIDIA NvDLISR;C:\Users\FLOW\AppData\Local\Programs\Python\Launcher\;C:\Users\FLOW\AppData\Local\Microsoft\WindowsApps;;C:\Users\FLOW\AppData\Local\Programs\Microsoft VS Code\bin
USERNAME=FLOW
OS=Windows_NT
PROCESSOR_IDENTIFIER=AMD64 Family 25 Model 68 Stepping 1, AuthenticAMD
TMP=C:\Users\FLOW\AppData\Local\Temp
TEMP=C:\Users\FLOW\AppData\Local\Temp




---------------  S Y S T E M  ---------------

OS:
 Windows 11 , 64 bit Build 22000 (10.0.22000.2360)
OS uptime: 0 days 7:30 hours

CPU: total 16 (initial active 16) (16 cores per cpu, 2 threads per core) family 25 model 68 stepping 1 microcode 0x0, cx8, cmov, fxsr, ht, mmx, 3dnowpref, sse, sse2, sse3, ssse3, sse4a, sse4.1, sse4.2, popcnt, lzcnt, tsc, tscinvbit, avx, avx2, aes, erms, clmul, bmi1, bmi2, adx, sha, fma, vzeroupper, clflush, clflushopt, rdtscp, rdpid, fsrm, f16c, pku, cet_ss

Memory: 4k page, system-wide physical 15612M (524M free)
TotalPageFile size 62716M (AvailPageFile size 18M)
current process WorkingSet (physical memory assigned to process): 108M, peak: 108M
current process commit charge ("private bytes"): 385M, peak: 385M

vm_info: Java HotSpot(TM) 64-Bit Server VM (20.0.2+9-78) for windows-amd64 JRE (20.0.2+9-78), built on 2023-06-14T10:08:48Z by "mach5one" with MS VC++ 17.1 (VS2022)

END.
