#
# There is insufficient memory for the Java Runtime Environment to continue.
# Native memory allocation (malloc) failed to allocate 32744 bytes for Chunk::new
# Possible reasons:
#   The system is out of physical RAM or swap space
#   The process is running with CompressedOops enabled, and the Java Heap may be blocking the growth of the native heap
# Possible solutions:
#   Reduce memory load on the system
#   Increase physical memory or swap space
#   Check if swap backing store is full
#   Decrease Java heap size (-Xmx/-Xms)
#   Decrease number of Java threads
#   Decrease Java thread stack sizes (-Xss)
#   Set larger code cache with -XX:ReservedCodeCacheSize=
#   JVM is running with Zero Based Compressed Oops mode in which the Java heap is
#     placed in the first 32GB address space. The Java Heap base address is the
#     maximum limit for the native heap growth. Please use -XX:HeapBaseMinAddress
#     to set the Java Heap base and to place the Java Heap above 32GB virtual address.
# This output file may be truncated or incomplete.
#
#  Out of Memory Error (arena.cpp:184), pid=39780, tid=42252
#
# JRE version: Java(TM) SE Runtime Environment (20.0.2+9) (build 20.0.2+9-78)
# Java VM: Java HotSpot(TM) 64-Bit Server VM (20.0.2+9-78, mixed mode, sharing, tiered, compressed oops, compressed class ptrs, g1 gc, windows-amd64)
# No core dump will be written. Minidumps are not enabled by default on client versions of Windows
#

---------------  S U M M A R Y ------------

Command Line: -Dclassworlds.conf=C:\Program Files\NetBeans-18\netbeans\java\maven\bin\m2.conf -Dmaven.home=C:\Program Files\NetBeans-18\netbeans\java\maven -Dlibrary.jansi.path=C:\Program Files\NetBeans-18\netbeans\java\maven\lib\jansi-native -Dmaven.multiModuleProjectDirectory=C:\Users\FLOW\Documents\NetBeansProjects\Peminjaman-Ruang org.codehaus.plexus.classworlds.launcher.Launcher -Dexec.vmArgs= -Dexec.args=${exec.vmArgs} -classpath %classpath ${exec.mainClass} ${exec.appArgs} -Dexec.appArgs= -Dexec.mainClass=peminjaman.peminjaman.ruang.PeminjamanRuang -Dexec.executable=C:\Program Files\Java\jdk-20\bin\java.exe -Dmaven.ext.class.path=C:\Program Files\NetBeans-18\netbeans\java\maven-nblib\netbeans-eventspy.jar --no-transfer-progress process-classes org.codehaus.mojo:exec-maven-plugin:3.1.0:exec

Host: AMD Ryzen 9 6900HS with Radeon Graphics        , 16 cores, 15G,  Windows 11 , 64 bit Build 22000 (10.0.22000.2360)
Time: Sun Oct  8 15:01:58 2023 Malay Peninsula Standard Time elapsed time: 7.926372 seconds (0d 0h 0m 7s)

---------------  T H R E A D  ---------------

Current thread (0x00000201e778e6a0):  JavaThread "C2 CompilerThread0" daemon [_thread_in_native, id=42252, stack(0x0000005208400000,0x0000005208500000)]


Current CompileTask:
C2:   7926  773 %     4       java.lang.StringLatin1::indexOf @ 14 (121 bytes)

Stack: [0x0000005208400000,0x0000005208500000]
Native frames: (J=compiled Java code, j=interpreted, Vv=VM code, C=native code)
V  [jvm.dll+0x6bc25a]
V  [jvm.dll+0x84971a]
V  [jvm.dll+0x84b315]
V  [jvm.dll+0x84ba13]
V  [jvm.dll+0x280e4f]
V  [jvm.dll+0xc2ab1]
V  [jvm.dll+0xc2dd5]
V  [jvm.dll+0x6e25ef]
V  [jvm.dll+0x6e2ef3]
V  [jvm.dll+0xb7692]
V  [jvm.dll+0xb8c25]
V  [jvm.dll+0xb7342]
V  [jvm.dll+0x6e2ecd]
V  [jvm.dll+0x6e14ba]
V  [jvm.dll+0x2546c0]
V  [jvm.dll+0x254a4f]
V  [jvm.dll+0x24d23d]
V  [jvm.dll+0x24a819]
V  [jvm.dll+0x1ce761]
V  [jvm.dll+0x25a0eb]
V  [jvm.dll+0x2587c0]
V  [jvm.dll+0x3f2dd5]
V  [jvm.dll+0x7f5c76]
V  [jvm.dll+0x6baecb]
C  [ucrtbase.dll+0x26c0c]
C  [KERNEL32.DLL+0x153e0]
C  [ntdll.dll+0x485b]


---------------  P R O C E S S  ---------------

Threads class SMR info:
_java_thread_list=0x00000201ebe24140, length=14, elements={
0x00000201c79f1110, 0x00000201e7788310, 0x00000201e77890b0, 0x00000201e7789e50,
0x00000201e778b7a0, 0x00000201e778c0e0, 0x00000201e778ca20, 0x00000201e778e6a0,
0x00000201e7791ea0, 0x00000201eba56fd0, 0x00000201eba62dc0, 0x00000201eb9a0080,
0x00000201eb9a0610, 0x00000201ebe0e5f0
}

Java Threads: ( => current thread )
  0x00000201c79f1110 JavaThread "main" [_thread_in_vm, id=39992, stack(0x0000005207600000,0x0000005207700000)]
  0x00000201e7788310 JavaThread "Reference Handler" daemon [_thread_blocked, id=42228, stack(0x0000005207e00000,0x0000005207f00000)]
  0x00000201e77890b0 JavaThread "Finalizer" daemon [_thread_blocked, id=42232, stack(0x0000005207f00000,0x0000005208000000)]
  0x00000201e7789e50 JavaThread "Signal Dispatcher" daemon [_thread_blocked, id=42236, stack(0x0000005208000000,0x0000005208100000)]
  0x00000201e778b7a0 JavaThread "Attach Listener" daemon [_thread_blocked, id=42240, stack(0x0000005208100000,0x0000005208200000)]
  0x00000201e778c0e0 JavaThread "Service Thread" daemon [_thread_blocked, id=42244, stack(0x0000005208200000,0x0000005208300000)]
  0x00000201e778ca20 JavaThread "Monitor Deflation Thread" daemon [_thread_blocked, id=42248, stack(0x0000005208300000,0x0000005208400000)]
=>0x00000201e778e6a0 JavaThread "C2 CompilerThread0" daemon [_thread_in_native, id=42252, stack(0x0000005208400000,0x0000005208500000)]
  0x00000201e7791ea0 JavaThread "C1 CompilerThread0" daemon [_thread_blocked, id=42256, stack(0x0000005208500000,0x0000005208600000)]
  0x00000201eba56fd0 JavaThread "Notification Thread" daemon [_thread_blocked, id=42280, stack(0x0000005208700000,0x0000005208800000)]
  0x00000201eba62dc0 JavaThread "Common-Cleaner" daemon [_thread_blocked, id=42300, stack(0x0000005208900000,0x0000005208a00000)]
  0x00000201eb9a0080 JavaThread "C1 CompilerThread1" daemon [_thread_in_native, id=31776, stack(0x0000005208600000,0x0000005208700000)]
  0x00000201eb9a0610 JavaThread "C1 CompilerThread2" daemon [_thread_blocked, id=44428, stack(0x0000005208a00000,0x0000005208b00000)]
  0x00000201ebe0e5f0 JavaThread "C1 CompilerThread3" daemon [_thread_blocked, id=23100, stack(0x0000005208b00000,0x0000005208c00000)]

Other Threads:
  0x00000201e7768790 VMThread "VM Thread" [stack: 0x0000005207d00000,0x0000005207e00000] [id=21148]
  0x00000201eba58930 WatcherThread "VM Periodic Task Thread" [stack: 0x0000005208800000,0x0000005208900000] [id=42284]
  0x00000201c7a5ca50 WorkerThread "GC Thread#0" [stack: 0x0000005207800000,0x0000005207900000] [id=9208]
  0x00000201c7a6dd70 ConcurrentGCThread "G1 Main Marker" [stack: 0x0000005207900000,0x0000005207a00000] [id=12052]
  0x00000201c7a70850 WorkerThread "G1 Conc#0" [stack: 0x0000005207a00000,0x0000005207b00000] [id=12772]
  0x00000201c7abe8f0 ConcurrentGCThread "G1 Refine#0" [stack: 0x0000005207b00000,0x0000005207c00000] [id=14696]
  0x00000201e7627540 ConcurrentGCThread "G1 Service" [stack: 0x0000005207c00000,0x0000005207d00000] [id=18448]

Threads with active compile tasks:
C2 CompilerThread0     7945  773 %     4       java.lang.StringLatin1::indexOf @ 14 (121 bytes)
C1 CompilerThread1     7945  772       3       java.net.URLStreamHandler::parseURL (1124 bytes)

VM state: not at safepoint (normal execution)

VM Mutex/Monitor currently owned by a thread: None

Heap address: 0x000000070c000000, size: 3904 MB, Compressed Oops mode: Zero based, Oop shift amount: 3

CDS archive(s) mapped at: [0x0000020180000000-0x0000020180c60000-0x0000020180c60000), size 12976128, SharedBaseAddress: 0x0000020180000000, ArchiveRelocationMode: 1.
Compressed class space mapped at: 0x0000020181000000-0x00000201c1000000, reserved size: 1073741824
Narrow klass base: 0x0000020180000000, Narrow klass shift: 0, Narrow klass range: 0x100000000

GC Precious Log:
 CardTable entry size: 512
 Card Set container configuration: InlinePtr #cards 4 size 8 Array Of Cards #cards 16 size 48 Howl #buckets 8 coarsen threshold 3686 Howl Bitmap #cards 512 size 80 coarsen threshold 460 Card regions per heap region 1 cards per card region 4096
 CPUs: 16 total, 16 available
 Memory: 15612M
 Large Page Support: Disabled
 NUMA Support: Disabled
 Compressed Oops: Enabled (Zero based)
 Heap Region Size: 2M
 Heap Min Capacity: 8M
 Heap Initial Capacity: 244M
 Heap Max Capacity: 3904M
 Pre-touch: Disabled
 Parallel Workers: 13
 Concurrent Workers: 3
 Concurrent Refinement Workers: 13
 Periodic GC: Disabled

Heap:
 garbage-first heap   total 249856K, used 10240K [0x000000070c000000, 0x0000000800000000)
  region size 2048K, 6 young (12288K), 0 survivors (0K)
 Metaspace       used 2419K, committed 2624K, reserved 1114112K
  class space    used 218K, committed 320K, reserved 1048576K

Heap Regions: E=young(eden), S=young(survivor), O=old, HS=humongous(starts), HC=humongous(continues), CS=collection set, F=free, OA=open archive, CA=closed archive, TAMS=top-at-mark-start, PB=parsable bottom
|   0|0x000000070c000000, 0x000000070c000000, 0x000000070c200000|  0%| F|  |TAMS 0x000000070c000000| PB 0x000000070c000000| Untracked 
|   1|0x000000070c200000, 0x000000070c200000, 0x000000070c400000|  0%| F|  |TAMS 0x000000070c200000| PB 0x000000070c200000| Untracked 
|   2|0x000000070c400000, 0x000000070c400000, 0x000000070c600000|  0%| F|  |TAMS 0x000000070c400000| PB 0x000000070c400000| Untracked 
|   3|0x000000070c600000, 0x000000070c600000, 0x000000070c800000|  0%| F|  |TAMS 0x000000070c600000| PB 0x000000070c600000| Untracked 
|   4|0x000000070c800000, 0x000000070c800000, 0x000000070ca00000|  0%| F|  |TAMS 0x000000070c800000| PB 0x000000070c800000| Untracked 
|   5|0x000000070ca00000, 0x000000070ca00000, 0x000000070cc00000|  0%| F|  |TAMS 0x000000070ca00000| PB 0x000000070ca00000| Untracked 
|   6|0x000000070cc00000, 0x000000070cc00000, 0x000000070ce00000|  0%| F|  |TAMS 0x000000070cc00000| PB 0x000000070cc00000| Untracked 
|   7|0x000000070ce00000, 0x000000070ce00000, 0x000000070d000000|  0%| F|  |TAMS 0x000000070ce00000| PB 0x000000070ce00000| Untracked 
|   8|0x000000070d000000, 0x000000070d000000, 0x000000070d200000|  0%| F|  |TAMS 0x000000070d000000| PB 0x000000070d000000| Untracked 
|   9|0x000000070d200000, 0x000000070d200000, 0x000000070d400000|  0%| F|  |TAMS 0x000000070d200000| PB 0x000000070d200000| Untracked 
|  10|0x000000070d400000, 0x000000070d400000, 0x000000070d600000|  0%| F|  |TAMS 0x000000070d400000| PB 0x000000070d400000| Untracked 
|  11|0x000000070d600000, 0x000000070d600000, 0x000000070d800000|  0%| F|  |TAMS 0x000000070d600000| PB 0x000000070d600000| Untracked 
|  12|0x000000070d800000, 0x000000070d800000, 0x000000070da00000|  0%| F|  |TAMS 0x000000070d800000| PB 0x000000070d800000| Untracked 
|  13|0x000000070da00000, 0x000000070da00000, 0x000000070dc00000|  0%| F|  |TAMS 0x000000070da00000| PB 0x000000070da00000| Untracked 
|  14|0x000000070dc00000, 0x000000070dc00000, 0x000000070de00000|  0%| F|  |TAMS 0x000000070dc00000| PB 0x000000070dc00000| Untracked 
|  15|0x000000070de00000, 0x000000070de00000, 0x000000070e000000|  0%| F|  |TAMS 0x000000070de00000| PB 0x000000070de00000| Untracked 
|  16|0x000000070e000000, 0x000000070e000000, 0x000000070e200000|  0%| F|  |TAMS 0x000000070e000000| PB 0x000000070e000000| Untracked 
|  17|0x000000070e200000, 0x000000070e200000, 0x000000070e400000|  0%| F|  |TAMS 0x000000070e200000| PB 0x000000070e200000| Untracked 
|  18|0x000000070e400000, 0x000000070e400000, 0x000000070e600000|  0%| F|  |TAMS 0x000000070e400000| PB 0x000000070e400000| Untracked 
|  19|0x000000070e600000, 0x000000070e600000, 0x000000070e800000|  0%| F|  |TAMS 0x000000070e600000| PB 0x000000070e600000| Untracked 
|  20|0x000000070e800000, 0x000000070e800000, 0x000000070ea00000|  0%| F|  |TAMS 0x000000070e800000| PB 0x000000070e800000| Untracked 
|  21|0x000000070ea00000, 0x000000070ea00000, 0x000000070ec00000|  0%| F|  |TAMS 0x000000070ea00000| PB 0x000000070ea00000| Untracked 
|  22|0x000000070ec00000, 0x000000070ec00000, 0x000000070ee00000|  0%| F|  |TAMS 0x000000070ec00000| PB 0x000000070ec00000| Untracked 
|  23|0x000000070ee00000, 0x000000070ee00000, 0x000000070f000000|  0%| F|  |TAMS 0x000000070ee00000| PB 0x000000070ee00000| Untracked 
|  24|0x000000070f000000, 0x000000070f000000, 0x000000070f200000|  0%| F|  |TAMS 0x000000070f000000| PB 0x000000070f000000| Untracked 
|  25|0x000000070f200000, 0x000000070f200000, 0x000000070f400000|  0%| F|  |TAMS 0x000000070f200000| PB 0x000000070f200000| Untracked 
|  26|0x000000070f400000, 0x000000070f400000, 0x000000070f600000|  0%| F|  |TAMS 0x000000070f400000| PB 0x000000070f400000| Untracked 
|  27|0x000000070f600000, 0x000000070f600000, 0x000000070f800000|  0%| F|  |TAMS 0x000000070f600000| PB 0x000000070f600000| Untracked 
|  28|0x000000070f800000, 0x000000070f800000, 0x000000070fa00000|  0%| F|  |TAMS 0x000000070f800000| PB 0x000000070f800000| Untracked 
|  29|0x000000070fa00000, 0x000000070fa00000, 0x000000070fc00000|  0%| F|  |TAMS 0x000000070fa00000| PB 0x000000070fa00000| Untracked 
|  30|0x000000070fc00000, 0x000000070fc00000, 0x000000070fe00000|  0%| F|  |TAMS 0x000000070fc00000| PB 0x000000070fc00000| Untracked 
|  31|0x000000070fe00000, 0x000000070fe00000, 0x0000000710000000|  0%| F|  |TAMS 0x000000070fe00000| PB 0x000000070fe00000| Untracked 
|  32|0x0000000710000000, 0x0000000710000000, 0x0000000710200000|  0%| F|  |TAMS 0x0000000710000000| PB 0x0000000710000000| Untracked 
|  33|0x0000000710200000, 0x0000000710200000, 0x0000000710400000|  0%| F|  |TAMS 0x0000000710200000| PB 0x0000000710200000| Untracked 
|  34|0x0000000710400000, 0x0000000710400000, 0x0000000710600000|  0%| F|  |TAMS 0x0000000710400000| PB 0x0000000710400000| Untracked 
|  35|0x0000000710600000, 0x0000000710600000, 0x0000000710800000|  0%| F|  |TAMS 0x0000000710600000| PB 0x0000000710600000| Untracked 
|  36|0x0000000710800000, 0x0000000710800000, 0x0000000710a00000|  0%| F|  |TAMS 0x0000000710800000| PB 0x0000000710800000| Untracked 
|  37|0x0000000710a00000, 0x0000000710a00000, 0x0000000710c00000|  0%| F|  |TAMS 0x0000000710a00000| PB 0x0000000710a00000| Untracked 
|  38|0x0000000710c00000, 0x0000000710c00000, 0x0000000710e00000|  0%| F|  |TAMS 0x0000000710c00000| PB 0x0000000710c00000| Untracked 
|  39|0x0000000710e00000, 0x0000000710e00000, 0x0000000711000000|  0%| F|  |TAMS 0x0000000710e00000| PB 0x0000000710e00000| Untracked 
|  40|0x0000000711000000, 0x0000000711000000, 0x0000000711200000|  0%| F|  |TAMS 0x0000000711000000| PB 0x0000000711000000| Untracked 
|  41|0x0000000711200000, 0x0000000711200000, 0x0000000711400000|  0%| F|  |TAMS 0x0000000711200000| PB 0x0000000711200000| Untracked 
|  42|0x0000000711400000, 0x0000000711400000, 0x0000000711600000|  0%| F|  |TAMS 0x0000000711400000| PB 0x0000000711400000| Untracked 
|  43|0x0000000711600000, 0x0000000711600000, 0x0000000711800000|  0%| F|  |TAMS 0x0000000711600000| PB 0x0000000711600000| Untracked 
|  44|0x0000000711800000, 0x0000000711800000, 0x0000000711a00000|  0%| F|  |TAMS 0x0000000711800000| PB 0x0000000711800000| Untracked 
|  45|0x0000000711a00000, 0x0000000711a00000, 0x0000000711c00000|  0%| F|  |TAMS 0x0000000711a00000| PB 0x0000000711a00000| Untracked 
|  46|0x0000000711c00000, 0x0000000711c00000, 0x0000000711e00000|  0%| F|  |TAMS 0x0000000711c00000| PB 0x0000000711c00000| Untracked 
|  47|0x0000000711e00000, 0x0000000711e00000, 0x0000000712000000|  0%| F|  |TAMS 0x0000000711e00000| PB 0x0000000711e00000| Untracked 
|  48|0x0000000712000000, 0x0000000712000000, 0x0000000712200000|  0%| F|  |TAMS 0x0000000712000000| PB 0x0000000712000000| Untracked 
|  49|0x0000000712200000, 0x0000000712200000, 0x0000000712400000|  0%| F|  |TAMS 0x0000000712200000| PB 0x0000000712200000| Untracked 
|  50|0x0000000712400000, 0x0000000712400000, 0x0000000712600000|  0%| F|  |TAMS 0x0000000712400000| PB 0x0000000712400000| Untracked 
|  51|0x0000000712600000, 0x0000000712600000, 0x0000000712800000|  0%| F|  |TAMS 0x0000000712600000| PB 0x0000000712600000| Untracked 
|  52|0x0000000712800000, 0x0000000712800000, 0x0000000712a00000|  0%| F|  |TAMS 0x0000000712800000| PB 0x0000000712800000| Untracked 
|  53|0x0000000712a00000, 0x0000000712a00000, 0x0000000712c00000|  0%| F|  |TAMS 0x0000000712a00000| PB 0x0000000712a00000| Untracked 
|  54|0x0000000712c00000, 0x0000000712c00000, 0x0000000712e00000|  0%| F|  |TAMS 0x0000000712c00000| PB 0x0000000712c00000| Untracked 
|  55|0x0000000712e00000, 0x0000000712e00000, 0x0000000713000000|  0%| F|  |TAMS 0x0000000712e00000| PB 0x0000000712e00000| Untracked 
|  56|0x0000000713000000, 0x0000000713000000, 0x0000000713200000|  0%| F|  |TAMS 0x0000000713000000| PB 0x0000000713000000| Untracked 
|  57|0x0000000713200000, 0x0000000713200000, 0x0000000713400000|  0%| F|  |TAMS 0x0000000713200000| PB 0x0000000713200000| Untracked 
|  58|0x0000000713400000, 0x0000000713400000, 0x0000000713600000|  0%| F|  |TAMS 0x0000000713400000| PB 0x0000000713400000| Untracked 
|  59|0x0000000713600000, 0x0000000713600000, 0x0000000713800000|  0%| F|  |TAMS 0x0000000713600000| PB 0x0000000713600000| Untracked 
|  60|0x0000000713800000, 0x0000000713800000, 0x0000000713a00000|  0%| F|  |TAMS 0x0000000713800000| PB 0x0000000713800000| Untracked 
|  61|0x0000000713a00000, 0x0000000713a00000, 0x0000000713c00000|  0%| F|  |TAMS 0x0000000713a00000| PB 0x0000000713a00000| Untracked 
|  62|0x0000000713c00000, 0x0000000713c00000, 0x0000000713e00000|  0%| F|  |TAMS 0x0000000713c00000| PB 0x0000000713c00000| Untracked 
|  63|0x0000000713e00000, 0x0000000713e00000, 0x0000000714000000|  0%| F|  |TAMS 0x0000000713e00000| PB 0x0000000713e00000| Untracked 
|  64|0x0000000714000000, 0x0000000714000000, 0x0000000714200000|  0%| F|  |TAMS 0x0000000714000000| PB 0x0000000714000000| Untracked 
|  65|0x0000000714200000, 0x0000000714200000, 0x0000000714400000|  0%| F|  |TAMS 0x0000000714200000| PB 0x0000000714200000| Untracked 
|  66|0x0000000714400000, 0x0000000714400000, 0x0000000714600000|  0%| F|  |TAMS 0x0000000714400000| PB 0x0000000714400000| Untracked 
|  67|0x0000000714600000, 0x0000000714600000, 0x0000000714800000|  0%| F|  |TAMS 0x0000000714600000| PB 0x0000000714600000| Untracked 
|  68|0x0000000714800000, 0x0000000714800000, 0x0000000714a00000|  0%| F|  |TAMS 0x0000000714800000| PB 0x0000000714800000| Untracked 
|  69|0x0000000714a00000, 0x0000000714a00000, 0x0000000714c00000|  0%| F|  |TAMS 0x0000000714a00000| PB 0x0000000714a00000| Untracked 
|  70|0x0000000714c00000, 0x0000000714c00000, 0x0000000714e00000|  0%| F|  |TAMS 0x0000000714c00000| PB 0x0000000714c00000| Untracked 
|  71|0x0000000714e00000, 0x0000000714e00000, 0x0000000715000000|  0%| F|  |TAMS 0x0000000714e00000| PB 0x0000000714e00000| Untracked 
|  72|0x0000000715000000, 0x0000000715000000, 0x0000000715200000|  0%| F|  |TAMS 0x0000000715000000| PB 0x0000000715000000| Untracked 
|  73|0x0000000715200000, 0x0000000715200000, 0x0000000715400000|  0%| F|  |TAMS 0x0000000715200000| PB 0x0000000715200000| Untracked 
|  74|0x0000000715400000, 0x0000000715400000, 0x0000000715600000|  0%| F|  |TAMS 0x0000000715400000| PB 0x0000000715400000| Untracked 
|  75|0x0000000715600000, 0x0000000715600000, 0x0000000715800000|  0%| F|  |TAMS 0x0000000715600000| PB 0x0000000715600000| Untracked 
|  76|0x0000000715800000, 0x0000000715800000, 0x0000000715a00000|  0%| F|  |TAMS 0x0000000715800000| PB 0x0000000715800000| Untracked 
|  77|0x0000000715a00000, 0x0000000715a00000, 0x0000000715c00000|  0%| F|  |TAMS 0x0000000715a00000| PB 0x0000000715a00000| Untracked 
|  78|0x0000000715c00000, 0x0000000715c00000, 0x0000000715e00000|  0%| F|  |TAMS 0x0000000715c00000| PB 0x0000000715c00000| Untracked 
|  79|0x0000000715e00000, 0x0000000715e00000, 0x0000000716000000|  0%| F|  |TAMS 0x0000000715e00000| PB 0x0000000715e00000| Untracked 
|  80|0x0000000716000000, 0x0000000716000000, 0x0000000716200000|  0%| F|  |TAMS 0x0000000716000000| PB 0x0000000716000000| Untracked 
|  81|0x0000000716200000, 0x0000000716200000, 0x0000000716400000|  0%| F|  |TAMS 0x0000000716200000| PB 0x0000000716200000| Untracked 
|  82|0x0000000716400000, 0x0000000716400000, 0x0000000716600000|  0%| F|  |TAMS 0x0000000716400000| PB 0x0000000716400000| Untracked 
|  83|0x0000000716600000, 0x0000000716600000, 0x0000000716800000|  0%| F|  |TAMS 0x0000000716600000| PB 0x0000000716600000| Untracked 
|  84|0x0000000716800000, 0x0000000716800000, 0x0000000716a00000|  0%| F|  |TAMS 0x0000000716800000| PB 0x0000000716800000| Untracked 
|  85|0x0000000716a00000, 0x0000000716a00000, 0x0000000716c00000|  0%| F|  |TAMS 0x0000000716a00000| PB 0x0000000716a00000| Untracked 
|  86|0x0000000716c00000, 0x0000000716c00000, 0x0000000716e00000|  0%| F|  |TAMS 0x0000000716c00000| PB 0x0000000716c00000| Untracked 
|  87|0x0000000716e00000, 0x0000000716e00000, 0x0000000717000000|  0%| F|  |TAMS 0x0000000716e00000| PB 0x0000000716e00000| Untracked 
|  88|0x0000000717000000, 0x0000000717000000, 0x0000000717200000|  0%| F|  |TAMS 0x0000000717000000| PB 0x0000000717000000| Untracked 
|  89|0x0000000717200000, 0x0000000717200000, 0x0000000717400000|  0%| F|  |TAMS 0x0000000717200000| PB 0x0000000717200000| Untracked 
|  90|0x0000000717400000, 0x0000000717400000, 0x0000000717600000|  0%| F|  |TAMS 0x0000000717400000| PB 0x0000000717400000| Untracked 
|  91|0x0000000717600000, 0x0000000717600000, 0x0000000717800000|  0%| F|  |TAMS 0x0000000717600000| PB 0x0000000717600000| Untracked 
|  92|0x0000000717800000, 0x0000000717800000, 0x0000000717a00000|  0%| F|  |TAMS 0x0000000717800000| PB 0x0000000717800000| Untracked 
|  93|0x0000000717a00000, 0x0000000717a00000, 0x0000000717c00000|  0%| F|  |TAMS 0x0000000717a00000| PB 0x0000000717a00000| Untracked 
|  94|0x0000000717c00000, 0x0000000717c00000, 0x0000000717e00000|  0%| F|  |TAMS 0x0000000717c00000| PB 0x0000000717c00000| Untracked 
|  95|0x0000000717e00000, 0x0000000717e00000, 0x0000000718000000|  0%| F|  |TAMS 0x0000000717e00000| PB 0x0000000717e00000| Untracked 
|  96|0x0000000718000000, 0x0000000718000000, 0x0000000718200000|  0%| F|  |TAMS 0x0000000718000000| PB 0x0000000718000000| Untracked 
|  97|0x0000000718200000, 0x0000000718200000, 0x0000000718400000|  0%| F|  |TAMS 0x0000000718200000| PB 0x0000000718200000| Untracked 
|  98|0x0000000718400000, 0x0000000718400000, 0x0000000718600000|  0%| F|  |TAMS 0x0000000718400000| PB 0x0000000718400000| Untracked 
|  99|0x0000000718600000, 0x0000000718600000, 0x0000000718800000|  0%| F|  |TAMS 0x0000000718600000| PB 0x0000000718600000| Untracked 
| 100|0x0000000718800000, 0x0000000718800000, 0x0000000718a00000|  0%| F|  |TAMS 0x0000000718800000| PB 0x0000000718800000| Untracked 
| 101|0x0000000718a00000, 0x0000000718a00000, 0x0000000718c00000|  0%| F|  |TAMS 0x0000000718a00000| PB 0x0000000718a00000| Untracked 
| 102|0x0000000718c00000, 0x0000000718c00000, 0x0000000718e00000|  0%| F|  |TAMS 0x0000000718c00000| PB 0x0000000718c00000| Untracked 
| 103|0x0000000718e00000, 0x0000000718e00000, 0x0000000719000000|  0%| F|  |TAMS 0x0000000718e00000| PB 0x0000000718e00000| Untracked 
| 104|0x0000000719000000, 0x0000000719000000, 0x0000000719200000|  0%| F|  |TAMS 0x0000000719000000| PB 0x0000000719000000| Untracked 
| 105|0x0000000719200000, 0x0000000719200000, 0x0000000719400000|  0%| F|  |TAMS 0x0000000719200000| PB 0x0000000719200000| Untracked 
| 106|0x0000000719400000, 0x0000000719400000, 0x0000000719600000|  0%| F|  |TAMS 0x0000000719400000| PB 0x0000000719400000| Untracked 
| 107|0x0000000719600000, 0x0000000719600000, 0x0000000719800000|  0%| F|  |TAMS 0x0000000719600000| PB 0x0000000719600000| Untracked 
| 108|0x0000000719800000, 0x0000000719800000, 0x0000000719a00000|  0%| F|  |TAMS 0x0000000719800000| PB 0x0000000719800000| Untracked 
| 109|0x0000000719a00000, 0x0000000719a00000, 0x0000000719c00000|  0%| F|  |TAMS 0x0000000719a00000| PB 0x0000000719a00000| Untracked 
| 110|0x0000000719c00000, 0x0000000719c00000, 0x0000000719e00000|  0%| F|  |TAMS 0x0000000719c00000| PB 0x0000000719c00000| Untracked 
| 111|0x0000000719e00000, 0x0000000719e00000, 0x000000071a000000|  0%| F|  |TAMS 0x0000000719e00000| PB 0x0000000719e00000| Untracked 
| 112|0x000000071a000000, 0x000000071a000000, 0x000000071a200000|  0%| F|  |TAMS 0x000000071a000000| PB 0x000000071a000000| Untracked 
| 113|0x000000071a200000, 0x000000071a200000, 0x000000071a400000|  0%| F|  |TAMS 0x000000071a200000| PB 0x000000071a200000| Untracked 
| 114|0x000000071a400000, 0x000000071a400000, 0x000000071a600000|  0%| F|  |TAMS 0x000000071a400000| PB 0x000000071a400000| Untracked 
| 115|0x000000071a600000, 0x000000071a600000, 0x000000071a800000|  0%| F|  |TAMS 0x000000071a600000| PB 0x000000071a600000| Untracked 
| 116|0x000000071a800000, 0x000000071a8e63b0, 0x000000071aa00000| 44%| E|  |TAMS 0x000000071a800000| PB 0x000000071a800000| Complete 
| 117|0x000000071aa00000, 0x000000071ac00000, 0x000000071ac00000|100%| E|CS|TAMS 0x000000071aa00000| PB 0x000000071aa00000| Complete 
| 118|0x000000071ac00000, 0x000000071ae00000, 0x000000071ae00000|100%| E|CS|TAMS 0x000000071ac00000| PB 0x000000071ac00000| Complete 
| 119|0x000000071ae00000, 0x000000071b000000, 0x000000071b000000|100%| E|CS|TAMS 0x000000071ae00000| PB 0x000000071ae00000| Complete 
| 120|0x000000071b000000, 0x000000071b200000, 0x000000071b200000|100%| E|CS|TAMS 0x000000071b000000| PB 0x000000071b000000| Complete 
| 121|0x000000071b200000, 0x000000071b400000, 0x000000071b400000|100%| E|CS|TAMS 0x000000071b200000| PB 0x000000071b200000| Complete 

Card table byte_map: [0x00000201dfaf0000,0x00000201e0290000] _byte_map_base: 0x00000201dc290000

Marking Bits: (CMBitMap*) 0x00000201c7a5d080
 Bits: [0x00000201e0a30000, 0x00000201e4730000)

Polling page: 0x00000201c71c0000

Metaspace:

Usage:
  Non-class:      2.15 MB used.
      Class:    218.31 KB used.
       Both:      2.36 MB used.

Virtual space:
  Non-class space:       64.00 MB reserved,       2.25 MB (  4%) committed,  1 nodes.
      Class space:        1.00 GB reserved,     320.00 KB ( <1%) committed,  1 nodes.
             Both:        1.06 GB reserved,       2.56 MB ( <1%) committed. 

Chunk freelists:
   Non-Class:  2.92 MB
       Class:  3.61 MB
        Both:  6.53 MB

MaxMetaspaceSize: unlimited
CompressedClassSpaceSize: 1.00 GB
Initial GC threshold: 21.00 MB
Current GC threshold: 21.00 MB
CDS: on
MetaspaceReclaimPolicy: balanced
 - commit_granule_bytes: 65536.
 - commit_granule_words: 8192.
 - virtual_space_node_default_size: 8388608.
 - enlarge_chunks_in_place: 1.
 - new_chunks_are_fully_committed: 0.
 - uncommit_free_chunks: 1.
 - use_allocation_guard: 0.


Internal statistics:

num_allocs_failed_limit: 0.
num_arena_births: 28.
num_arena_deaths: 0.
num_vsnodes_births: 2.
num_vsnodes_deaths: 0.
num_space_committed: 41.
num_space_uncommitted: 0.
num_chunks_returned_to_freelist: 0.
num_chunks_taken_from_freelist: 87.
num_chunk_merges: 0.
num_chunk_splits: 56.
num_chunks_enlarged: 44.
num_inconsistent_stats: 0.

CodeHeap 'non-profiled nmethods': size=119168Kb used=204Kb max_used=204Kb free=118963Kb
 bounds [0x00000201d7670000, 0x00000201d78e0000, 0x00000201dead0000]
CodeHeap 'profiled nmethods': size=119104Kb used=1348Kb max_used=1348Kb free=117755Kb
 bounds [0x00000201cfad0000, 0x00000201cfd40000, 0x00000201d6f20000]
CodeHeap 'non-nmethods': size=7488Kb used=3071Kb max_used=3086Kb free=4416Kb
 bounds [0x00000201d6f20000, 0x00000201d7290000, 0x00000201d7670000]
 total_blobs=1204 nmethods=772 adapters=340
 compilation: enabled
              stopped_count=0, restarted_count=0
 full_count=0

Compilation events (20 events):
Event: 7.904 Thread 0x00000201ebe0e5f0 nmethod 757 0x00000201cfc1bf90 code [0x00000201cfc1c1a0, 0x00000201cfc1c858]
Event: 7.904 Thread 0x00000201e7791ea0 nmethod 762 0x00000201cfc1cc10 code [0x00000201cfc1cdc0, 0x00000201cfc1d100]
Event: 7.907 Thread 0x00000201e7791ea0  764       3       java.util.ArrayDeque::add (7 bytes)
Event: 7.907 Thread 0x00000201e7791ea0 nmethod 764 0x00000201cfc1d390 code [0x00000201cfc1d520, 0x00000201cfc1d670]
Event: 7.907 Thread 0x00000201eb9a0080 nmethod 763 0x00000201cfc1d710 code [0x00000201cfc1d940, 0x00000201cfc1e1b8]
Event: 7.908 Thread 0x00000201eb9a0610 nmethod 759 0x00000201cfc1e590 code [0x00000201cfc1e7a0, 0x00000201cfc1ef48]
Event: 7.912 Thread 0x00000201eb9a0080  765       3       jdk.internal.ref.CleanerImpl$PhantomCleanableRef::performCleanup (10 bytes)
Event: 7.912 Thread 0x00000201ebe0e5f0  766       3       java.util.zip.ZipFile$InflaterCleanupAction::run (12 bytes)
Event: 7.912 Thread 0x00000201e7791ea0  767   !   3       java.util.zip.ZipFile$CleanableResource::releaseInflater (53 bytes)
Event: 7.912 Thread 0x00000201eb9a0610  768   !   3       java.util.zip.Inflater::reset (64 bytes)
Event: 7.912 Thread 0x00000201ebe0e5f0 nmethod 766 0x00000201cfc1f290 code [0x00000201cfc1f420, 0x00000201cfc1f588]
Event: 7.912 Thread 0x00000201eb9a0080 nmethod 765 0x00000201cfc1f690 code [0x00000201cfc1f820, 0x00000201cfc1f9f8]
Event: 7.912 Thread 0x00000201e7791ea0 nmethod 767 0x00000201cfc1fa90 code [0x00000201cfc1fc60, 0x00000201cfc200a8]
Event: 7.912 Thread 0x00000201eb9a0610 nmethod 768 0x00000201cfc20290 code [0x00000201cfc20440, 0x00000201cfc207d8]
Event: 7.914 Thread 0x00000201e778e6a0  770       4       java.util.zip.ZipCoder::hash (36 bytes)
Event: 7.920 Thread 0x00000201eb9a0080  772       3       java.net.URLStreamHandler::parseURL (1124 bytes)
Event: 7.920 Thread 0x00000201e7791ea0  771       3       sun.net.www.protocol.file.Handler::parseURL (18 bytes)
Event: 7.920 Thread 0x00000201e7791ea0 nmethod 771 0x00000201cfc20990 code [0x00000201cfc20b40, 0x00000201cfc20cf8]
Event: 7.922 Thread 0x00000201e778e6a0 nmethod 770 0x00000201d76a2b90 code [0x00000201d76a2d20, 0x00000201d76a3030]
Event: 7.922 Thread 0x00000201e778e6a0  773 %     4       java.lang.StringLatin1::indexOf @ 14 (121 bytes)

GC Heap History (0 events):
No events

Dll operation events (8 events):
Event: 1.032 Loaded shared library C:\Program Files\Java\jdk-20\bin\java.dll
Event: 1.107 Loaded shared library C:\Program Files\Java\jdk-20\bin\jsvml.dll
Event: 1.464 Loaded shared library C:\Program Files\Java\jdk-20\bin\net.dll
Event: 1.466 Loaded shared library C:\Program Files\Java\jdk-20\bin\nio.dll
Event: 1.470 Loaded shared library C:\Program Files\Java\jdk-20\bin\zip.dll
Event: 5.264 Loaded shared library C:\Program Files\Java\jdk-20\bin\jimage.dll
Event: 5.285 Loaded shared library C:\Program Files\NetBeans-18\netbeans\java\maven\lib\jansi-native\Windows\x86_64\jansi.dll
Event: 5.302 Loaded shared library C:\Program Files\Java\jdk-20\bin\verify.dll

Deoptimization events (20 events):
Event: 7.790 Thread 0x00000201c79f1110 Uncommon trap: trap_request=0xffffff45 fr.pc=0x00000201d769b5b4 relative=0x00000000000006d4
Event: 7.790 Thread 0x00000201c79f1110 Uncommon trap: reason=unstable_if action=reinterpret pc=0x00000201d769b5b4 method=java.util.regex.Matcher.search(I)Z @ 30 c2
Event: 7.790 Thread 0x00000201c79f1110 DEOPT PACKING pc=0x00000201d769b5b4 sp=0x00000052076fdc20
Event: 7.790 Thread 0x00000201c79f1110 DEOPT UNPACKING pc=0x00000201d6f89d22 sp=0x00000052076fdc00 mode 2
Event: 7.795 Thread 0x00000201c79f1110 Uncommon trap: trap_request=0xffffff45 fr.pc=0x00000201d7677e50 relative=0x00000000000003b0
Event: 7.795 Thread 0x00000201c79f1110 Uncommon trap: reason=unstable_if action=reinterpret pc=0x00000201d7677e50 method=java.lang.StringLatin1.canEncode(I)Z @ 4 c2
Event: 7.795 Thread 0x00000201c79f1110 DEOPT PACKING pc=0x00000201d7677e50 sp=0x00000052076fe200
Event: 7.795 Thread 0x00000201c79f1110 DEOPT UNPACKING pc=0x00000201d6f89d22 sp=0x00000052076fe128 mode 2
Event: 7.795 Thread 0x00000201c79f1110 Uncommon trap: trap_request=0xffffff45 fr.pc=0x00000201d768ff40 relative=0x00000000000003a0
Event: 7.795 Thread 0x00000201c79f1110 Uncommon trap: reason=unstable_if action=reinterpret pc=0x00000201d768ff40 method=java.lang.AbstractStringBuilder.isLatin1()Z @ 10 c2
Event: 7.795 Thread 0x00000201c79f1110 DEOPT PACKING pc=0x00000201d768ff40 sp=0x00000052076fe220
Event: 7.795 Thread 0x00000201c79f1110 DEOPT UNPACKING pc=0x00000201d6f89d22 sp=0x00000052076fe1a0 mode 2
Event: 7.795 Thread 0x00000201c79f1110 Uncommon trap: trap_request=0xffffff45 fr.pc=0x00000201d76926ec relative=0x000000000000006c
Event: 7.795 Thread 0x00000201c79f1110 Uncommon trap: reason=unstable_if action=reinterpret pc=0x00000201d76926ec method=java.lang.AbstractStringBuilder.isLatin1()Z @ 10 c2
Event: 7.795 Thread 0x00000201c79f1110 DEOPT PACKING pc=0x00000201d76926ec sp=0x00000052076fe210
Event: 7.795 Thread 0x00000201c79f1110 DEOPT UNPACKING pc=0x00000201d6f89d22 sp=0x00000052076fe1a0 mode 2
Event: 7.801 Thread 0x00000201c79f1110 Uncommon trap: trap_request=0xffffff45 fr.pc=0x00000201d7676748 relative=0x0000000000000048
Event: 7.801 Thread 0x00000201c79f1110 Uncommon trap: reason=unstable_if action=reinterpret pc=0x00000201d7676748 method=java.lang.StringLatin1.canEncode(I)Z @ 4 c2
Event: 7.801 Thread 0x00000201c79f1110 DEOPT PACKING pc=0x00000201d7676748 sp=0x00000052076fe1a0
Event: 7.801 Thread 0x00000201c79f1110 DEOPT UNPACKING pc=0x00000201d6f89d22 sp=0x00000052076fe130 mode 2

Classes loaded (20 events):
Event: 6.663 Loading class java/io/StringWriter
Event: 6.664 Loading class java/io/StringWriter done
Event: 6.680 Loading class java/util/ArrayList$ListItr
Event: 6.680 Loading class java/util/ArrayList$ListItr done
Event: 6.762 Loading class java/lang/TypeNotPresentException
Event: 6.763 Loading class java/lang/TypeNotPresentException done
Event: 6.795 Loading class java/util/concurrent/atomic/AtomicReference
Event: 6.795 Loading class java/util/concurrent/atomic/AtomicReference done
Event: 6.871 Loading class java/text/ParseException
Event: 6.871 Loading class java/text/ParseException done
Event: 7.714 Loading class sun/util/calendar/ZoneInfoFile$Checksum
Event: 7.714 Loading class sun/util/calendar/ZoneInfoFile$Checksum done
Event: 7.720 Loading class jdk/internal/module/ModulePatcher$PatchedModuleReader
Event: 7.720 Loading class jdk/internal/module/ModulePatcher$PatchedModuleReader done
Event: 7.720 Loading class sun/net/www/protocol/jrt/Handler
Event: 7.720 Loading class sun/net/www/protocol/jrt/Handler done
Event: 7.792 Loading class sun/text/resources/cldr/FormatData_en
Event: 7.793 Loading class sun/text/resources/cldr/FormatData_en done
Event: 7.793 Loading class sun/text/resources/cldr/FormatData_en_US
Event: 7.793 Loading class sun/text/resources/cldr/FormatData_en_US done

Classes unloaded (0 events):
No events

Classes redefined (0 events):
No events

Internal exceptions (11 events):
Event: 5.243 Thread 0x00000201c79f1110 Exception <a 'java/lang/NoSuchMethodError'{0x000000071af06a08}: 'java.lang.Object java.lang.invoke.Invokers$Holder.invokeExact_MT(java.lang.Object, java.lang.Object, java.lang.Object, java.lang.Object, java.lang.Object)'> (0x000000071af06a08) 
thrown [s\open\src\hotspot\share\interpreter\linkResolver.cpp, line 773]
Event: 5.261 Thread 0x00000201c79f1110 Exception <a 'java/lang/NullPointerException'{0x000000071af5c200}> (0x000000071af5c200) 
thrown [s\open\src\hotspot\share\interpreter\linkResolver.cpp, line 1373]
Event: 5.287 Thread 0x00000201c79f1110 Exception <a 'java/lang/NullPointerException'{0x000000071af943e8}> (0x000000071af943e8) 
thrown [s\open\src\hotspot\share\interpreter\linkResolver.cpp, line 1373]
Event: 5.287 Thread 0x00000201c79f1110 Exception <a 'java/lang/NullPointerException'{0x000000071af946c8}> (0x000000071af946c8) 
thrown [s\open\src\hotspot\share\interpreter\linkResolver.cpp, line 1373]
Event: 5.287 Thread 0x00000201c79f1110 Exception <a 'java/lang/NullPointerException'{0x000000071af949a8}> (0x000000071af949a8) 
thrown [s\open\src\hotspot\share\interpreter\linkResolver.cpp, line 1373]
Event: 5.290 Thread 0x00000201c79f1110 Exception <a 'java/lang/NullPointerException'{0x000000071af99780}> (0x000000071af99780) 
thrown [s\open\src\hotspot\share\interpreter\linkResolver.cpp, line 1373]
Event: 5.294 Thread 0x00000201c79f1110 Exception <a 'java/lang/NullPointerException'{0x000000071afac1a0}> (0x000000071afac1a0) 
thrown [s\open\src\hotspot\share\interpreter\linkResolver.cpp, line 1373]
Event: 5.294 Thread 0x00000201c79f1110 Exception <a 'java/lang/NullPointerException'{0x000000071afac480}> (0x000000071afac480) 
thrown [s\open\src\hotspot\share\interpreter\linkResolver.cpp, line 1373]
Event: 5.294 Thread 0x00000201c79f1110 Exception <a 'java/lang/NullPointerException'{0x000000071afac760}> (0x000000071afac760) 
thrown [s\open\src\hotspot\share\interpreter\linkResolver.cpp, line 1373]
Event: 5.294 Thread 0x00000201c79f1110 Exception <a 'java/lang/NullPointerException'{0x000000071afaca40}> (0x000000071afaca40) 
thrown [s\open\src\hotspot\share\interpreter\linkResolver.cpp, line 1373]
Event: 6.708 Thread 0x00000201c79f1110 Exception <a 'java/lang/NoSuchMethodError'{0x000000071adc3618}: 'java.lang.Object java.lang.invoke.DirectMethodHandle$Holder.invokeSpecialIFC(java.lang.Object, java.lang.Object, java.lang.Object, java.lang.Object)'> (0x000000071adc3618) 
thrown [s\open\src\hotspot\share\interpreter\linkResolver.cpp, line 773]

VM Operations (16 events):
Event: 1.473 Executing VM operation: HandshakeAllThreads
Event: 2.018 Executing VM operation: HandshakeAllThreads done
Event: 3.021 Executing VM operation: Cleanup
Event: 3.022 Executing VM operation: Cleanup done
Event: 5.256 Executing VM operation: HandshakeAllThreads
Event: 5.256 Executing VM operation: HandshakeAllThreads done
Event: 5.256 Executing VM operation: Cleanup
Event: 5.256 Executing VM operation: Cleanup done
Event: 5.269 Executing VM operation: HandshakeAllThreads
Event: 5.269 Executing VM operation: HandshakeAllThreads done
Event: 6.266 Executing VM operation: Cleanup
Event: 6.266 Executing VM operation: Cleanup done
Event: 6.823 Executing VM operation: HandshakeAllThreads
Event: 6.823 Executing VM operation: HandshakeAllThreads done
Event: 7.819 Executing VM operation: Cleanup
Event: 7.820 Executing VM operation: Cleanup done

Events (16 events):
Event: 1.107 Thread 0x00000201c79f1110 Thread added: 0x00000201c79f1110
Event: 1.416 Thread 0x00000201e7788310 Thread added: 0x00000201e7788310
Event: 1.416 Thread 0x00000201e77890b0 Thread added: 0x00000201e77890b0
Event: 1.416 Thread 0x00000201e7789e50 Thread added: 0x00000201e7789e50
Event: 1.416 Thread 0x00000201e778b7a0 Thread added: 0x00000201e778b7a0
Event: 1.416 Thread 0x00000201e778c0e0 Thread added: 0x00000201e778c0e0
Event: 1.417 Thread 0x00000201e778ca20 Thread added: 0x00000201e778ca20
Event: 1.417 Thread 0x00000201e778e6a0 Thread added: 0x00000201e778e6a0
Event: 1.418 Thread 0x00000201e7791ea0 Thread added: 0x00000201e7791ea0
Event: 1.431 Thread 0x00000201eb948c10 Thread added: 0x00000201eb948c10
Event: 1.451 Thread 0x00000201eba56fd0 Thread added: 0x00000201eba56fd0
Event: 1.456 Thread 0x00000201eba62dc0 Thread added: 0x00000201eba62dc0
Event: 2.021 Thread 0x00000201eb948c10 Thread exited: 0x00000201eb948c10
Event: 7.708 Thread 0x00000201eb9a0080 Thread added: 0x00000201eb9a0080
Event: 7.708 Thread 0x00000201eb9a0610 Thread added: 0x00000201eb9a0610
Event: 7.710 Thread 0x00000201ebe0e5f0 Thread added: 0x00000201ebe0e5f0


Dynamic libraries:
0x00007ff622560000 - 0x00007ff622570000 	C:\Program Files\Java\jdk-20\bin\java.exe
0x00007ff8a2c80000 - 0x00007ff8a2e89000 	C:\Windows\SYSTEM32\ntdll.dll
0x00007ff8a0b80000 - 0x00007ff8a0c3d000 	C:\Windows\System32\KERNEL32.DLL
0x00007ff8a0110000 - 0x00007ff8a0494000 	C:\Windows\System32\KERNELBASE.dll
0x00007ff8a04d0000 - 0x00007ff8a05e1000 	C:\Windows\System32\ucrtbase.dll
0x00007ff890a20000 - 0x00007ff890a39000 	C:\Program Files\Java\jdk-20\bin\jli.dll
0x00007ff8a2b80000 - 0x00007ff8a2c2e000 	C:\Windows\System32\ADVAPI32.dll
0x00007ff8a0eb0000 - 0x00007ff8a0f53000 	C:\Windows\System32\msvcrt.dll
0x00007ff8a1910000 - 0x00007ff8a19ae000 	C:\Windows\System32\sechost.dll
0x00007ff8a10c0000 - 0x00007ff8a11e1000 	C:\Windows\System32\RPCRT4.dll
0x00007ff8a28b0000 - 0x00007ff8a2a5d000 	C:\Windows\System32\USER32.dll
0x00007ff8a04a0000 - 0x00007ff8a04c6000 	C:\Windows\System32\win32u.dll
0x00007ff8a0c40000 - 0x00007ff8a0c6a000 	C:\Windows\System32\GDI32.dll
0x00007ff8a07d0000 - 0x00007ff8a08ee000 	C:\Windows\System32\gdi32full.dll
0x00007ff8a0730000 - 0x00007ff8a07cd000 	C:\Windows\System32\msvcp_win.dll
0x00007ff8967c0000 - 0x00007ff8967db000 	C:\Program Files\Java\jdk-20\bin\VCRUNTIME140.dll
0x00007ff889e00000 - 0x00007ff88a0a5000 	C:\Windows\WinSxS\amd64_microsoft.windows.common-controls_6595b64144ccf1df_6.0.22000.120_none_9d947278b86cc467\COMCTL32.dll
0x00007ff896fa0000 - 0x00007ff896faa000 	C:\Windows\SYSTEM32\VERSION.dll
0x00007ff8a2a60000 - 0x00007ff8a2a91000 	C:\Windows\System32\IMM32.DLL
0x00007ff89c110000 - 0x00007ff89c11c000 	C:\Program Files\Java\jdk-20\bin\vcruntime140_1.dll
0x00007ff88f320000 - 0x00007ff88f3ae000 	C:\Program Files\Java\jdk-20\bin\msvcp140.dll
0x00007ff815810000 - 0x00007ff8164a8000 	C:\Program Files\Java\jdk-20\bin\server\jvm.dll
0x00007ff89c120000 - 0x00007ff89c129000 	C:\Windows\SYSTEM32\WSOCK32.dll
0x00007ff8a1290000 - 0x00007ff8a12ff000 	C:\Windows\System32\WS2_32.dll
0x00007ff898e20000 - 0x00007ff898e53000 	C:\Windows\SYSTEM32\WINMM.dll
0x00007ff89f1f0000 - 0x00007ff89f208000 	C:\Windows\SYSTEM32\kernel.appcore.dll
0x00007ff89a260000 - 0x00007ff89a26a000 	C:\Program Files\Java\jdk-20\bin\jimage.dll
0x00007ff89dcb0000 - 0x00007ff89ded1000 	C:\Windows\SYSTEM32\DBGHELP.DLL
0x00007ff886a60000 - 0x00007ff886a91000 	C:\Windows\SYSTEM32\dbgcore.DLL
0x00007ff8a05f0000 - 0x00007ff8a066f000 	C:\Windows\System32\bcryptPrimitives.dll
0x00007ff894e60000 - 0x00007ff894e86000 	C:\Program Files\Java\jdk-20\bin\java.dll
0x00007ff87e8e0000 - 0x00007ff87e9b7000 	C:\Program Files\Java\jdk-20\bin\jsvml.dll
0x00007ff8a1aa0000 - 0x00007ff8a2265000 	C:\Windows\System32\SHELL32.dll
0x00007ff89e1e0000 - 0x00007ff89ea42000 	C:\Windows\SYSTEM32\windows.storage.dll
0x00007ff8a1590000 - 0x00007ff8a1906000 	C:\Windows\System32\combase.dll
0x00007ff89e070000 - 0x00007ff89e1d7000 	C:\Windows\SYSTEM32\wintypes.dll
0x00007ff8a0f60000 - 0x00007ff8a104a000 	C:\Windows\System32\SHCORE.dll
0x00007ff8a1050000 - 0x00007ff8a10ad000 	C:\Windows\System32\shlwapi.dll
0x00007ff8a0040000 - 0x00007ff8a0065000 	C:\Windows\SYSTEM32\profapi.dll
0x00007ff8967a0000 - 0x00007ff8967b3000 	C:\Program Files\Java\jdk-20\bin\net.dll
0x00007ff89b5f0000 - 0x00007ff89b704000 	C:\Windows\SYSTEM32\WINHTTP.dll
0x00007ff89f6a0000 - 0x00007ff89f707000 	C:\Windows\system32\mswsock.dll
0x00007ff894e40000 - 0x00007ff894e56000 	C:\Program Files\Java\jdk-20\bin\nio.dll
0x00007ff891e40000 - 0x00007ff891e58000 	C:\Program Files\Java\jdk-20\bin\zip.dll
0x0000000069ac0000 - 0x0000000069ae4000 	C:\Program Files\NetBeans-18\netbeans\java\maven\lib\jansi-native\Windows\x86_64\jansi.dll
0x00007ff896640000 - 0x00007ff896650000 	C:\Program Files\Java\jdk-20\bin\verify.dll

dbghelp: loaded successfully - version: 4.0.5 - missing functions: none
symbol engine: initialized successfully - sym options: 0x614 - pdb path: .;C:\Program Files\Java\jdk-20\bin;C:\Windows\SYSTEM32;C:\Windows\WinSxS\amd64_microsoft.windows.common-controls_6595b64144ccf1df_6.0.22000.120_none_9d947278b86cc467;C:\Program Files\Java\jdk-20\bin\server;C:\Program Files\NetBeans-18\netbeans\java\maven\lib\jansi-native\Windows\x86_64

VM Arguments:
jvm_args: -Dclassworlds.conf=C:\Program Files\NetBeans-18\netbeans\java\maven\bin\m2.conf -Dmaven.home=C:\Program Files\NetBeans-18\netbeans\java\maven -Dlibrary.jansi.path=C:\Program Files\NetBeans-18\netbeans\java\maven\lib\jansi-native -Dmaven.multiModuleProjectDirectory=C:\Users\FLOW\Documents\NetBeansProjects\Peminjaman-Ruang 
java_command: org.codehaus.plexus.classworlds.launcher.Launcher -Dexec.vmArgs= -Dexec.args=${exec.vmArgs} -classpath %classpath ${exec.mainClass} ${exec.appArgs} -Dexec.appArgs= -Dexec.mainClass=peminjaman.peminjaman.ruang.PeminjamanRuang -Dexec.executable=C:\Program Files\Java\jdk-20\bin\java.exe -Dmaven.ext.class.path=C:\Program Files\NetBeans-18\netbeans\java\maven-nblib\netbeans-eventspy.jar --no-transfer-progress process-classes org.codehaus.mojo:exec-maven-plugin:3.1.0:exec
java_class_path (initial): C:\Program Files\NetBeans-18\netbeans\java\maven\boot\plexus-classworlds-2.6.0.jar
Launcher Type: SUN_STANDARD

[Global flags]
     intx CICompilerCount                          = 12                                        {product} {ergonomic}
     uint ConcGCThreads                            = 3                                         {product} {ergonomic}
     uint G1ConcRefinementThreads                  = 13                                        {product} {ergonomic}
   size_t G1HeapRegionSize                         = 2097152                                   {product} {ergonomic}
    uintx GCDrainStackTargetSize                   = 64                                        {product} {ergonomic}
   size_t InitialHeapSize                          = 255852544                                 {product} {ergonomic}
   size_t MarkStackSize                            = 4194304                                   {product} {ergonomic}
   size_t MaxHeapSize                              = 4093640704                                {product} {ergonomic}
   size_t MaxNewSize                               = 2455764992                                {product} {ergonomic}
   size_t MinHeapDeltaBytes                        = 2097152                                   {product} {ergonomic}
   size_t MinHeapSize                              = 8388608                                   {product} {ergonomic}
    uintx NonNMethodCodeHeapSize                   = 7602480                                {pd product} {ergonomic}
    uintx NonProfiledCodeHeapSize                  = 122027880                              {pd product} {ergonomic}
    uintx ProfiledCodeHeapSize                     = 122027880                              {pd product} {ergonomic}
    uintx ReservedCodeCacheSize                    = 251658240                              {pd product} {ergonomic}
     bool SegmentedCodeCache                       = true                                      {product} {ergonomic}
   size_t SoftMaxHeapSize                          = 4093640704                             {manageable} {ergonomic}
     bool UseCompressedClassPointers               = true                           {product lp64_product} {ergonomic}
     bool UseCompressedOops                        = true                           {product lp64_product} {ergonomic}
     bool UseG1GC                                  = true                                      {product} {ergonomic}
     bool UseLargePagesIndividualAllocation        = false                                  {pd product} {ergonomic}

Logging:
Log output configuration:
 #0: stdout all=warning uptime,level,tags foldmultilines=false
 #1: stderr all=off uptime,level,tags foldmultilines=false

Environment Variables:
JAVA_HOME=C:\Program Files\Java\jdk-20
PATH=C:\Program Files\Common Files\Oracle\Java\javapath;C:\Windows\system32;C:\Windows;C:\Windows\System32\Wbem;C:\Windows\System32\WindowsPowerShell\v1.0\;C:\Windows\System32\OpenSSH\;C:\Program Files (x86)\NVIDIA Corporation\PhysX\Common;C:\Program Files\NVIDIA Corporation\NVIDIA NvDLISR;C:\Users\FLOW\AppData\Local\Programs\Python\Launcher\;C:\Users\FLOW\AppData\Local\Microsoft\WindowsApps;;C:\Users\FLOW\AppData\Local\Programs\Microsoft VS Code\bin
USERNAME=FLOW
OS=Windows_NT
PROCESSOR_IDENTIFIER=AMD64 Family 25 Model 68 Stepping 1, AuthenticAMD
TMP=C:\Users\FLOW\AppData\Local\Temp
TEMP=C:\Users\FLOW\AppData\Local\Temp




---------------  S Y S T E M  ---------------

OS:
 Windows 11 , 64 bit Build 22000 (10.0.22000.2360)
OS uptime: 0 days 7:30 hours

CPU: total 16 (initial active 16) (16 cores per cpu, 2 threads per core) family 25 model 68 stepping 1 microcode 0x0, cx8, cmov, fxsr, ht, mmx, 3dnowpref, sse, sse2, sse3, ssse3, sse4a, sse4.1, sse4.2, popcnt, lzcnt, tsc, tscinvbit, avx, avx2, aes, erms, clmul, bmi1, bmi2, adx, sha, fma, vzeroupper, clflush, clflushopt, rdtscp, rdpid, fsrm, f16c, pku, cet_ss

Memory: 4k page, system-wide physical 15612M (517M free)
TotalPageFile size 62716M (AvailPageFile size 3M)
current process WorkingSet (physical memory assigned to process): 52M, peak: 52M
current process commit charge ("private bytes"): 346M, peak: 346M

vm_info: Java HotSpot(TM) 64-Bit Server VM (20.0.2+9-78) for windows-amd64 JRE (20.0.2+9-78), built on 2023-06-14T10:08:48Z by "mach5one" with MS VC++ 17.1 (VS2022)

END.
