#
# There is insufficient memory for the Java Runtime Environment to continue.
# Native memory allocation (malloc) failed to allocate 138496 bytes for Chunk::new
# Possible reasons:
#   The system is out of physical RAM or swap space
#   The process is running with CompressedOops enabled, and the Java Heap may be blocking the growth of the native heap
# Possible solutions:
#   Reduce memory load on the system
#   Increase physical memory or swap space
#   Check if swap backing store is full
#   Decrease Java heap size (-Xmx/-Xms)
#   Decrease number of Java threads
#   Decrease Java thread stack sizes (-Xss)
#   Set larger code cache with -XX:ReservedCodeCacheSize=
#   JVM is running with Zero Based Compressed Oops mode in which the Java heap is
#     placed in the first 32GB address space. The Java Heap base address is the
#     maximum limit for the native heap growth. Please use -XX:HeapBaseMinAddress
#     to set the Java Heap base and to place the Java Heap above 32GB virtual address.
# This output file may be truncated or incomplete.
#
#  Out of Memory Error (arena.cpp:184), pid=30732, tid=36776
#
# JRE version: Java(TM) SE Runtime Environment (20.0.2+9) (build 20.0.2+9-78)
# Java VM: Java HotSpot(TM) 64-Bit Server VM (20.0.2+9-78, mixed mode, sharing, tiered, compressed oops, compressed class ptrs, g1 gc, windows-amd64)
# No core dump will be written. Minidumps are not enabled by default on client versions of Windows
#

---------------  S U M M A R Y ------------

Command Line: -Dclassworlds.conf=C:\Program Files\NetBeans-18\netbeans\java\maven\bin\m2.conf -Dmaven.home=C:\Program Files\NetBeans-18\netbeans\java\maven -Dlibrary.jansi.path=C:\Program Files\NetBeans-18\netbeans\java\maven\lib\jansi-native -Dmaven.multiModuleProjectDirectory=C:\Users\FLOW\Documents\NetBeansProjects\Peminjaman-Ruang org.codehaus.plexus.classworlds.launcher.Launcher -Dexec.vmArgs= -Dexec.args=${exec.vmArgs} -classpath %classpath ${exec.mainClass} ${exec.appArgs} -Dexec.appArgs= -Dexec.mainClass=peminjaman.peminjaman.ruang.PeminjamanRuang -Dexec.executable=C:\Program Files\Java\jdk-20\bin\java.exe -Dmaven.ext.class.path=C:\Program Files\NetBeans-18\netbeans\java\maven-nblib\netbeans-eventspy.jar --no-transfer-progress process-classes org.codehaus.mojo:exec-maven-plugin:3.1.0:exec

Host: AMD Ryzen 9 6900HS with Radeon Graphics        , 16 cores, 15G,  Windows 11 , 64 bit Build 22000 (10.0.22000.2360)
Time: Sun Oct  8 15:01:58 2023 Malay Peninsula Standard Time elapsed time: 24.775645 seconds (0d 0h 0m 24s)

---------------  T H R E A D  ---------------

Current thread (0x000001b3d993ecd0):  JavaThread "C2 CompilerThread0" daemon [_thread_in_native, id=36776, stack(0x00000040ffa00000,0x00000040ffb00000)]


Current CompileTask:
C2:  24775  766   !   4       java.util.zip.ZipFile$Source::getEntryPos (195 bytes)

Stack: [0x00000040ffa00000,0x00000040ffb00000]
Native frames: (J=compiled Java code, j=interpreted, Vv=VM code, C=native code)
V  [jvm.dll+0x6bc25a]
V  [jvm.dll+0x84971a]
V  [jvm.dll+0x84b315]
V  [jvm.dll+0x84ba13]
V  [jvm.dll+0x280e4f]
V  [jvm.dll+0xc2ab1]
V  [jvm.dll+0xc2dd5]
V  [jvm.dll+0x2f611f]
V  [jvm.dll+0x5e3b0b]
V  [jvm.dll+0x254684]
V  [jvm.dll+0x254a4f]
V  [jvm.dll+0x24d23d]
V  [jvm.dll+0x24a819]
V  [jvm.dll+0x1ce761]
V  [jvm.dll+0x25a0eb]
V  [jvm.dll+0x2587c0]
V  [jvm.dll+0x3f2dd5]
V  [jvm.dll+0x7f5c76]
V  [jvm.dll+0x6baecb]
C  [ucrtbase.dll+0x26c0c]
C  [KERNEL32.DLL+0x153e0]
C  [ntdll.dll+0x485b]


---------------  P R O C E S S  ---------------

Threads class SMR info:
_java_thread_list=0x000001b41f0b5a70, length=14, elements={
0x000001b3b9c51190, 0x000001b3d9938de0, 0x000001b3d9939880, 0x000001b3d993a480,
0x000001b3d993bdd0, 0x000001b3d993c710, 0x000001b3d993d050, 0x000001b3d993ecd0,
0x000001b3d9941660, 0x000001b41ec36ae0, 0x000001b41ec39820, 0x000001b41f0daee0,
0x000001b41f0dc2a0, 0x000001b41f0dd040
}

Java Threads: ( => current thread )
  0x000001b3b9c51190 JavaThread "main" [_thread_in_native, id=30780, stack(0x00000040fed00000,0x00000040fee00000)]
  0x000001b3d9938de0 JavaThread "Reference Handler" daemon [_thread_blocked, id=36752, stack(0x00000040ff400000,0x00000040ff500000)]
  0x000001b3d9939880 JavaThread "Finalizer" daemon [_thread_blocked, id=36756, stack(0x00000040ff500000,0x00000040ff600000)]
  0x000001b3d993a480 JavaThread "Signal Dispatcher" daemon [_thread_blocked, id=36760, stack(0x00000040ff600000,0x00000040ff700000)]
  0x000001b3d993bdd0 JavaThread "Attach Listener" daemon [_thread_blocked, id=36764, stack(0x00000040ff700000,0x00000040ff800000)]
  0x000001b3d993c710 JavaThread "Service Thread" daemon [_thread_blocked, id=36768, stack(0x00000040ff800000,0x00000040ff900000)]
  0x000001b3d993d050 JavaThread "Monitor Deflation Thread" daemon [_thread_blocked, id=36772, stack(0x00000040ff900000,0x00000040ffa00000)]
=>0x000001b3d993ecd0 JavaThread "C2 CompilerThread0" daemon [_thread_in_native, id=36776, stack(0x00000040ffa00000,0x00000040ffb00000)]
  0x000001b3d9941660 JavaThread "C1 CompilerThread0" daemon [_thread_blocked, id=33220, stack(0x00000040ffb00000,0x00000040ffc00000)]
  0x000001b41ec36ae0 JavaThread "Notification Thread" daemon [_thread_blocked, id=34472, stack(0x00000040ffc00000,0x00000040ffd00000)]
  0x000001b41ec39820 JavaThread "Common-Cleaner" daemon [_thread_blocked, id=33764, stack(0x00000040ffe00000,0x00000040fff00000)]
  0x000001b41f0daee0 JavaThread "C1 CompilerThread1" daemon [_thread_blocked, id=41532, stack(0x0000004080000000,0x0000004080100000)]
  0x000001b41f0dc2a0 JavaThread "C1 CompilerThread2" daemon [_thread_blocked, id=41536, stack(0x0000004080100000,0x0000004080200000)]
  0x000001b41f0dd040 JavaThread "C1 CompilerThread3" daemon [_thread_blocked, id=44252, stack(0x0000004080200000,0x0000004080300000)]

Other Threads:
  0x000001b3d991ac90 VMThread "VM Thread" [stack: 0x00000040ff300000,0x00000040ff400000] [id=36296]
  0x000001b3d997ecb0 WatcherThread "VM Periodic Task Thread" [stack: 0x00000040ffd00000,0x00000040ffe00000] [id=15140]
  0x000001b3b9cbcad0 WorkerThread "GC Thread#0" [stack: 0x00000040fee00000,0x00000040fef00000] [id=33524]
  0x000001b3b9ccddf0 ConcurrentGCThread "G1 Main Marker" [stack: 0x00000040fef00000,0x00000040ff000000] [id=33528]
  0x000001b3b9cd0730 WorkerThread "G1 Conc#0" [stack: 0x00000040ff000000,0x00000040ff100000] [id=33532]
  0x000001b3b9d1e9b0 ConcurrentGCThread "G1 Refine#0" [stack: 0x00000040ff100000,0x00000040ff200000] [id=33540]
  0x000001b3d97d7540 ConcurrentGCThread "G1 Service" [stack: 0x00000040ff200000,0x00000040ff300000] [id=33544]

Threads with active compile tasks:
C2 CompilerThread0    24793  766   !   4       java.util.zip.ZipFile$Source::getEntryPos (195 bytes)

VM state: not at safepoint (normal execution)

VM Mutex/Monitor currently owned by a thread: None

Heap address: 0x000000070c000000, size: 3904 MB, Compressed Oops mode: Zero based, Oop shift amount: 3

CDS archive(s) mapped at: [0x000001b3d9c00000-0x000001b3da860000-0x000001b3da860000), size 12976128, SharedBaseAddress: 0x000001b3d9c00000, ArchiveRelocationMode: 1.
Compressed class space mapped at: 0x000001b3dac00000-0x000001b41ac00000, reserved size: 1073741824
Narrow klass base: 0x000001b3d9c00000, Narrow klass shift: 0, Narrow klass range: 0x100000000

GC Precious Log:
 CardTable entry size: 512
 Card Set container configuration: InlinePtr #cards 4 size 8 Array Of Cards #cards 16 size 48 Howl #buckets 8 coarsen threshold 3686 Howl Bitmap #cards 512 size 80 coarsen threshold 460 Card regions per heap region 1 cards per card region 4096
 CPUs: 16 total, 16 available
 Memory: 15612M
 Large Page Support: Disabled
 NUMA Support: Disabled
 Compressed Oops: Enabled (Zero based)
 Heap Region Size: 2M
 Heap Min Capacity: 8M
 Heap Initial Capacity: 244M
 Heap Max Capacity: 3904M
 Pre-touch: Disabled
 Parallel Workers: 13
 Concurrent Workers: 3
 Concurrent Refinement Workers: 13
 Periodic GC: Disabled

Heap:
 garbage-first heap   total 249856K, used 10240K [0x000000070c000000, 0x0000000800000000)
  region size 2048K, 6 young (12288K), 0 survivors (0K)
 Metaspace       used 2478K, committed 2624K, reserved 1114112K
  class space    used 229K, committed 320K, reserved 1048576K

Heap Regions: E=young(eden), S=young(survivor), O=old, HS=humongous(starts), HC=humongous(continues), CS=collection set, F=free, OA=open archive, CA=closed archive, TAMS=top-at-mark-start, PB=parsable bottom
|   0|0x000000070c000000, 0x000000070c000000, 0x000000070c200000|  0%| F|  |TAMS 0x000000070c000000| PB 0x000000070c000000| Untracked 
|   1|0x000000070c200000, 0x000000070c200000, 0x000000070c400000|  0%| F|  |TAMS 0x000000070c200000| PB 0x000000070c200000| Untracked 
|   2|0x000000070c400000, 0x000000070c400000, 0x000000070c600000|  0%| F|  |TAMS 0x000000070c400000| PB 0x000000070c400000| Untracked 
|   3|0x000000070c600000, 0x000000070c600000, 0x000000070c800000|  0%| F|  |TAMS 0x000000070c600000| PB 0x000000070c600000| Untracked 
|   4|0x000000070c800000, 0x000000070c800000, 0x000000070ca00000|  0%| F|  |TAMS 0x000000070c800000| PB 0x000000070c800000| Untracked 
|   5|0x000000070ca00000, 0x000000070ca00000, 0x000000070cc00000|  0%| F|  |TAMS 0x000000070ca00000| PB 0x000000070ca00000| Untracked 
|   6|0x000000070cc00000, 0x000000070cc00000, 0x000000070ce00000|  0%| F|  |TAMS 0x000000070cc00000| PB 0x000000070cc00000| Untracked 
|   7|0x000000070ce00000, 0x000000070ce00000, 0x000000070d000000|  0%| F|  |TAMS 0x000000070ce00000| PB 0x000000070ce00000| Untracked 
|   8|0x000000070d000000, 0x000000070d000000, 0x000000070d200000|  0%| F|  |TAMS 0x000000070d000000| PB 0x000000070d000000| Untracked 
|   9|0x000000070d200000, 0x000000070d200000, 0x000000070d400000|  0%| F|  |TAMS 0x000000070d200000| PB 0x000000070d200000| Untracked 
|  10|0x000000070d400000, 0x000000070d400000, 0x000000070d600000|  0%| F|  |TAMS 0x000000070d400000| PB 0x000000070d400000| Untracked 
|  11|0x000000070d600000, 0x000000070d600000, 0x000000070d800000|  0%| F|  |TAMS 0x000000070d600000| PB 0x000000070d600000| Untracked 
|  12|0x000000070d800000, 0x000000070d800000, 0x000000070da00000|  0%| F|  |TAMS 0x000000070d800000| PB 0x000000070d800000| Untracked 
|  13|0x000000070da00000, 0x000000070da00000, 0x000000070dc00000|  0%| F|  |TAMS 0x000000070da00000| PB 0x000000070da00000| Untracked 
|  14|0x000000070dc00000, 0x000000070dc00000, 0x000000070de00000|  0%| F|  |TAMS 0x000000070dc00000| PB 0x000000070dc00000| Untracked 
|  15|0x000000070de00000, 0x000000070de00000, 0x000000070e000000|  0%| F|  |TAMS 0x000000070de00000| PB 0x000000070de00000| Untracked 
|  16|0x000000070e000000, 0x000000070e000000, 0x000000070e200000|  0%| F|  |TAMS 0x000000070e000000| PB 0x000000070e000000| Untracked 
|  17|0x000000070e200000, 0x000000070e200000, 0x000000070e400000|  0%| F|  |TAMS 0x000000070e200000| PB 0x000000070e200000| Untracked 
|  18|0x000000070e400000, 0x000000070e400000, 0x000000070e600000|  0%| F|  |TAMS 0x000000070e400000| PB 0x000000070e400000| Untracked 
|  19|0x000000070e600000, 0x000000070e600000, 0x000000070e800000|  0%| F|  |TAMS 0x000000070e600000| PB 0x000000070e600000| Untracked 
|  20|0x000000070e800000, 0x000000070e800000, 0x000000070ea00000|  0%| F|  |TAMS 0x000000070e800000| PB 0x000000070e800000| Untracked 
|  21|0x000000070ea00000, 0x000000070ea00000, 0x000000070ec00000|  0%| F|  |TAMS 0x000000070ea00000| PB 0x000000070ea00000| Untracked 
|  22|0x000000070ec00000, 0x000000070ec00000, 0x000000070ee00000|  0%| F|  |TAMS 0x000000070ec00000| PB 0x000000070ec00000| Untracked 
|  23|0x000000070ee00000, 0x000000070ee00000, 0x000000070f000000|  0%| F|  |TAMS 0x000000070ee00000| PB 0x000000070ee00000| Untracked 
|  24|0x000000070f000000, 0x000000070f000000, 0x000000070f200000|  0%| F|  |TAMS 0x000000070f000000| PB 0x000000070f000000| Untracked 
|  25|0x000000070f200000, 0x000000070f200000, 0x000000070f400000|  0%| F|  |TAMS 0x000000070f200000| PB 0x000000070f200000| Untracked 
|  26|0x000000070f400000, 0x000000070f400000, 0x000000070f600000|  0%| F|  |TAMS 0x000000070f400000| PB 0x000000070f400000| Untracked 
|  27|0x000000070f600000, 0x000000070f600000, 0x000000070f800000|  0%| F|  |TAMS 0x000000070f600000| PB 0x000000070f600000| Untracked 
|  28|0x000000070f800000, 0x000000070f800000, 0x000000070fa00000|  0%| F|  |TAMS 0x000000070f800000| PB 0x000000070f800000| Untracked 
|  29|0x000000070fa00000, 0x000000070fa00000, 0x000000070fc00000|  0%| F|  |TAMS 0x000000070fa00000| PB 0x000000070fa00000| Untracked 
|  30|0x000000070fc00000, 0x000000070fc00000, 0x000000070fe00000|  0%| F|  |TAMS 0x000000070fc00000| PB 0x000000070fc00000| Untracked 
|  31|0x000000070fe00000, 0x000000070fe00000, 0x0000000710000000|  0%| F|  |TAMS 0x000000070fe00000| PB 0x000000070fe00000| Untracked 
|  32|0x0000000710000000, 0x0000000710000000, 0x0000000710200000|  0%| F|  |TAMS 0x0000000710000000| PB 0x0000000710000000| Untracked 
|  33|0x0000000710200000, 0x0000000710200000, 0x0000000710400000|  0%| F|  |TAMS 0x0000000710200000| PB 0x0000000710200000| Untracked 
|  34|0x0000000710400000, 0x0000000710400000, 0x0000000710600000|  0%| F|  |TAMS 0x0000000710400000| PB 0x0000000710400000| Untracked 
|  35|0x0000000710600000, 0x0000000710600000, 0x0000000710800000|  0%| F|  |TAMS 0x0000000710600000| PB 0x0000000710600000| Untracked 
|  36|0x0000000710800000, 0x0000000710800000, 0x0000000710a00000|  0%| F|  |TAMS 0x0000000710800000| PB 0x0000000710800000| Untracked 
|  37|0x0000000710a00000, 0x0000000710a00000, 0x0000000710c00000|  0%| F|  |TAMS 0x0000000710a00000| PB 0x0000000710a00000| Untracked 
|  38|0x0000000710c00000, 0x0000000710c00000, 0x0000000710e00000|  0%| F|  |TAMS 0x0000000710c00000| PB 0x0000000710c00000| Untracked 
|  39|0x0000000710e00000, 0x0000000710e00000, 0x0000000711000000|  0%| F|  |TAMS 0x0000000710e00000| PB 0x0000000710e00000| Untracked 
|  40|0x0000000711000000, 0x0000000711000000, 0x0000000711200000|  0%| F|  |TAMS 0x0000000711000000| PB 0x0000000711000000| Untracked 
|  41|0x0000000711200000, 0x0000000711200000, 0x0000000711400000|  0%| F|  |TAMS 0x0000000711200000| PB 0x0000000711200000| Untracked 
|  42|0x0000000711400000, 0x0000000711400000, 0x0000000711600000|  0%| F|  |TAMS 0x0000000711400000| PB 0x0000000711400000| Untracked 
|  43|0x0000000711600000, 0x0000000711600000, 0x0000000711800000|  0%| F|  |TAMS 0x0000000711600000| PB 0x0000000711600000| Untracked 
|  44|0x0000000711800000, 0x0000000711800000, 0x0000000711a00000|  0%| F|  |TAMS 0x0000000711800000| PB 0x0000000711800000| Untracked 
|  45|0x0000000711a00000, 0x0000000711a00000, 0x0000000711c00000|  0%| F|  |TAMS 0x0000000711a00000| PB 0x0000000711a00000| Untracked 
|  46|0x0000000711c00000, 0x0000000711c00000, 0x0000000711e00000|  0%| F|  |TAMS 0x0000000711c00000| PB 0x0000000711c00000| Untracked 
|  47|0x0000000711e00000, 0x0000000711e00000, 0x0000000712000000|  0%| F|  |TAMS 0x0000000711e00000| PB 0x0000000711e00000| Untracked 
|  48|0x0000000712000000, 0x0000000712000000, 0x0000000712200000|  0%| F|  |TAMS 0x0000000712000000| PB 0x0000000712000000| Untracked 
|  49|0x0000000712200000, 0x0000000712200000, 0x0000000712400000|  0%| F|  |TAMS 0x0000000712200000| PB 0x0000000712200000| Untracked 
|  50|0x0000000712400000, 0x0000000712400000, 0x0000000712600000|  0%| F|  |TAMS 0x0000000712400000| PB 0x0000000712400000| Untracked 
|  51|0x0000000712600000, 0x0000000712600000, 0x0000000712800000|  0%| F|  |TAMS 0x0000000712600000| PB 0x0000000712600000| Untracked 
|  52|0x0000000712800000, 0x0000000712800000, 0x0000000712a00000|  0%| F|  |TAMS 0x0000000712800000| PB 0x0000000712800000| Untracked 
|  53|0x0000000712a00000, 0x0000000712a00000, 0x0000000712c00000|  0%| F|  |TAMS 0x0000000712a00000| PB 0x0000000712a00000| Untracked 
|  54|0x0000000712c00000, 0x0000000712c00000, 0x0000000712e00000|  0%| F|  |TAMS 0x0000000712c00000| PB 0x0000000712c00000| Untracked 
|  55|0x0000000712e00000, 0x0000000712e00000, 0x0000000713000000|  0%| F|  |TAMS 0x0000000712e00000| PB 0x0000000712e00000| Untracked 
|  56|0x0000000713000000, 0x0000000713000000, 0x0000000713200000|  0%| F|  |TAMS 0x0000000713000000| PB 0x0000000713000000| Untracked 
|  57|0x0000000713200000, 0x0000000713200000, 0x0000000713400000|  0%| F|  |TAMS 0x0000000713200000| PB 0x0000000713200000| Untracked 
|  58|0x0000000713400000, 0x0000000713400000, 0x0000000713600000|  0%| F|  |TAMS 0x0000000713400000| PB 0x0000000713400000| Untracked 
|  59|0x0000000713600000, 0x0000000713600000, 0x0000000713800000|  0%| F|  |TAMS 0x0000000713600000| PB 0x0000000713600000| Untracked 
|  60|0x0000000713800000, 0x0000000713800000, 0x0000000713a00000|  0%| F|  |TAMS 0x0000000713800000| PB 0x0000000713800000| Untracked 
|  61|0x0000000713a00000, 0x0000000713a00000, 0x0000000713c00000|  0%| F|  |TAMS 0x0000000713a00000| PB 0x0000000713a00000| Untracked 
|  62|0x0000000713c00000, 0x0000000713c00000, 0x0000000713e00000|  0%| F|  |TAMS 0x0000000713c00000| PB 0x0000000713c00000| Untracked 
|  63|0x0000000713e00000, 0x0000000713e00000, 0x0000000714000000|  0%| F|  |TAMS 0x0000000713e00000| PB 0x0000000713e00000| Untracked 
|  64|0x0000000714000000, 0x0000000714000000, 0x0000000714200000|  0%| F|  |TAMS 0x0000000714000000| PB 0x0000000714000000| Untracked 
|  65|0x0000000714200000, 0x0000000714200000, 0x0000000714400000|  0%| F|  |TAMS 0x0000000714200000| PB 0x0000000714200000| Untracked 
|  66|0x0000000714400000, 0x0000000714400000, 0x0000000714600000|  0%| F|  |TAMS 0x0000000714400000| PB 0x0000000714400000| Untracked 
|  67|0x0000000714600000, 0x0000000714600000, 0x0000000714800000|  0%| F|  |TAMS 0x0000000714600000| PB 0x0000000714600000| Untracked 
|  68|0x0000000714800000, 0x0000000714800000, 0x0000000714a00000|  0%| F|  |TAMS 0x0000000714800000| PB 0x0000000714800000| Untracked 
|  69|0x0000000714a00000, 0x0000000714a00000, 0x0000000714c00000|  0%| F|  |TAMS 0x0000000714a00000| PB 0x0000000714a00000| Untracked 
|  70|0x0000000714c00000, 0x0000000714c00000, 0x0000000714e00000|  0%| F|  |TAMS 0x0000000714c00000| PB 0x0000000714c00000| Untracked 
|  71|0x0000000714e00000, 0x0000000714e00000, 0x0000000715000000|  0%| F|  |TAMS 0x0000000714e00000| PB 0x0000000714e00000| Untracked 
|  72|0x0000000715000000, 0x0000000715000000, 0x0000000715200000|  0%| F|  |TAMS 0x0000000715000000| PB 0x0000000715000000| Untracked 
|  73|0x0000000715200000, 0x0000000715200000, 0x0000000715400000|  0%| F|  |TAMS 0x0000000715200000| PB 0x0000000715200000| Untracked 
|  74|0x0000000715400000, 0x0000000715400000, 0x0000000715600000|  0%| F|  |TAMS 0x0000000715400000| PB 0x0000000715400000| Untracked 
|  75|0x0000000715600000, 0x0000000715600000, 0x0000000715800000|  0%| F|  |TAMS 0x0000000715600000| PB 0x0000000715600000| Untracked 
|  76|0x0000000715800000, 0x0000000715800000, 0x0000000715a00000|  0%| F|  |TAMS 0x0000000715800000| PB 0x0000000715800000| Untracked 
|  77|0x0000000715a00000, 0x0000000715a00000, 0x0000000715c00000|  0%| F|  |TAMS 0x0000000715a00000| PB 0x0000000715a00000| Untracked 
|  78|0x0000000715c00000, 0x0000000715c00000, 0x0000000715e00000|  0%| F|  |TAMS 0x0000000715c00000| PB 0x0000000715c00000| Untracked 
|  79|0x0000000715e00000, 0x0000000715e00000, 0x0000000716000000|  0%| F|  |TAMS 0x0000000715e00000| PB 0x0000000715e00000| Untracked 
|  80|0x0000000716000000, 0x0000000716000000, 0x0000000716200000|  0%| F|  |TAMS 0x0000000716000000| PB 0x0000000716000000| Untracked 
|  81|0x0000000716200000, 0x0000000716200000, 0x0000000716400000|  0%| F|  |TAMS 0x0000000716200000| PB 0x0000000716200000| Untracked 
|  82|0x0000000716400000, 0x0000000716400000, 0x0000000716600000|  0%| F|  |TAMS 0x0000000716400000| PB 0x0000000716400000| Untracked 
|  83|0x0000000716600000, 0x0000000716600000, 0x0000000716800000|  0%| F|  |TAMS 0x0000000716600000| PB 0x0000000716600000| Untracked 
|  84|0x0000000716800000, 0x0000000716800000, 0x0000000716a00000|  0%| F|  |TAMS 0x0000000716800000| PB 0x0000000716800000| Untracked 
|  85|0x0000000716a00000, 0x0000000716a00000, 0x0000000716c00000|  0%| F|  |TAMS 0x0000000716a00000| PB 0x0000000716a00000| Untracked 
|  86|0x0000000716c00000, 0x0000000716c00000, 0x0000000716e00000|  0%| F|  |TAMS 0x0000000716c00000| PB 0x0000000716c00000| Untracked 
|  87|0x0000000716e00000, 0x0000000716e00000, 0x0000000717000000|  0%| F|  |TAMS 0x0000000716e00000| PB 0x0000000716e00000| Untracked 
|  88|0x0000000717000000, 0x0000000717000000, 0x0000000717200000|  0%| F|  |TAMS 0x0000000717000000| PB 0x0000000717000000| Untracked 
|  89|0x0000000717200000, 0x0000000717200000, 0x0000000717400000|  0%| F|  |TAMS 0x0000000717200000| PB 0x0000000717200000| Untracked 
|  90|0x0000000717400000, 0x0000000717400000, 0x0000000717600000|  0%| F|  |TAMS 0x0000000717400000| PB 0x0000000717400000| Untracked 
|  91|0x0000000717600000, 0x0000000717600000, 0x0000000717800000|  0%| F|  |TAMS 0x0000000717600000| PB 0x0000000717600000| Untracked 
|  92|0x0000000717800000, 0x0000000717800000, 0x0000000717a00000|  0%| F|  |TAMS 0x0000000717800000| PB 0x0000000717800000| Untracked 
|  93|0x0000000717a00000, 0x0000000717a00000, 0x0000000717c00000|  0%| F|  |TAMS 0x0000000717a00000| PB 0x0000000717a00000| Untracked 
|  94|0x0000000717c00000, 0x0000000717c00000, 0x0000000717e00000|  0%| F|  |TAMS 0x0000000717c00000| PB 0x0000000717c00000| Untracked 
|  95|0x0000000717e00000, 0x0000000717e00000, 0x0000000718000000|  0%| F|  |TAMS 0x0000000717e00000| PB 0x0000000717e00000| Untracked 
|  96|0x0000000718000000, 0x0000000718000000, 0x0000000718200000|  0%| F|  |TAMS 0x0000000718000000| PB 0x0000000718000000| Untracked 
|  97|0x0000000718200000, 0x0000000718200000, 0x0000000718400000|  0%| F|  |TAMS 0x0000000718200000| PB 0x0000000718200000| Untracked 
|  98|0x0000000718400000, 0x0000000718400000, 0x0000000718600000|  0%| F|  |TAMS 0x0000000718400000| PB 0x0000000718400000| Untracked 
|  99|0x0000000718600000, 0x0000000718600000, 0x0000000718800000|  0%| F|  |TAMS 0x0000000718600000| PB 0x0000000718600000| Untracked 
| 100|0x0000000718800000, 0x0000000718800000, 0x0000000718a00000|  0%| F|  |TAMS 0x0000000718800000| PB 0x0000000718800000| Untracked 
| 101|0x0000000718a00000, 0x0000000718a00000, 0x0000000718c00000|  0%| F|  |TAMS 0x0000000718a00000| PB 0x0000000718a00000| Untracked 
| 102|0x0000000718c00000, 0x0000000718c00000, 0x0000000718e00000|  0%| F|  |TAMS 0x0000000718c00000| PB 0x0000000718c00000| Untracked 
| 103|0x0000000718e00000, 0x0000000718e00000, 0x0000000719000000|  0%| F|  |TAMS 0x0000000718e00000| PB 0x0000000718e00000| Untracked 
| 104|0x0000000719000000, 0x0000000719000000, 0x0000000719200000|  0%| F|  |TAMS 0x0000000719000000| PB 0x0000000719000000| Untracked 
| 105|0x0000000719200000, 0x0000000719200000, 0x0000000719400000|  0%| F|  |TAMS 0x0000000719200000| PB 0x0000000719200000| Untracked 
| 106|0x0000000719400000, 0x0000000719400000, 0x0000000719600000|  0%| F|  |TAMS 0x0000000719400000| PB 0x0000000719400000| Untracked 
| 107|0x0000000719600000, 0x0000000719600000, 0x0000000719800000|  0%| F|  |TAMS 0x0000000719600000| PB 0x0000000719600000| Untracked 
| 108|0x0000000719800000, 0x0000000719800000, 0x0000000719a00000|  0%| F|  |TAMS 0x0000000719800000| PB 0x0000000719800000| Untracked 
| 109|0x0000000719a00000, 0x0000000719a00000, 0x0000000719c00000|  0%| F|  |TAMS 0x0000000719a00000| PB 0x0000000719a00000| Untracked 
| 110|0x0000000719c00000, 0x0000000719c00000, 0x0000000719e00000|  0%| F|  |TAMS 0x0000000719c00000| PB 0x0000000719c00000| Untracked 
| 111|0x0000000719e00000, 0x0000000719e00000, 0x000000071a000000|  0%| F|  |TAMS 0x0000000719e00000| PB 0x0000000719e00000| Untracked 
| 112|0x000000071a000000, 0x000000071a000000, 0x000000071a200000|  0%| F|  |TAMS 0x000000071a000000| PB 0x000000071a000000| Untracked 
| 113|0x000000071a200000, 0x000000071a200000, 0x000000071a400000|  0%| F|  |TAMS 0x000000071a200000| PB 0x000000071a200000| Untracked 
| 114|0x000000071a400000, 0x000000071a400000, 0x000000071a600000|  0%| F|  |TAMS 0x000000071a400000| PB 0x000000071a400000| Untracked 
| 115|0x000000071a600000, 0x000000071a600000, 0x000000071a800000|  0%| F|  |TAMS 0x000000071a600000| PB 0x000000071a600000| Untracked 
| 116|0x000000071a800000, 0x000000071a9c3d70, 0x000000071aa00000| 88%| E|  |TAMS 0x000000071a800000| PB 0x000000071a800000| Complete 
| 117|0x000000071aa00000, 0x000000071ac00000, 0x000000071ac00000|100%| E|CS|TAMS 0x000000071aa00000| PB 0x000000071aa00000| Complete 
| 118|0x000000071ac00000, 0x000000071ae00000, 0x000000071ae00000|100%| E|CS|TAMS 0x000000071ac00000| PB 0x000000071ac00000| Complete 
| 119|0x000000071ae00000, 0x000000071b000000, 0x000000071b000000|100%| E|CS|TAMS 0x000000071ae00000| PB 0x000000071ae00000| Complete 
| 120|0x000000071b000000, 0x000000071b200000, 0x000000071b200000|100%| E|CS|TAMS 0x000000071b000000| PB 0x000000071b000000| Complete 
| 121|0x000000071b200000, 0x000000071b400000, 0x000000071b400000|100%| E|CS|TAMS 0x000000071b200000| PB 0x000000071b200000| Complete 

Card table byte_map: [0x000001b3d1d60000,0x000001b3d2500000] _byte_map_base: 0x000001b3ce500000

Marking Bits: (CMBitMap*) 0x000001b3b9cbd100
 Bits: [0x000001b3d2ca0000, 0x000001b3d69a0000)

Polling page: 0x000001b3b7bb0000

Metaspace:

Usage:
  Non-class:      2.20 MB used.
      Class:    230.23 KB used.
       Both:      2.42 MB used.

Virtual space:
  Non-class space:       64.00 MB reserved,       2.25 MB (  4%) committed,  1 nodes.
      Class space:        1.00 GB reserved,     320.00 KB ( <1%) committed,  1 nodes.
             Both:        1.06 GB reserved,       2.56 MB ( <1%) committed. 

Chunk freelists:
   Non-Class:  2.88 MB
       Class:  3.59 MB
        Both:  6.47 MB

MaxMetaspaceSize: unlimited
CompressedClassSpaceSize: 1.00 GB
Initial GC threshold: 21.00 MB
Current GC threshold: 21.00 MB
CDS: on
MetaspaceReclaimPolicy: balanced
 - commit_granule_bytes: 65536.
 - commit_granule_words: 8192.
 - virtual_space_node_default_size: 8388608.
 - enlarge_chunks_in_place: 1.
 - new_chunks_are_fully_committed: 0.
 - uncommit_free_chunks: 1.
 - use_allocation_guard: 0.


Internal statistics:

num_allocs_failed_limit: 0.
num_arena_births: 28.
num_arena_deaths: 0.
num_vsnodes_births: 2.
num_vsnodes_deaths: 0.
num_space_committed: 41.
num_space_uncommitted: 0.
num_chunks_returned_to_freelist: 0.
num_chunks_taken_from_freelist: 88.
num_chunk_merges: 0.
num_chunk_splits: 57.
num_chunks_enlarged: 47.
num_inconsistent_stats: 0.

CodeHeap 'non-profiled nmethods': size=119168Kb used=209Kb max_used=209Kb free=118958Kb
 bounds [0x000001b3c98d0000, 0x000001b3c9b40000, 0x000001b3d0d30000]
CodeHeap 'profiled nmethods': size=119104Kb used=1406Kb max_used=1406Kb free=117697Kb
 bounds [0x000001b3c1d30000, 0x000001b3c1fa0000, 0x000001b3c9180000]
CodeHeap 'non-nmethods': size=7488Kb used=3069Kb max_used=3085Kb free=4418Kb
 bounds [0x000001b3c9180000, 0x000001b3c9500000, 0x000001b3c98d0000]
 total_blobs=1197 nmethods=765 adapters=340
 compilation: enabled
              stopped_count=0, restarted_count=0
 full_count=0

Compilation events (20 events):
Event: 24.701 Thread 0x000001b3d993ecd0  757       4       java.lang.StringLatin1::indexOf (121 bytes)
Event: 24.712 Thread 0x000001b3d993ecd0 nmethod 757 0x000001b3c9902890 code [0x000001b3c9902a00, 0x000001b3c9902f10]
Event: 24.718 Thread 0x000001b41f0dd040 nmethod 748 0x000001b3c1e74610 code [0x000001b3c1e759a0, 0x000001b3c1e82a98]
Event: 24.718 Thread 0x000001b41f0daee0  758       3       java.io.File::exists (34 bytes)
Event: 24.718 Thread 0x000001b41f0daee0 nmethod 758 0x000001b3c1e87990 code [0x000001b3c1e87b60, 0x000001b3c1e87f70]
Event: 24.721 Thread 0x000001b3d9941660  759       3       sun.net.www.protocol.jar.Handler::checkNestedProtocol (18 bytes)
Event: 24.721 Thread 0x000001b3d9941660 nmethod 759 0x000001b3c1e88110 code [0x000001b3c1e882c0, 0x000001b3c1e88498]
Event: 24.737 Thread 0x000001b3d9941660  760   !   3       jdk.internal.loader.BuiltinClassLoader::findClassOnClassPathOrNull (64 bytes)
Event: 24.738 Thread 0x000001b41f0daee0  761       3       java.io.WinNTFileSystem::resolve (275 bytes)
Event: 24.739 Thread 0x000001b3d9941660 nmethod 760 0x000001b3c1e88590 code [0x000001b3c1e888e0, 0x000001b3c1e89c98]
Event: 24.740 Thread 0x000001b41f0daee0 nmethod 761 0x000001b3c1e8a410 code [0x000001b3c1e8a8e0, 0x000001b3c1e8d640]
Event: 24.743 Thread 0x000001b3d9941660  762   !   3       java.io.WinNTFileSystem::isInvalid (78 bytes)
Event: 24.743 Thread 0x000001b3d9941660 nmethod 762 0x000001b3c1e8e690 code [0x000001b3c1e8e860, 0x000001b3c1e8ec90]
Event: 24.748 Thread 0x000001b3d993ecd0  763  s!   4       jdk.internal.loader.URLClassPath::getLoader (194 bytes)
Event: 24.758 Thread 0x000001b3d993ecd0 nmethod 763 0x000001b3c9903190 code [0x000001b3c99033a0, 0x000001b3c9903e28]
Event: 24.758 Thread 0x000001b3d993ecd0  764       4       jdk.internal.util.Preconditions::checkFromIndexSize (25 bytes)
Event: 24.758 Thread 0x000001b3d993ecd0 nmethod 764 0x000001b3c9904490 code [0x000001b3c9904600, 0x000001b3c99046c0]
Event: 24.761 Thread 0x000001b3d9941660  765       3       java.net.URL::toString (5 bytes)
Event: 24.761 Thread 0x000001b3d9941660 nmethod 765 0x000001b3c1e8ee90 code [0x000001b3c1e8f020, 0x000001b3c1e8f258]
Event: 24.770 Thread 0x000001b3d993ecd0  766   !   4       java.util.zip.ZipFile$Source::getEntryPos (195 bytes)

GC Heap History (0 events):
No events

Dll operation events (8 events):
Event: 4.131 Loaded shared library C:\Program Files\Java\jdk-20\bin\java.dll
Event: 10.011 Loaded shared library C:\Program Files\Java\jdk-20\bin\jsvml.dll
Event: 11.344 Loaded shared library C:\Program Files\Java\jdk-20\bin\net.dll
Event: 11.348 Loaded shared library C:\Program Files\Java\jdk-20\bin\nio.dll
Event: 11.352 Loaded shared library C:\Program Files\Java\jdk-20\bin\zip.dll
Event: 23.328 Loaded shared library C:\Program Files\Java\jdk-20\bin\jimage.dll
Event: 23.501 Loaded shared library C:\Program Files\NetBeans-18\netbeans\java\maven\lib\jansi-native\Windows\x86_64\jansi.dll
Event: 23.528 Loaded shared library C:\Program Files\Java\jdk-20\bin\verify.dll

Deoptimization events (20 events):
Event: 24.610 Thread 0x000001b3b9c51190 DEOPT PACKING pc=0x000001b3c98fbb34 sp=0x00000040fedfdad0
Event: 24.610 Thread 0x000001b3b9c51190 DEOPT UNPACKING pc=0x000001b3c91e9d22 sp=0x00000040fedfdab0 mode 2
Event: 24.615 Thread 0x000001b3b9c51190 Uncommon trap: trap_request=0xffffff45 fr.pc=0x000001b3c98d7750 relative=0x00000000000003b0
Event: 24.615 Thread 0x000001b3b9c51190 Uncommon trap: reason=unstable_if action=reinterpret pc=0x000001b3c98d7750 method=java.lang.StringLatin1.canEncode(I)Z @ 4 c2
Event: 24.615 Thread 0x000001b3b9c51190 DEOPT PACKING pc=0x000001b3c98d7750 sp=0x00000040fedfe0b0
Event: 24.615 Thread 0x000001b3b9c51190 DEOPT UNPACKING pc=0x000001b3c91e9d22 sp=0x00000040fedfdfd8 mode 2
Event: 24.615 Thread 0x000001b3b9c51190 Uncommon trap: trap_request=0xffffff45 fr.pc=0x000001b3c98efc40 relative=0x00000000000003a0
Event: 24.615 Thread 0x000001b3b9c51190 Uncommon trap: reason=unstable_if action=reinterpret pc=0x000001b3c98efc40 method=java.lang.AbstractStringBuilder.isLatin1()Z @ 10 c2
Event: 24.615 Thread 0x000001b3b9c51190 DEOPT PACKING pc=0x000001b3c98efc40 sp=0x00000040fedfe0d0
Event: 24.615 Thread 0x000001b3b9c51190 DEOPT UNPACKING pc=0x000001b3c91e9d22 sp=0x00000040fedfe050 mode 2
Event: 24.615 Thread 0x000001b3b9c51190 Uncommon trap: trap_request=0xffffff45 fr.pc=0x000001b3c98f26ec relative=0x000000000000006c
Event: 24.615 Thread 0x000001b3b9c51190 Uncommon trap: reason=unstable_if action=reinterpret pc=0x000001b3c98f26ec method=java.lang.AbstractStringBuilder.isLatin1()Z @ 10 c2
Event: 24.615 Thread 0x000001b3b9c51190 DEOPT PACKING pc=0x000001b3c98f26ec sp=0x00000040fedfe0c0
Event: 24.615 Thread 0x000001b3b9c51190 DEOPT UNPACKING pc=0x000001b3c91e9d22 sp=0x00000040fedfe050 mode 2
Event: 24.624 Thread 0x000001b3b9c51190 Uncommon trap: trap_request=0xffffff45 fr.pc=0x000001b3c98d9048 relative=0x0000000000000048
Event: 24.624 Thread 0x000001b3b9c51190 Uncommon trap: reason=unstable_if action=reinterpret pc=0x000001b3c98d9048 method=java.lang.StringLatin1.canEncode(I)Z @ 4 c2
Event: 24.624 Thread 0x000001b3b9c51190 DEOPT PACKING pc=0x000001b3c98d9048 sp=0x00000040fedfe060
Event: 24.624 Thread 0x000001b3b9c51190 DEOPT UNPACKING pc=0x000001b3c91e9d22 sp=0x00000040fedfdff0 mode 2
Event: 24.701 Thread 0x000001b3b9c51190 DEOPT PACKING pc=0x000001b3c1d95475 sp=0x00000040fedfb2e0
Event: 24.702 Thread 0x000001b3b9c51190 DEOPT UNPACKING pc=0x000001b3c91ea4c2 sp=0x00000040fedfa730 mode 0

Classes loaded (20 events):
Event: 24.170 Loading class java/lang/foreign/SegmentAllocator done
Event: 24.170 Loading class jdk/internal/foreign/MemorySessionImpl done
Event: 24.170 Loading class java/util/ArrayList$ListItr
Event: 24.170 Loading class java/util/ArrayList$ListItr done
Event: 24.229 Loading class java/lang/TypeNotPresentException
Event: 24.229 Loading class java/lang/TypeNotPresentException done
Event: 24.271 Loading class java/util/concurrent/atomic/AtomicReference
Event: 24.271 Loading class java/util/concurrent/atomic/AtomicReference done
Event: 24.327 Loading class java/text/ParseException
Event: 24.327 Loading class java/text/ParseException done
Event: 24.340 Loading class sun/util/calendar/ZoneInfoFile$Checksum
Event: 24.340 Loading class sun/util/calendar/ZoneInfoFile$Checksum done
Event: 24.343 Loading class jdk/internal/module/ModulePatcher$PatchedModuleReader
Event: 24.343 Loading class jdk/internal/module/ModulePatcher$PatchedModuleReader done
Event: 24.343 Loading class sun/net/www/protocol/jrt/Handler
Event: 24.343 Loading class sun/net/www/protocol/jrt/Handler done
Event: 24.612 Loading class sun/text/resources/cldr/FormatData_en
Event: 24.613 Loading class sun/text/resources/cldr/FormatData_en done
Event: 24.613 Loading class sun/text/resources/cldr/FormatData_en_US
Event: 24.613 Loading class sun/text/resources/cldr/FormatData_en_US done

Classes unloaded (0 events):
No events

Classes redefined (0 events):
No events

Internal exceptions (11 events):
Event: 23.153 Thread 0x000001b3b9c51190 Exception <a 'java/lang/NoSuchMethodError'{0x000000071af08410}: 'java.lang.Object java.lang.invoke.Invokers$Holder.invokeExact_MT(java.lang.Object, java.lang.Object, java.lang.Object, java.lang.Object, java.lang.Object)'> (0x000000071af08410) 
thrown [s\open\src\hotspot\share\interpreter\linkResolver.cpp, line 773]
Event: 23.164 Thread 0x000001b3b9c51190 Exception <a 'java/lang/NullPointerException'{0x000000071af5dc08}> (0x000000071af5dc08) 
thrown [s\open\src\hotspot\share\interpreter\linkResolver.cpp, line 1373]
Event: 23.503 Thread 0x000001b3b9c51190 Exception <a 'java/lang/NullPointerException'{0x000000071af95e10}> (0x000000071af95e10) 
thrown [s\open\src\hotspot\share\interpreter\linkResolver.cpp, line 1373]
Event: 23.503 Thread 0x000001b3b9c51190 Exception <a 'java/lang/NullPointerException'{0x000000071af960f0}> (0x000000071af960f0) 
thrown [s\open\src\hotspot\share\interpreter\linkResolver.cpp, line 1373]
Event: 23.503 Thread 0x000001b3b9c51190 Exception <a 'java/lang/NullPointerException'{0x000000071af963d0}> (0x000000071af963d0) 
thrown [s\open\src\hotspot\share\interpreter\linkResolver.cpp, line 1373]
Event: 23.507 Thread 0x000001b3b9c51190 Exception <a 'java/lang/NullPointerException'{0x000000071af9b1a8}> (0x000000071af9b1a8) 
thrown [s\open\src\hotspot\share\interpreter\linkResolver.cpp, line 1373]
Event: 23.510 Thread 0x000001b3b9c51190 Exception <a 'java/lang/NullPointerException'{0x000000071afadbc8}> (0x000000071afadbc8) 
thrown [s\open\src\hotspot\share\interpreter\linkResolver.cpp, line 1373]
Event: 23.510 Thread 0x000001b3b9c51190 Exception <a 'java/lang/NullPointerException'{0x000000071afadea8}> (0x000000071afadea8) 
thrown [s\open\src\hotspot\share\interpreter\linkResolver.cpp, line 1373]
Event: 23.510 Thread 0x000001b3b9c51190 Exception <a 'java/lang/NullPointerException'{0x000000071afae188}> (0x000000071afae188) 
thrown [s\open\src\hotspot\share\interpreter\linkResolver.cpp, line 1373]
Event: 23.510 Thread 0x000001b3b9c51190 Exception <a 'java/lang/NullPointerException'{0x000000071afae468}> (0x000000071afae468) 
thrown [s\open\src\hotspot\share\interpreter\linkResolver.cpp, line 1373]
Event: 24.191 Thread 0x000001b3b9c51190 Exception <a 'java/lang/NoSuchMethodError'{0x000000071adc5220}: 'java.lang.Object java.lang.invoke.DirectMethodHandle$Holder.invokeSpecialIFC(java.lang.Object, java.lang.Object, java.lang.Object, java.lang.Object)'> (0x000000071adc5220) 
thrown [s\open\src\hotspot\share\interpreter\linkResolver.cpp, line 773]

VM Operations (20 events):
Event: 11.353 Executing VM operation: HandshakeAllThreads
Event: 11.717 Executing VM operation: HandshakeAllThreads done
Event: 12.722 Executing VM operation: Cleanup
Event: 12.722 Executing VM operation: Cleanup done
Event: 13.726 Executing VM operation: Cleanup
Event: 13.727 Executing VM operation: Cleanup done
Event: 14.730 Executing VM operation: Cleanup
Event: 14.730 Executing VM operation: Cleanup done
Event: 15.743 Executing VM operation: Cleanup
Event: 15.743 Executing VM operation: Cleanup done
Event: 22.784 Executing VM operation: Cleanup
Event: 22.784 Executing VM operation: Cleanup done
Event: 23.163 Executing VM operation: HandshakeAllThreads
Event: 23.163 Executing VM operation: HandshakeAllThreads done
Event: 23.494 Executing VM operation: HandshakeAllThreads
Event: 23.494 Executing VM operation: HandshakeAllThreads done
Event: 24.276 Executing VM operation: HandshakeAllThreads
Event: 24.276 Executing VM operation: HandshakeAllThreads done
Event: 24.276 Executing VM operation: Cleanup
Event: 24.276 Executing VM operation: Cleanup done

Events (20 events):
Event: 10.011 Thread 0x000001b3b9c51190 Thread added: 0x000001b3b9c51190
Event: 10.984 Thread 0x000001b3d9938de0 Thread added: 0x000001b3d9938de0
Event: 10.984 Thread 0x000001b3d9939880 Thread added: 0x000001b3d9939880
Event: 10.985 Thread 0x000001b3d993a480 Thread added: 0x000001b3d993a480
Event: 10.985 Thread 0x000001b3d993bdd0 Thread added: 0x000001b3d993bdd0
Event: 10.985 Thread 0x000001b3d993c710 Thread added: 0x000001b3d993c710
Event: 10.985 Thread 0x000001b3d993d050 Thread added: 0x000001b3d993d050
Event: 10.985 Thread 0x000001b3d993ecd0 Thread added: 0x000001b3d993ecd0
Event: 11.162 Thread 0x000001b3d9941660 Thread added: 0x000001b3d9941660
Event: 11.303 Thread 0x000001b41ec36ae0 Thread added: 0x000001b41ec36ae0
Event: 11.307 Thread 0x000001b41ec39820 Thread added: 0x000001b41ec39820
Event: 11.344 Thread 0x000001b41ecadcf0 Thread added: 0x000001b41ecadcf0
Event: 11.344 Thread 0x000001b41ecae280 Thread added: 0x000001b41ecae280
Event: 11.344 Thread 0x000001b41ecb2820 Thread added: 0x000001b41ecb2820
Event: 12.708 Thread 0x000001b41ecb2820 Thread exited: 0x000001b41ecb2820
Event: 14.361 Thread 0x000001b41ecae280 Thread exited: 0x000001b41ecae280
Event: 15.414 Thread 0x000001b41ecadcf0 Thread exited: 0x000001b41ecadcf0
Event: 24.335 Thread 0x000001b41f0daee0 Thread added: 0x000001b41f0daee0
Event: 24.336 Thread 0x000001b41f0dc2a0 Thread added: 0x000001b41f0dc2a0
Event: 24.337 Thread 0x000001b41f0dd040 Thread added: 0x000001b41f0dd040


Dynamic libraries:
0x00007ff622560000 - 0x00007ff622570000 	C:\Program Files\Java\jdk-20\bin\java.exe
0x00007ff8a2c80000 - 0x00007ff8a2e89000 	C:\Windows\SYSTEM32\ntdll.dll
0x00007ff8a0b80000 - 0x00007ff8a0c3d000 	C:\Windows\System32\KERNEL32.DLL
0x00007ff8a0110000 - 0x00007ff8a0494000 	C:\Windows\System32\KERNELBASE.dll
0x00007ff8a04d0000 - 0x00007ff8a05e1000 	C:\Windows\System32\ucrtbase.dll
0x00007ff890a20000 - 0x00007ff890a39000 	C:\Program Files\Java\jdk-20\bin\jli.dll
0x00007ff8a2b80000 - 0x00007ff8a2c2e000 	C:\Windows\System32\ADVAPI32.dll
0x00007ff8a0eb0000 - 0x00007ff8a0f53000 	C:\Windows\System32\msvcrt.dll
0x00007ff8a1910000 - 0x00007ff8a19ae000 	C:\Windows\System32\sechost.dll
0x00007ff8a10c0000 - 0x00007ff8a11e1000 	C:\Windows\System32\RPCRT4.dll
0x00007ff8a28b0000 - 0x00007ff8a2a5d000 	C:\Windows\System32\USER32.dll
0x00007ff8a04a0000 - 0x00007ff8a04c6000 	C:\Windows\System32\win32u.dll
0x00007ff8a0c40000 - 0x00007ff8a0c6a000 	C:\Windows\System32\GDI32.dll
0x00007ff8a07d0000 - 0x00007ff8a08ee000 	C:\Windows\System32\gdi32full.dll
0x00007ff8a0730000 - 0x00007ff8a07cd000 	C:\Windows\System32\msvcp_win.dll
0x00007ff8967c0000 - 0x00007ff8967db000 	C:\Program Files\Java\jdk-20\bin\VCRUNTIME140.dll
0x00007ff889e00000 - 0x00007ff88a0a5000 	C:\Windows\WinSxS\amd64_microsoft.windows.common-controls_6595b64144ccf1df_6.0.22000.120_none_9d947278b86cc467\COMCTL32.dll
0x00007ff896fa0000 - 0x00007ff896faa000 	C:\Windows\SYSTEM32\VERSION.dll
0x00007ff8a2a60000 - 0x00007ff8a2a91000 	C:\Windows\System32\IMM32.DLL
0x00007ff89c110000 - 0x00007ff89c11c000 	C:\Program Files\Java\jdk-20\bin\vcruntime140_1.dll
0x00007ff88f320000 - 0x00007ff88f3ae000 	C:\Program Files\Java\jdk-20\bin\msvcp140.dll
0x00007ff815810000 - 0x00007ff8164a8000 	C:\Program Files\Java\jdk-20\bin\server\jvm.dll
0x00007ff89c120000 - 0x00007ff89c129000 	C:\Windows\SYSTEM32\WSOCK32.dll
0x00007ff8a1290000 - 0x00007ff8a12ff000 	C:\Windows\System32\WS2_32.dll
0x00007ff898e20000 - 0x00007ff898e53000 	C:\Windows\SYSTEM32\WINMM.dll
0x00007ff89f1f0000 - 0x00007ff89f208000 	C:\Windows\SYSTEM32\kernel.appcore.dll
0x00007ff89a260000 - 0x00007ff89a26a000 	C:\Program Files\Java\jdk-20\bin\jimage.dll
0x00007ff89dcb0000 - 0x00007ff89ded1000 	C:\Windows\SYSTEM32\DBGHELP.DLL
0x00007ff886a60000 - 0x00007ff886a91000 	C:\Windows\SYSTEM32\dbgcore.DLL
0x00007ff8a05f0000 - 0x00007ff8a066f000 	C:\Windows\System32\bcryptPrimitives.dll
0x00007ff894e60000 - 0x00007ff894e86000 	C:\Program Files\Java\jdk-20\bin\java.dll
0x00007ff87e8e0000 - 0x00007ff87e9b7000 	C:\Program Files\Java\jdk-20\bin\jsvml.dll
0x00007ff8a1aa0000 - 0x00007ff8a2265000 	C:\Windows\System32\SHELL32.dll
0x00007ff89e1e0000 - 0x00007ff89ea42000 	C:\Windows\SYSTEM32\windows.storage.dll
0x00007ff8a1590000 - 0x00007ff8a1906000 	C:\Windows\System32\combase.dll
0x00007ff89e070000 - 0x00007ff89e1d7000 	C:\Windows\SYSTEM32\wintypes.dll
0x00007ff8a0f60000 - 0x00007ff8a104a000 	C:\Windows\System32\SHCORE.dll
0x00007ff8a1050000 - 0x00007ff8a10ad000 	C:\Windows\System32\shlwapi.dll
0x00007ff8a0040000 - 0x00007ff8a0065000 	C:\Windows\SYSTEM32\profapi.dll
0x00007ff8967a0000 - 0x00007ff8967b3000 	C:\Program Files\Java\jdk-20\bin\net.dll
0x00007ff89b5f0000 - 0x00007ff89b704000 	C:\Windows\SYSTEM32\WINHTTP.dll
0x00007ff89f6a0000 - 0x00007ff89f707000 	C:\Windows\system32\mswsock.dll
0x00007ff894e40000 - 0x00007ff894e56000 	C:\Program Files\Java\jdk-20\bin\nio.dll
0x00007ff891e40000 - 0x00007ff891e58000 	C:\Program Files\Java\jdk-20\bin\zip.dll
0x0000000069ac0000 - 0x0000000069ae4000 	C:\Program Files\NetBeans-18\netbeans\java\maven\lib\jansi-native\Windows\x86_64\jansi.dll
0x00007ff896640000 - 0x00007ff896650000 	C:\Program Files\Java\jdk-20\bin\verify.dll

dbghelp: loaded successfully - version: 4.0.5 - missing functions: none
symbol engine: initialized successfully - sym options: 0x614 - pdb path: .;C:\Program Files\Java\jdk-20\bin;C:\Windows\SYSTEM32;C:\Windows\WinSxS\amd64_microsoft.windows.common-controls_6595b64144ccf1df_6.0.22000.120_none_9d947278b86cc467;C:\Program Files\Java\jdk-20\bin\server;C:\Program Files\NetBeans-18\netbeans\java\maven\lib\jansi-native\Windows\x86_64

VM Arguments:
jvm_args: -Dclassworlds.conf=C:\Program Files\NetBeans-18\netbeans\java\maven\bin\m2.conf -Dmaven.home=C:\Program Files\NetBeans-18\netbeans\java\maven -Dlibrary.jansi.path=C:\Program Files\NetBeans-18\netbeans\java\maven\lib\jansi-native -Dmaven.multiModuleProjectDirectory=C:\Users\FLOW\Documents\NetBeansProjects\Peminjaman-Ruang 
java_command: org.codehaus.plexus.classworlds.launcher.Launcher -Dexec.vmArgs= -Dexec.args=${exec.vmArgs} -classpath %classpath ${exec.mainClass} ${exec.appArgs} -Dexec.appArgs= -Dexec.mainClass=peminjaman.peminjaman.ruang.PeminjamanRuang -Dexec.executable=C:\Program Files\Java\jdk-20\bin\java.exe -Dmaven.ext.class.path=C:\Program Files\NetBeans-18\netbeans\java\maven-nblib\netbeans-eventspy.jar --no-transfer-progress process-classes org.codehaus.mojo:exec-maven-plugin:3.1.0:exec
java_class_path (initial): C:\Program Files\NetBeans-18\netbeans\java\maven\boot\plexus-classworlds-2.6.0.jar
Launcher Type: SUN_STANDARD

[Global flags]
     intx CICompilerCount                          = 12                                        {product} {ergonomic}
     uint ConcGCThreads                            = 3                                         {product} {ergonomic}
     uint G1ConcRefinementThreads                  = 13                                        {product} {ergonomic}
   size_t G1HeapRegionSize                         = 2097152                                   {product} {ergonomic}
    uintx GCDrainStackTargetSize                   = 64                                        {product} {ergonomic}
   size_t InitialHeapSize                          = 255852544                                 {product} {ergonomic}
   size_t MarkStackSize                            = 4194304                                   {product} {ergonomic}
   size_t MaxHeapSize                              = 4093640704                                {product} {ergonomic}
   size_t MaxNewSize                               = 2455764992                                {product} {ergonomic}
   size_t MinHeapDeltaBytes                        = 2097152                                   {product} {ergonomic}
   size_t MinHeapSize                              = 8388608                                   {product} {ergonomic}
    uintx NonNMethodCodeHeapSize                   = 7602480                                {pd product} {ergonomic}
    uintx NonProfiledCodeHeapSize                  = 122027880                              {pd product} {ergonomic}
    uintx ProfiledCodeHeapSize                     = 122027880                              {pd product} {ergonomic}
    uintx ReservedCodeCacheSize                    = 251658240                              {pd product} {ergonomic}
     bool SegmentedCodeCache                       = true                                      {product} {ergonomic}
   size_t SoftMaxHeapSize                          = 4093640704                             {manageable} {ergonomic}
     bool UseCompressedClassPointers               = true                           {product lp64_product} {ergonomic}
     bool UseCompressedOops                        = true                           {product lp64_product} {ergonomic}
     bool UseG1GC                                  = true                                      {product} {ergonomic}
     bool UseLargePagesIndividualAllocation        = false                                  {pd product} {ergonomic}

Logging:
Log output configuration:
 #0: stdout all=warning uptime,level,tags foldmultilines=false
 #1: stderr all=off uptime,level,tags foldmultilines=false

Environment Variables:
JAVA_HOME=C:\Program Files\Java\jdk-20
PATH=C:\Program Files\Common Files\Oracle\Java\javapath;C:\Windows\system32;C:\Windows;C:\Windows\System32\Wbem;C:\Windows\System32\WindowsPowerShell\v1.0\;C:\Windows\System32\OpenSSH\;C:\Program Files (x86)\NVIDIA Corporation\PhysX\Common;C:\Program Files\NVIDIA Corporation\NVIDIA NvDLISR;C:\Users\FLOW\AppData\Local\Programs\Python\Launcher\;C:\Users\FLOW\AppData\Local\Microsoft\WindowsApps;;C:\Users\FLOW\AppData\Local\Programs\Microsoft VS Code\bin
USERNAME=FLOW
OS=Windows_NT
PROCESSOR_IDENTIFIER=AMD64 Family 25 Model 68 Stepping 1, AuthenticAMD
TMP=C:\Users\FLOW\AppData\Local\Temp
TEMP=C:\Users\FLOW\AppData\Local\Temp




---------------  S Y S T E M  ---------------

OS:
 Windows 11 , 64 bit Build 22000 (10.0.22000.2360)
OS uptime: 0 days 7:30 hours

CPU: total 16 (initial active 16) (16 cores per cpu, 2 threads per core) family 25 model 68 stepping 1 microcode 0x0, cx8, cmov, fxsr, ht, mmx, 3dnowpref, sse, sse2, sse3, ssse3, sse4a, sse4.1, sse4.2, popcnt, lzcnt, tsc, tscinvbit, avx, avx2, aes, erms, clmul, bmi1, bmi2, adx, sha, fma, vzeroupper, clflush, clflushopt, rdtscp, rdpid, fsrm, f16c, pku, cet_ss

Memory: 4k page, system-wide physical 15612M (513M free)
TotalPageFile size 62716M (AvailPageFile size 3M)
current process WorkingSet (physical memory assigned to process): 57M, peak: 57M
current process commit charge ("private bytes"): 351M, peak: 351M

vm_info: Java HotSpot(TM) 64-Bit Server VM (20.0.2+9-78) for windows-amd64 JRE (20.0.2+9-78), built on 2023-06-14T10:08:48Z by "mach5one" with MS VC++ 17.1 (VS2022)

END.
