#
# There is insufficient memory for the Java Runtime Environment to continue.
# Native memory allocation (mmap) failed to map 65536 bytes for Failed to commit metaspace.
# Possible reasons:
#   The system is out of physical RAM or swap space
#   The process is running with CompressedOops enabled, and the Java Heap may be blocking the growth of the native heap
# Possible solutions:
#   Reduce memory load on the system
#   Increase physical memory or swap space
#   Check if swap backing store is full
#   Decrease Java heap size (-Xmx/-Xms)
#   Decrease number of Java threads
#   Decrease Java thread stack sizes (-Xss)
#   Set larger code cache with -XX:ReservedCodeCacheSize=
#   JVM is running with Zero Based Compressed Oops mode in which the Java heap is
#     placed in the first 32GB address space. The Java Heap base address is the
#     maximum limit for the native heap growth. Please use -XX:HeapBaseMinAddress
#     to set the Java Heap base and to place the Java Heap above 32GB virtual address.
# This output file may be truncated or incomplete.
#
#  Out of Memory Error (virtualSpaceNode.cpp:110), pid=39672, tid=39764
#
# JRE version: Java(TM) SE Runtime Environment (20.0.2+9) (build 20.0.2+9-78)
# Java VM: Java HotSpot(TM) 64-Bit Server VM (20.0.2+9-78, mixed mode, sharing, tiered, compressed oops, compressed class ptrs, g1 gc, windows-amd64)
# No core dump will be written. Minidumps are not enabled by default on client versions of Windows
#

---------------  S U M M A R Y ------------

Command Line: -Dclassworlds.conf=C:\Program Files\NetBeans-18\netbeans\java\maven\bin\m2.conf -Dmaven.home=C:\Program Files\NetBeans-18\netbeans\java\maven -Dlibrary.jansi.path=C:\Program Files\NetBeans-18\netbeans\java\maven\lib\jansi-native -Dmaven.multiModuleProjectDirectory=C:\Users\FLOW\Documents\NetBeansProjects\Peminjaman-Ruang org.codehaus.plexus.classworlds.launcher.Launcher -Dexec.vmArgs= -Dexec.args=${exec.vmArgs} -classpath %classpath ${exec.mainClass} ${exec.appArgs} -Dexec.appArgs= -Dexec.mainClass=peminjaman.peminjaman.ruang.PeminjamanRuang -Dexec.executable=C:\Program Files\Java\jdk-20\bin\java.exe -Dmaven.ext.class.path=C:\Program Files\NetBeans-18\netbeans\java\maven-nblib\netbeans-eventspy.jar --no-transfer-progress process-classes org.codehaus.mojo:exec-maven-plugin:3.1.0:exec

Host: AMD Ryzen 9 6900HS with Radeon Graphics        , 16 cores, 15G,  Windows 11 , 64 bit Build 22000 (10.0.22000.2360)
Time: Sun Oct  8 15:01:58 2023 Malay Peninsula Standard Time elapsed time: 8.619577 seconds (0d 0h 0m 8s)

---------------  T H R E A D  ---------------

Current thread (0x0000024d69e71110):  JavaThread "main" [_thread_in_vm, id=39764, stack(0x000000e4ae500000,0x000000e4ae600000)]

Stack: [0x000000e4ae500000,0x000000e4ae600000]
Native frames: (J=compiled Java code, j=interpreted, Vv=VM code, C=native code)
V  [jvm.dll+0x6bc25a]
V  [jvm.dll+0x84971a]
V  [jvm.dll+0x84b315]
V  [jvm.dll+0x84ba13]
V  [jvm.dll+0x280e4f]
V  [jvm.dll+0x84565b]
V  [jvm.dll+0x660616]
V  [jvm.dll+0x1eb7b7]
V  [jvm.dll+0x663032]
V  [jvm.dll+0x662e1e]
V  [jvm.dll+0x66102e]
V  [jvm.dll+0x219785]
V  [jvm.dll+0x21c5e6]
V  [jvm.dll+0x211a50]
V  [jvm.dll+0x59c7cc]
V  [jvm.dll+0x7c42a3]
V  [jvm.dll+0x7c4384]
V  [jvm.dll+0x46ca64]
V  [jvm.dll+0x471fc8]
C  [java.dll+0x17ec]

Java frames: (J=compiled Java code, j=interpreted, Vv=VM code)
j  java.lang.ClassLoader.defineClass1(Ljava/lang/ClassLoader;Ljava/lang/String;[BIILjava/security/ProtectionDomain;Ljava/lang/String;)Ljava/lang/Class;+0 java.base@20.0.2
j  java.lang.ClassLoader.defineClass(Ljava/lang/String;[BIILjava/security/ProtectionDomain;)Ljava/lang/Class;+27 java.base@20.0.2
j  java.security.SecureClassLoader.defineClass(Ljava/lang/String;[BIILjava/security/CodeSource;)Ljava/lang/Class;+12 java.base@20.0.2
j  java.net.URLClassLoader.defineClass(Ljava/lang/String;Ljdk/internal/loader/Resource;)Ljava/lang/Class;+220 java.base@20.0.2
j  java.net.URLClassLoader$1.run()Ljava/lang/Class;+43 java.base@20.0.2
j  java.net.URLClassLoader$1.run()Ljava/lang/Object;+1 java.base@20.0.2
j  java.security.AccessController.executePrivileged(Ljava/security/PrivilegedExceptionAction;Ljava/security/AccessControlContext;Ljava/lang/Class;)Ljava/lang/Object;+29 java.base@20.0.2
j  java.security.AccessController.doPrivileged(Ljava/security/PrivilegedExceptionAction;Ljava/security/AccessControlContext;)Ljava/lang/Object;+13 java.base@20.0.2
j  java.net.URLClassLoader.findClass(Ljava/lang/String;)Ljava/lang/Class;+13 java.base@20.0.2
j  org.codehaus.plexus.classworlds.realm.ClassRealm.loadClassFromSelf(Ljava/lang/String;)Ljava/lang/Class;+20
j  org.codehaus.plexus.classworlds.strategy.SelfFirstStrategy.loadClass(Ljava/lang/String;)Ljava/lang/Class;+18
j  org.codehaus.plexus.classworlds.realm.ClassRealm.unsynchronizedLoadClass(Ljava/lang/String;Z)Ljava/lang/Class;+13
j  org.codehaus.plexus.classworlds.realm.ClassRealm.loadClass(Ljava/lang/String;Z)Ljava/lang/Class;+9
j  org.codehaus.plexus.classworlds.realm.ClassRealm.loadClass(Ljava/lang/String;)Ljava/lang/Class;+3
v  ~StubRoutines::call_stub 0x0000024d0745100d
j  java.lang.ClassLoader.defineClass1(Ljava/lang/ClassLoader;Ljava/lang/String;[BIILjava/security/ProtectionDomain;Ljava/lang/String;)Ljava/lang/Class;+0 java.base@20.0.2
j  java.lang.ClassLoader.defineClass(Ljava/lang/String;[BIILjava/security/ProtectionDomain;)Ljava/lang/Class;+27 java.base@20.0.2
j  java.security.SecureClassLoader.defineClass(Ljava/lang/String;[BIILjava/security/CodeSource;)Ljava/lang/Class;+12 java.base@20.0.2
j  java.net.URLClassLoader.defineClass(Ljava/lang/String;Ljdk/internal/loader/Resource;)Ljava/lang/Class;+220 java.base@20.0.2
j  java.net.URLClassLoader$1.run()Ljava/lang/Class;+43 java.base@20.0.2
j  java.net.URLClassLoader$1.run()Ljava/lang/Object;+1 java.base@20.0.2
j  java.security.AccessController.executePrivileged(Ljava/security/PrivilegedExceptionAction;Ljava/security/AccessControlContext;Ljava/lang/Class;)Ljava/lang/Object;+29 java.base@20.0.2
j  java.security.AccessController.doPrivileged(Ljava/security/PrivilegedExceptionAction;Ljava/security/AccessControlContext;)Ljava/lang/Object;+13 java.base@20.0.2
j  java.net.URLClassLoader.findClass(Ljava/lang/String;)Ljava/lang/Class;+13 java.base@20.0.2
j  org.codehaus.plexus.classworlds.realm.ClassRealm.loadClassFromSelf(Ljava/lang/String;)Ljava/lang/Class;+20
j  org.codehaus.plexus.classworlds.strategy.SelfFirstStrategy.loadClass(Ljava/lang/String;)Ljava/lang/Class;+18
j  org.codehaus.plexus.classworlds.realm.ClassRealm.unsynchronizedLoadClass(Ljava/lang/String;Z)Ljava/lang/Class;+13
j  org.codehaus.plexus.classworlds.realm.ClassRealm.loadClass(Ljava/lang/String;Z)Ljava/lang/Class;+9
j  org.codehaus.plexus.classworlds.realm.ClassRealm.loadClass(Ljava/lang/String;)Ljava/lang/Class;+3
v  ~StubRoutines::call_stub 0x0000024d0745100d
j  org.apache.maven.extension.internal.CoreExtensionEntry.<clinit>()V+0
v  ~StubRoutines::call_stub 0x0000024d0745100d
j  org.apache.maven.cli.MavenCli.container(Lorg/apache/maven/cli/CliRequest;)Lorg/codehaus/plexus/PlexusContainer;+70
j  org.apache.maven.cli.MavenCli.doMain(Lorg/apache/maven/cli/CliRequest;)I+34
j  org.apache.maven.cli.MavenCli.main([Ljava/lang/String;Lorg/codehaus/plexus/classworlds/ClassWorld;)I+24
j  java.lang.invoke.DirectMethodHandle$Holder.invokeStatic(Ljava/lang/Object;Ljava/lang/Object;Ljava/lang/Object;)I+11 java.base@20.0.2
j  java.lang.invoke.LambdaForm$MH+0x0000024d10009400.invoke(Ljava/lang/Object;Ljava/lang/Object;Ljava/lang/Object;Ljava/lang/Object;)Ljava/lang/Object;+54 java.base@20.0.2
j  java.lang.invoke.LambdaForm$MH+0x0000024d10009800.invokeExact_MT(Ljava/lang/Object;Ljava/lang/Object;Ljava/lang/Object;Ljava/lang/Object;Ljava/lang/Object;)Ljava/lang/Object;+22 java.base@20.0.2
j  jdk.internal.reflect.DirectMethodHandleAccessor.invokeImpl(Ljava/lang/Object;[Ljava/lang/Object;)Ljava/lang/Object;+72 java.base@20.0.2
j  jdk.internal.reflect.DirectMethodHandleAccessor.invoke(Ljava/lang/Object;[Ljava/lang/Object;)Ljava/lang/Object;+23 java.base@20.0.2
j  java.lang.reflect.Method.invoke(Ljava/lang/Object;[Ljava/lang/Object;)Ljava/lang/Object;+102 java.base@20.0.2
j  org.codehaus.plexus.classworlds.launcher.Launcher.launchEnhanced([Ljava/lang/String;)V+45
j  org.codehaus.plexus.classworlds.launcher.Launcher.launch([Ljava/lang/String;)V+2
j  org.codehaus.plexus.classworlds.launcher.Launcher.mainWithExitCode([Ljava/lang/String;)I+101
j  org.codehaus.plexus.classworlds.launcher.Launcher.main([Ljava/lang/String;)V+1
v  ~StubRoutines::call_stub 0x0000024d0745100d

---------------  P R O C E S S  ---------------

Threads class SMR info:
_java_thread_list=0x0000024d7f2b6f00, length=11, elements={
0x0000024d69e71110, 0x0000024d7ac18f20, 0x0000024d7ac199c0, 0x0000024d7ac1a5c0,
0x0000024d7ac1bf10, 0x0000024d7ac1c850, 0x0000024d7ac1d190, 0x0000024d7ac1ee10,
0x0000024d7ac1f790, 0x0000024d7f037490, 0x0000024d7f03f2e0
}

Java Threads: ( => current thread )
=>0x0000024d69e71110 JavaThread "main" [_thread_in_vm, id=39764, stack(0x000000e4ae500000,0x000000e4ae600000)]
  0x0000024d7ac18f20 JavaThread "Reference Handler" daemon [_thread_blocked, id=17380, stack(0x000000e4aed00000,0x000000e4aee00000)]
  0x0000024d7ac199c0 JavaThread "Finalizer" daemon [_thread_blocked, id=17372, stack(0x000000e4aee00000,0x000000e4aef00000)]
  0x0000024d7ac1a5c0 JavaThread "Signal Dispatcher" daemon [_thread_blocked, id=17324, stack(0x000000e4aef00000,0x000000e4af000000)]
  0x0000024d7ac1bf10 JavaThread "Attach Listener" daemon [_thread_blocked, id=18404, stack(0x000000e4af000000,0x000000e4af100000)]
  0x0000024d7ac1c850 JavaThread "Service Thread" daemon [_thread_blocked, id=14724, stack(0x000000e4af100000,0x000000e4af200000)]
  0x0000024d7ac1d190 JavaThread "Monitor Deflation Thread" daemon [_thread_blocked, id=14240, stack(0x000000e4af200000,0x000000e4af300000)]
  0x0000024d7ac1ee10 JavaThread "C2 CompilerThread0" daemon [_thread_blocked, id=9184, stack(0x000000e4af300000,0x000000e4af400000)]
  0x0000024d7ac1f790 JavaThread "C1 CompilerThread0" daemon [_thread_blocked, id=14320, stack(0x000000e4af400000,0x000000e4af500000)]
  0x0000024d7f037490 JavaThread "Notification Thread" daemon [_thread_blocked, id=4820, stack(0x000000e4af500000,0x000000e4af600000)]
  0x0000024d7f03f2e0 JavaThread "Common-Cleaner" daemon [_thread_blocked, id=6292, stack(0x000000e4af700000,0x000000e4af800000)]

Other Threads:
  0x0000024d7abfadd0 VMThread "VM Thread" [stack: 0x000000e4aec00000,0x000000e4aed00000] [id=41660] _threads_hazard_ptr=0x0000024d7f2b6f00
  0x0000024d7f03ea90 WatcherThread "VM Periodic Task Thread" [stack: 0x000000e4af600000,0x000000e4af700000] [id=14760]
  0x0000024d69edca50 WorkerThread "GC Thread#0" [stack: 0x000000e4ae700000,0x000000e4ae800000] [id=40924]
  0x0000024d69eedd70 ConcurrentGCThread "G1 Main Marker" [stack: 0x000000e4ae800000,0x000000e4ae900000] [id=40928]
  0x0000024d69ef06b0 WorkerThread "G1 Conc#0" [stack: 0x000000e4ae900000,0x000000e4aea00000] [id=40932]
  0x0000024d69f3eaa0 ConcurrentGCThread "G1 Refine#0" [stack: 0x000000e4aea00000,0x000000e4aeb00000] [id=40936]
  0x0000024d7aab76a0 ConcurrentGCThread "G1 Service" [stack: 0x000000e4aeb00000,0x000000e4aec00000] [id=40940]

Threads with active compile tasks:

VM state: synchronizing (normal execution)

VM Mutex/Monitor currently owned by a thread:  ([mutex/lock_event])
[0x0000024d69e5d340] Metaspace_lock - owner thread: 0x0000024d69e71110
[0x0000024d69e6b8b0] Threads_lock - owner thread: 0x0000024d7abfadd0

Heap address: 0x000000070c000000, size: 3904 MB, Compressed Oops mode: Zero based, Oop shift amount: 3

CDS archive(s) mapped at: [0x0000024d0f000000-0x0000024d0fc60000-0x0000024d0fc60000), size 12976128, SharedBaseAddress: 0x0000024d0f000000, ArchiveRelocationMode: 1.
Compressed class space mapped at: 0x0000024d10000000-0x0000024d50000000, reserved size: 1073741824
Narrow klass base: 0x0000024d0f000000, Narrow klass shift: 0, Narrow klass range: 0x100000000

GC Precious Log:
 CardTable entry size: 512
 Card Set container configuration: InlinePtr #cards 4 size 8 Array Of Cards #cards 16 size 48 Howl #buckets 8 coarsen threshold 3686 Howl Bitmap #cards 512 size 80 coarsen threshold 460 Card regions per heap region 1 cards per card region 4096
 CPUs: 16 total, 16 available
 Memory: 15612M
 Large Page Support: Disabled
 NUMA Support: Disabled
 Compressed Oops: Enabled (Zero based)
 Heap Region Size: 2M
 Heap Min Capacity: 8M
 Heap Initial Capacity: 244M
 Heap Max Capacity: 3904M
 Pre-touch: Disabled
 Parallel Workers: 13
 Concurrent Workers: 3
 Concurrent Refinement Workers: 13
 Periodic GC: Disabled

Heap:
 garbage-first heap   total 249856K, used 6144K [0x000000070c000000, 0x0000000800000000)
  region size 2048K, 4 young (8192K), 0 survivors (0K)
 Metaspace       used 1642K, committed 1792K, reserved 1114112K
  class space    used 141K, committed 256K, reserved 1048576K

Heap Regions: E=young(eden), S=young(survivor), O=old, HS=humongous(starts), HC=humongous(continues), CS=collection set, F=free, OA=open archive, CA=closed archive, TAMS=top-at-mark-start, PB=parsable bottom
|   0|0x000000070c000000, 0x000000070c000000, 0x000000070c200000|  0%| F|  |TAMS 0x000000070c000000| PB 0x000000070c000000| Untracked 
|   1|0x000000070c200000, 0x000000070c200000, 0x000000070c400000|  0%| F|  |TAMS 0x000000070c200000| PB 0x000000070c200000| Untracked 
|   2|0x000000070c400000, 0x000000070c400000, 0x000000070c600000|  0%| F|  |TAMS 0x000000070c400000| PB 0x000000070c400000| Untracked 
|   3|0x000000070c600000, 0x000000070c600000, 0x000000070c800000|  0%| F|  |TAMS 0x000000070c600000| PB 0x000000070c600000| Untracked 
|   4|0x000000070c800000, 0x000000070c800000, 0x000000070ca00000|  0%| F|  |TAMS 0x000000070c800000| PB 0x000000070c800000| Untracked 
|   5|0x000000070ca00000, 0x000000070ca00000, 0x000000070cc00000|  0%| F|  |TAMS 0x000000070ca00000| PB 0x000000070ca00000| Untracked 
|   6|0x000000070cc00000, 0x000000070cc00000, 0x000000070ce00000|  0%| F|  |TAMS 0x000000070cc00000| PB 0x000000070cc00000| Untracked 
|   7|0x000000070ce00000, 0x000000070ce00000, 0x000000070d000000|  0%| F|  |TAMS 0x000000070ce00000| PB 0x000000070ce00000| Untracked 
|   8|0x000000070d000000, 0x000000070d000000, 0x000000070d200000|  0%| F|  |TAMS 0x000000070d000000| PB 0x000000070d000000| Untracked 
|   9|0x000000070d200000, 0x000000070d200000, 0x000000070d400000|  0%| F|  |TAMS 0x000000070d200000| PB 0x000000070d200000| Untracked 
|  10|0x000000070d400000, 0x000000070d400000, 0x000000070d600000|  0%| F|  |TAMS 0x000000070d400000| PB 0x000000070d400000| Untracked 
|  11|0x000000070d600000, 0x000000070d600000, 0x000000070d800000|  0%| F|  |TAMS 0x000000070d600000| PB 0x000000070d600000| Untracked 
|  12|0x000000070d800000, 0x000000070d800000, 0x000000070da00000|  0%| F|  |TAMS 0x000000070d800000| PB 0x000000070d800000| Untracked 
|  13|0x000000070da00000, 0x000000070da00000, 0x000000070dc00000|  0%| F|  |TAMS 0x000000070da00000| PB 0x000000070da00000| Untracked 
|  14|0x000000070dc00000, 0x000000070dc00000, 0x000000070de00000|  0%| F|  |TAMS 0x000000070dc00000| PB 0x000000070dc00000| Untracked 
|  15|0x000000070de00000, 0x000000070de00000, 0x000000070e000000|  0%| F|  |TAMS 0x000000070de00000| PB 0x000000070de00000| Untracked 
|  16|0x000000070e000000, 0x000000070e000000, 0x000000070e200000|  0%| F|  |TAMS 0x000000070e000000| PB 0x000000070e000000| Untracked 
|  17|0x000000070e200000, 0x000000070e200000, 0x000000070e400000|  0%| F|  |TAMS 0x000000070e200000| PB 0x000000070e200000| Untracked 
|  18|0x000000070e400000, 0x000000070e400000, 0x000000070e600000|  0%| F|  |TAMS 0x000000070e400000| PB 0x000000070e400000| Untracked 
|  19|0x000000070e600000, 0x000000070e600000, 0x000000070e800000|  0%| F|  |TAMS 0x000000070e600000| PB 0x000000070e600000| Untracked 
|  20|0x000000070e800000, 0x000000070e800000, 0x000000070ea00000|  0%| F|  |TAMS 0x000000070e800000| PB 0x000000070e800000| Untracked 
|  21|0x000000070ea00000, 0x000000070ea00000, 0x000000070ec00000|  0%| F|  |TAMS 0x000000070ea00000| PB 0x000000070ea00000| Untracked 
|  22|0x000000070ec00000, 0x000000070ec00000, 0x000000070ee00000|  0%| F|  |TAMS 0x000000070ec00000| PB 0x000000070ec00000| Untracked 
|  23|0x000000070ee00000, 0x000000070ee00000, 0x000000070f000000|  0%| F|  |TAMS 0x000000070ee00000| PB 0x000000070ee00000| Untracked 
|  24|0x000000070f000000, 0x000000070f000000, 0x000000070f200000|  0%| F|  |TAMS 0x000000070f000000| PB 0x000000070f000000| Untracked 
|  25|0x000000070f200000, 0x000000070f200000, 0x000000070f400000|  0%| F|  |TAMS 0x000000070f200000| PB 0x000000070f200000| Untracked 
|  26|0x000000070f400000, 0x000000070f400000, 0x000000070f600000|  0%| F|  |TAMS 0x000000070f400000| PB 0x000000070f400000| Untracked 
|  27|0x000000070f600000, 0x000000070f600000, 0x000000070f800000|  0%| F|  |TAMS 0x000000070f600000| PB 0x000000070f600000| Untracked 
|  28|0x000000070f800000, 0x000000070f800000, 0x000000070fa00000|  0%| F|  |TAMS 0x000000070f800000| PB 0x000000070f800000| Untracked 
|  29|0x000000070fa00000, 0x000000070fa00000, 0x000000070fc00000|  0%| F|  |TAMS 0x000000070fa00000| PB 0x000000070fa00000| Untracked 
|  30|0x000000070fc00000, 0x000000070fc00000, 0x000000070fe00000|  0%| F|  |TAMS 0x000000070fc00000| PB 0x000000070fc00000| Untracked 
|  31|0x000000070fe00000, 0x000000070fe00000, 0x0000000710000000|  0%| F|  |TAMS 0x000000070fe00000| PB 0x000000070fe00000| Untracked 
|  32|0x0000000710000000, 0x0000000710000000, 0x0000000710200000|  0%| F|  |TAMS 0x0000000710000000| PB 0x0000000710000000| Untracked 
|  33|0x0000000710200000, 0x0000000710200000, 0x0000000710400000|  0%| F|  |TAMS 0x0000000710200000| PB 0x0000000710200000| Untracked 
|  34|0x0000000710400000, 0x0000000710400000, 0x0000000710600000|  0%| F|  |TAMS 0x0000000710400000| PB 0x0000000710400000| Untracked 
|  35|0x0000000710600000, 0x0000000710600000, 0x0000000710800000|  0%| F|  |TAMS 0x0000000710600000| PB 0x0000000710600000| Untracked 
|  36|0x0000000710800000, 0x0000000710800000, 0x0000000710a00000|  0%| F|  |TAMS 0x0000000710800000| PB 0x0000000710800000| Untracked 
|  37|0x0000000710a00000, 0x0000000710a00000, 0x0000000710c00000|  0%| F|  |TAMS 0x0000000710a00000| PB 0x0000000710a00000| Untracked 
|  38|0x0000000710c00000, 0x0000000710c00000, 0x0000000710e00000|  0%| F|  |TAMS 0x0000000710c00000| PB 0x0000000710c00000| Untracked 
|  39|0x0000000710e00000, 0x0000000710e00000, 0x0000000711000000|  0%| F|  |TAMS 0x0000000710e00000| PB 0x0000000710e00000| Untracked 
|  40|0x0000000711000000, 0x0000000711000000, 0x0000000711200000|  0%| F|  |TAMS 0x0000000711000000| PB 0x0000000711000000| Untracked 
|  41|0x0000000711200000, 0x0000000711200000, 0x0000000711400000|  0%| F|  |TAMS 0x0000000711200000| PB 0x0000000711200000| Untracked 
|  42|0x0000000711400000, 0x0000000711400000, 0x0000000711600000|  0%| F|  |TAMS 0x0000000711400000| PB 0x0000000711400000| Untracked 
|  43|0x0000000711600000, 0x0000000711600000, 0x0000000711800000|  0%| F|  |TAMS 0x0000000711600000| PB 0x0000000711600000| Untracked 
|  44|0x0000000711800000, 0x0000000711800000, 0x0000000711a00000|  0%| F|  |TAMS 0x0000000711800000| PB 0x0000000711800000| Untracked 
|  45|0x0000000711a00000, 0x0000000711a00000, 0x0000000711c00000|  0%| F|  |TAMS 0x0000000711a00000| PB 0x0000000711a00000| Untracked 
|  46|0x0000000711c00000, 0x0000000711c00000, 0x0000000711e00000|  0%| F|  |TAMS 0x0000000711c00000| PB 0x0000000711c00000| Untracked 
|  47|0x0000000711e00000, 0x0000000711e00000, 0x0000000712000000|  0%| F|  |TAMS 0x0000000711e00000| PB 0x0000000711e00000| Untracked 
|  48|0x0000000712000000, 0x0000000712000000, 0x0000000712200000|  0%| F|  |TAMS 0x0000000712000000| PB 0x0000000712000000| Untracked 
|  49|0x0000000712200000, 0x0000000712200000, 0x0000000712400000|  0%| F|  |TAMS 0x0000000712200000| PB 0x0000000712200000| Untracked 
|  50|0x0000000712400000, 0x0000000712400000, 0x0000000712600000|  0%| F|  |TAMS 0x0000000712400000| PB 0x0000000712400000| Untracked 
|  51|0x0000000712600000, 0x0000000712600000, 0x0000000712800000|  0%| F|  |TAMS 0x0000000712600000| PB 0x0000000712600000| Untracked 
|  52|0x0000000712800000, 0x0000000712800000, 0x0000000712a00000|  0%| F|  |TAMS 0x0000000712800000| PB 0x0000000712800000| Untracked 
|  53|0x0000000712a00000, 0x0000000712a00000, 0x0000000712c00000|  0%| F|  |TAMS 0x0000000712a00000| PB 0x0000000712a00000| Untracked 
|  54|0x0000000712c00000, 0x0000000712c00000, 0x0000000712e00000|  0%| F|  |TAMS 0x0000000712c00000| PB 0x0000000712c00000| Untracked 
|  55|0x0000000712e00000, 0x0000000712e00000, 0x0000000713000000|  0%| F|  |TAMS 0x0000000712e00000| PB 0x0000000712e00000| Untracked 
|  56|0x0000000713000000, 0x0000000713000000, 0x0000000713200000|  0%| F|  |TAMS 0x0000000713000000| PB 0x0000000713000000| Untracked 
|  57|0x0000000713200000, 0x0000000713200000, 0x0000000713400000|  0%| F|  |TAMS 0x0000000713200000| PB 0x0000000713200000| Untracked 
|  58|0x0000000713400000, 0x0000000713400000, 0x0000000713600000|  0%| F|  |TAMS 0x0000000713400000| PB 0x0000000713400000| Untracked 
|  59|0x0000000713600000, 0x0000000713600000, 0x0000000713800000|  0%| F|  |TAMS 0x0000000713600000| PB 0x0000000713600000| Untracked 
|  60|0x0000000713800000, 0x0000000713800000, 0x0000000713a00000|  0%| F|  |TAMS 0x0000000713800000| PB 0x0000000713800000| Untracked 
|  61|0x0000000713a00000, 0x0000000713a00000, 0x0000000713c00000|  0%| F|  |TAMS 0x0000000713a00000| PB 0x0000000713a00000| Untracked 
|  62|0x0000000713c00000, 0x0000000713c00000, 0x0000000713e00000|  0%| F|  |TAMS 0x0000000713c00000| PB 0x0000000713c00000| Untracked 
|  63|0x0000000713e00000, 0x0000000713e00000, 0x0000000714000000|  0%| F|  |TAMS 0x0000000713e00000| PB 0x0000000713e00000| Untracked 
|  64|0x0000000714000000, 0x0000000714000000, 0x0000000714200000|  0%| F|  |TAMS 0x0000000714000000| PB 0x0000000714000000| Untracked 
|  65|0x0000000714200000, 0x0000000714200000, 0x0000000714400000|  0%| F|  |TAMS 0x0000000714200000| PB 0x0000000714200000| Untracked 
|  66|0x0000000714400000, 0x0000000714400000, 0x0000000714600000|  0%| F|  |TAMS 0x0000000714400000| PB 0x0000000714400000| Untracked 
|  67|0x0000000714600000, 0x0000000714600000, 0x0000000714800000|  0%| F|  |TAMS 0x0000000714600000| PB 0x0000000714600000| Untracked 
|  68|0x0000000714800000, 0x0000000714800000, 0x0000000714a00000|  0%| F|  |TAMS 0x0000000714800000| PB 0x0000000714800000| Untracked 
|  69|0x0000000714a00000, 0x0000000714a00000, 0x0000000714c00000|  0%| F|  |TAMS 0x0000000714a00000| PB 0x0000000714a00000| Untracked 
|  70|0x0000000714c00000, 0x0000000714c00000, 0x0000000714e00000|  0%| F|  |TAMS 0x0000000714c00000| PB 0x0000000714c00000| Untracked 
|  71|0x0000000714e00000, 0x0000000714e00000, 0x0000000715000000|  0%| F|  |TAMS 0x0000000714e00000| PB 0x0000000714e00000| Untracked 
|  72|0x0000000715000000, 0x0000000715000000, 0x0000000715200000|  0%| F|  |TAMS 0x0000000715000000| PB 0x0000000715000000| Untracked 
|  73|0x0000000715200000, 0x0000000715200000, 0x0000000715400000|  0%| F|  |TAMS 0x0000000715200000| PB 0x0000000715200000| Untracked 
|  74|0x0000000715400000, 0x0000000715400000, 0x0000000715600000|  0%| F|  |TAMS 0x0000000715400000| PB 0x0000000715400000| Untracked 
|  75|0x0000000715600000, 0x0000000715600000, 0x0000000715800000|  0%| F|  |TAMS 0x0000000715600000| PB 0x0000000715600000| Untracked 
|  76|0x0000000715800000, 0x0000000715800000, 0x0000000715a00000|  0%| F|  |TAMS 0x0000000715800000| PB 0x0000000715800000| Untracked 
|  77|0x0000000715a00000, 0x0000000715a00000, 0x0000000715c00000|  0%| F|  |TAMS 0x0000000715a00000| PB 0x0000000715a00000| Untracked 
|  78|0x0000000715c00000, 0x0000000715c00000, 0x0000000715e00000|  0%| F|  |TAMS 0x0000000715c00000| PB 0x0000000715c00000| Untracked 
|  79|0x0000000715e00000, 0x0000000715e00000, 0x0000000716000000|  0%| F|  |TAMS 0x0000000715e00000| PB 0x0000000715e00000| Untracked 
|  80|0x0000000716000000, 0x0000000716000000, 0x0000000716200000|  0%| F|  |TAMS 0x0000000716000000| PB 0x0000000716000000| Untracked 
|  81|0x0000000716200000, 0x0000000716200000, 0x0000000716400000|  0%| F|  |TAMS 0x0000000716200000| PB 0x0000000716200000| Untracked 
|  82|0x0000000716400000, 0x0000000716400000, 0x0000000716600000|  0%| F|  |TAMS 0x0000000716400000| PB 0x0000000716400000| Untracked 
|  83|0x0000000716600000, 0x0000000716600000, 0x0000000716800000|  0%| F|  |TAMS 0x0000000716600000| PB 0x0000000716600000| Untracked 
|  84|0x0000000716800000, 0x0000000716800000, 0x0000000716a00000|  0%| F|  |TAMS 0x0000000716800000| PB 0x0000000716800000| Untracked 
|  85|0x0000000716a00000, 0x0000000716a00000, 0x0000000716c00000|  0%| F|  |TAMS 0x0000000716a00000| PB 0x0000000716a00000| Untracked 
|  86|0x0000000716c00000, 0x0000000716c00000, 0x0000000716e00000|  0%| F|  |TAMS 0x0000000716c00000| PB 0x0000000716c00000| Untracked 
|  87|0x0000000716e00000, 0x0000000716e00000, 0x0000000717000000|  0%| F|  |TAMS 0x0000000716e00000| PB 0x0000000716e00000| Untracked 
|  88|0x0000000717000000, 0x0000000717000000, 0x0000000717200000|  0%| F|  |TAMS 0x0000000717000000| PB 0x0000000717000000| Untracked 
|  89|0x0000000717200000, 0x0000000717200000, 0x0000000717400000|  0%| F|  |TAMS 0x0000000717200000| PB 0x0000000717200000| Untracked 
|  90|0x0000000717400000, 0x0000000717400000, 0x0000000717600000|  0%| F|  |TAMS 0x0000000717400000| PB 0x0000000717400000| Untracked 
|  91|0x0000000717600000, 0x0000000717600000, 0x0000000717800000|  0%| F|  |TAMS 0x0000000717600000| PB 0x0000000717600000| Untracked 
|  92|0x0000000717800000, 0x0000000717800000, 0x0000000717a00000|  0%| F|  |TAMS 0x0000000717800000| PB 0x0000000717800000| Untracked 
|  93|0x0000000717a00000, 0x0000000717a00000, 0x0000000717c00000|  0%| F|  |TAMS 0x0000000717a00000| PB 0x0000000717a00000| Untracked 
|  94|0x0000000717c00000, 0x0000000717c00000, 0x0000000717e00000|  0%| F|  |TAMS 0x0000000717c00000| PB 0x0000000717c00000| Untracked 
|  95|0x0000000717e00000, 0x0000000717e00000, 0x0000000718000000|  0%| F|  |TAMS 0x0000000717e00000| PB 0x0000000717e00000| Untracked 
|  96|0x0000000718000000, 0x0000000718000000, 0x0000000718200000|  0%| F|  |TAMS 0x0000000718000000| PB 0x0000000718000000| Untracked 
|  97|0x0000000718200000, 0x0000000718200000, 0x0000000718400000|  0%| F|  |TAMS 0x0000000718200000| PB 0x0000000718200000| Untracked 
|  98|0x0000000718400000, 0x0000000718400000, 0x0000000718600000|  0%| F|  |TAMS 0x0000000718400000| PB 0x0000000718400000| Untracked 
|  99|0x0000000718600000, 0x0000000718600000, 0x0000000718800000|  0%| F|  |TAMS 0x0000000718600000| PB 0x0000000718600000| Untracked 
| 100|0x0000000718800000, 0x0000000718800000, 0x0000000718a00000|  0%| F|  |TAMS 0x0000000718800000| PB 0x0000000718800000| Untracked 
| 101|0x0000000718a00000, 0x0000000718a00000, 0x0000000718c00000|  0%| F|  |TAMS 0x0000000718a00000| PB 0x0000000718a00000| Untracked 
| 102|0x0000000718c00000, 0x0000000718c00000, 0x0000000718e00000|  0%| F|  |TAMS 0x0000000718c00000| PB 0x0000000718c00000| Untracked 
| 103|0x0000000718e00000, 0x0000000718e00000, 0x0000000719000000|  0%| F|  |TAMS 0x0000000718e00000| PB 0x0000000718e00000| Untracked 
| 104|0x0000000719000000, 0x0000000719000000, 0x0000000719200000|  0%| F|  |TAMS 0x0000000719000000| PB 0x0000000719000000| Untracked 
| 105|0x0000000719200000, 0x0000000719200000, 0x0000000719400000|  0%| F|  |TAMS 0x0000000719200000| PB 0x0000000719200000| Untracked 
| 106|0x0000000719400000, 0x0000000719400000, 0x0000000719600000|  0%| F|  |TAMS 0x0000000719400000| PB 0x0000000719400000| Untracked 
| 107|0x0000000719600000, 0x0000000719600000, 0x0000000719800000|  0%| F|  |TAMS 0x0000000719600000| PB 0x0000000719600000| Untracked 
| 108|0x0000000719800000, 0x0000000719800000, 0x0000000719a00000|  0%| F|  |TAMS 0x0000000719800000| PB 0x0000000719800000| Untracked 
| 109|0x0000000719a00000, 0x0000000719a00000, 0x0000000719c00000|  0%| F|  |TAMS 0x0000000719a00000| PB 0x0000000719a00000| Untracked 
| 110|0x0000000719c00000, 0x0000000719c00000, 0x0000000719e00000|  0%| F|  |TAMS 0x0000000719c00000| PB 0x0000000719c00000| Untracked 
| 111|0x0000000719e00000, 0x0000000719e00000, 0x000000071a000000|  0%| F|  |TAMS 0x0000000719e00000| PB 0x0000000719e00000| Untracked 
| 112|0x000000071a000000, 0x000000071a000000, 0x000000071a200000|  0%| F|  |TAMS 0x000000071a000000| PB 0x000000071a000000| Untracked 
| 113|0x000000071a200000, 0x000000071a200000, 0x000000071a400000|  0%| F|  |TAMS 0x000000071a200000| PB 0x000000071a200000| Untracked 
| 114|0x000000071a400000, 0x000000071a400000, 0x000000071a600000|  0%| F|  |TAMS 0x000000071a400000| PB 0x000000071a400000| Untracked 
| 115|0x000000071a600000, 0x000000071a600000, 0x000000071a800000|  0%| F|  |TAMS 0x000000071a600000| PB 0x000000071a600000| Untracked 
| 116|0x000000071a800000, 0x000000071a800000, 0x000000071aa00000|  0%| F|  |TAMS 0x000000071a800000| PB 0x000000071a800000| Untracked 
| 117|0x000000071aa00000, 0x000000071aa00000, 0x000000071ac00000|  0%| F|  |TAMS 0x000000071aa00000| PB 0x000000071aa00000| Untracked 
| 118|0x000000071ac00000, 0x000000071adce538, 0x000000071ae00000| 90%| E|  |TAMS 0x000000071ac00000| PB 0x000000071ac00000| Complete 
| 119|0x000000071ae00000, 0x000000071b000000, 0x000000071b000000|100%| E|CS|TAMS 0x000000071ae00000| PB 0x000000071ae00000| Complete 
| 120|0x000000071b000000, 0x000000071b200000, 0x000000071b200000|100%| E|CS|TAMS 0x000000071b000000| PB 0x000000071b000000| Complete 
| 121|0x000000071b200000, 0x000000071b400000, 0x000000071b400000|100%| E|CS|TAMS 0x000000071b200000| PB 0x000000071b200000| Complete 

Card table byte_map: [0x0000024d72f80000,0x0000024d73720000] _byte_map_base: 0x0000024d6f720000

Marking Bits: (CMBitMap*) 0x0000024d69edd080
 Bits: [0x0000024d73ec0000, 0x0000024d77bc0000)

Polling page: 0x0000024d67e10000

Metaspace:

Usage:
  Non-class:      1.47 MB used.
      Class:    141.45 KB used.
       Both:      1.60 MB used.

Virtual space:
  Non-class space:       64.00 MB reserved,       1.50 MB (  2%) committed,  1 nodes.
      Class space:        1.00 GB reserved,     256.00 KB ( <1%) committed,  1 nodes.
             Both:        1.06 GB reserved,       1.75 MB ( <1%) committed. 

Chunk freelists:
   Non-Class:  3.30 MB
       Class:  3.66 MB
        Both:  6.95 MB

MaxMetaspaceSize: unlimited
CompressedClassSpaceSize: 1.00 GB
Initial GC threshold: 21.00 MB
Current GC threshold: 21.00 MB
CDS: on
MetaspaceReclaimPolicy: balanced
 - commit_granule_bytes: 65536.
 - commit_granule_words: 8192.
 - virtual_space_node_default_size: 8388608.
 - enlarge_chunks_in_place: 1.
 - new_chunks_are_fully_committed: 0.
 - uncommit_free_chunks: 1.
 - use_allocation_guard: 0.


Internal statistics:

num_allocs_failed_limit: 0.
num_arena_births: 22.
num_arena_deaths: 0.
num_vsnodes_births: 2.
num_vsnodes_deaths: 0.
num_space_committed: 28.
num_space_uncommitted: 0.
num_chunks_returned_to_freelist: 0.
num_chunks_taken_from_freelist: 59.
num_chunk_merges: 0.
num_chunk_splits: 38.
num_chunks_enlarged: 33.
num_inconsistent_stats: 0.

CodeHeap 'non-profiled nmethods': size=119168Kb used=136Kb max_used=136Kb free=119031Kb
 bounds [0x0000024d07ba0000, 0x0000024d07e10000, 0x0000024d0f000000]
CodeHeap 'profiled nmethods': size=119104Kb used=718Kb max_used=718Kb free=118385Kb
 bounds [0x0000024d00000000, 0x0000024d00270000, 0x0000024d07450000]
CodeHeap 'non-nmethods': size=7488Kb used=1342Kb max_used=3040Kb free=6145Kb
 bounds [0x0000024d07450000, 0x0000024d07750000, 0x0000024d07ba0000]
 total_blobs=862 nmethods=465 adapters=308
 compilation: enabled
              stopped_count=0, restarted_count=0
 full_count=0

Compilation events (20 events):
Event: 7.970 Thread 0x0000024d7ac1f790 nmethod 454 0x0000024d000af910 code [0x0000024d000afac0, 0x0000024d000afdd8]
Event: 7.979 Thread 0x0000024d7ac1f790  455       3       jdk.internal.access.SharedSecrets::javaUtilJarAccess (19 bytes)
Event: 7.979 Thread 0x0000024d7ac1f790 nmethod 455 0x0000024d000aff90 code [0x0000024d000b0180, 0x0000024d000b0608]
Event: 8.065 Thread 0x0000024d7ac1f790  456       3       java.lang.String::rangeCheck (10 bytes)
Event: 8.065 Thread 0x0000024d7ac1f790 nmethod 456 0x0000024d000b0890 code [0x0000024d000b0a40, 0x0000024d000b0cc0]
Event: 8.073 Thread 0x0000024d7ac1f790  458       3       jdk.internal.loader.URLClassPath$JarLoader::findResource (18 bytes)
Event: 8.073 Thread 0x0000024d7ac1f790 nmethod 458 0x0000024d000b0e10 code [0x0000024d000b0fc0, 0x0000024d000b1240]
Event: 8.077 Thread 0x0000024d7ac1f790  459       3       java.lang.Character::getType (9 bytes)
Event: 8.077 Thread 0x0000024d7ac1f790 nmethod 459 0x0000024d000b1310 code [0x0000024d000b14c0, 0x0000024d000b16a8]
Event: 8.077 Thread 0x0000024d7ac1f790  460       3       java.lang.CharacterDataLatin1::getType (11 bytes)
Event: 8.077 Thread 0x0000024d7ac1f790 nmethod 460 0x0000024d000b1790 code [0x0000024d000b1920, 0x0000024d000b1ad8]
Event: 8.094 Thread 0x0000024d7ac1f790  461       3       java.lang.String::indexOf (64 bytes)
Event: 8.094 Thread 0x0000024d7ac1f790 nmethod 461 0x0000024d000b1c10 code [0x0000024d000b1e00, 0x0000024d000b22e0]
Event: 8.094 Thread 0x0000024d7ac1f790  462       3       java.lang.StringLatin1::indexOf (25 bytes)
Event: 8.094 Thread 0x0000024d7ac1f790 nmethod 462 0x0000024d000b2490 code [0x0000024d000b2640, 0x0000024d000b2840]
Event: 8.096 Thread 0x0000024d7ac1f790  463       3       java.lang.String::equalsIgnoreCase (45 bytes)
Event: 8.097 Thread 0x0000024d7ac1f790 nmethod 463 0x0000024d000b2910 code [0x0000024d000b2ae0, 0x0000024d000b3040]
Event: 8.101 Thread 0x0000024d7ac1f790  464       3       jdk.internal.loader.URLClassPath::getResource (74 bytes)
Event: 8.101 Thread 0x0000024d7ac1f790 nmethod 464 0x0000024d000b3210 code [0x0000024d000b33c0, 0x0000024d000b3718]
Event: 8.102 Thread 0x0000024d7ac1ee10  465       4       java.lang.StringLatin1::replace (198 bytes)

GC Heap History (0 events):
No events

Dll operation events (8 events):
Event: 0.522 Loaded shared library C:\Program Files\Java\jdk-20\bin\java.dll
Event: 0.964 Loaded shared library C:\Program Files\Java\jdk-20\bin\jsvml.dll
Event: 1.332 Loaded shared library C:\Program Files\Java\jdk-20\bin\net.dll
Event: 1.406 Loaded shared library C:\Program Files\Java\jdk-20\bin\nio.dll
Event: 1.410 Loaded shared library C:\Program Files\Java\jdk-20\bin\zip.dll
Event: 7.135 Loaded shared library C:\Program Files\Java\jdk-20\bin\jimage.dll
Event: 7.187 Loaded shared library C:\Program Files\NetBeans-18\netbeans\java\maven\lib\jansi-native\Windows\x86_64\jansi.dll
Event: 7.269 Loaded shared library C:\Program Files\Java\jdk-20\bin\verify.dll

Deoptimization events (0 events):
No events

Classes loaded (20 events):
Event: 7.498 Loading class java/util/concurrent/LinkedBlockingQueue$Node
Event: 7.498 Loading class java/util/concurrent/LinkedBlockingQueue$Node done
Event: 7.508 Loading class java/net/URLClassLoader$3
Event: 7.508 Loading class java/net/URLClassLoader$3 done
Event: 7.508 Loading class java/net/URLClassLoader$3$1
Event: 7.508 Loading class java/net/URLClassLoader$3$1 done
Event: 7.698 Loading class java/util/LinkedHashMap$LinkedKeySet
Event: 7.698 Loading class java/util/LinkedHashMap$LinkedKeySet done
Event: 7.698 Loading class java/util/LinkedHashMap$LinkedKeyIterator
Event: 7.698 Loading class java/util/LinkedHashMap$LinkedKeyIterator done
Event: 7.854 Loading class jdk/internal/loader/URLClassPath$FileLoader$1
Event: 7.854 Loading class jdk/internal/loader/URLClassPath$FileLoader$1 done
Event: 7.933 Loading class java/lang/InstantiationException
Event: 7.933 Loading class java/lang/InstantiationException done
Event: 8.091 Loading class java/lang/StringIndexOutOfBoundsException
Event: 8.091 Loading class java/lang/IndexOutOfBoundsException
Event: 8.091 Loading class java/lang/IndexOutOfBoundsException done
Event: 8.091 Loading class java/lang/StringIndexOutOfBoundsException done
Event: 8.092 Loading class java/util/StringTokenizer
Event: 8.092 Loading class java/util/StringTokenizer done

Classes unloaded (0 events):
No events

Classes redefined (0 events):
No events

Internal exceptions (10 events):
Event: 7.065 Thread 0x0000024d69e71110 Exception <a 'java/lang/NoSuchMethodError'{0x000000071afb4f60}: 'java.lang.Object java.lang.invoke.Invokers$Holder.invokeExact_MT(java.lang.Object, java.lang.Object, java.lang.Object, java.lang.Object, java.lang.Object)'> (0x000000071afb4f60) 
thrown [s\open\src\hotspot\share\interpreter\linkResolver.cpp, line 773]
Event: 7.122 Thread 0x0000024d69e71110 Exception <a 'java/lang/NullPointerException'{0x000000071ac0ca80}> (0x000000071ac0ca80) 
thrown [s\open\src\hotspot\share\interpreter\linkResolver.cpp, line 1373]
Event: 7.196 Thread 0x0000024d69e71110 Exception <a 'java/lang/NullPointerException'{0x000000071ac44c68}> (0x000000071ac44c68) 
thrown [s\open\src\hotspot\share\interpreter\linkResolver.cpp, line 1373]
Event: 7.196 Thread 0x0000024d69e71110 Exception <a 'java/lang/NullPointerException'{0x000000071ac44f48}> (0x000000071ac44f48) 
thrown [s\open\src\hotspot\share\interpreter\linkResolver.cpp, line 1373]
Event: 7.196 Thread 0x0000024d69e71110 Exception <a 'java/lang/NullPointerException'{0x000000071ac45228}> (0x000000071ac45228) 
thrown [s\open\src\hotspot\share\interpreter\linkResolver.cpp, line 1373]
Event: 7.211 Thread 0x0000024d69e71110 Exception <a 'java/lang/NullPointerException'{0x000000071ac4a000}> (0x000000071ac4a000) 
thrown [s\open\src\hotspot\share\interpreter\linkResolver.cpp, line 1373]
Event: 7.233 Thread 0x0000024d69e71110 Exception <a 'java/lang/NullPointerException'{0x000000071ac5ca20}> (0x000000071ac5ca20) 
thrown [s\open\src\hotspot\share\interpreter\linkResolver.cpp, line 1373]
Event: 7.233 Thread 0x0000024d69e71110 Exception <a 'java/lang/NullPointerException'{0x000000071ac5cd00}> (0x000000071ac5cd00) 
thrown [s\open\src\hotspot\share\interpreter\linkResolver.cpp, line 1373]
Event: 7.233 Thread 0x0000024d69e71110 Exception <a 'java/lang/NullPointerException'{0x000000071ac5cfe0}> (0x000000071ac5cfe0) 
thrown [s\open\src\hotspot\share\interpreter\linkResolver.cpp, line 1373]
Event: 7.233 Thread 0x0000024d69e71110 Exception <a 'java/lang/NullPointerException'{0x000000071ac5d2c0}> (0x000000071ac5d2c0) 
thrown [s\open\src\hotspot\share\interpreter\linkResolver.cpp, line 1373]

VM Operations (12 events):
Event: 1.412 Executing VM operation: HandshakeAllThreads
Event: 1.412 Executing VM operation: HandshakeAllThreads done
Event: 2.412 Executing VM operation: Cleanup
Event: 2.412 Executing VM operation: Cleanup done
Event: 5.439 Executing VM operation: Cleanup
Event: 5.440 Executing VM operation: Cleanup done
Event: 7.117 Executing VM operation: HandshakeAllThreads
Event: 7.117 Executing VM operation: HandshakeAllThreads done
Event: 7.117 Executing VM operation: Cleanup
Event: 7.117 Executing VM operation: Cleanup done
Event: 7.142 Executing VM operation: HandshakeAllThreads
Event: 7.142 Executing VM operation: HandshakeAllThreads done

Events (17 events):
Event: 0.964 Thread 0x0000024d69e71110 Thread added: 0x0000024d69e71110
Event: 1.165 Thread 0x0000024d7ac18f20 Thread added: 0x0000024d7ac18f20
Event: 1.165 Thread 0x0000024d7ac199c0 Thread added: 0x0000024d7ac199c0
Event: 1.165 Thread 0x0000024d7ac1a5c0 Thread added: 0x0000024d7ac1a5c0
Event: 1.165 Thread 0x0000024d7ac1bf10 Thread added: 0x0000024d7ac1bf10
Event: 1.165 Thread 0x0000024d7ac1c850 Thread added: 0x0000024d7ac1c850
Event: 1.165 Thread 0x0000024d7ac1d190 Thread added: 0x0000024d7ac1d190
Event: 1.165 Thread 0x0000024d7ac1ee10 Thread added: 0x0000024d7ac1ee10
Event: 1.165 Thread 0x0000024d7ac1f790 Thread added: 0x0000024d7ac1f790
Event: 1.192 Thread 0x0000024d7f037490 Thread added: 0x0000024d7f037490
Event: 1.195 Thread 0x0000024d7f03f2e0 Thread added: 0x0000024d7f03f2e0
Event: 1.308 Thread 0x0000024d7f0a9ca0 Thread added: 0x0000024d7f0a9ca0
Event: 1.308 Thread 0x0000024d7f0aa230 Thread added: 0x0000024d7f0aa230
Event: 1.308 Thread 0x0000024d7f0ae7d0 Thread added: 0x0000024d7f0ae7d0
Event: 3.163 Thread 0x0000024d7f0ae7d0 Thread exited: 0x0000024d7f0ae7d0
Event: 4.341 Thread 0x0000024d7f0aa230 Thread exited: 0x0000024d7f0aa230
Event: 5.179 Thread 0x0000024d7f0a9ca0 Thread exited: 0x0000024d7f0a9ca0


Dynamic libraries:
0x00007ff622560000 - 0x00007ff622570000 	C:\Program Files\Java\jdk-20\bin\java.exe
0x00007ff8a2c80000 - 0x00007ff8a2e89000 	C:\Windows\SYSTEM32\ntdll.dll
0x00007ff8a0b80000 - 0x00007ff8a0c3d000 	C:\Windows\System32\KERNEL32.DLL
0x00007ff8a0110000 - 0x00007ff8a0494000 	C:\Windows\System32\KERNELBASE.dll
0x00007ff8a04d0000 - 0x00007ff8a05e1000 	C:\Windows\System32\ucrtbase.dll
0x00007ff890a20000 - 0x00007ff890a39000 	C:\Program Files\Java\jdk-20\bin\jli.dll
0x00007ff8a2b80000 - 0x00007ff8a2c2e000 	C:\Windows\System32\ADVAPI32.dll
0x00007ff8a0eb0000 - 0x00007ff8a0f53000 	C:\Windows\System32\msvcrt.dll
0x00007ff8a1910000 - 0x00007ff8a19ae000 	C:\Windows\System32\sechost.dll
0x00007ff8a10c0000 - 0x00007ff8a11e1000 	C:\Windows\System32\RPCRT4.dll
0x00007ff8a28b0000 - 0x00007ff8a2a5d000 	C:\Windows\System32\USER32.dll
0x00007ff8a04a0000 - 0x00007ff8a04c6000 	C:\Windows\System32\win32u.dll
0x00007ff8a0c40000 - 0x00007ff8a0c6a000 	C:\Windows\System32\GDI32.dll
0x00007ff8a07d0000 - 0x00007ff8a08ee000 	C:\Windows\System32\gdi32full.dll
0x00007ff8a0730000 - 0x00007ff8a07cd000 	C:\Windows\System32\msvcp_win.dll
0x00007ff8967c0000 - 0x00007ff8967db000 	C:\Program Files\Java\jdk-20\bin\VCRUNTIME140.dll
0x00007ff889e00000 - 0x00007ff88a0a5000 	C:\Windows\WinSxS\amd64_microsoft.windows.common-controls_6595b64144ccf1df_6.0.22000.120_none_9d947278b86cc467\COMCTL32.dll
0x00007ff896fa0000 - 0x00007ff896faa000 	C:\Windows\SYSTEM32\VERSION.dll
0x00007ff8a2a60000 - 0x00007ff8a2a91000 	C:\Windows\System32\IMM32.DLL
0x00007ff89c110000 - 0x00007ff89c11c000 	C:\Program Files\Java\jdk-20\bin\vcruntime140_1.dll
0x00007ff88f320000 - 0x00007ff88f3ae000 	C:\Program Files\Java\jdk-20\bin\msvcp140.dll
0x00007ff815810000 - 0x00007ff8164a8000 	C:\Program Files\Java\jdk-20\bin\server\jvm.dll
0x00007ff89c120000 - 0x00007ff89c129000 	C:\Windows\SYSTEM32\WSOCK32.dll
0x00007ff8a1290000 - 0x00007ff8a12ff000 	C:\Windows\System32\WS2_32.dll
0x00007ff898e20000 - 0x00007ff898e53000 	C:\Windows\SYSTEM32\WINMM.dll
0x00007ff89f1f0000 - 0x00007ff89f208000 	C:\Windows\SYSTEM32\kernel.appcore.dll
0x00007ff89a260000 - 0x00007ff89a26a000 	C:\Program Files\Java\jdk-20\bin\jimage.dll
0x00007ff89dcb0000 - 0x00007ff89ded1000 	C:\Windows\SYSTEM32\DBGHELP.DLL
0x00007ff886a60000 - 0x00007ff886a91000 	C:\Windows\SYSTEM32\dbgcore.DLL
0x00007ff8a05f0000 - 0x00007ff8a066f000 	C:\Windows\System32\bcryptPrimitives.dll
0x00007ff894e60000 - 0x00007ff894e86000 	C:\Program Files\Java\jdk-20\bin\java.dll
0x00007ff87e8e0000 - 0x00007ff87e9b7000 	C:\Program Files\Java\jdk-20\bin\jsvml.dll
0x00007ff8a1aa0000 - 0x00007ff8a2265000 	C:\Windows\System32\SHELL32.dll
0x00007ff89e1e0000 - 0x00007ff89ea42000 	C:\Windows\SYSTEM32\windows.storage.dll
0x00007ff8a1590000 - 0x00007ff8a1906000 	C:\Windows\System32\combase.dll
0x00007ff89e070000 - 0x00007ff89e1d7000 	C:\Windows\SYSTEM32\wintypes.dll
0x00007ff8a0f60000 - 0x00007ff8a104a000 	C:\Windows\System32\SHCORE.dll
0x00007ff8a1050000 - 0x00007ff8a10ad000 	C:\Windows\System32\shlwapi.dll
0x00007ff8a0040000 - 0x00007ff8a0065000 	C:\Windows\SYSTEM32\profapi.dll
0x00007ff8967a0000 - 0x00007ff8967b3000 	C:\Program Files\Java\jdk-20\bin\net.dll
0x00007ff89b5f0000 - 0x00007ff89b704000 	C:\Windows\SYSTEM32\WINHTTP.dll
0x00007ff89f6a0000 - 0x00007ff89f707000 	C:\Windows\system32\mswsock.dll
0x00007ff894e40000 - 0x00007ff894e56000 	C:\Program Files\Java\jdk-20\bin\nio.dll
0x00007ff891e40000 - 0x00007ff891e58000 	C:\Program Files\Java\jdk-20\bin\zip.dll
0x0000000069ac0000 - 0x0000000069ae4000 	C:\Program Files\NetBeans-18\netbeans\java\maven\lib\jansi-native\Windows\x86_64\jansi.dll
0x00007ff896640000 - 0x00007ff896650000 	C:\Program Files\Java\jdk-20\bin\verify.dll

dbghelp: loaded successfully - version: 4.0.5 - missing functions: none
symbol engine: initialized successfully - sym options: 0x614 - pdb path: .;C:\Program Files\Java\jdk-20\bin;C:\Windows\SYSTEM32;C:\Windows\WinSxS\amd64_microsoft.windows.common-controls_6595b64144ccf1df_6.0.22000.120_none_9d947278b86cc467;C:\Program Files\Java\jdk-20\bin\server;C:\Program Files\NetBeans-18\netbeans\java\maven\lib\jansi-native\Windows\x86_64

VM Arguments:
jvm_args: -Dclassworlds.conf=C:\Program Files\NetBeans-18\netbeans\java\maven\bin\m2.conf -Dmaven.home=C:\Program Files\NetBeans-18\netbeans\java\maven -Dlibrary.jansi.path=C:\Program Files\NetBeans-18\netbeans\java\maven\lib\jansi-native -Dmaven.multiModuleProjectDirectory=C:\Users\FLOW\Documents\NetBeansProjects\Peminjaman-Ruang 
java_command: org.codehaus.plexus.classworlds.launcher.Launcher -Dexec.vmArgs= -Dexec.args=${exec.vmArgs} -classpath %classpath ${exec.mainClass} ${exec.appArgs} -Dexec.appArgs= -Dexec.mainClass=peminjaman.peminjaman.ruang.PeminjamanRuang -Dexec.executable=C:\Program Files\Java\jdk-20\bin\java.exe -Dmaven.ext.class.path=C:\Program Files\NetBeans-18\netbeans\java\maven-nblib\netbeans-eventspy.jar --no-transfer-progress process-classes org.codehaus.mojo:exec-maven-plugin:3.1.0:exec
java_class_path (initial): C:\Program Files\NetBeans-18\netbeans\java\maven\boot\plexus-classworlds-2.6.0.jar
Launcher Type: SUN_STANDARD

[Global flags]
     intx CICompilerCount                          = 12                                        {product} {ergonomic}
     uint ConcGCThreads                            = 3                                         {product} {ergonomic}
     uint G1ConcRefinementThreads                  = 13                                        {product} {ergonomic}
   size_t G1HeapRegionSize                         = 2097152                                   {product} {ergonomic}
    uintx GCDrainStackTargetSize                   = 64                                        {product} {ergonomic}
   size_t InitialHeapSize                          = 255852544                                 {product} {ergonomic}
   size_t MarkStackSize                            = 4194304                                   {product} {ergonomic}
   size_t MaxHeapSize                              = 4093640704                                {product} {ergonomic}
   size_t MaxNewSize                               = 2455764992                                {product} {ergonomic}
   size_t MinHeapDeltaBytes                        = 2097152                                   {product} {ergonomic}
   size_t MinHeapSize                              = 8388608                                   {product} {ergonomic}
    uintx NonNMethodCodeHeapSize                   = 7602480                                {pd product} {ergonomic}
    uintx NonProfiledCodeHeapSize                  = 122027880                              {pd product} {ergonomic}
    uintx ProfiledCodeHeapSize                     = 122027880                              {pd product} {ergonomic}
    uintx ReservedCodeCacheSize                    = 251658240                              {pd product} {ergonomic}
     bool SegmentedCodeCache                       = true                                      {product} {ergonomic}
   size_t SoftMaxHeapSize                          = 4093640704                             {manageable} {ergonomic}
     bool UseCompressedClassPointers               = true                           {product lp64_product} {ergonomic}
     bool UseCompressedOops                        = true                           {product lp64_product} {ergonomic}
     bool UseG1GC                                  = true                                      {product} {ergonomic}
     bool UseLargePagesIndividualAllocation        = false                                  {pd product} {ergonomic}

Logging:
Log output configuration:
 #0: stdout all=warning uptime,level,tags foldmultilines=false
 #1: stderr all=off uptime,level,tags foldmultilines=false

Environment Variables:
JAVA_HOME=C:\Program Files\Java\jdk-20
PATH=C:\Program Files\Common Files\Oracle\Java\javapath;C:\Windows\system32;C:\Windows;C:\Windows\System32\Wbem;C:\Windows\System32\WindowsPowerShell\v1.0\;C:\Windows\System32\OpenSSH\;C:\Program Files (x86)\NVIDIA Corporation\PhysX\Common;C:\Program Files\NVIDIA Corporation\NVIDIA NvDLISR;C:\Users\FLOW\AppData\Local\Programs\Python\Launcher\;C:\Users\FLOW\AppData\Local\Microsoft\WindowsApps;;C:\Users\FLOW\AppData\Local\Programs\Microsoft VS Code\bin
USERNAME=FLOW
OS=Windows_NT
PROCESSOR_IDENTIFIER=AMD64 Family 25 Model 68 Stepping 1, AuthenticAMD
TMP=C:\Users\FLOW\AppData\Local\Temp
TEMP=C:\Users\FLOW\AppData\Local\Temp




---------------  S Y S T E M  ---------------

OS:
 Windows 11 , 64 bit Build 22000 (10.0.22000.2360)
OS uptime: 0 days 7:30 hours

CPU: total 16 (initial active 16) (16 cores per cpu, 2 threads per core) family 25 model 68 stepping 1 microcode 0x0, cx8, cmov, fxsr, ht, mmx, 3dnowpref, sse, sse2, sse3, ssse3, sse4a, sse4.1, sse4.2, popcnt, lzcnt, tsc, tscinvbit, avx, avx2, aes, erms, clmul, bmi1, bmi2, adx, sha, fma, vzeroupper, clflush, clflushopt, rdtscp, rdpid, fsrm, f16c, pku, cet_ss

Memory: 4k page, system-wide physical 15612M (950M free)
TotalPageFile size 62716M (AvailPageFile size 3214M)
current process WorkingSet (physical memory assigned to process): 45M, peak: 45M
current process commit charge ("private bytes"): 343M, peak: 343M

vm_info: Java HotSpot(TM) 64-Bit Server VM (20.0.2+9-78) for windows-amd64 JRE (20.0.2+9-78), built on 2023-06-14T10:08:48Z by "mach5one" with MS VC++ 17.1 (VS2022)

END.
