#
# There is insufficient memory for the Java Runtime Environment to continue.
# Native memory allocation (mmap) failed to map 65536 bytes for Failed to commit metaspace.
# Possible reasons:
#   The system is out of physical RAM or swap space
#   The process is running with CompressedOops enabled, and the Java Heap may be blocking the growth of the native heap
# Possible solutions:
#   Reduce memory load on the system
#   Increase physical memory or swap space
#   Check if swap backing store is full
#   Decrease Java heap size (-Xmx/-Xms)
#   Decrease number of Java threads
#   Decrease Java thread stack sizes (-Xss)
#   Set larger code cache with -XX:ReservedCodeCacheSize=
#   JVM is running with Zero Based Compressed Oops mode in which the Java heap is
#     placed in the first 32GB address space. The Java Heap base address is the
#     maximum limit for the native heap growth. Please use -XX:HeapBaseMinAddress
#     to set the Java Heap base and to place the Java Heap above 32GB virtual address.
# This output file may be truncated or incomplete.
#
#  Out of Memory Error (virtualSpaceNode.cpp:110), pid=26084, tid=26420
#
# JRE version: Java(TM) SE Runtime Environment (20.0.2+9) (build 20.0.2+9-78)
# Java VM: Java HotSpot(TM) 64-Bit Server VM (20.0.2+9-78, mixed mode, sharing, tiered, compressed oops, compressed class ptrs, g1 gc, windows-amd64)
# No core dump will be written. Minidumps are not enabled by default on client versions of Windows
#

---------------  S U M M A R Y ------------

Command Line: -Dclassworlds.conf=C:\Program Files\NetBeans-18\netbeans\java\maven\bin\m2.conf -Dmaven.home=C:\Program Files\NetBeans-18\netbeans\java\maven -Dlibrary.jansi.path=C:\Program Files\NetBeans-18\netbeans\java\maven\lib\jansi-native -Dmaven.multiModuleProjectDirectory=C:\Users\FLOW\Documents\NetBeansProjects\Peminjaman-Ruang org.codehaus.plexus.classworlds.launcher.Launcher -Dexec.vmArgs= -Dexec.args=${exec.vmArgs} -classpath %classpath ${exec.mainClass} ${exec.appArgs} -Dexec.appArgs= -Dexec.mainClass=peminjaman.peminjaman.ruang.PeminjamanRuang -Dexec.executable=C:\Program Files\Java\jdk-20\bin\java.exe -Dmaven.ext.class.path=C:\Program Files\NetBeans-18\netbeans\java\maven-nblib\netbeans-eventspy.jar --no-transfer-progress process-classes org.codehaus.mojo:exec-maven-plugin:3.1.0:exec

Host: AMD Ryzen 9 6900HS with Radeon Graphics        , 16 cores, 15G,  Windows 11 , 64 bit Build 22000 (10.0.22000.2360)
Time: Sun Oct  8 15:01:55 2023 Malay Peninsula Standard Time elapsed time: 23.609208 seconds (0d 0h 0m 23s)

---------------  T H R E A D  ---------------

Current thread (0x0000011f13150180):  JavaThread "main" [_thread_in_vm, id=26420, stack(0x00000018e7e00000,0x00000018e7f00000)]

Stack: [0x00000018e7e00000,0x00000018e7f00000]
Native frames: (J=compiled Java code, j=interpreted, Vv=VM code, C=native code)
V  [jvm.dll+0x6bc25a]
V  [jvm.dll+0x84971a]
V  [jvm.dll+0x84b315]
V  [jvm.dll+0x84ba13]
V  [jvm.dll+0x280e4f]
V  [jvm.dll+0x84565b]
V  [jvm.dll+0x660616]
V  [jvm.dll+0x1eb7b7]
V  [jvm.dll+0x663032]
V  [jvm.dll+0x662e1e]
V  [jvm.dll+0x66102e]
V  [jvm.dll+0x26dd96]
V  [jvm.dll+0x21c177]
V  [jvm.dll+0x211a50]
V  [jvm.dll+0x59c7cc]
V  [jvm.dll+0x7c42a3]
V  [jvm.dll+0x7c4384]
V  [jvm.dll+0x46ca64]
V  [jvm.dll+0x471fc8]
C  [java.dll+0x17ec]

Java frames: (J=compiled Java code, j=interpreted, Vv=VM code)
J 895  java.lang.ClassLoader.defineClass1(Ljava/lang/ClassLoader;Ljava/lang/String;[BIILjava/security/ProtectionDomain;Ljava/lang/String;)Ljava/lang/Class; java.base@20.0.2 (0 bytes) @ 0x0000011f22e0d671 [0x0000011f22e0d5a0+0x00000000000000d1]
J 894 c1 java.lang.ClassLoader.defineClass(Ljava/lang/String;[BIILjava/security/ProtectionDomain;)Ljava/lang/Class; java.base@20.0.2 (43 bytes) @ 0x0000011f1b3dcb64 [0x0000011f1b3dc800+0x0000000000000364]
J 893 c1 java.security.SecureClassLoader.defineClass(Ljava/lang/String;[BIILjava/security/CodeSource;)Ljava/lang/Class; java.base@20.0.2 (16 bytes) @ 0x0000011f1b3dbaf4 [0x0000011f1b3dba20+0x00000000000000d4]
J 902 c1 java.net.URLClassLoader.defineClass(Ljava/lang/String;Ljdk/internal/loader/Resource;)Ljava/lang/Class; java.base@20.0.2 (224 bytes) @ 0x0000011f1b3e0534 [0x0000011f1b3df260+0x00000000000012d4]
J 828 c1 java.net.URLClassLoader$1.run()Ljava/lang/Class; java.base@20.0.2 (81 bytes) @ 0x0000011f1b3a3eb4 [0x0000011f1b3a3220+0x0000000000000c94]
J 827 c1 java.net.URLClassLoader$1.run()Ljava/lang/Object; java.base@20.0.2 (5 bytes) @ 0x0000011f1b3a1fb4 [0x0000011f1b3a1f20+0x0000000000000094]
J 526 c1 java.security.AccessController.doPrivileged(Ljava/security/PrivilegedExceptionAction;Ljava/security/AccessControlContext;)Ljava/lang/Object; java.base@20.0.2 (26 bytes) @ 0x0000011f1b2ff4e4 [0x0000011f1b2ff300+0x00000000000001e4]
J 825 c1 java.net.URLClassLoader.findClass(Ljava/lang/String;)Ljava/lang/Class; java.base@20.0.2 (47 bytes) @ 0x0000011f1b3a16b4 [0x0000011f1b3a1500+0x00000000000001b4]
J 823 c1 org.codehaus.plexus.classworlds.realm.ClassRealm.loadClassFromSelf(Ljava/lang/String;)Ljava/lang/Class; (40 bytes) @ 0x0000011f1b3a09ec [0x0000011f1b3a0780+0x000000000000026c]
J 836 c1 org.codehaus.plexus.classworlds.strategy.SelfFirstStrategy.loadClass(Ljava/lang/String;)Ljava/lang/Class; (50 bytes) @ 0x0000011f1b3a760c [0x0000011f1b3a73a0+0x000000000000026c]
J 545 c1 org.codehaus.plexus.classworlds.realm.ClassRealm.loadClass(Ljava/lang/String;Z)Ljava/lang/Class; (33 bytes) @ 0x0000011f1b307044 [0x0000011f1b306ec0+0x0000000000000184]
J 544 c1 org.codehaus.plexus.classworlds.realm.ClassRealm.loadClass(Ljava/lang/String;)Ljava/lang/Class; (7 bytes) @ 0x0000011f1b306bbc [0x0000011f1b306b20+0x000000000000009c]
v  ~StubRoutines::call_stub 0x0000011f2268100d
j  com.google.inject.internal.InjectorShell$Builder.build(Lcom/google/inject/internal/Initializer;Lcom/google/inject/internal/ProcessedBindingData;Lcom/google/inject/internal/util/ContinuousStopwatch;Lcom/google/inject/internal/Errors;)Ljava/util/List;+237
j  com.google.inject.internal.InternalInjectorCreator.build()Lcom/google/inject/Injector;+48
j  com.google.inject.Guice.createInjector(Lcom/google/inject/Stage;Ljava/lang/Iterable;)Lcom/google/inject/Injector;+15
j  com.google.inject.Guice.createInjector(Ljava/lang/Iterable;)Lcom/google/inject/Injector;+4
j  com.google.inject.Guice.createInjector([Lcom/google/inject/Module;)Lcom/google/inject/Injector;+4
j  org.codehaus.plexus.DefaultPlexusContainer.addPlexusInjector(Ljava/util/List;[Lcom/google/inject/Module;)Lcom/google/inject/Injector;+88
j  org.codehaus.plexus.DefaultPlexusContainer.<init>(Lorg/codehaus/plexus/ContainerConfiguration;[Lcom/google/inject/Module;)V+396
j  org.apache.maven.cli.MavenCli.container(Lorg/apache/maven/cli/CliRequest;)Lorg/codehaus/plexus/PlexusContainer;+279
j  org.apache.maven.cli.MavenCli.doMain(Lorg/apache/maven/cli/CliRequest;)I+34
j  org.apache.maven.cli.MavenCli.main([Ljava/lang/String;Lorg/codehaus/plexus/classworlds/ClassWorld;)I+24
j  java.lang.invoke.DirectMethodHandle$Holder.invokeStatic(Ljava/lang/Object;Ljava/lang/Object;Ljava/lang/Object;)I+11 java.base@20.0.2
j  java.lang.invoke.LambdaForm$MH+0x0000011f34009400.invoke(Ljava/lang/Object;Ljava/lang/Object;Ljava/lang/Object;Ljava/lang/Object;)Ljava/lang/Object;+54 java.base@20.0.2
j  java.lang.invoke.LambdaForm$MH+0x0000011f34009800.invokeExact_MT(Ljava/lang/Object;Ljava/lang/Object;Ljava/lang/Object;Ljava/lang/Object;Ljava/lang/Object;)Ljava/lang/Object;+22 java.base@20.0.2
j  jdk.internal.reflect.DirectMethodHandleAccessor.invokeImpl(Ljava/lang/Object;[Ljava/lang/Object;)Ljava/lang/Object;+72 java.base@20.0.2
j  jdk.internal.reflect.DirectMethodHandleAccessor.invoke(Ljava/lang/Object;[Ljava/lang/Object;)Ljava/lang/Object;+23 java.base@20.0.2
j  java.lang.reflect.Method.invoke(Ljava/lang/Object;[Ljava/lang/Object;)Ljava/lang/Object;+102 java.base@20.0.2
j  org.codehaus.plexus.classworlds.launcher.Launcher.launchEnhanced([Ljava/lang/String;)V+45
j  org.codehaus.plexus.classworlds.launcher.Launcher.launch([Ljava/lang/String;)V+2
j  org.codehaus.plexus.classworlds.launcher.Launcher.mainWithExitCode([Ljava/lang/String;)I+101
j  org.codehaus.plexus.classworlds.launcher.Launcher.main([Ljava/lang/String;)V+1
v  ~StubRoutines::call_stub 0x0000011f2268100d

Compiled method (n/a)   23750  895     n 0       java.lang.ClassLoader::defineClass1 (native)
 total in heap  [0x0000011f22e0d410,0x0000011f22e0da40] = 1584
 relocation     [0x0000011f22e0d558,0x0000011f22e0d590] = 56
 main code      [0x0000011f22e0d5a0,0x0000011f22e0da3e] = 1182
 stub code      [0x0000011f22e0da3e,0x0000011f22e0da40] = 2

[Constant Pool (empty)]

[MachCode]
[Entry Point]
  # {method} {0x0000011f33438da8} 'defineClass1' '(Ljava/lang/ClassLoader;Ljava/lang/String;[BIILjava/security/ProtectionDomain;Ljava/lang/String;)Ljava/lang/Class;' in 'java/lang/ClassLoader'
  # parm0:    rdx:rdx   = 'java/lang/ClassLoader'
  # parm1:    r8:r8     = 'java/lang/String'
  # parm2:    r9:r9     = '[B'
  # parm3:    rdi       = int
  # parm4:    rsi       = int
  # parm5:    rcx:rcx   = 'java/security/ProtectionDomain'
  # parm6:    [sp+0xa0]   = 'java/lang/String'  (sp of caller)
  0x0000011f22e0d5a0: 448b 5208 | 49bb 0000 | 0033 1f01 | 0000 4d03 | d349 3bc2 | 0f84 0600 

  0x0000011f22e0d5b8: ;   {runtime_call ic_miss_stub}
  0x0000011f22e0d5b8: 0000 e941 | 688d ff90 
[Verified Entry Point]
  0x0000011f22e0d5c0: 8984 2400 | 80ff ff55 | 488b ec48 | 81ec 9000 | 0000 6690 | 4181 7f20 | 0100 0000 

  0x0000011f22e0d5dc: ;   {runtime_call StubRoutines (2)}
  0x0000011f22e0d5dc: 7405 e8dd | af8b ff48 | 837d 1000 | 488d 4510 | 480f 4445 | 1048 8944 | 2440 4889 | 4c24 7048 
  0x0000011f22e0d5fc: 83f9 0048 | 8d44 2470 | 480f 4444 | 2470 4889 | 4424 3848 | 8974 2430 | 4889 7c24 | 284c 894c 
  0x0000011f22e0d61c: 2458 4983 | f900 488d | 4424 5848 | 0f44 4424 | 5848 8944 | 2420 4c89 | 4424 5049 | 83f8 004c 
  0x0000011f22e0d63c: 8d4c 2450 | 4c0f 444c | 2450 4889 | 5424 4848 | 83fa 004c | 8d44 2448 | 4c0f 4444 

  0x0000011f22e0d658: ;   {oop(a 'java/lang/Class'{0x000000070c0000b8} = 'java/lang/ClassLoader')}
  0x0000011f22e0d658: 2448 49be | b800 000c | 0700 0000 | 4c89 7424 | 784c 8d74 | 2478 498b | d6c5 f877 

  0x0000011f22e0d674: ;   {internal_word}
  0x0000011f22e0d674: 49ba 71d6 | e022 1f01 | 0000 4d89 | 97c8 0200 | 0049 89a7 | c002 0000 

  0x0000011f22e0d68c: ;   {external_word}
  0x0000011f22e0d68c: 49ba 5d1a | 3c16 f87f | 0000 4180 | 3a00 0f84 | 4e00 0000 | 5241 5041 

  0x0000011f22e0d6a4: ;   {metadata({method} {0x0000011f33438da8} 'defineClass1' '(Ljava/lang/ClassLoader;Ljava/lang/String;[BIILjava/security/ProtectionDomain;Ljava/lang/String;)Ljava/lang/Class;' in 'java/lang/ClassLoader')}
  0x0000011f22e0d6a4: 5148 baa0 | 8d43 331f | 0100 0049 | 8bcf 4883 | ec20 40f6 | c40f 0f84 | 1900 0000 | 4883 ec08 
  0x0000011f22e0d6c4: ;   {runtime_call}
  0x0000011f22e0d6c4: 48b8 f011 | f315 f87f | 0000 ffd0 | 4883 c408 | e90c 0000 

  0x0000011f22e0d6d8: ;   {runtime_call}
  0x0000011f22e0d6d8: 0048 b8f0 | 11f3 15f8 | 7f00 00ff | d048 83c4 | 2041 5941 | 585a 498d | 8fe0 0200 | 0041 c787 
  0x0000011f22e0d6f8: 7403 0000 | 0400 0000 

  0x0000011f22e0d700: ;   {runtime_call}
  0x0000011f22e0d700: 48b8 ac16 | e694 f87f | 0000 ffd0 | c5f8 7741 | c787 7403 | 0000 0500 | 0000 f083 | 4424 c000 
  0x0000011f22e0d720: 493b af78 | 0300 000f | 870e 0000 | 0041 83bf | 7003 0000 | 000f 842b | 0000 00c5 | f877 4889 
  0x0000011f22e0d740: 45f8 498b | cf4c 8be4 | 4883 ec20 | 4883 e4f0 

  0x0000011f22e0d750: ;   {runtime_call}
  0x0000011f22e0d750: 48b8 a001 | c015 f87f | 0000 ffd0 | 498b e44d | 33e4 488b | 45f8 41c7 | 8774 0300 | 0008 0000 
  0x0000011f22e0d770: 0041 83bf | f003 0000 | 020f 8492 

  0x0000011f22e0d77c: ;   {external_word}
  0x0000011f22e0d77c: 0200 0049 | ba5d 1a3c | 16f8 7f00 | 0041 803a | 000f 844c | 0000 0048 

  0x0000011f22e0d794: ;   {metadata({method} {0x0000011f33438da8} 'defineClass1' '(Ljava/lang/ClassLoader;Ljava/lang/String;[BIILjava/security/ProtectionDomain;Ljava/lang/String;)Ljava/lang/Class;' in 'java/lang/ClassLoader')}
  0x0000011f22e0d794: 8945 f848 | baa0 8d43 | 331f 0100 | 0049 8bcf | 4883 ec20 | 40f6 c40f | 0f84 1900 | 0000 4883 
  0x0000011f22e0d7b4: ;   {runtime_call}
  0x0000011f22e0d7b4: ec08 48b8 | f011 f315 | f87f 0000 | ffd0 4883 | c408 e90c 

  0x0000011f22e0d7c8: ;   {runtime_call}
  0x0000011f22e0d7c8: 0000 0048 | b8f0 11f3 | 15f8 7f00 | 00ff d048 | 83c4 2048 | 8b45 f849 | c787 c002 | 0000 0000 
  0x0000011f22e0d7e8: 0000 49c7 | 87c8 0200 | 0000 0000 | 00c5 f877 | 4885 c00f | 84ed 0100 | 00a8 010f | 84e2 0100 
  0x0000011f22e0d808: 0048 8b40 | ff41 807f | 4000 0f84 | ce01 0000 | 4883 f800 | 0f84 c401 | 0000 498b | 4f28 4883 
  0x0000011f22e0d828: f900 0f84 | 1400 0000 | 4883 e908 | 4989 4f28 | 4903 4f38 | 4889 01e9 | a201 0000 | 4881 ecd0 
  0x0000011f22e0d848: 0000 0048 | 8904 2448 | 894c 2408 | 4889 5424 | 1048 8974 | 2418 4889 | 7c24 204c | 8944 2428 
  0x0000011f22e0d868: 4c89 4c24 | 304c 8954 | 2438 4c89 | 5c24 40c5 | fb11 4424 | 50c5 fb11 | 4c24 58c5 | fb11 5424 
  0x0000011f22e0d888: 60c5 fb11 | 5c24 68c5 | fb11 6424 | 70c5 fb11 | 6c24 78c5 | fb11 b424 | 8000 0000 | c5fb 11bc 
  0x0000011f22e0d8a8: 2488 0000 | 00c5 7b11 | 8424 9000 | 0000 c57b | 118c 2498 | 0000 00c5 | 7b11 9424 | a000 0000 
  0x0000011f22e0d8c8: c57b 119c | 24a8 0000 | 00c5 7b11 | a424 b000 | 0000 c57b | 11ac 24b8 | 0000 00c5 | 7b11 b424 
  0x0000011f22e0d8e8: c000 0000 | c57b 11bc | 24c8 0000 | 0049 8bd7 | 488b c848 | 83ec 2040 | f6c4 0f0f | 8419 0000 
  0x0000011f22e0d908: 0048 83ec 

  0x0000011f22e0d90c: ;   {runtime_call}
  0x0000011f22e0d90c: 0848 b860 | 40b3 15f8 | 7f00 00ff | d048 83c4 | 08e9 0c00 

  0x0000011f22e0d920: ;   {runtime_call}
  0x0000011f22e0d920: 0000 48b8 | 6040 b315 | f87f 0000 | ffd0 4883 | c420 c57b | 10bc 24c8 | 0000 00c5 | 7b10 b424 
  0x0000011f22e0d940: c000 0000 | c57b 10ac | 24b8 0000 | 00c5 7b10 | a424 b000 | 0000 c57b | 109c 24a8 | 0000 00c5 
  0x0000011f22e0d960: 7b10 9424 | a000 0000 | c57b 108c | 2498 0000 | 00c5 7b10 | 8424 9000 | 0000 c5fb | 10bc 2488 
  0x0000011f22e0d980: 0000 00c5 | fb10 b424 | 8000 0000 | c5fb 106c | 2478 c5fb | 1064 2470 | c5fb 105c | 2468 c5fb 
  0x0000011f22e0d9a0: 1054 2460 | c5fb 104c | 2458 c5fb | 1044 2450 | 4c8b 5c24 | 404c 8b54 | 2438 4c8b | 4c24 304c 
  0x0000011f22e0d9c0: 8b44 2428 | 488b 7c24 | 2048 8b74 | 2418 488b | 5424 1048 | 8b4c 2408 | 488b 0424 | 4881 c4d0 
  0x0000011f22e0d9e0: 0000 00c5 | f877 e903 | 0000 0048 | 8b00 498b | 8f50 0300 | 00c7 8100 | 0100 0000 | 0000 00c9 
  0x0000011f22e0da00: 4983 7f08 | 000f 8501 | 0000 00c3 

  0x0000011f22e0da0c: ;   {runtime_call StubRoutines (1)}
  0x0000011f22e0da0c: e9ef 3487 | ffc5 f877 | 4889 45f8 | 4c8b e448 | 83ec 2048 

  0x0000011f22e0da20: ;   {runtime_call}
  0x0000011f22e0da20: 83e4 f048 | b830 46f3 | 15f8 7f00 | 00ff d049 | 8be4 4d33 | e448 8b45 | f8e9 41fd | ffff f4f4 
[/MachCode]


Compiled method (c1)   23779  894       3       java.lang.ClassLoader::defineClass (43 bytes)
 total in heap  [0x0000011f1b3dc610,0x0000011f1b3dcf40] = 2352
 relocation     [0x0000011f1b3dc758,0x0000011f1b3dc7f0] = 152
 main code      [0x0000011f1b3dc800,0x0000011f1b3dcc98] = 1176
 stub code      [0x0000011f1b3dcc98,0x0000011f1b3dcd10] = 120
 metadata       [0x0000011f1b3dcd10,0x0000011f1b3dcd40] = 48
 scopes data    [0x0000011f1b3dcd40,0x0000011f1b3dce30] = 240
 scopes pcs     [0x0000011f1b3dce30,0x0000011f1b3dcf10] = 224
 dependencies   [0x0000011f1b3dcf10,0x0000011f1b3dcf18] = 8
 nul chk table  [0x0000011f1b3dcf18,0x0000011f1b3dcf40] = 40

[Constant Pool (empty)]

[MachCode]
[Entry Point]
  # {method} {0x0000011f334390d0} 'defineClass' '(Ljava/lang/String;[BIILjava/security/ProtectionDomain;)Ljava/lang/Class;' in 'java/lang/ClassLoader'
  # this:     rdx:rdx   = 'java/lang/ClassLoader'
  # parm0:    r8:r8     = 'java/lang/String'
  # parm1:    r9:r9     = '[B'
  # parm2:    rdi       = int
  # parm3:    rsi       = int
  # parm4:    rcx:rcx   = 'java/security/ProtectionDomain'
  #           [sp+0xc0]  (sp of caller)
  0x0000011f1b3dc800: 448b 5208 | 49bb 0000 | 0033 1f01 | 0000 4d03 | d34c 3bd0 

  0x0000011f1b3dc814: ;   {runtime_call ic_miss_stub}
  0x0000011f1b3dc814: 0f85 e675 | 3007 660f | 1f44 0000 
[Verified Entry Point]
  0x0000011f1b3dc820: 8984 2400 | 80ff ff55 | 4881 ecb0 | 0000 0090 | 4181 7f20 | 0100 0000 

  0x0000011f1b3dc838: ;   {runtime_call StubRoutines (2)}
  0x0000011f1b3dc838: 7405 e881 | bd2e 0748 | 8954 2478 

  0x0000011f1b3dc844: ;   {metadata(method data for {method} {0x0000011f334390d0} 'defineClass' '(Ljava/lang/String;[BIILjava/security/ProtectionDomain;)Ljava/lang/Class;' in 'java/lang/ClassLoader')}
  0x0000011f1b3dc844: 48bb a879 | 1374 1f01 | 0000 8b83 | cc00 0000 | 83c0 0289 | 83cc 0000 | 0025 fe07 | 0000 83f8 
  0x0000011f1b3dc864: 000f 844f | 0300 0089 | b424 9400 | 0000 89bc | 2490 0000 | 004c 898c | 2488 0000 | 0048 8bda 
  0x0000011f1b3dc884: ;   {metadata(method data for {method} {0x0000011f334390d0} 'defineClass' '(Ljava/lang/String;[BIILjava/security/ProtectionDomain;)Ljava/lang/Class;' in 'java/lang/ClassLoader')}
  0x0000011f1b3dc884: 48b8 a879 | 1374 1f01 | 0000 4883 | 8010 0100 | 0001 498b | d84c 8bc3 | 4c8b c948 | 8bca 488b 
  0x0000011f1b3dc8a4: d148 899c | 2480 0000 

  0x0000011f1b3dc8ac: ;   {optimized virtual_call}
  0x0000011f1b3dc8ac: 0066 90e8 

  0x0000011f1b3dc8b0: ; ImmutableOopMap {[120]=Oop [128]=Oop [136]=Oop }
                      ;*invokevirtual preDefineClass {reexecute=0 rethrow=0 return_oop=0}
                      ; - java.lang.ClassLoader::defineClass@4 (line 1011)
  0x0000011f1b3dc8b0: 2c3a ffff | 4889 8424 | 9800 0000 | 488b 5424 

  0x0000011f1b3dc8c0: ;   {metadata(method data for {method} {0x0000011f334390d0} 'defineClass' '(Ljava/lang/String;[BIILjava/security/ProtectionDomain;)Ljava/lang/Class;' in 'java/lang/ClassLoader')}
  0x0000011f1b3dc8c0: 7849 b8a8 | 7913 741f | 0100 0049 | 8380 4801 

  0x0000011f1b3dc8d0: ;   {metadata(method data for {method} {0x0000011f33438e10} 'defineClassSourceLocation' '(Ljava/security/ProtectionDomain;)Ljava/lang/String;' in 'java/lang/ClassLoader')}
  0x0000011f1b3dc8d0: 0000 0149 | b8f8 5413 | 741f 0100 | 0041 8b90 | cc00 0000 | 83c2 0241 | 8990 cc00 | 0000 81e2 
  0x0000011f1b3dc8f0: feff 1f00 | 83fa 000f | 84de 0200 | 0048 3b00 

  0x0000011f1b3dc900: ;   {metadata(method data for {method} {0x0000011f33438e10} 'defineClassSourceLocation' '(Ljava/security/ProtectionDomain;)Ljava/lang/String;' in 'java/lang/ClassLoader')}
  0x0000011f1b3dc900: 4c8b c048 | baf8 5413 | 741f 0100 | 0048 8382 | 1001 0000 | 0144 8b40 | 1049 c1e0 | 0349 83f8 
  0x0000011f1b3dc920: ;   {metadata(method data for {method} {0x0000011f33438e10} 'defineClassSourceLocation' '(Ljava/security/ProtectionDomain;)Ljava/lang/String;' in 'java/lang/ClassLoader')}
  0x0000011f1b3dc920: 0048 baf8 | 5413 741f | 0100 0048 | be58 0100 | 0000 0000 | 000f 850a | 0000 0048 | be48 0100 
  0x0000011f1b3dc940: 0000 0000 | 0048 8b3c | 3248 8d7f | 0148 893c | 320f 850f 

  0x0000011f1b3dc954: ;   {oop(NULL)}
  0x0000011f1b3dc954: 0000 0048 | bb00 0000 | 0000 0000 | 00e9 a901 | 0000 493b | 0049 8bd0 

  0x0000011f1b3dc96c: ;   {metadata(method data for {method} {0x0000011f33438e10} 'defineClassSourceLocation' '(Ljava/security/ProtectionDomain;)Ljava/lang/String;' in 'java/lang/ClassLoader')}
  0x0000011f1b3dc96c: 48be f854 | 1374 1f01 | 0000 4883 | 8668 0100 | 0001 418b | 500c 48c1 | e203 4883 

  0x0000011f1b3dc988: ;   {metadata(method data for {method} {0x0000011f33438e10} 'defineClassSourceLocation' '(Ljava/security/ProtectionDomain;)Ljava/lang/String;' in 'java/lang/ClassLoader')}
  0x0000011f1b3dc988: fa00 48be | f854 1374 | 1f01 0000 | 48bf b001 | 0000 0000 | 0000 0f85 | 0a00 0000 | 48bf a001 
  0x0000011f1b3dc9a8: 0000 0000 | 0000 488b | 1c3e 488d | 5b01 4889 | 1c3e 0f85 | 0f00 0000 

  0x0000011f1b3dc9c0: ;   {oop(NULL)}
  0x0000011f1b3dc9c0: 48bb 0000 | 0000 0000 | 0000 e940 

  0x0000011f1b3dc9cc: ;   {metadata(method data for {method} {0x0000011f33438e10} 'defineClassSourceLocation' '(Ljava/security/ProtectionDomain;)Ljava/lang/String;' in 'java/lang/ClassLoader')}
  0x0000011f1b3dc9cc: 0100 0048 | bef8 5413 | 741f 0100 | 0048 8386 | c001 0000 | 0148 3b02 

  0x0000011f1b3dc9e4: ;   {metadata(method data for {method} {0x0000011f33438e10} 'defineClassSourceLocation' '(Ljava/security/ProtectionDomain;)Ljava/lang/String;' in 'java/lang/ClassLoader')}
  0x0000011f1b3dc9e4: 4c8b c248 | bef8 5413 | 741f 0100 | 0048 8386 | f801 0000 

  0x0000011f1b3dc9f8: ;   {metadata(method data for {method} {0x0000011f3301b3e0} 'toString' '()Ljava/lang/String;' in 'java/net/URL')}
  0x0000011f1b3dc9f8: 0149 b860 | 4e11 741f | 0100 0041 | 8bb0 cc00 | 0000 83c6 | 0241 89b0 | cc00 0000 | 81e6 feff 
  0x0000011f1b3dca18: 1f00 83fe | 000f 84e8 | 0100 004c 

  0x0000011f1b3dca24: ;   {metadata(method data for {method} {0x0000011f3301b3e0} 'toString' '()Ljava/lang/String;' in 'java/net/URL')}
  0x0000011f1b3dca24: 8bc2 48be | 604e 1174 | 1f01 0000 | 4883 8610 | 0100 0001 

  0x0000011f1b3dca38: ;   {metadata(method data for {method} {0x0000011f3342c908} 'toExternalForm' '()Ljava/lang/String;' in 'java/net/URL')}
  0x0000011f1b3dca38: 49b8 0048 | 0e74 1f01 | 0000 418b | b0cc 0000 | 0083 c602 | 4189 b0cc | 0000 0081 | e6fe ff1f 
  0x0000011f1b3dca58: 0083 fe00 | 0f84 ca01 | 0000 8b72 | 3848 c1e6 | 0348 3b06 

  0x0000011f1b3dca6c: ;   {metadata(method data for {method} {0x0000011f3342c908} 'toExternalForm' '()Ljava/lang/String;' in 'java/net/URL')}
  0x0000011f1b3dca6c: 4c8b c648 | bf00 480e | 741f 0100 | 0045 8b40 | 0849 ba00 | 0000 331f | 0100 004d | 03c2 4c3b 
  0x0000011f1b3dca8c: 8720 0100 | 0075 0d48 | 8387 2801 | 0000 01e9 | 6000 0000 | 4c3b 8730 | 0100 0075 | 0d48 8387 
  0x0000011f1b3dcaac: 3801 0000 | 01e9 4a00 | 0000 4883 | bf20 0100 | 0000 7517 | 4c89 8720 | 0100 0048 | c787 2801 
  0x0000011f1b3dcacc: 0000 0100 | 0000 e929 | 0000 0048 | 83bf 3001 | 0000 0075 | 174c 8987 | 3001 0000 | 48c7 8738 
  0x0000011f1b3dcaec: 0100 0001 | 0000 00e9 | 0800 0000 | 4883 8710 | 0100 0001 | 4c8b c248 

  0x0000011f1b3dcb04: ;   {optimized virtual_call}
  0x0000011f1b3dcb04: 8bd6 90e8 

  0x0000011f1b3dcb08: ; ImmutableOopMap {[120]=Oop [128]=Oop [136]=Oop [152]=Oop }
                      ;*invokevirtual toExternalForm {reexecute=0 rethrow=0 return_oop=0}
                      ; - java.net.URL::toExternalForm@5 (line 1195)
                      ; - java.net.URL::toString@1 (line 1181)
                      ; - java.lang.ClassLoader::defineClassSourceLocation@22 (line 913)
                      ; - java.lang.ClassLoader::defineClass@12 (line 1012)
  0x0000011f1b3dcb08: 54cb f2ff | 488b d848 | 8b84 2498 | 0000 008b | b424 9400 | 0000 8bbc | 2490 0000 | 004c 8b8c 
  0x0000011f1b3dcb28: 2488 0000 | 004c 8b84 | 2480 0000 | 0048 8b54 

  0x0000011f1b3dcb38: ;   {metadata(method data for {method} {0x0000011f334390d0} 'defineClass' '(Ljava/lang/String;[BIILjava/security/ProtectionDomain;)Ljava/lang/Class;' in 'java/lang/ClassLoader')}
  0x0000011f1b3dcb38: 2478 48b9 | a879 1374 | 1f01 0000 | 4883 8180 | 0100 0001 | 4c8b da49 | 8bd3 488b | c848 891c 
  0x0000011f1b3dcb58: 2466 0f1f 

  0x0000011f1b3dcb5c: ;   {static_call}
  0x0000011f1b3dcb5c: 4400 00e8 

  0x0000011f1b3dcb60: ; ImmutableOopMap {[120]=Oop [152]=Oop }
                      ;*invokestatic defineClass1 {reexecute=0 rethrow=0 return_oop=0}
                      ; - java.lang.ClassLoader::defineClass@27 (line 1013)
  0x0000011f1b3dcb60: 5c0a a307 | 488b 5424 

  0x0000011f1b3dcb68: ;   {metadata(method data for {method} {0x0000011f334390d0} 'defineClass' '(Ljava/lang/String;[BIILjava/security/ProtectionDomain;)Ljava/lang/Class;' in 'java/lang/ClassLoader')}
  0x0000011f1b3dcb68: 7849 b8a8 | 7913 741f | 0100 0049 | 8380 9001 | 0000 014c | 8bc0 4c8b | 8c24 9800 | 0000 488b 
  0x0000011f1b3dcb88: 5424 7848 | 8984 24a0 | 0000 000f 

  0x0000011f1b3dcb94: ;   {optimized virtual_call}
  0x0000011f1b3dcb94: 1f40 00e8 

  0x0000011f1b3dcb98: ; ImmutableOopMap {[160]=Oop }
                      ;*invokevirtual postDefineClass {reexecute=0 rethrow=0 return_oop=0}
                      ; - java.lang.ClassLoader::defineClass@37 (line 1014)
  0x0000011f1b3dcb98: e46d faff | 488b 8424 | a000 0000 | 4881 c4b0 | 0000 005d 

  0x0000011f1b3dcbac: ;   {poll_return}
  0x0000011f1b3dcbac: 493b a778 | 0300 000f | 8799 0000 

  0x0000011f1b3dcbb8: ;   {metadata({method} {0x0000011f334390d0} 'defineClass' '(Ljava/lang/String;[BIILjava/security/ProtectionDomain;)Ljava/lang/Class;' in 'java/lang/ClassLoader')}
  0x0000011f1b3dcbb8: 00c3 49ba | c890 4333 | 1f01 0000 | 4c89 5424 | 0848 c704 | 24ff ffff 

  0x0000011f1b3dcbd0: ;   {runtime_call counter_overflow Runtime1 stub}
  0x0000011f1b3dcbd0: ffe8 2a2d 

  0x0000011f1b3dcbd4: ; ImmutableOopMap {rdx=Oop r8=Oop r9=Oop rcx=Oop [120]=Oop }
                      ;*synchronization entry
                      ; - java.lang.ClassLoader::defineClass@-1 (line 1011)
  0x0000011f1b3dcbd4: 3d07 e990 

  0x0000011f1b3dcbd8: ;   {metadata({method} {0x0000011f33438e10} 'defineClassSourceLocation' '(Ljava/security/ProtectionDomain;)Ljava/lang/String;' in 'java/lang/ClassLoader')}
  0x0000011f1b3dcbd8: fcff ff49 | ba08 8e43 | 331f 0100 | 004c 8954 | 2408 48c7 | 0424 ffff 

  0x0000011f1b3dcbf0: ;   {runtime_call counter_overflow Runtime1 stub}
  0x0000011f1b3dcbf0: ffff e809 

  0x0000011f1b3dcbf4: ; ImmutableOopMap {rax=Oop [120]=Oop [128]=Oop [136]=Oop [152]=Oop }
                      ;*synchronization entry
                      ; - java.lang.ClassLoader::defineClassSourceLocation@-1 (line 910)
                      ; - java.lang.ClassLoader::defineClass@12 (line 1012)
  0x0000011f1b3dcbf4: 2d3d 07e9 | 01fd ffff 

  0x0000011f1b3dcbfc: ;   {runtime_call throw_null_pointer_exception Runtime1 stub}
  0x0000011f1b3dcbfc: e8ff db3c 

  0x0000011f1b3dcc00: ; ImmutableOopMap {rax=Oop [120]=Oop [128]=Oop [136]=Oop [152]=Oop }
                      ;*invokevirtual getCodeSource {reexecute=0 rethrow=0 return_oop=0}
                      ; - java.lang.ClassLoader::defineClassSourceLocation@1 (line 910)
                      ; - java.lang.ClassLoader::defineClass@12 (line 1012)
                      ;   {runtime_call throw_null_pointer_exception Runtime1 stub}
  0x0000011f1b3dcc00: 07e8 fadb 

  0x0000011f1b3dcc04: ; ImmutableOopMap {rax=Oop r8=Oop [120]=Oop [128]=Oop [136]=Oop [152]=Oop }
                      ;*invokevirtual getLocation {reexecute=0 rethrow=0 return_oop=0}
                      ; - java.lang.ClassLoader::defineClassSourceLocation@12 (line 912)
                      ; - java.lang.ClassLoader::defineClass@12 (line 1012)
                      ;   {runtime_call throw_null_pointer_exception Runtime1 stub}
  0x0000011f1b3dcc04: 3c07 e8f5 

  0x0000011f1b3dcc08: ; ImmutableOopMap {rdx=Oop [120]=Oop [128]=Oop [136]=Oop [152]=Oop }
                      ;*invokevirtual toString {reexecute=0 rethrow=0 return_oop=0}
                      ; - java.lang.ClassLoader::defineClassSourceLocation@22 (line 913)
                      ; - java.lang.ClassLoader::defineClass@12 (line 1012)
                      ;   {metadata({method} {0x0000011f3301b3e0} 'toString' '()Ljava/lang/String;' in 'java/net/URL')}
  0x0000011f1b3dcc08: db3c 0749 | bad8 b301 | 331f 0100 | 004c 8954 | 2408 48c7 | 0424 ffff 

  0x0000011f1b3dcc20: ;   {runtime_call counter_overflow Runtime1 stub}
  0x0000011f1b3dcc20: ffff e8d9 

  0x0000011f1b3dcc24: ; ImmutableOopMap {rdx=Oop [120]=Oop [128]=Oop [136]=Oop [152]=Oop }
                      ;*synchronization entry
                      ; - java.net.URL::toString@-1 (line 1181)
                      ; - java.lang.ClassLoader::defineClassSourceLocation@22 (line 913)
                      ; - java.lang.ClassLoader::defineClass@12 (line 1012)
  0x0000011f1b3dcc24: 2c3d 07e9 | f7fd ffff 

  0x0000011f1b3dcc2c: ;   {metadata({method} {0x0000011f3342c908} 'toExternalForm' '()Ljava/lang/String;' in 'java/net/URL')}
  0x0000011f1b3dcc2c: 49ba 00c9 | 4233 1f01 | 0000 4c89 | 5424 0848 | c704 24ff 

  0x0000011f1b3dcc40: ;   {runtime_call counter_overflow Runtime1 stub}
  0x0000011f1b3dcc40: ffff ffe8 

  0x0000011f1b3dcc44: ; ImmutableOopMap {rdx=Oop [120]=Oop [128]=Oop [136]=Oop [152]=Oop }
                      ;*synchronization entry
                      ; - java.net.URL::toExternalForm@-1 (line 1195)
                      ; - java.net.URL::toString@1 (line 1181)
                      ; - java.lang.ClassLoader::defineClassSourceLocation@22 (line 913)
                      ; - java.lang.ClassLoader::defineClass@12 (line 1012)
  0x0000011f1b3dcc44: b82c 3d07 | e915 feff 

  0x0000011f1b3dcc4c: ;   {runtime_call throw_null_pointer_exception Runtime1 stub}
  0x0000011f1b3dcc4c: ffe8 aedb 

  0x0000011f1b3dcc50: ; ImmutableOopMap {rdx=Oop rsi=Oop [120]=Oop [128]=Oop [136]=Oop [152]=Oop }
                      ;*invokevirtual toExternalForm {reexecute=0 rethrow=0 return_oop=0}
                      ; - java.net.URL::toExternalForm@5 (line 1195)
                      ; - java.net.URL::toString@1 (line 1181)
                      ; - java.lang.ClassLoader::defineClassSourceLocation@22 (line 913)
                      ; - java.lang.ClassLoader::defineClass@12 (line 1012)
                      ;   {internal_word}
  0x0000011f1b3dcc50: 3c07 49ba | accb 3d1b | 1f01 0000 | 4d89 9790 

  0x0000011f1b3dcc60: ;   {runtime_call SafepointBlob}
  0x0000011f1b3dcc60: 0300 00e9 | 18e1 3007 | 498b 8728 | 0400 0049 | c787 2804 | 0000 0000 | 0000 49c7 | 8730 0400 
  0x0000011f1b3dcc80: 0000 0000 | 0048 81c4 | b000 0000 

  0x0000011f1b3dcc8c: ;   {runtime_call unwind_exception Runtime1 stub}
  0x0000011f1b3dcc8c: 5de9 6ecc | 3c07 f4f4 | f4f4 f4f4 
[Stub Code]
  0x0000011f1b3dcc98: ;   {no_reloc}
  0x0000011f1b3dcc98: 0f1f 4400 

  0x0000011f1b3dcc9c: ;   {static_stub}
  0x0000011f1b3dcc9c: 0048 bb00 | 0000 0000 

  0x0000011f1b3dcca4: ;   {runtime_call}
  0x0000011f1b3dcca4: 0000 00e9 | fbff ffff 
[Exception Handler]
  0x0000011f1b3dccac: ;   {runtime_call handle_exception_from_callee Runtime1 stub}
  0x0000011f1b3dccac: e84f f93c 

  0x0000011f1b3dccb0: ;   {external_word}
  0x0000011f1b3dccb0: 0748 b9b0 | 3316 16f8 | 7f00 0048 

  0x0000011f1b3dccbc: ;   {runtime_call}
  0x0000011f1b3dccbc: 83e4 f048 | b860 1de2 | 15f8 7f00 | 00ff d0f4 
[Deopt Handler Code]
  0x0000011f1b3dcccc: ;   {section_word}
  0x0000011f1b3dcccc: 49ba cccc | 3d1b 1f01 | 0000 4152 

  0x0000011f1b3dccd8: ;   {runtime_call DeoptimizationBlob}
  0x0000011f1b3dccd8: e943 d330 

  0x0000011f1b3dccdc: ;   {static_stub}
  0x0000011f1b3dccdc: 0748 bb00 | 0000 0000 

  0x0000011f1b3dcce4: ;   {runtime_call}
  0x0000011f1b3dcce4: 0000 00e9 | fbff ffff 

  0x0000011f1b3dccec: ;   {static_stub}
  0x0000011f1b3dccec: 48bb 0000 | 0000 0000 

  0x0000011f1b3dccf4: ;   {runtime_call}
  0x0000011f1b3dccf4: 0000 e9fb 

  0x0000011f1b3dccf8: ;   {static_stub}
  0x0000011f1b3dccf8: ffff ff48 | bb00 0000 | 0000 0000 

  0x0000011f1b3dcd04: ;   {runtime_call}
  0x0000011f1b3dcd04: 00e9 fbff | ffff f4f4 | f4f4 f4f4 
[/MachCode]


Compiled method (c1)   23792  893       3       java.security.SecureClassLoader::defineClass (16 bytes)
 total in heap  [0x0000011f1b3db890,0x0000011f1b3dbc60] = 976
 relocation     [0x0000011f1b3db9d8,0x0000011f1b3dba20] = 72
 main code      [0x0000011f1b3dba20,0x0000011f1b3dbb68] = 328
 stub code      [0x0000011f1b3dbb68,0x0000011f1b3dbbb8] = 80
 metadata       [0x0000011f1b3dbbb8,0x0000011f1b3dbbc0] = 8
 scopes data    [0x0000011f1b3dbbc0,0x0000011f1b3dbc08] = 72
 scopes pcs     [0x0000011f1b3dbc08,0x0000011f1b3dbc58] = 80
 dependencies   [0x0000011f1b3dbc58,0x0000011f1b3dbc60] = 8

[Constant Pool (empty)]

[MachCode]
[Entry Point]
  # {method} {0x0000011f3304dc48} 'defineClass' '(Ljava/lang/String;[BIILjava/security/CodeSource;)Ljava/lang/Class;' in 'java/security/SecureClassLoader'
  # this:     rdx:rdx   = 'java/security/SecureClassLoader'
  # parm0:    r8:r8     = 'java/lang/String'
  # parm1:    r9:r9     = '[B'
  # parm2:    rdi       = int
  # parm3:    rsi       = int
  # parm4:    rcx:rcx   = 'java/security/CodeSource'
  #           [sp+0x80]  (sp of caller)
  0x0000011f1b3dba20: 448b 5208 | 49bb 0000 | 0033 1f01 | 0000 4d03 | d34c 3bd0 

  0x0000011f1b3dba34: ;   {runtime_call ic_miss_stub}
  0x0000011f1b3dba34: 0f85 c683 | 3007 660f | 1f44 0000 
[Verified Entry Point]
  0x0000011f1b3dba40: 8984 2400 | 80ff ff55 | 4883 ec70 | 4181 7f20 | 0100 0000 

  0x0000011f1b3dba54: ;   {runtime_call StubRoutines (2)}
  0x0000011f1b3dba54: 7405 e865 

  0x0000011f1b3dba58: ;   {metadata(method data for {method} {0x0000011f3304dc48} 'defineClass' '(Ljava/lang/String;[BIILjava/security/CodeSource;)Ljava/lang/Class;' in 'java/security/SecureClassLoader')}
  0x0000011f1b3dba58: cb2e 0748 | bbc0 7713 | 741f 0100 | 008b 83cc | 0000 0083 | c002 8983 | cc00 0000 | 25fe 0700 
  0x0000011f1b3dba78: 0083 f800 | 0f84 8500 | 0000 8974 | 245c 897c | 2458 4c89 | 4c24 504c | 8944 2448 

  0x0000011f1b3dba94: ;   {metadata(method data for {method} {0x0000011f3304dc48} 'defineClass' '(Ljava/lang/String;[BIILjava/security/CodeSource;)Ljava/lang/Class;' in 'java/security/SecureClassLoader')}
  0x0000011f1b3dba94: 488b da48 | b8c0 7713 | 741f 0100 | 0048 8380 | 1001 0000 | 014c 8bc1 | 488b c248 | 8bd0 4889 
  0x0000011f1b3dbab4: ;   {optimized virtual_call}
  0x0000011f1b3dbab4: 4424 40e8 

  0x0000011f1b3dbab8: ; ImmutableOopMap {[64]=Oop [72]=Oop [80]=Oop }
                      ;*invokevirtual getProtectionDomain {reexecute=0 rethrow=0 return_oop=0}
                      ; - java.security.SecureClassLoader::defineClass@9 (line 150)
  0x0000011f1b3dbab8: 6467 faff | 488b 5424 

  0x0000011f1b3dbac0: ;   {metadata(method data for {method} {0x0000011f3304dc48} 'defineClass' '(Ljava/lang/String;[BIILjava/security/CodeSource;)Ljava/lang/Class;' in 'java/security/SecureClassLoader')}
  0x0000011f1b3dbac0: 4049 b8c0 | 7713 741f | 0100 0049 | 8380 4801 | 0000 014c | 8b44 2448 | 4c8b 4c24 | 508b 7c24 
  0x0000011f1b3dbae0: 588b 7424 | 5c48 8bc8 | 488b 5424 

  0x0000011f1b3dbaec: ;   {optimized virtual_call}
  0x0000011f1b3dbaec: 4066 90e8 

  0x0000011f1b3dbaf0: ; ImmutableOopMap {}
                      ;*invokevirtual defineClass {reexecute=0 rethrow=0 return_oop=0}
                      ; - java.security.SecureClassLoader::defineClass@12 (line 150)
  0x0000011f1b3dbaf0: 2c0d 0000 | 4883 c470 

  0x0000011f1b3dbaf8: ;   {poll_return}
  0x0000011f1b3dbaf8: 5d49 3ba7 | 7803 0000 | 0f87 2200 

  0x0000011f1b3dbb04: ;   {metadata({method} {0x0000011f3304dc48} 'defineClass' '(Ljava/lang/String;[BIILjava/security/CodeSource;)Ljava/lang/Class;' in 'java/security/SecureClassLoader')}
  0x0000011f1b3dbb04: 0000 c349 | ba40 dc04 | 331f 0100 | 004c 8954 | 2408 48c7 | 0424 ffff 

  0x0000011f1b3dbb1c: ;   {runtime_call counter_overflow Runtime1 stub}
  0x0000011f1b3dbb1c: ffff e8dd 

  0x0000011f1b3dbb20: ; ImmutableOopMap {rdx=Oop r8=Oop r9=Oop rcx=Oop }
                      ;*synchronization entry
                      ; - java.security.SecureClassLoader::defineClass@-1 (line 150)
  0x0000011f1b3dbb20: 3d3d 07e9 | 5aff ffff 

  0x0000011f1b3dbb28: ;   {internal_word}
  0x0000011f1b3dbb28: 49ba f9ba | 3d1b 1f01 | 0000 4d89 | 9790 0300 

  0x0000011f1b3dbb38: ;   {runtime_call SafepointBlob}
  0x0000011f1b3dbb38: 00e9 42f2 | 3007 498b | 8728 0400 | 0049 c787 | 2804 0000 | 0000 0000 | 49c7 8730 | 0400 0000 
  0x0000011f1b3dbb58: 0000 0048 | 83c4 705d 

  0x0000011f1b3dbb60: ;   {runtime_call unwind_exception Runtime1 stub}
  0x0000011f1b3dbb60: e99b dd3c | 07f4 f4f4 
[Exception Handler]
  0x0000011f1b3dbb68: ;   {no_reloc}
  0x0000011f1b3dbb68: e893 0a3d 

  0x0000011f1b3dbb6c: ;   {external_word}
  0x0000011f1b3dbb6c: 0748 b9b0 | 3316 16f8 | 7f00 0048 

  0x0000011f1b3dbb78: ;   {runtime_call}
  0x0000011f1b3dbb78: 83e4 f048 | b860 1de2 | 15f8 7f00 | 00ff d0f4 
[Deopt Handler Code]
  0x0000011f1b3dbb88: ;   {section_word}
  0x0000011f1b3dbb88: 49ba 88bb | 3d1b 1f01 | 0000 4152 

  0x0000011f1b3dbb94: ;   {runtime_call DeoptimizationBlob}
  0x0000011f1b3dbb94: e987 e430 

  0x0000011f1b3dbb98: ;   {static_stub}
  0x0000011f1b3dbb98: 0748 bb00 | 0000 0000 

  0x0000011f1b3dbba0: ;   {runtime_call}
  0x0000011f1b3dbba0: 0000 00e9 | fbff ffff 

  0x0000011f1b3dbba8: ;   {static_stub}
  0x0000011f1b3dbba8: 48bb 0000 | 0000 0000 

  0x0000011f1b3dbbb0: ;   {runtime_call}
  0x0000011f1b3dbbb0: 0000 e9fb | ffff fff4 
[/MachCode]


---------------  P R O C E S S  ---------------

Threads class SMR info:
_java_thread_list=0x0000011f7926cc30, length=13, elements={
0x0000011f13150180, 0x0000011f32e38430, 0x0000011f32e391d0, 0x0000011f32e39dd0,
0x0000011f32e3b8c0, 0x0000011f32e3c200, 0x0000011f32e3cce0, 0x0000011f32e3eb00,
0x0000011f32e424a0, 0x0000011f780a8170, 0x0000011f7813bc20, 0x0000011f784d4040,
0x0000011f784d45d0
}

Java Threads: ( => current thread )
=>0x0000011f13150180 JavaThread "main" [_thread_in_vm, id=26420, stack(0x00000018e7e00000,0x00000018e7f00000)]
  0x0000011f32e38430 JavaThread "Reference Handler" daemon [_thread_blocked, id=28104, stack(0x00000018e8500000,0x00000018e8600000)]
  0x0000011f32e391d0 JavaThread "Finalizer" daemon [_thread_blocked, id=28108, stack(0x00000018e8600000,0x00000018e8700000)]
  0x0000011f32e39dd0 JavaThread "Signal Dispatcher" daemon [_thread_blocked, id=28112, stack(0x00000018e8700000,0x00000018e8800000)]
  0x0000011f32e3b8c0 JavaThread "Attach Listener" daemon [_thread_blocked, id=28116, stack(0x00000018e8800000,0x00000018e8900000)]
  0x0000011f32e3c200 JavaThread "Service Thread" daemon [_thread_blocked, id=28120, stack(0x00000018e8900000,0x00000018e8a00000)]
  0x0000011f32e3cce0 JavaThread "Monitor Deflation Thread" daemon [_thread_blocked, id=28124, stack(0x00000018e8a00000,0x00000018e8b00000)]
  0x0000011f32e3eb00 JavaThread "C2 CompilerThread0" daemon [_thread_blocked, id=28128, stack(0x00000018e8b00000,0x00000018e8c00000)]
  0x0000011f32e424a0 JavaThread "C1 CompilerThread0" daemon [_thread_blocked, id=28264, stack(0x00000018e8c00000,0x00000018e8d00000)]
  0x0000011f780a8170 JavaThread "Notification Thread" daemon [_thread_blocked, id=28460, stack(0x00000018e9000000,0x00000018e9100000)]
  0x0000011f7813bc20 JavaThread "Common-Cleaner" daemon [_thread_blocked, id=28680, stack(0x00000018e9200000,0x00000018e9300000)]
  0x0000011f784d4040 JavaThread "C1 CompilerThread1" daemon [_thread_blocked, id=39652, stack(0x00000018e8d00000,0x00000018e8e00000)]
  0x0000011f784d45d0 JavaThread "C1 CompilerThread2" daemon [_thread_blocked, id=39656, stack(0x00000018e8e00000,0x00000018e8f00000)]

Other Threads:
  0x0000011f32e18950 VMThread "VM Thread" [stack: 0x00000018e8400000,0x00000018e8500000] [id=27304]
  0x0000011f780d52c0 WatcherThread "VM Periodic Task Thread" [stack: 0x00000018e9100000,0x00000018e9200000] [id=28676]
  0x0000011f131bbe40 WorkerThread "GC Thread#0" [stack: 0x00000018e7f00000,0x00000018e8000000] [id=27048]
  0x0000011f781cd570 WorkerThread "GC Thread#1" [stack: 0x00000018e9500000,0x00000018e9600000] [id=41188]
  0x0000011f781cf190 WorkerThread "GC Thread#2" [stack: 0x00000018e9600000,0x00000018e9700000] [id=41192]
  0x0000011f781ce920 WorkerThread "GC Thread#3" [stack: 0x00000018e9700000,0x00000018e9800000] [id=41196]
  0x0000011f781cdb10 WorkerThread "GC Thread#4" [stack: 0x00000018e9800000,0x00000018e9900000] [id=41200]
  0x0000011f781cdde0 WorkerThread "GC Thread#5" [stack: 0x00000018e9900000,0x00000018e9a00000] [id=41528]
  0x0000011f781ce650 WorkerThread "GC Thread#6" [stack: 0x00000018e9a00000,0x00000018e9b00000] [id=41532]
  0x0000011f781ce0b0 WorkerThread "GC Thread#7" [stack: 0x00000018e9b00000,0x00000018e9c00000] [id=41536]
  0x0000011f781cebf0 WorkerThread "GC Thread#8" [stack: 0x00000018e9300000,0x00000018e9400000] [id=44376]
  0x0000011f781ceec0 WorkerThread "GC Thread#9" [stack: 0x00000018e9400000,0x00000018e9500000] [id=44380]
  0x0000011f131cd160 ConcurrentGCThread "G1 Main Marker" [stack: 0x00000018e8000000,0x00000018e8100000] [id=27056]
  0x0000011f131cfaa0 WorkerThread "G1 Conc#0" [stack: 0x00000018e8100000,0x00000018e8200000] [id=27060]
  0x0000011f1321e620 ConcurrentGCThread "G1 Refine#0" [stack: 0x00000018e8200000,0x00000018e8300000] [id=27076]
  0x0000011f32cd6550 ConcurrentGCThread "G1 Service" [stack: 0x00000018e8300000,0x00000018e8400000] [id=27080]

Threads with active compile tasks:

VM state: not at safepoint (normal execution)

VM Mutex/Monitor currently owned by a thread:  ([mutex/lock_event])
[0x0000011f1313b7b0] Metaspace_lock - owner thread: 0x0000011f13150180

OutOfMemory and StackOverflow Exception counts:
OutOfMemoryError java_heap_errors=1
LinkageErrors=15

Heap address: 0x000000070c000000, size: 3904 MB, Compressed Oops mode: Zero based, Oop shift amount: 3

CDS archive(s) mapped at: [0x0000011f33000000-0x0000011f33c60000-0x0000011f33c60000), size 12976128, SharedBaseAddress: 0x0000011f33000000, ArchiveRelocationMode: 1.
Compressed class space mapped at: 0x0000011f34000000-0x0000011f74000000, reserved size: 1073741824
Narrow klass base: 0x0000011f33000000, Narrow klass shift: 0, Narrow klass range: 0x100000000

GC Precious Log:
 CardTable entry size: 512
 Card Set container configuration: InlinePtr #cards 4 size 8 Array Of Cards #cards 16 size 48 Howl #buckets 8 coarsen threshold 3686 Howl Bitmap #cards 512 size 80 coarsen threshold 460 Card regions per heap region 1 cards per card region 4096
 CPUs: 16 total, 16 available
 Memory: 15612M
 Large Page Support: Disabled
 NUMA Support: Disabled
 Compressed Oops: Enabled (Zero based)
 Heap Region Size: 2M
 Heap Min Capacity: 8M
 Heap Initial Capacity: 244M
 Heap Max Capacity: 3904M
 Pre-touch: Disabled
 Parallel Workers: 13
 Concurrent Workers: 3
 Concurrent Refinement Workers: 13
 Periodic GC: Disabled

Heap:
 garbage-first heap   total 249856K, used 7840K [0x000000070c000000, 0x0000000800000000)
  region size 2048K, 4 young (8192K), 2 survivors (4096K)
 Metaspace       used 10373K, committed 10560K, reserved 1114112K
  class space    used 1231K, committed 1344K, reserved 1048576K

Heap Regions: E=young(eden), S=young(survivor), O=old, HS=humongous(starts), HC=humongous(continues), CS=collection set, F=free, OA=open archive, CA=closed archive, TAMS=top-at-mark-start, PB=parsable bottom
|   0|0x000000070c000000, 0x000000070c200000, 0x000000070c200000|100%| O|  |TAMS 0x000000070c000000| PB 0x000000070c000000| Untracked 
|   1|0x000000070c200000, 0x000000070c389800, 0x000000070c400000| 76%| O|  |TAMS 0x000000070c200000| PB 0x000000070c200000| Untracked 
|   2|0x000000070c400000, 0x000000070c400000, 0x000000070c600000|  0%| F|  |TAMS 0x000000070c400000| PB 0x000000070c400000| Untracked 
|   3|0x000000070c600000, 0x000000070c600000, 0x000000070c800000|  0%| F|  |TAMS 0x000000070c600000| PB 0x000000070c600000| Untracked 
|   4|0x000000070c800000, 0x000000070c800000, 0x000000070ca00000|  0%| F|  |TAMS 0x000000070c800000| PB 0x000000070c800000| Untracked 
|   5|0x000000070ca00000, 0x000000070ca00000, 0x000000070cc00000|  0%| F|  |TAMS 0x000000070ca00000| PB 0x000000070ca00000| Untracked 
|   6|0x000000070cc00000, 0x000000070cc00000, 0x000000070ce00000|  0%| F|  |TAMS 0x000000070cc00000| PB 0x000000070cc00000| Untracked 
|   7|0x000000070ce00000, 0x000000070ce00000, 0x000000070d000000|  0%| F|  |TAMS 0x000000070ce00000| PB 0x000000070ce00000| Untracked 
|   8|0x000000070d000000, 0x000000070d000000, 0x000000070d200000|  0%| F|  |TAMS 0x000000070d000000| PB 0x000000070d000000| Untracked 
|   9|0x000000070d200000, 0x000000070d200000, 0x000000070d400000|  0%| F|  |TAMS 0x000000070d200000| PB 0x000000070d200000| Untracked 
|  10|0x000000070d400000, 0x000000070d400000, 0x000000070d600000|  0%| F|  |TAMS 0x000000070d400000| PB 0x000000070d400000| Untracked 
|  11|0x000000070d600000, 0x000000070d600000, 0x000000070d800000|  0%| F|  |TAMS 0x000000070d600000| PB 0x000000070d600000| Untracked 
|  12|0x000000070d800000, 0x000000070d800000, 0x000000070da00000|  0%| F|  |TAMS 0x000000070d800000| PB 0x000000070d800000| Untracked 
|  13|0x000000070da00000, 0x000000070da00000, 0x000000070dc00000|  0%| F|  |TAMS 0x000000070da00000| PB 0x000000070da00000| Untracked 
|  14|0x000000070dc00000, 0x000000070dc00000, 0x000000070de00000|  0%| F|  |TAMS 0x000000070dc00000| PB 0x000000070dc00000| Untracked 
|  15|0x000000070de00000, 0x000000070de00000, 0x000000070e000000|  0%| F|  |TAMS 0x000000070de00000| PB 0x000000070de00000| Untracked 
|  16|0x000000070e000000, 0x000000070e000000, 0x000000070e200000|  0%| F|  |TAMS 0x000000070e000000| PB 0x000000070e000000| Untracked 
|  17|0x000000070e200000, 0x000000070e200000, 0x000000070e400000|  0%| F|  |TAMS 0x000000070e200000| PB 0x000000070e200000| Untracked 
|  18|0x000000070e400000, 0x000000070e400000, 0x000000070e600000|  0%| F|  |TAMS 0x000000070e400000| PB 0x000000070e400000| Untracked 
|  19|0x000000070e600000, 0x000000070e600000, 0x000000070e800000|  0%| F|  |TAMS 0x000000070e600000| PB 0x000000070e600000| Untracked 
|  20|0x000000070e800000, 0x000000070e800000, 0x000000070ea00000|  0%| F|  |TAMS 0x000000070e800000| PB 0x000000070e800000| Untracked 
|  21|0x000000070ea00000, 0x000000070ea00000, 0x000000070ec00000|  0%| F|  |TAMS 0x000000070ea00000| PB 0x000000070ea00000| Untracked 
|  22|0x000000070ec00000, 0x000000070ec00000, 0x000000070ee00000|  0%| F|  |TAMS 0x000000070ec00000| PB 0x000000070ec00000| Untracked 
|  23|0x000000070ee00000, 0x000000070ee00000, 0x000000070f000000|  0%| F|  |TAMS 0x000000070ee00000| PB 0x000000070ee00000| Untracked 
|  24|0x000000070f000000, 0x000000070f000000, 0x000000070f200000|  0%| F|  |TAMS 0x000000070f000000| PB 0x000000070f000000| Untracked 
|  25|0x000000070f200000, 0x000000070f200000, 0x000000070f400000|  0%| F|  |TAMS 0x000000070f200000| PB 0x000000070f200000| Untracked 
|  26|0x000000070f400000, 0x000000070f400000, 0x000000070f600000|  0%| F|  |TAMS 0x000000070f400000| PB 0x000000070f400000| Untracked 
|  27|0x000000070f600000, 0x000000070f600000, 0x000000070f800000|  0%| F|  |TAMS 0x000000070f600000| PB 0x000000070f600000| Untracked 
|  28|0x000000070f800000, 0x000000070f800000, 0x000000070fa00000|  0%| F|  |TAMS 0x000000070f800000| PB 0x000000070f800000| Untracked 
|  29|0x000000070fa00000, 0x000000070fa00000, 0x000000070fc00000|  0%| F|  |TAMS 0x000000070fa00000| PB 0x000000070fa00000| Untracked 
|  30|0x000000070fc00000, 0x000000070fc00000, 0x000000070fe00000|  0%| F|  |TAMS 0x000000070fc00000| PB 0x000000070fc00000| Untracked 
|  31|0x000000070fe00000, 0x000000070fe00000, 0x0000000710000000|  0%| F|  |TAMS 0x000000070fe00000| PB 0x000000070fe00000| Untracked 
|  32|0x0000000710000000, 0x0000000710000000, 0x0000000710200000|  0%| F|  |TAMS 0x0000000710000000| PB 0x0000000710000000| Untracked 
|  33|0x0000000710200000, 0x0000000710200000, 0x0000000710400000|  0%| F|  |TAMS 0x0000000710200000| PB 0x0000000710200000| Untracked 
|  34|0x0000000710400000, 0x0000000710400000, 0x0000000710600000|  0%| F|  |TAMS 0x0000000710400000| PB 0x0000000710400000| Untracked 
|  35|0x0000000710600000, 0x0000000710600000, 0x0000000710800000|  0%| F|  |TAMS 0x0000000710600000| PB 0x0000000710600000| Untracked 
|  36|0x0000000710800000, 0x0000000710800000, 0x0000000710a00000|  0%| F|  |TAMS 0x0000000710800000| PB 0x0000000710800000| Untracked 
|  37|0x0000000710a00000, 0x0000000710a00000, 0x0000000710c00000|  0%| F|  |TAMS 0x0000000710a00000| PB 0x0000000710a00000| Untracked 
|  38|0x0000000710c00000, 0x0000000710c00000, 0x0000000710e00000|  0%| F|  |TAMS 0x0000000710c00000| PB 0x0000000710c00000| Untracked 
|  39|0x0000000710e00000, 0x0000000710e00000, 0x0000000711000000|  0%| F|  |TAMS 0x0000000710e00000| PB 0x0000000710e00000| Untracked 
|  40|0x0000000711000000, 0x0000000711000000, 0x0000000711200000|  0%| F|  |TAMS 0x0000000711000000| PB 0x0000000711000000| Untracked 
|  41|0x0000000711200000, 0x0000000711200000, 0x0000000711400000|  0%| F|  |TAMS 0x0000000711200000| PB 0x0000000711200000| Untracked 
|  42|0x0000000711400000, 0x0000000711400000, 0x0000000711600000|  0%| F|  |TAMS 0x0000000711400000| PB 0x0000000711400000| Untracked 
|  43|0x0000000711600000, 0x0000000711600000, 0x0000000711800000|  0%| F|  |TAMS 0x0000000711600000| PB 0x0000000711600000| Untracked 
|  44|0x0000000711800000, 0x0000000711800000, 0x0000000711a00000|  0%| F|  |TAMS 0x0000000711800000| PB 0x0000000711800000| Untracked 
|  45|0x0000000711a00000, 0x0000000711a00000, 0x0000000711c00000|  0%| F|  |TAMS 0x0000000711a00000| PB 0x0000000711a00000| Untracked 
|  46|0x0000000711c00000, 0x0000000711c00000, 0x0000000711e00000|  0%| F|  |TAMS 0x0000000711c00000| PB 0x0000000711c00000| Untracked 
|  47|0x0000000711e00000, 0x0000000711e00000, 0x0000000712000000|  0%| F|  |TAMS 0x0000000711e00000| PB 0x0000000711e00000| Untracked 
|  48|0x0000000712000000, 0x0000000712000000, 0x0000000712200000|  0%| F|  |TAMS 0x0000000712000000| PB 0x0000000712000000| Untracked 
|  49|0x0000000712200000, 0x0000000712200000, 0x0000000712400000|  0%| F|  |TAMS 0x0000000712200000| PB 0x0000000712200000| Untracked 
|  50|0x0000000712400000, 0x0000000712400000, 0x0000000712600000|  0%| F|  |TAMS 0x0000000712400000| PB 0x0000000712400000| Untracked 
|  51|0x0000000712600000, 0x0000000712600000, 0x0000000712800000|  0%| F|  |TAMS 0x0000000712600000| PB 0x0000000712600000| Untracked 
|  52|0x0000000712800000, 0x0000000712800000, 0x0000000712a00000|  0%| F|  |TAMS 0x0000000712800000| PB 0x0000000712800000| Untracked 
|  53|0x0000000712a00000, 0x0000000712a00000, 0x0000000712c00000|  0%| F|  |TAMS 0x0000000712a00000| PB 0x0000000712a00000| Untracked 
|  54|0x0000000712c00000, 0x0000000712c00000, 0x0000000712e00000|  0%| F|  |TAMS 0x0000000712c00000| PB 0x0000000712c00000| Untracked 
|  55|0x0000000712e00000, 0x0000000712e00000, 0x0000000713000000|  0%| F|  |TAMS 0x0000000712e00000| PB 0x0000000712e00000| Untracked 
|  56|0x0000000713000000, 0x0000000713000000, 0x0000000713200000|  0%| F|  |TAMS 0x0000000713000000| PB 0x0000000713000000| Untracked 
|  57|0x0000000713200000, 0x0000000713200000, 0x0000000713400000|  0%| F|  |TAMS 0x0000000713200000| PB 0x0000000713200000| Untracked 
|  58|0x0000000713400000, 0x0000000713400000, 0x0000000713600000|  0%| F|  |TAMS 0x0000000713400000| PB 0x0000000713400000| Untracked 
|  59|0x0000000713600000, 0x0000000713600000, 0x0000000713800000|  0%| F|  |TAMS 0x0000000713600000| PB 0x0000000713600000| Untracked 
|  60|0x0000000713800000, 0x0000000713800000, 0x0000000713a00000|  0%| F|  |TAMS 0x0000000713800000| PB 0x0000000713800000| Untracked 
|  61|0x0000000713a00000, 0x0000000713a00000, 0x0000000713c00000|  0%| F|  |TAMS 0x0000000713a00000| PB 0x0000000713a00000| Untracked 
|  62|0x0000000713c00000, 0x0000000713c00000, 0x0000000713e00000|  0%| F|  |TAMS 0x0000000713c00000| PB 0x0000000713c00000| Untracked 
|  63|0x0000000713e00000, 0x0000000713e00000, 0x0000000714000000|  0%| F|  |TAMS 0x0000000713e00000| PB 0x0000000713e00000| Untracked 
|  64|0x0000000714000000, 0x0000000714000000, 0x0000000714200000|  0%| F|  |TAMS 0x0000000714000000| PB 0x0000000714000000| Untracked 
|  65|0x0000000714200000, 0x0000000714200000, 0x0000000714400000|  0%| F|  |TAMS 0x0000000714200000| PB 0x0000000714200000| Untracked 
|  66|0x0000000714400000, 0x0000000714400000, 0x0000000714600000|  0%| F|  |TAMS 0x0000000714400000| PB 0x0000000714400000| Untracked 
|  67|0x0000000714600000, 0x0000000714600000, 0x0000000714800000|  0%| F|  |TAMS 0x0000000714600000| PB 0x0000000714600000| Untracked 
|  68|0x0000000714800000, 0x0000000714800000, 0x0000000714a00000|  0%| F|  |TAMS 0x0000000714800000| PB 0x0000000714800000| Untracked 
|  69|0x0000000714a00000, 0x0000000714a00000, 0x0000000714c00000|  0%| F|  |TAMS 0x0000000714a00000| PB 0x0000000714a00000| Untracked 
|  70|0x0000000714c00000, 0x0000000714c00000, 0x0000000714e00000|  0%| F|  |TAMS 0x0000000714c00000| PB 0x0000000714c00000| Untracked 
|  71|0x0000000714e00000, 0x0000000714e00000, 0x0000000715000000|  0%| F|  |TAMS 0x0000000714e00000| PB 0x0000000714e00000| Untracked 
|  72|0x0000000715000000, 0x0000000715000000, 0x0000000715200000|  0%| F|  |TAMS 0x0000000715000000| PB 0x0000000715000000| Untracked 
|  73|0x0000000715200000, 0x0000000715200000, 0x0000000715400000|  0%| F|  |TAMS 0x0000000715200000| PB 0x0000000715200000| Untracked 
|  74|0x0000000715400000, 0x0000000715400000, 0x0000000715600000|  0%| F|  |TAMS 0x0000000715400000| PB 0x0000000715400000| Untracked 
|  75|0x0000000715600000, 0x0000000715600000, 0x0000000715800000|  0%| F|  |TAMS 0x0000000715600000| PB 0x0000000715600000| Untracked 
|  76|0x0000000715800000, 0x0000000715800000, 0x0000000715a00000|  0%| F|  |TAMS 0x0000000715800000| PB 0x0000000715800000| Untracked 
|  77|0x0000000715a00000, 0x0000000715a00000, 0x0000000715c00000|  0%| F|  |TAMS 0x0000000715a00000| PB 0x0000000715a00000| Untracked 
|  78|0x0000000715c00000, 0x0000000715c00000, 0x0000000715e00000|  0%| F|  |TAMS 0x0000000715c00000| PB 0x0000000715c00000| Untracked 
|  79|0x0000000715e00000, 0x0000000715e00000, 0x0000000716000000|  0%| F|  |TAMS 0x0000000715e00000| PB 0x0000000715e00000| Untracked 
|  80|0x0000000716000000, 0x0000000716000000, 0x0000000716200000|  0%| F|  |TAMS 0x0000000716000000| PB 0x0000000716000000| Untracked 
|  81|0x0000000716200000, 0x0000000716200000, 0x0000000716400000|  0%| F|  |TAMS 0x0000000716200000| PB 0x0000000716200000| Untracked 
|  82|0x0000000716400000, 0x0000000716400000, 0x0000000716600000|  0%| F|  |TAMS 0x0000000716400000| PB 0x0000000716400000| Untracked 
|  83|0x0000000716600000, 0x0000000716600000, 0x0000000716800000|  0%| F|  |TAMS 0x0000000716600000| PB 0x0000000716600000| Untracked 
|  84|0x0000000716800000, 0x0000000716800000, 0x0000000716a00000|  0%| F|  |TAMS 0x0000000716800000| PB 0x0000000716800000| Untracked 
|  85|0x0000000716a00000, 0x0000000716a00000, 0x0000000716c00000|  0%| F|  |TAMS 0x0000000716a00000| PB 0x0000000716a00000| Untracked 
|  86|0x0000000716c00000, 0x0000000716c00000, 0x0000000716e00000|  0%| F|  |TAMS 0x0000000716c00000| PB 0x0000000716c00000| Untracked 
|  87|0x0000000716e00000, 0x0000000716e00000, 0x0000000717000000|  0%| F|  |TAMS 0x0000000716e00000| PB 0x0000000716e00000| Untracked 
|  88|0x0000000717000000, 0x0000000717000000, 0x0000000717200000|  0%| F|  |TAMS 0x0000000717000000| PB 0x0000000717000000| Untracked 
|  89|0x0000000717200000, 0x0000000717200000, 0x0000000717400000|  0%| F|  |TAMS 0x0000000717200000| PB 0x0000000717200000| Untracked 
|  90|0x0000000717400000, 0x0000000717400000, 0x0000000717600000|  0%| F|  |TAMS 0x0000000717400000| PB 0x0000000717400000| Untracked 
|  91|0x0000000717600000, 0x0000000717600000, 0x0000000717800000|  0%| F|  |TAMS 0x0000000717600000| PB 0x0000000717600000| Untracked 
|  92|0x0000000717800000, 0x0000000717800000, 0x0000000717a00000|  0%| F|  |TAMS 0x0000000717800000| PB 0x0000000717800000| Untracked 
|  93|0x0000000717a00000, 0x0000000717a00000, 0x0000000717c00000|  0%| F|  |TAMS 0x0000000717a00000| PB 0x0000000717a00000| Untracked 
|  94|0x0000000717c00000, 0x0000000717c00000, 0x0000000717e00000|  0%| F|  |TAMS 0x0000000717c00000| PB 0x0000000717c00000| Untracked 
|  95|0x0000000717e00000, 0x0000000717e00000, 0x0000000718000000|  0%| F|  |TAMS 0x0000000717e00000| PB 0x0000000717e00000| Untracked 
|  96|0x0000000718000000, 0x0000000718000000, 0x0000000718200000|  0%| F|  |TAMS 0x0000000718000000| PB 0x0000000718000000| Untracked 
|  97|0x0000000718200000, 0x0000000718200000, 0x0000000718400000|  0%| F|  |TAMS 0x0000000718200000| PB 0x0000000718200000| Untracked 
|  98|0x0000000718400000, 0x0000000718400000, 0x0000000718600000|  0%| F|  |TAMS 0x0000000718400000| PB 0x0000000718400000| Untracked 
|  99|0x0000000718600000, 0x0000000718600000, 0x0000000718800000|  0%| F|  |TAMS 0x0000000718600000| PB 0x0000000718600000| Untracked 
| 100|0x0000000718800000, 0x0000000718800000, 0x0000000718a00000|  0%| F|  |TAMS 0x0000000718800000| PB 0x0000000718800000| Untracked 
| 101|0x0000000718a00000, 0x0000000718a00000, 0x0000000718c00000|  0%| F|  |TAMS 0x0000000718a00000| PB 0x0000000718a00000| Untracked 
| 102|0x0000000718c00000, 0x0000000718c1e880, 0x0000000718e00000|  5%| S|CS|TAMS 0x0000000718c00000| PB 0x0000000718c00000| Complete 
| 103|0x0000000718e00000, 0x0000000719000000, 0x0000000719000000|100%| S|CS|TAMS 0x0000000718e00000| PB 0x0000000718e00000| Complete 
| 104|0x0000000719000000, 0x0000000719000000, 0x0000000719200000|  0%| F|  |TAMS 0x0000000719000000| PB 0x0000000719000000| Untracked 
| 105|0x0000000719200000, 0x0000000719200000, 0x0000000719400000|  0%| F|  |TAMS 0x0000000719200000| PB 0x0000000719200000| Untracked 
| 106|0x0000000719400000, 0x0000000719400000, 0x0000000719600000|  0%| F|  |TAMS 0x0000000719400000| PB 0x0000000719400000| Untracked 
| 107|0x0000000719600000, 0x0000000719600000, 0x0000000719800000|  0%| F|  |TAMS 0x0000000719600000| PB 0x0000000719600000| Untracked 
| 108|0x0000000719800000, 0x0000000719800000, 0x0000000719a00000|  0%| F|  |TAMS 0x0000000719800000| PB 0x0000000719800000| Untracked 
| 109|0x0000000719a00000, 0x0000000719a00000, 0x0000000719c00000|  0%| F|  |TAMS 0x0000000719a00000| PB 0x0000000719a00000| Untracked 
| 110|0x0000000719c00000, 0x0000000719c00000, 0x0000000719e00000|  0%| F|  |TAMS 0x0000000719c00000| PB 0x0000000719c00000| Untracked 
| 111|0x0000000719e00000, 0x0000000719e00000, 0x000000071a000000|  0%| F|  |TAMS 0x0000000719e00000| PB 0x0000000719e00000| Untracked 
| 112|0x000000071a000000, 0x000000071a000000, 0x000000071a200000|  0%| F|  |TAMS 0x000000071a000000| PB 0x000000071a000000| Untracked 
| 113|0x000000071a200000, 0x000000071a200000, 0x000000071a400000|  0%| F|  |TAMS 0x000000071a200000| PB 0x000000071a200000| Untracked 
| 114|0x000000071a400000, 0x000000071a400000, 0x000000071a600000|  0%| F|  |TAMS 0x000000071a400000| PB 0x000000071a400000| Untracked 
| 115|0x000000071a600000, 0x000000071a600000, 0x000000071a800000|  0%| F|  |TAMS 0x000000071a600000| PB 0x000000071a600000| Untracked 
| 116|0x000000071a800000, 0x000000071a800000, 0x000000071aa00000|  0%| F|  |TAMS 0x000000071a800000| PB 0x000000071a800000| Untracked 
| 117|0x000000071aa00000, 0x000000071aa00000, 0x000000071ac00000|  0%| F|  |TAMS 0x000000071aa00000| PB 0x000000071aa00000| Untracked 
| 118|0x000000071ac00000, 0x000000071ac00000, 0x000000071ae00000|  0%| F|  |TAMS 0x000000071ac00000| PB 0x000000071ac00000| Untracked 
| 119|0x000000071ae00000, 0x000000071ae00000, 0x000000071b000000|  0%| F|  |TAMS 0x000000071ae00000| PB 0x000000071ae00000| Untracked 
| 120|0x000000071b000000, 0x000000071b141d58, 0x000000071b200000| 62%| E|  |TAMS 0x000000071b000000| PB 0x000000071b000000| Complete 
| 121|0x000000071b200000, 0x000000071b400000, 0x000000071b400000|100%| E|CS|TAMS 0x000000071b200000| PB 0x000000071b200000| Complete 

Card table byte_map: [0x0000011f2b250000,0x0000011f2b9f0000] _byte_map_base: 0x0000011f279f0000

Marking Bits: (CMBitMap*) 0x0000011f131bc470
 Bits: [0x0000011f2c190000, 0x0000011f2fe90000)

Polling page: 0x0000011f11140000

Metaspace:

Usage:
  Non-class:      8.93 MB used.
      Class:      1.20 MB used.
       Both:     10.13 MB used.

Virtual space:
  Non-class space:       64.00 MB reserved,       9.00 MB ( 14%) committed,  1 nodes.
      Class space:        1.00 GB reserved,       1.31 MB ( <1%) committed,  1 nodes.
             Both:        1.06 GB reserved,      10.31 MB ( <1%) committed. 

Chunk freelists:
   Non-Class:  1.30 MB
       Class:  2.70 MB
        Both:  4.00 MB

MaxMetaspaceSize: unlimited
CompressedClassSpaceSize: 1.00 GB
Initial GC threshold: 21.00 MB
Current GC threshold: 21.00 MB
CDS: on
MetaspaceReclaimPolicy: balanced
 - commit_granule_bytes: 65536.
 - commit_granule_words: 8192.
 - virtual_space_node_default_size: 8388608.
 - enlarge_chunks_in_place: 1.
 - new_chunks_are_fully_committed: 0.
 - uncommit_free_chunks: 1.
 - use_allocation_guard: 0.


Internal statistics:

num_allocs_failed_limit: 0.
num_arena_births: 74.
num_arena_deaths: 0.
num_vsnodes_births: 2.
num_vsnodes_deaths: 0.
num_space_committed: 165.
num_space_uncommitted: 0.
num_chunks_returned_to_freelist: 0.
num_chunks_taken_from_freelist: 403.
num_chunk_merges: 0.
num_chunk_splits: 294.
num_chunks_enlarged: 250.
num_inconsistent_stats: 0.

CodeHeap 'non-profiled nmethods': size=119168Kb used=739Kb max_used=739Kb free=118428Kb
 bounds [0x0000011f22dd0000, 0x0000011f23040000, 0x0000011f2a230000]
CodeHeap 'profiled nmethods': size=119104Kb used=3966Kb max_used=3966Kb free=115137Kb
 bounds [0x0000011f1b230000, 0x0000011f1b610000, 0x0000011f22680000]
CodeHeap 'non-nmethods': size=7488Kb used=2541Kb max_used=3140Kb free=4947Kb
 bounds [0x0000011f22680000, 0x0000011f22a00000, 0x0000011f22dd0000]
 total_blobs=2540 nmethods=2084 adapters=364
 compilation: enabled
              stopped_count=0, restarted_count=0
 full_count=0

Compilation events (20 events):
Event: 23.607 Thread 0x0000011f784d4040 2078       3       java.lang.invoke.MethodType::changeReturnType (20 bytes)
Event: 23.607 Thread 0x0000011f32e3eb00 nmethod 2057 0x0000011f22e88490 code [0x0000011f22e88620, 0x0000011f22e88980]
Event: 23.607 Thread 0x0000011f784d45d0 nmethod 2077 0x0000011f1b60c090 code [0x0000011f1b60c220, 0x0000011f1b60c478]
Event: 23.607 Thread 0x0000011f32e3eb00 2064       4       java.lang.Class::getName (18 bytes)
Event: 23.607 Thread 0x0000011f784d4040 nmethod 2078 0x0000011f1b60c510 code [0x0000011f1b60c6a0, 0x0000011f1b60c870]
Event: 23.607 Thread 0x0000011f784d45d0 2079       3       java.lang.Boolean::valueOf (14 bytes)
Event: 23.607 Thread 0x0000011f784d4040 2080       3       com.google.inject.internal.AbstractProcessor$$Lambda$89/0x0000011f34143d20::test (16 bytes)
Event: 23.607 Thread 0x0000011f32e424a0 2081       3       com.google.inject.internal.AbstractProcessor::lambda$process$0 (28 bytes)
Event: 23.607 Thread 0x0000011f784d45d0 nmethod 2079 0x0000011f1b60c910 code [0x0000011f1b60caa0, 0x0000011f1b60cc18]
Event: 23.607 Thread 0x0000011f784d45d0 2082       3       com.google.inject.internal.Errors::withSource (29 bytes)
Event: 23.607 Thread 0x0000011f784d45d0 nmethod 2082 0x0000011f1b60cc90 code [0x0000011f1b60ce40, 0x0000011f1b60d240]
Event: 23.607 Thread 0x0000011f784d45d0 2083       3       com.google.inject.internal.Errors::<init> (23 bytes)
Event: 23.607 Thread 0x0000011f784d4040 nmethod 2080 0x0000011f1b60d390 code [0x0000011f1b60d580, 0x0000011f1b60dea8]
Event: 23.608 Thread 0x0000011f784d45d0 nmethod 2083 0x0000011f1b60e110 code [0x0000011f1b60e2a0, 0x0000011f1b60e548]
Event: 23.608 Thread 0x0000011f784d4040 2084       3       com.google.inject.internal.AbstractProcessor::visitOther (6 bytes)
Event: 23.608 Thread 0x0000011f32e424a0 nmethod 2081 0x0000011f1b60e610 code [0x0000011f1b60e800, 0x0000011f1b60ef90]
Event: 23.608 Thread 0x0000011f784d45d0 2085       3       com.google.inject.internal.AbstractProcessor::visitOther (5 bytes)
Event: 23.608 Thread 0x0000011f32e3eb00 nmethod 2064 0x0000011f22e88c90 code [0x0000011f22e88e00, 0x0000011f22e88eb8]
Event: 23.608 Thread 0x0000011f784d45d0 nmethod 2085 0x0000011f1b60f190 code [0x0000011f1b60f320, 0x0000011f1b60f4a0]
Event: 23.608 Thread 0x0000011f784d4040 nmethod 2084 0x0000011f1b60f590 code [0x0000011f1b60f720, 0x0000011f1b60f980]

GC Heap History (4 events):
Event: 19.535 GC heap before
{Heap before GC invocations=0 (full 0):
 garbage-first heap   total 249856K, used 22528K [0x000000070c000000, 0x0000000800000000)
  region size 2048K, 11 young (22528K), 0 survivors (0K)
 Metaspace       used 5170K, committed 5312K, reserved 1114112K
  class space    used 593K, committed 640K, reserved 1048576K
}
Event: 19.687 GC heap after
{Heap after GC invocations=1 (full 0):
 garbage-first heap   total 249856K, used 3711K [0x000000070c000000, 0x0000000800000000)
  region size 2048K, 2 young (4096K), 2 survivors (4096K)
 Metaspace       used 5170K, committed 5312K, reserved 1114112K
  class space    used 593K, committed 640K, reserved 1048576K
}
Event: 22.923 GC heap before
{Heap before GC invocations=1 (full 0):
 garbage-first heap   total 249856K, used 34431K [0x000000070c000000, 0x0000000800000000)
  region size 2048K, 18 young (36864K), 2 survivors (4096K)
 Metaspace       used 9768K, committed 9984K, reserved 1114112K
  class space    used 1159K, committed 1280K, reserved 1048576K
}
Event: 22.929 GC heap after
{Heap after GC invocations=2 (full 0):
 garbage-first heap   total 249856K, used 5792K [0x000000070c000000, 0x0000000800000000)
  region size 2048K, 2 young (4096K), 2 survivors (4096K)
 Metaspace       used 9768K, committed 9984K, reserved 1114112K
  class space    used 1159K, committed 1280K, reserved 1048576K
}

Dll operation events (8 events):
Event: 0.021 Loaded shared library C:\Program Files\Java\jdk-20\bin\java.dll
Event: 0.071 Loaded shared library C:\Program Files\Java\jdk-20\bin\jsvml.dll
Event: 0.613 Loaded shared library C:\Program Files\Java\jdk-20\bin\net.dll
Event: 0.615 Loaded shared library C:\Program Files\Java\jdk-20\bin\nio.dll
Event: 0.669 Loaded shared library C:\Program Files\Java\jdk-20\bin\zip.dll
Event: 16.595 Loaded shared library C:\Program Files\Java\jdk-20\bin\jimage.dll
Event: 16.628 Loaded shared library C:\Program Files\NetBeans-18\netbeans\java\maven\lib\jansi-native\Windows\x86_64\jansi.dll
Event: 16.807 Loaded shared library C:\Program Files\Java\jdk-20\bin\verify.dll

Deoptimization events (20 events):
Event: 22.642 Thread 0x0000011f13150180 Uncommon trap: trap_request=0xffffffc6 fr.pc=0x0000011f22e3aa2c relative=0x00000000000002ec
Event: 22.642 Thread 0x0000011f13150180 Uncommon trap: reason=bimorphic_or_optimized_type_check action=maybe_recompile pc=0x0000011f22e3aa2c method=java.util.HashMap.getNode(Ljava/lang/Object;)Ljava/util/HashMap$Node; @ 128 c2
Event: 22.642 Thread 0x0000011f13150180 DEOPT PACKING pc=0x0000011f22e3aa2c sp=0x00000018e7efe050
Event: 22.642 Thread 0x0000011f13150180 DEOPT UNPACKING pc=0x0000011f226e9d22 sp=0x00000018e7efdfb8 mode 2
Event: 22.643 Thread 0x0000011f13150180 Uncommon trap: trap_request=0xffffffc6 fr.pc=0x0000011f22e7b290 relative=0x00000000000002d0
Event: 22.643 Thread 0x0000011f13150180 Uncommon trap: reason=bimorphic_or_optimized_type_check action=maybe_recompile pc=0x0000011f22e7b290 method=java.util.HashMap.getNode(Ljava/lang/Object;)Ljava/util/HashMap$Node; @ 128 c2
Event: 22.643 Thread 0x0000011f13150180 DEOPT PACKING pc=0x0000011f22e7b290 sp=0x00000018e7efe1f0
Event: 22.643 Thread 0x0000011f13150180 DEOPT UNPACKING pc=0x0000011f226e9d22 sp=0x00000018e7efe0f8 mode 2
Event: 22.643 Thread 0x0000011f13150180 Uncommon trap: trap_request=0xffffffc6 fr.pc=0x0000011f22e7b290 relative=0x00000000000002d0
Event: 22.643 Thread 0x0000011f13150180 Uncommon trap: reason=bimorphic_or_optimized_type_check action=maybe_recompile pc=0x0000011f22e7b290 method=java.util.HashMap.getNode(Ljava/lang/Object;)Ljava/util/HashMap$Node; @ 128 c2
Event: 22.643 Thread 0x0000011f13150180 DEOPT PACKING pc=0x0000011f22e7b290 sp=0x00000018e7efe1f0
Event: 22.643 Thread 0x0000011f13150180 DEOPT UNPACKING pc=0x0000011f226e9d22 sp=0x00000018e7efe0f8 mode 2
Event: 22.657 Thread 0x0000011f13150180 Uncommon trap: trap_request=0xffffffc6 fr.pc=0x0000011f22e3aa2c relative=0x00000000000002ec
Event: 22.657 Thread 0x0000011f13150180 Uncommon trap: reason=bimorphic_or_optimized_type_check action=maybe_recompile pc=0x0000011f22e3aa2c method=java.util.HashMap.getNode(Ljava/lang/Object;)Ljava/util/HashMap$Node; @ 128 c2
Event: 22.657 Thread 0x0000011f13150180 DEOPT PACKING pc=0x0000011f22e3aa2c sp=0x00000018e7efe180
Event: 22.657 Thread 0x0000011f13150180 DEOPT UNPACKING pc=0x0000011f226e9d22 sp=0x00000018e7efe0f8 mode 2
Event: 23.423 Thread 0x0000011f13150180 Uncommon trap: trap_request=0xffffff45 fr.pc=0x0000011f22e4ae30 relative=0x0000000000000290
Event: 23.423 Thread 0x0000011f13150180 Uncommon trap: reason=unstable_if action=reinterpret pc=0x0000011f22e4ae30 method=java.util.concurrent.ConcurrentHashMap.get(Ljava/lang/Object;)Ljava/lang/Object; @ 76 c2
Event: 23.423 Thread 0x0000011f13150180 DEOPT PACKING pc=0x0000011f22e4ae30 sp=0x00000018e7efb1c0
Event: 23.423 Thread 0x0000011f13150180 DEOPT UNPACKING pc=0x0000011f226e9d22 sp=0x00000018e7efb138 mode 2

Classes loaded (20 events):
Event: 22.922 Loading class java/nio/file/FileSystemException done
Event: 22.922 Loading class java/nio/file/AccessDeniedException done
Event: 22.923 Loading class java/nio/channels/FileChannel
Event: 22.923 Loading class java/nio/channels/SeekableByteChannel
Event: 22.923 Loading class java/nio/channels/ByteChannel
Event: 22.930 Loading class java/nio/channels/ByteChannel done
Event: 22.930 Loading class java/nio/channels/SeekableByteChannel done
Event: 22.930 Loading class java/nio/channels/GatheringByteChannel
Event: 22.930 Loading class java/nio/channels/GatheringByteChannel done
Event: 22.930 Loading class java/nio/channels/ScatteringByteChannel
Event: 22.930 Loading class java/nio/channels/ScatteringByteChannel done
Event: 22.930 Loading class java/nio/channels/spi/AbstractInterruptibleChannel
Event: 22.930 Loading class java/nio/channels/InterruptibleChannel
Event: 22.930 Loading class java/nio/channels/InterruptibleChannel done
Event: 22.930 Loading class java/nio/channels/spi/AbstractInterruptibleChannel done
Event: 22.930 Loading class java/nio/channels/FileChannel done
Event: 23.418 Loading class java/lang/ExceptionInInitializerError
Event: 23.418 Loading class java/lang/ExceptionInInitializerError done
Event: 23.422 Loading class jdk/internal/vm/annotation/ForceInline
Event: 23.422 Loading class jdk/internal/vm/annotation/ForceInline done

Classes unloaded (0 events):
No events

Classes redefined (0 events):
No events

Internal exceptions (20 events):
Event: 16.648 Thread 0x0000011f13150180 Exception <a 'java/lang/NullPointerException'{0x000000071af99088}> (0x000000071af99088) 
thrown [s\open\src\hotspot\share\interpreter\linkResolver.cpp, line 1373]
Event: 16.656 Thread 0x0000011f13150180 Exception <a 'java/lang/NullPointerException'{0x000000071afabaa8}> (0x000000071afabaa8) 
thrown [s\open\src\hotspot\share\interpreter\linkResolver.cpp, line 1373]
Event: 16.656 Thread 0x0000011f13150180 Exception <a 'java/lang/NullPointerException'{0x000000071afabd88}> (0x000000071afabd88) 
thrown [s\open\src\hotspot\share\interpreter\linkResolver.cpp, line 1373]
Event: 16.656 Thread 0x0000011f13150180 Exception <a 'java/lang/NullPointerException'{0x000000071afac068}> (0x000000071afac068) 
thrown [s\open\src\hotspot\share\interpreter\linkResolver.cpp, line 1373]
Event: 16.656 Thread 0x0000011f13150180 Exception <a 'java/lang/NullPointerException'{0x000000071afac348}> (0x000000071afac348) 
thrown [s\open\src\hotspot\share\interpreter\linkResolver.cpp, line 1373]
Event: 18.227 Thread 0x0000011f13150180 Exception <a 'java/lang/NoSuchMethodError'{0x000000071aa33d48}: 'java.lang.Object java.lang.invoke.DirectMethodHandle$Holder.invokeSpecialIFC(java.lang.Object, java.lang.Object, java.lang.Object, java.lang.Object)'> (0x000000071aa33d48) 
thrown [s\open\src\hotspot\share\interpreter\linkResolver.cpp, line 773]
Event: 18.697 Thread 0x0000011f13150180 Exception <a 'java/lang/NoSuchMethodError'{0x000000071a473688}: 'void java.lang.invoke.DirectMethodHandle$Holder.invokeSpecial(java.lang.Object, java.lang.Object, java.lang.Object)'> (0x000000071a473688) 
thrown [s\open\src\hotspot\share\interpreter\linkResolver.cpp, line 773]
Event: 18.867 Thread 0x0000011f13150180 Exception <a 'java/lang/NoSuchMethodError'{0x000000071a206a58}: 'java.lang.Object java.lang.invoke.DirectMethodHandle$Holder.invokeInterface(java.lang.Object, java.lang.Object)'> (0x000000071a206a58) 
thrown [s\open\src\hotspot\share\interpreter\linkResolver.cpp, line 773]
Event: 18.870 Thread 0x0000011f13150180 Exception <a 'java/lang/NoSuchMethodError'{0x000000071a20fb28}: 'int java.lang.invoke.DirectMethodHandle$Holder.invokeSpecial(java.lang.Object, java.lang.Object, java.lang.Object)'> (0x000000071a20fb28) 
thrown [s\open\src\hotspot\share\interpreter\linkResolver.cpp, line 773]
Event: 18.967 Thread 0x0000011f13150180 Exception <a 'java/lang/NoSuchMethodError'{0x000000071a294948}: 'int java.lang.invoke.DirectMethodHandle$Holder.invokeStatic(java.lang.Object, java.lang.Object, java.lang.Object, java.lang.Object)'> (0x000000071a294948) 
thrown [s\open\src\hotspot\share\interpreter\linkResolver.cpp, line 773]
Event: 18.974 Thread 0x0000011f13150180 Exception <a 'java/lang/NoSuchMethodError'{0x000000071a297fc8}: 'java.lang.Object java.lang.invoke.Invokers$Holder.invokeExact_MT(java.lang.Object, java.lang.Object, java.lang.Object, java.lang.Object, java.lang.Object, java.lang.Object)'> (0x000000071a297fc8) 
thrown [s\open\src\hotspot\share\interpreter\linkResolver.cpp, line 773]
Event: 18.983 Thread 0x0000011f13150180 Exception <a 'java/lang/NoSuchMethodError'{0x000000071a2abb90}: 'int java.lang.invoke.DirectMethodHandle$Holder.invokeSpecialIFC(java.lang.Object, java.lang.Object, java.lang.Object, java.lang.Object, java.lang.Object)'> (0x000000071a2abb90) 
thrown [s\open\src\hotspot\share\interpreter\linkResolver.cpp, line 773]
Event: 19.145 Thread 0x0000011f13150180 Exception <a 'java/lang/NoSuchMethodError'{0x000000071a024a38}: 'java.lang.Object java.lang.invoke.DirectMethodHandle$Holder.newInvokeSpecial(java.lang.Object, java.lang.Object, java.lang.Object, java.lang.Object, java.lang.Object)'> (0x000000071a024a38) 
thrown [s\open\src\hotspot\share\interpreter\linkResolver.cpp, line 773]
Event: 19.332 Thread 0x0000011f13150180 Exception <a 'java/lang/NoSuchMethodError'{0x000000071a11cf90}: 'int java.lang.invoke.DirectMethodHandle$Holder.invokeStaticInit(java.lang.Object, java.lang.Object)'> (0x000000071a11cf90) 
thrown [s\open\src\hotspot\share\interpreter\linkResolver.cpp, line 773]
Event: 19.344 Thread 0x0000011f13150180 Exception <a 'java/lang/NoClassDefFoundError'{0x000000071a153800}: javax/enterprise/inject/Typed> (0x000000071a153800) 
thrown [s\open\src\hotspot\share\classfile\systemDictionary.cpp, line 294]
Event: 23.414 Thread 0x0000011f13150180 Exception <a 'java/lang/NoSuchMethodError'{0x000000071b340328}: 'void java.lang.invoke.DirectMethodHandle$Holder.invokeStatic(java.lang.Object, java.lang.Object, java.lang.Object)'> (0x000000071b340328) 
thrown [s\open\src\hotspot\share\interpreter\linkResolver.cpp, line 773]
Event: 23.415 Thread 0x0000011f13150180 Exception <a 'java/lang/NoSuchMethodError'{0x000000071b343798}: 'void java.lang.invoke.DirectMethodHandle$Holder.invokeStaticInit(java.lang.Object, java.lang.Object, java.lang.Object)'> (0x000000071b343798) 
thrown [s\open\src\hotspot\share\interpreter\linkResolver.cpp, line 773]
Event: 23.420 Thread 0x0000011f13150180 Exception <a 'java/lang/ExceptionInInitializerError'{0x000000071b36cd98}> (0x000000071b36cd98) 
thrown [s\open\src\hotspot\share\oops\instanceKlass.cpp, line 1160]
Event: 23.587 Thread 0x0000011f13150180 Exception <a 'java/lang/OutOfMemoryError'{0x000000071b042dc0}: (class: com/google/inject/internal/asm/$MethodWriter, method: visitFrame signature: (II[Ljava/lang/Object;I[Ljava/lang/Object;)V) > (0x000000071b042dc0) 
thrown [s\open\src\hotspot\share\classfile\verifier.cpp, line 338]
Event: 23.604 Thread 0x0000011f13150180 Exception <a 'java/lang/NoSuchMethodError'{0x000000071b0c86e0}: 'void java.lang.invoke.DirectMethodHandle$Holder.invokeStatic(java.lang.Object, java.lang.Object)'> (0x000000071b0c86e0) 
thrown [s\open\src\hotspot\share\interpreter\linkResolver.cpp, line 773]

VM Operations (20 events):
Event: 16.600 Executing VM operation: HandshakeAllThreads
Event: 16.600 Executing VM operation: HandshakeAllThreads done
Event: 17.613 Executing VM operation: Cleanup
Event: 17.615 Executing VM operation: Cleanup done
Event: 18.313 Executing VM operation: HandshakeAllThreads
Event: 18.313 Executing VM operation: HandshakeAllThreads done
Event: 19.315 Executing VM operation: Cleanup
Event: 19.316 Executing VM operation: Cleanup done
Event: 19.531 Executing VM operation: G1CollectForAllocation
Event: 19.687 Executing VM operation: G1CollectForAllocation done
Event: 21.689 Executing VM operation: HandshakeAllThreads
Event: 21.689 Executing VM operation: HandshakeAllThreads done
Event: 21.689 Executing VM operation: Cleanup
Event: 21.689 Executing VM operation: Cleanup done
Event: 22.436 Executing VM operation: HandshakeAllThreads
Event: 22.436 Executing VM operation: HandshakeAllThreads done
Event: 22.923 Executing VM operation: G1CollectForAllocation
Event: 22.929 Executing VM operation: G1CollectForAllocation done
Event: 23.429 Executing VM operation: HandshakeAllThreads
Event: 23.429 Executing VM operation: HandshakeAllThreads done

Events (20 events):
Event: 0.595 Thread 0x0000011f780a40a0 Thread added: 0x0000011f780a40a0
Event: 0.595 Thread 0x0000011f780a6640 Thread added: 0x0000011f780a6640
Event: 0.596 Thread 0x0000011f780a7be0 Thread added: 0x0000011f780a7be0
Event: 0.596 Thread 0x0000011f780a8170 Thread added: 0x0000011f780a8170
Event: 0.599 Thread 0x0000011f7813bc20 Thread added: 0x0000011f7813bc20
Event: 1.804 Thread 0x0000011f780a7be0 Thread exited: 0x0000011f780a7be0
Event: 2.340 Thread 0x0000011f780a6640 Thread exited: 0x0000011f780a6640
Event: 3.216 Thread 0x0000011f780a40a0 Thread exited: 0x0000011f780a40a0
Event: 18.321 Thread 0x0000011f784d4040 Thread added: 0x0000011f784d4040
Event: 18.322 Thread 0x0000011f784d45d0 Thread added: 0x0000011f784d45d0
Event: 18.323 Thread 0x0000011f784d7940 Thread added: 0x0000011f784d7940
Event: 18.345 Thread 0x0000011f78520200 Thread added: 0x0000011f78520200
Event: 18.518 Thread 0x0000011f785b38e0 Thread added: 0x0000011f785b38e0
Event: 18.967 Thread 0x0000011f785b38e0 Thread exited: 0x0000011f785b38e0
Event: 18.967 Thread 0x0000011f78520200 Thread exited: 0x0000011f78520200
Event: 19.355 Thread 0x0000011f78b36e20 Thread added: 0x0000011f78b36e20
Event: 19.510 Thread 0x0000011f7874f400 Thread added: 0x0000011f7874f400
Event: 20.296 Thread 0x0000011f7874f400 Thread exited: 0x0000011f7874f400
Event: 20.296 Thread 0x0000011f78b36e20 Thread exited: 0x0000011f78b36e20
Event: 23.589 Thread 0x0000011f784d7940 Thread exited: 0x0000011f784d7940


Dynamic libraries:
0x00007ff622560000 - 0x00007ff622570000 	C:\Program Files\Java\jdk-20\bin\java.exe
0x00007ff8a2c80000 - 0x00007ff8a2e89000 	C:\Windows\SYSTEM32\ntdll.dll
0x00007ff8a0b80000 - 0x00007ff8a0c3d000 	C:\Windows\System32\KERNEL32.DLL
0x00007ff8a0110000 - 0x00007ff8a0494000 	C:\Windows\System32\KERNELBASE.dll
0x00007ff8a04d0000 - 0x00007ff8a05e1000 	C:\Windows\System32\ucrtbase.dll
0x00007ff890a20000 - 0x00007ff890a39000 	C:\Program Files\Java\jdk-20\bin\jli.dll
0x00007ff8a2b80000 - 0x00007ff8a2c2e000 	C:\Windows\System32\ADVAPI32.dll
0x00007ff8a0eb0000 - 0x00007ff8a0f53000 	C:\Windows\System32\msvcrt.dll
0x00007ff8a1910000 - 0x00007ff8a19ae000 	C:\Windows\System32\sechost.dll
0x00007ff8a10c0000 - 0x00007ff8a11e1000 	C:\Windows\System32\RPCRT4.dll
0x00007ff8a28b0000 - 0x00007ff8a2a5d000 	C:\Windows\System32\USER32.dll
0x00007ff8a04a0000 - 0x00007ff8a04c6000 	C:\Windows\System32\win32u.dll
0x00007ff8a0c40000 - 0x00007ff8a0c6a000 	C:\Windows\System32\GDI32.dll
0x00007ff8a07d0000 - 0x00007ff8a08ee000 	C:\Windows\System32\gdi32full.dll
0x00007ff8a0730000 - 0x00007ff8a07cd000 	C:\Windows\System32\msvcp_win.dll
0x00007ff8967c0000 - 0x00007ff8967db000 	C:\Program Files\Java\jdk-20\bin\VCRUNTIME140.dll
0x00007ff889e00000 - 0x00007ff88a0a5000 	C:\Windows\WinSxS\amd64_microsoft.windows.common-controls_6595b64144ccf1df_6.0.22000.120_none_9d947278b86cc467\COMCTL32.dll
0x00007ff896fa0000 - 0x00007ff896faa000 	C:\Windows\SYSTEM32\VERSION.dll
0x00007ff8a2a60000 - 0x00007ff8a2a91000 	C:\Windows\System32\IMM32.DLL
0x00007ff89c110000 - 0x00007ff89c11c000 	C:\Program Files\Java\jdk-20\bin\vcruntime140_1.dll
0x00007ff88f320000 - 0x00007ff88f3ae000 	C:\Program Files\Java\jdk-20\bin\msvcp140.dll
0x00007ff815810000 - 0x00007ff8164a8000 	C:\Program Files\Java\jdk-20\bin\server\jvm.dll
0x00007ff89c120000 - 0x00007ff89c129000 	C:\Windows\SYSTEM32\WSOCK32.dll
0x00007ff8a1290000 - 0x00007ff8a12ff000 	C:\Windows\System32\WS2_32.dll
0x00007ff898e20000 - 0x00007ff898e53000 	C:\Windows\SYSTEM32\WINMM.dll
0x00007ff89f1f0000 - 0x00007ff89f208000 	C:\Windows\SYSTEM32\kernel.appcore.dll
0x00007ff89a260000 - 0x00007ff89a26a000 	C:\Program Files\Java\jdk-20\bin\jimage.dll
0x00007ff89dcb0000 - 0x00007ff89ded1000 	C:\Windows\SYSTEM32\DBGHELP.DLL
0x00007ff886a60000 - 0x00007ff886a91000 	C:\Windows\SYSTEM32\dbgcore.DLL
0x00007ff8a05f0000 - 0x00007ff8a066f000 	C:\Windows\System32\bcryptPrimitives.dll
0x00007ff894e60000 - 0x00007ff894e86000 	C:\Program Files\Java\jdk-20\bin\java.dll
0x00007ff87e8e0000 - 0x00007ff87e9b7000 	C:\Program Files\Java\jdk-20\bin\jsvml.dll
0x00007ff8a1aa0000 - 0x00007ff8a2265000 	C:\Windows\System32\SHELL32.dll
0x00007ff89e1e0000 - 0x00007ff89ea42000 	C:\Windows\SYSTEM32\windows.storage.dll
0x00007ff8a1590000 - 0x00007ff8a1906000 	C:\Windows\System32\combase.dll
0x00007ff89e070000 - 0x00007ff89e1d7000 	C:\Windows\SYSTEM32\wintypes.dll
0x00007ff8a0f60000 - 0x00007ff8a104a000 	C:\Windows\System32\SHCORE.dll
0x00007ff8a1050000 - 0x00007ff8a10ad000 	C:\Windows\System32\shlwapi.dll
0x00007ff8a0040000 - 0x00007ff8a0065000 	C:\Windows\SYSTEM32\profapi.dll
0x00007ff8967a0000 - 0x00007ff8967b3000 	C:\Program Files\Java\jdk-20\bin\net.dll
0x00007ff89b5f0000 - 0x00007ff89b704000 	C:\Windows\SYSTEM32\WINHTTP.dll
0x00007ff89f6a0000 - 0x00007ff89f707000 	C:\Windows\system32\mswsock.dll
0x00007ff894e40000 - 0x00007ff894e56000 	C:\Program Files\Java\jdk-20\bin\nio.dll
0x00007ff891e40000 - 0x00007ff891e58000 	C:\Program Files\Java\jdk-20\bin\zip.dll
0x0000000069ac0000 - 0x0000000069ae4000 	C:\Program Files\NetBeans-18\netbeans\java\maven\lib\jansi-native\Windows\x86_64\jansi.dll
0x00007ff896640000 - 0x00007ff896650000 	C:\Program Files\Java\jdk-20\bin\verify.dll

dbghelp: loaded successfully - version: 4.0.5 - missing functions: none
symbol engine: initialized successfully - sym options: 0x614 - pdb path: .;C:\Program Files\Java\jdk-20\bin;C:\Windows\SYSTEM32;C:\Windows\WinSxS\amd64_microsoft.windows.common-controls_6595b64144ccf1df_6.0.22000.120_none_9d947278b86cc467;C:\Program Files\Java\jdk-20\bin\server;C:\Program Files\NetBeans-18\netbeans\java\maven\lib\jansi-native\Windows\x86_64

VM Arguments:
jvm_args: -Dclassworlds.conf=C:\Program Files\NetBeans-18\netbeans\java\maven\bin\m2.conf -Dmaven.home=C:\Program Files\NetBeans-18\netbeans\java\maven -Dlibrary.jansi.path=C:\Program Files\NetBeans-18\netbeans\java\maven\lib\jansi-native -Dmaven.multiModuleProjectDirectory=C:\Users\FLOW\Documents\NetBeansProjects\Peminjaman-Ruang 
java_command: org.codehaus.plexus.classworlds.launcher.Launcher -Dexec.vmArgs= -Dexec.args=${exec.vmArgs} -classpath %classpath ${exec.mainClass} ${exec.appArgs} -Dexec.appArgs= -Dexec.mainClass=peminjaman.peminjaman.ruang.PeminjamanRuang -Dexec.executable=C:\Program Files\Java\jdk-20\bin\java.exe -Dmaven.ext.class.path=C:\Program Files\NetBeans-18\netbeans\java\maven-nblib\netbeans-eventspy.jar --no-transfer-progress process-classes org.codehaus.mojo:exec-maven-plugin:3.1.0:exec
java_class_path (initial): C:\Program Files\NetBeans-18\netbeans\java\maven\boot\plexus-classworlds-2.6.0.jar
Launcher Type: SUN_STANDARD

[Global flags]
     intx CICompilerCount                          = 12                                        {product} {ergonomic}
     uint ConcGCThreads                            = 3                                         {product} {ergonomic}
     uint G1ConcRefinementThreads                  = 13                                        {product} {ergonomic}
   size_t G1HeapRegionSize                         = 2097152                                   {product} {ergonomic}
    uintx GCDrainStackTargetSize                   = 64                                        {product} {ergonomic}
   size_t InitialHeapSize                          = 255852544                                 {product} {ergonomic}
   size_t MarkStackSize                            = 4194304                                   {product} {ergonomic}
   size_t MaxHeapSize                              = 4093640704                                {product} {ergonomic}
   size_t MaxNewSize                               = 2455764992                                {product} {ergonomic}
   size_t MinHeapDeltaBytes                        = 2097152                                   {product} {ergonomic}
   size_t MinHeapSize                              = 8388608                                   {product} {ergonomic}
    uintx NonNMethodCodeHeapSize                   = 7602480                                {pd product} {ergonomic}
    uintx NonProfiledCodeHeapSize                  = 122027880                              {pd product} {ergonomic}
    uintx ProfiledCodeHeapSize                     = 122027880                              {pd product} {ergonomic}
    uintx ReservedCodeCacheSize                    = 251658240                              {pd product} {ergonomic}
     bool SegmentedCodeCache                       = true                                      {product} {ergonomic}
   size_t SoftMaxHeapSize                          = 4093640704                             {manageable} {ergonomic}
     bool UseCompressedClassPointers               = true                           {product lp64_product} {ergonomic}
     bool UseCompressedOops                        = true                           {product lp64_product} {ergonomic}
     bool UseG1GC                                  = true                                      {product} {ergonomic}
     bool UseLargePagesIndividualAllocation        = false                                  {pd product} {ergonomic}

Logging:
Log output configuration:
 #0: stdout all=warning uptime,level,tags foldmultilines=false
 #1: stderr all=off uptime,level,tags foldmultilines=false

Environment Variables:
JAVA_HOME=C:\Program Files\Java\jdk-20
PATH=C:\Program Files\Common Files\Oracle\Java\javapath;C:\Windows\system32;C:\Windows;C:\Windows\System32\Wbem;C:\Windows\System32\WindowsPowerShell\v1.0\;C:\Windows\System32\OpenSSH\;C:\Program Files (x86)\NVIDIA Corporation\PhysX\Common;C:\Program Files\NVIDIA Corporation\NVIDIA NvDLISR;C:\Users\FLOW\AppData\Local\Programs\Python\Launcher\;C:\Users\FLOW\AppData\Local\Microsoft\WindowsApps;;C:\Users\FLOW\AppData\Local\Programs\Microsoft VS Code\bin
USERNAME=FLOW
OS=Windows_NT
PROCESSOR_IDENTIFIER=AMD64 Family 25 Model 68 Stepping 1, AuthenticAMD
TMP=C:\Users\FLOW\AppData\Local\Temp
TEMP=C:\Users\FLOW\AppData\Local\Temp




---------------  S Y S T E M  ---------------

OS:
 Windows 11 , 64 bit Build 22000 (10.0.22000.2360)
OS uptime: 0 days 7:30 hours

CPU: total 16 (initial active 16) (16 cores per cpu, 2 threads per core) family 25 model 68 stepping 1 microcode 0x0, cx8, cmov, fxsr, ht, mmx, 3dnowpref, sse, sse2, sse3, ssse3, sse4a, sse4.1, sse4.2, popcnt, lzcnt, tsc, tscinvbit, avx, avx2, aes, erms, clmul, bmi1, bmi2, adx, sha, fma, vzeroupper, clflush, clflushopt, rdtscp, rdpid, fsrm, f16c, pku, cet_ss

Memory: 4k page, system-wide physical 15612M (697M free)
TotalPageFile size 62716M (AvailPageFile size 1244M)
current process WorkingSet (physical memory assigned to process): 101M, peak: 101M
current process commit charge ("private bytes"): 361M, peak: 365M

vm_info: Java HotSpot(TM) 64-Bit Server VM (20.0.2+9-78) for windows-amd64 JRE (20.0.2+9-78), built on 2023-06-14T10:08:48Z by "mach5one" with MS VC++ 17.1 (VS2022)

END.
