#
# There is insufficient memory for the Java Runtime Environment to continue.
# Native memory allocation (malloc) failed to allocate 32744 bytes for Chunk::new
# Possible reasons:
#   The system is out of physical RAM or swap space
#   The process is running with CompressedOops enabled, and the Java Heap may be blocking the growth of the native heap
# Possible solutions:
#   Reduce memory load on the system
#   Increase physical memory or swap space
#   Check if swap backing store is full
#   Decrease Java heap size (-Xmx/-Xms)
#   Decrease number of Java threads
#   Decrease Java thread stack sizes (-Xss)
#   Set larger code cache with -XX:ReservedCodeCacheSize=
#   JVM is running with Zero Based Compressed Oops mode in which the Java heap is
#     placed in the first 32GB address space. The Java Heap base address is the
#     maximum limit for the native heap growth. Please use -XX:HeapBaseMinAddress
#     to set the Java Heap base and to place the Java Heap above 32GB virtual address.
# This output file may be truncated or incomplete.
#
#  Out of Memory Error (arena.cpp:184), pid=25860, tid=32048
#
# JRE version: Java(TM) SE Runtime Environment (20.0.2+9) (build 20.0.2+9-78)
# Java VM: Java HotSpot(TM) 64-Bit Server VM (20.0.2+9-78, mixed mode, sharing, tiered, compressed oops, compressed class ptrs, g1 gc, windows-amd64)
# No core dump will be written. Minidumps are not enabled by default on client versions of Windows
#

---------------  S U M M A R Y ------------

Command Line: -Dclassworlds.conf=C:\Program Files\NetBeans-18\netbeans\java\maven\bin\m2.conf -Dmaven.home=C:\Program Files\NetBeans-18\netbeans\java\maven -Dlibrary.jansi.path=C:\Program Files\NetBeans-18\netbeans\java\maven\lib\jansi-native -Dmaven.multiModuleProjectDirectory=C:\Users\FLOW\Documents\NetBeansProjects\Peminjaman-Ruang org.codehaus.plexus.classworlds.launcher.Launcher -Dexec.vmArgs= -Dexec.args=${exec.vmArgs} -classpath %classpath ${exec.mainClass} ${exec.appArgs} -Dexec.appArgs= -Dexec.mainClass=peminjaman.peminjaman.ruang.PeminjamanRuang -Dexec.executable=C:\Program Files\Java\jdk-20\bin\java.exe -Dmaven.ext.class.path=C:\Program Files\NetBeans-18\netbeans\java\maven-nblib\netbeans-eventspy.jar --no-transfer-progress process-classes org.codehaus.mojo:exec-maven-plugin:3.1.0:exec

Host: AMD Ryzen 9 6900HS with Radeon Graphics        , 16 cores, 15G,  Windows 11 , 64 bit Build 22000 (10.0.22000.2360)
Time: Sun Oct  8 15:01:55 2023 Malay Peninsula Standard Time elapsed time: 23.873863 seconds (0d 0h 0m 23s)

---------------  T H R E A D  ---------------

Current thread (0x000002440cd381b0):  JavaThread "C1 CompilerThread0" daemon [_thread_in_vm, id=32048, stack(0x000000ea28100000,0x000000ea28200000)]


Current CompileTask:
C1:  23873 1738       3       jdk.internal.org.objectweb.asm.MethodVisitor::<init> (7 bytes)

Stack: [0x000000ea28100000,0x000000ea28200000]
Native frames: (J=compiled Java code, j=interpreted, Vv=VM code, C=native code)
V  [jvm.dll+0x6bc25a]
V  [jvm.dll+0x84971a]
V  [jvm.dll+0x84b315]
V  [jvm.dll+0x84ba13]
V  [jvm.dll+0x280e4f]
V  [jvm.dll+0xc2ab1]
V  [jvm.dll+0xc2dd5]
V  [jvm.dll+0x201095]
V  [jvm.dll+0x1ecfa3]
V  [jvm.dll+0x259f86]
V  [jvm.dll+0x2587c0]
V  [jvm.dll+0x3f2dd5]
V  [jvm.dll+0x7f5c76]
V  [jvm.dll+0x6baecb]
C  [ucrtbase.dll+0x26c0c]
C  [KERNEL32.DLL+0x153e0]
C  [ntdll.dll+0x485b]


---------------  P R O C E S S  ---------------

Threads class SMR info:
_java_thread_list=0x000002440d5eda10, length=14, elements={
0x00000243a5df1190, 0x00000243c7ac9cb0, 0x00000243c7aca8b0, 0x00000243c7acb650,
0x00000243c7accfa0, 0x00000243c7acda90, 0x00000243c7ace710, 0x00000243c7ad0390,
0x000002440cd381b0, 0x000002440ce6c3c0, 0x000002440ce771e0, 0x000002440d00c2c0,
0x000002440d357b90, 0x000002440d358120
}

Java Threads: ( => current thread )
  0x00000243a5df1190 JavaThread "main" [_thread_in_vm, id=25948, stack(0x000000ea27300000,0x000000ea27400000)]
  0x00000243c7ac9cb0 JavaThread "Reference Handler" daemon [_thread_blocked, id=31992, stack(0x000000ea27a00000,0x000000ea27b00000)]
  0x00000243c7aca8b0 JavaThread "Finalizer" daemon [_thread_blocked, id=31996, stack(0x000000ea27b00000,0x000000ea27c00000)]
  0x00000243c7acb650 JavaThread "Signal Dispatcher" daemon [_thread_blocked, id=32000, stack(0x000000ea27c00000,0x000000ea27d00000)]
  0x00000243c7accfa0 JavaThread "Attach Listener" daemon [_thread_blocked, id=32004, stack(0x000000ea27d00000,0x000000ea27e00000)]
  0x00000243c7acda90 JavaThread "Service Thread" daemon [_thread_blocked, id=32008, stack(0x000000ea27e00000,0x000000ea27f00000)]
  0x00000243c7ace710 JavaThread "Monitor Deflation Thread" daemon [_thread_blocked, id=32012, stack(0x000000ea27f00000,0x000000ea28000000)]
  0x00000243c7ad0390 JavaThread "C2 CompilerThread0" daemon [_thread_blocked, id=32016, stack(0x000000ea28000000,0x000000ea28100000)]
=>0x000002440cd381b0 JavaThread "C1 CompilerThread0" daemon [_thread_in_vm, id=32048, stack(0x000000ea28100000,0x000000ea28200000)]
  0x000002440ce6c3c0 JavaThread "Notification Thread" daemon [_thread_blocked, id=32352, stack(0x000000ea28300000,0x000000ea28400000)]
  0x000002440ce771e0 JavaThread "Common-Cleaner" daemon [_thread_blocked, id=32364, stack(0x000000ea28500000,0x000000ea28600000)]
  0x000002440d00c2c0 JavaThread "C1 CompilerThread1" daemon [_thread_blocked, id=38536, stack(0x000000ea28200000,0x000000ea28300000)]
  0x000002440d357b90 JavaThread "C1 CompilerThread2" daemon [_thread_blocked, id=40916, stack(0x000000ea28600000,0x000000ea28700000)]
  0x000002440d358120 JavaThread "C1 CompilerThread3" daemon [_thread_blocked, id=40920, stack(0x000000ea28700000,0x000000ea28800000)]

Other Threads:
  0x00000243c7aab070 VMThread "VM Thread" [stack: 0x000000ea27900000,0x000000ea27a00000] [id=31808]
  0x000002440ce6d920 WatcherThread "VM Periodic Task Thread" [stack: 0x000000ea28400000,0x000000ea28500000] [id=32356]
  0x00000243a5e5cad0 WorkerThread "GC Thread#0" [stack: 0x000000ea27400000,0x000000ea27500000] [id=29068]
  0x000002440d1451c0 WorkerThread "GC Thread#1" [stack: 0x000000ea28800000,0x000000ea28900000] [id=42960]
  0x000002440d145490 WorkerThread "GC Thread#2" [stack: 0x000000ea28900000,0x000000ea28a00000] [id=42988]
  0x000002440d145d00 WorkerThread "GC Thread#3" [stack: 0x000000ea28a00000,0x000000ea28b00000] [id=42992]
  0x000002440d144950 WorkerThread "GC Thread#4" [stack: 0x000000ea28b00000,0x000000ea28c00000] [id=42996]
  0x000002440d145760 WorkerThread "GC Thread#5" [stack: 0x000000ea28c00000,0x000000ea28d00000] [id=22128]
  0x000002440d1443b0 WorkerThread "GC Thread#6" [stack: 0x000000ea28d00000,0x000000ea28e00000] [id=22052]
  0x000002440d144680 WorkerThread "GC Thread#7" [stack: 0x000000ea28e00000,0x000000ea28f00000] [id=22040]
  0x00000243a5e6ddf0 ConcurrentGCThread "G1 Main Marker" [stack: 0x000000ea27500000,0x000000ea27600000] [id=30132]
  0x00000243a5e70730 WorkerThread "G1 Conc#0" [stack: 0x000000ea27600000,0x000000ea27700000] [id=31748]
  0x00000243a5ebe1f0 ConcurrentGCThread "G1 Refine#0" [stack: 0x000000ea27700000,0x000000ea27800000] [id=31756]
  0x00000243a5ebeb90 ConcurrentGCThread "G1 Service" [stack: 0x000000ea27800000,0x000000ea27900000] [id=31760]

Threads with active compile tasks:
C1 CompilerThread0    23887 1738       3       jdk.internal.org.objectweb.asm.MethodVisitor::<init> (7 bytes)

VM state: not at safepoint (normal execution)

VM Mutex/Monitor currently owned by a thread:  ([mutex/lock_event])
[0x00000243a5ddcec0] Metaspace_lock - owner thread: 0x00000243a5df1190

Heap address: 0x000000070c000000, size: 3904 MB, Compressed Oops mode: Zero based, Oop shift amount: 3

CDS archive(s) mapped at: [0x00000243c7c00000-0x00000243c8860000-0x00000243c8860000), size 12976128, SharedBaseAddress: 0x00000243c7c00000, ArchiveRelocationMode: 1.
Compressed class space mapped at: 0x00000243c8c00000-0x0000024408c00000, reserved size: 1073741824
Narrow klass base: 0x00000243c7c00000, Narrow klass shift: 0, Narrow klass range: 0x100000000

GC Precious Log:
 CardTable entry size: 512
 Card Set container configuration: InlinePtr #cards 4 size 8 Array Of Cards #cards 16 size 48 Howl #buckets 8 coarsen threshold 3686 Howl Bitmap #cards 512 size 80 coarsen threshold 460 Card regions per heap region 1 cards per card region 4096
 CPUs: 16 total, 16 available
 Memory: 15612M
 Large Page Support: Disabled
 NUMA Support: Disabled
 Compressed Oops: Enabled (Zero based)
 Heap Region Size: 2M
 Heap Min Capacity: 8M
 Heap Initial Capacity: 244M
 Heap Max Capacity: 3904M
 Pre-touch: Disabled
 Parallel Workers: 13
 Concurrent Workers: 3
 Concurrent Refinement Workers: 13
 Periodic GC: Disabled

Heap:
 garbage-first heap   total 249856K, used 22143K [0x000000070c000000, 0x0000000800000000)
  region size 2048K, 12 young (24576K), 2 survivors (4096K)
 Metaspace       used 7055K, committed 7232K, reserved 1114112K
  class space    used 807K, committed 896K, reserved 1048576K

Heap Regions: E=young(eden), S=young(survivor), O=old, HS=humongous(starts), HC=humongous(continues), CS=collection set, F=free, OA=open archive, CA=closed archive, TAMS=top-at-mark-start, PB=parsable bottom
|   0|0x000000070c000000, 0x000000070c000000, 0x000000070c200000|  0%| F|  |TAMS 0x000000070c000000| PB 0x000000070c000000| Untracked 
|   1|0x000000070c200000, 0x000000070c200000, 0x000000070c400000|  0%| F|  |TAMS 0x000000070c200000| PB 0x000000070c200000| Untracked 
|   2|0x000000070c400000, 0x000000070c400000, 0x000000070c600000|  0%| F|  |TAMS 0x000000070c400000| PB 0x000000070c400000| Untracked 
|   3|0x000000070c600000, 0x000000070c600000, 0x000000070c800000|  0%| F|  |TAMS 0x000000070c600000| PB 0x000000070c600000| Untracked 
|   4|0x000000070c800000, 0x000000070c800000, 0x000000070ca00000|  0%| F|  |TAMS 0x000000070c800000| PB 0x000000070c800000| Untracked 
|   5|0x000000070ca00000, 0x000000070ca00000, 0x000000070cc00000|  0%| F|  |TAMS 0x000000070ca00000| PB 0x000000070ca00000| Untracked 
|   6|0x000000070cc00000, 0x000000070cc00000, 0x000000070ce00000|  0%| F|  |TAMS 0x000000070cc00000| PB 0x000000070cc00000| Untracked 
|   7|0x000000070ce00000, 0x000000070ce00000, 0x000000070d000000|  0%| F|  |TAMS 0x000000070ce00000| PB 0x000000070ce00000| Untracked 
|   8|0x000000070d000000, 0x000000070d000000, 0x000000070d200000|  0%| F|  |TAMS 0x000000070d000000| PB 0x000000070d000000| Untracked 
|   9|0x000000070d200000, 0x000000070d200000, 0x000000070d400000|  0%| F|  |TAMS 0x000000070d200000| PB 0x000000070d200000| Untracked 
|  10|0x000000070d400000, 0x000000070d400000, 0x000000070d600000|  0%| F|  |TAMS 0x000000070d400000| PB 0x000000070d400000| Untracked 
|  11|0x000000070d600000, 0x000000070d600000, 0x000000070d800000|  0%| F|  |TAMS 0x000000070d600000| PB 0x000000070d600000| Untracked 
|  12|0x000000070d800000, 0x000000070d800000, 0x000000070da00000|  0%| F|  |TAMS 0x000000070d800000| PB 0x000000070d800000| Untracked 
|  13|0x000000070da00000, 0x000000070da00000, 0x000000070dc00000|  0%| F|  |TAMS 0x000000070da00000| PB 0x000000070da00000| Untracked 
|  14|0x000000070dc00000, 0x000000070dc00000, 0x000000070de00000|  0%| F|  |TAMS 0x000000070dc00000| PB 0x000000070dc00000| Untracked 
|  15|0x000000070de00000, 0x000000070de00000, 0x000000070e000000|  0%| F|  |TAMS 0x000000070de00000| PB 0x000000070de00000| Untracked 
|  16|0x000000070e000000, 0x000000070e000000, 0x000000070e200000|  0%| F|  |TAMS 0x000000070e000000| PB 0x000000070e000000| Untracked 
|  17|0x000000070e200000, 0x000000070e200000, 0x000000070e400000|  0%| F|  |TAMS 0x000000070e200000| PB 0x000000070e200000| Untracked 
|  18|0x000000070e400000, 0x000000070e400000, 0x000000070e600000|  0%| F|  |TAMS 0x000000070e400000| PB 0x000000070e400000| Untracked 
|  19|0x000000070e600000, 0x000000070e600000, 0x000000070e800000|  0%| F|  |TAMS 0x000000070e600000| PB 0x000000070e600000| Untracked 
|  20|0x000000070e800000, 0x000000070e800000, 0x000000070ea00000|  0%| F|  |TAMS 0x000000070e800000| PB 0x000000070e800000| Untracked 
|  21|0x000000070ea00000, 0x000000070ea00000, 0x000000070ec00000|  0%| F|  |TAMS 0x000000070ea00000| PB 0x000000070ea00000| Untracked 
|  22|0x000000070ec00000, 0x000000070ec00000, 0x000000070ee00000|  0%| F|  |TAMS 0x000000070ec00000| PB 0x000000070ec00000| Untracked 
|  23|0x000000070ee00000, 0x000000070ee00000, 0x000000070f000000|  0%| F|  |TAMS 0x000000070ee00000| PB 0x000000070ee00000| Untracked 
|  24|0x000000070f000000, 0x000000070f000000, 0x000000070f200000|  0%| F|  |TAMS 0x000000070f000000| PB 0x000000070f000000| Untracked 
|  25|0x000000070f200000, 0x000000070f200000, 0x000000070f400000|  0%| F|  |TAMS 0x000000070f200000| PB 0x000000070f200000| Untracked 
|  26|0x000000070f400000, 0x000000070f400000, 0x000000070f600000|  0%| F|  |TAMS 0x000000070f400000| PB 0x000000070f400000| Untracked 
|  27|0x000000070f600000, 0x000000070f600000, 0x000000070f800000|  0%| F|  |TAMS 0x000000070f600000| PB 0x000000070f600000| Untracked 
|  28|0x000000070f800000, 0x000000070f800000, 0x000000070fa00000|  0%| F|  |TAMS 0x000000070f800000| PB 0x000000070f800000| Untracked 
|  29|0x000000070fa00000, 0x000000070fa00000, 0x000000070fc00000|  0%| F|  |TAMS 0x000000070fa00000| PB 0x000000070fa00000| Untracked 
|  30|0x000000070fc00000, 0x000000070fc00000, 0x000000070fe00000|  0%| F|  |TAMS 0x000000070fc00000| PB 0x000000070fc00000| Untracked 
|  31|0x000000070fe00000, 0x000000070fe00000, 0x0000000710000000|  0%| F|  |TAMS 0x000000070fe00000| PB 0x000000070fe00000| Untracked 
|  32|0x0000000710000000, 0x0000000710000000, 0x0000000710200000|  0%| F|  |TAMS 0x0000000710000000| PB 0x0000000710000000| Untracked 
|  33|0x0000000710200000, 0x0000000710200000, 0x0000000710400000|  0%| F|  |TAMS 0x0000000710200000| PB 0x0000000710200000| Untracked 
|  34|0x0000000710400000, 0x0000000710400000, 0x0000000710600000|  0%| F|  |TAMS 0x0000000710400000| PB 0x0000000710400000| Untracked 
|  35|0x0000000710600000, 0x0000000710600000, 0x0000000710800000|  0%| F|  |TAMS 0x0000000710600000| PB 0x0000000710600000| Untracked 
|  36|0x0000000710800000, 0x0000000710800000, 0x0000000710a00000|  0%| F|  |TAMS 0x0000000710800000| PB 0x0000000710800000| Untracked 
|  37|0x0000000710a00000, 0x0000000710a00000, 0x0000000710c00000|  0%| F|  |TAMS 0x0000000710a00000| PB 0x0000000710a00000| Untracked 
|  38|0x0000000710c00000, 0x0000000710c00000, 0x0000000710e00000|  0%| F|  |TAMS 0x0000000710c00000| PB 0x0000000710c00000| Untracked 
|  39|0x0000000710e00000, 0x0000000710e00000, 0x0000000711000000|  0%| F|  |TAMS 0x0000000710e00000| PB 0x0000000710e00000| Untracked 
|  40|0x0000000711000000, 0x0000000711000000, 0x0000000711200000|  0%| F|  |TAMS 0x0000000711000000| PB 0x0000000711000000| Untracked 
|  41|0x0000000711200000, 0x0000000711200000, 0x0000000711400000|  0%| F|  |TAMS 0x0000000711200000| PB 0x0000000711200000| Untracked 
|  42|0x0000000711400000, 0x0000000711400000, 0x0000000711600000|  0%| F|  |TAMS 0x0000000711400000| PB 0x0000000711400000| Untracked 
|  43|0x0000000711600000, 0x0000000711600000, 0x0000000711800000|  0%| F|  |TAMS 0x0000000711600000| PB 0x0000000711600000| Untracked 
|  44|0x0000000711800000, 0x0000000711800000, 0x0000000711a00000|  0%| F|  |TAMS 0x0000000711800000| PB 0x0000000711800000| Untracked 
|  45|0x0000000711a00000, 0x0000000711a00000, 0x0000000711c00000|  0%| F|  |TAMS 0x0000000711a00000| PB 0x0000000711a00000| Untracked 
|  46|0x0000000711c00000, 0x0000000711c00000, 0x0000000711e00000|  0%| F|  |TAMS 0x0000000711c00000| PB 0x0000000711c00000| Untracked 
|  47|0x0000000711e00000, 0x0000000711e00000, 0x0000000712000000|  0%| F|  |TAMS 0x0000000711e00000| PB 0x0000000711e00000| Untracked 
|  48|0x0000000712000000, 0x0000000712000000, 0x0000000712200000|  0%| F|  |TAMS 0x0000000712000000| PB 0x0000000712000000| Untracked 
|  49|0x0000000712200000, 0x0000000712200000, 0x0000000712400000|  0%| F|  |TAMS 0x0000000712200000| PB 0x0000000712200000| Untracked 
|  50|0x0000000712400000, 0x0000000712400000, 0x0000000712600000|  0%| F|  |TAMS 0x0000000712400000| PB 0x0000000712400000| Untracked 
|  51|0x0000000712600000, 0x0000000712600000, 0x0000000712800000|  0%| F|  |TAMS 0x0000000712600000| PB 0x0000000712600000| Untracked 
|  52|0x0000000712800000, 0x0000000712800000, 0x0000000712a00000|  0%| F|  |TAMS 0x0000000712800000| PB 0x0000000712800000| Untracked 
|  53|0x0000000712a00000, 0x0000000712a00000, 0x0000000712c00000|  0%| F|  |TAMS 0x0000000712a00000| PB 0x0000000712a00000| Untracked 
|  54|0x0000000712c00000, 0x0000000712c00000, 0x0000000712e00000|  0%| F|  |TAMS 0x0000000712c00000| PB 0x0000000712c00000| Untracked 
|  55|0x0000000712e00000, 0x0000000712e00000, 0x0000000713000000|  0%| F|  |TAMS 0x0000000712e00000| PB 0x0000000712e00000| Untracked 
|  56|0x0000000713000000, 0x0000000713000000, 0x0000000713200000|  0%| F|  |TAMS 0x0000000713000000| PB 0x0000000713000000| Untracked 
|  57|0x0000000713200000, 0x0000000713200000, 0x0000000713400000|  0%| F|  |TAMS 0x0000000713200000| PB 0x0000000713200000| Untracked 
|  58|0x0000000713400000, 0x0000000713400000, 0x0000000713600000|  0%| F|  |TAMS 0x0000000713400000| PB 0x0000000713400000| Untracked 
|  59|0x0000000713600000, 0x0000000713600000, 0x0000000713800000|  0%| F|  |TAMS 0x0000000713600000| PB 0x0000000713600000| Untracked 
|  60|0x0000000713800000, 0x0000000713800000, 0x0000000713a00000|  0%| F|  |TAMS 0x0000000713800000| PB 0x0000000713800000| Untracked 
|  61|0x0000000713a00000, 0x0000000713a00000, 0x0000000713c00000|  0%| F|  |TAMS 0x0000000713a00000| PB 0x0000000713a00000| Untracked 
|  62|0x0000000713c00000, 0x0000000713c00000, 0x0000000713e00000|  0%| F|  |TAMS 0x0000000713c00000| PB 0x0000000713c00000| Untracked 
|  63|0x0000000713e00000, 0x0000000713e00000, 0x0000000714000000|  0%| F|  |TAMS 0x0000000713e00000| PB 0x0000000713e00000| Untracked 
|  64|0x0000000714000000, 0x0000000714000000, 0x0000000714200000|  0%| F|  |TAMS 0x0000000714000000| PB 0x0000000714000000| Untracked 
|  65|0x0000000714200000, 0x0000000714200000, 0x0000000714400000|  0%| F|  |TAMS 0x0000000714200000| PB 0x0000000714200000| Untracked 
|  66|0x0000000714400000, 0x0000000714400000, 0x0000000714600000|  0%| F|  |TAMS 0x0000000714400000| PB 0x0000000714400000| Untracked 
|  67|0x0000000714600000, 0x0000000714600000, 0x0000000714800000|  0%| F|  |TAMS 0x0000000714600000| PB 0x0000000714600000| Untracked 
|  68|0x0000000714800000, 0x0000000714800000, 0x0000000714a00000|  0%| F|  |TAMS 0x0000000714800000| PB 0x0000000714800000| Untracked 
|  69|0x0000000714a00000, 0x0000000714a00000, 0x0000000714c00000|  0%| F|  |TAMS 0x0000000714a00000| PB 0x0000000714a00000| Untracked 
|  70|0x0000000714c00000, 0x0000000714c00000, 0x0000000714e00000|  0%| F|  |TAMS 0x0000000714c00000| PB 0x0000000714c00000| Untracked 
|  71|0x0000000714e00000, 0x0000000714e00000, 0x0000000715000000|  0%| F|  |TAMS 0x0000000714e00000| PB 0x0000000714e00000| Untracked 
|  72|0x0000000715000000, 0x0000000715000000, 0x0000000715200000|  0%| F|  |TAMS 0x0000000715000000| PB 0x0000000715000000| Untracked 
|  73|0x0000000715200000, 0x0000000715200000, 0x0000000715400000|  0%| F|  |TAMS 0x0000000715200000| PB 0x0000000715200000| Untracked 
|  74|0x0000000715400000, 0x0000000715400000, 0x0000000715600000|  0%| F|  |TAMS 0x0000000715400000| PB 0x0000000715400000| Untracked 
|  75|0x0000000715600000, 0x0000000715600000, 0x0000000715800000|  0%| F|  |TAMS 0x0000000715600000| PB 0x0000000715600000| Untracked 
|  76|0x0000000715800000, 0x0000000715800000, 0x0000000715a00000|  0%| F|  |TAMS 0x0000000715800000| PB 0x0000000715800000| Untracked 
|  77|0x0000000715a00000, 0x0000000715a00000, 0x0000000715c00000|  0%| F|  |TAMS 0x0000000715a00000| PB 0x0000000715a00000| Untracked 
|  78|0x0000000715c00000, 0x0000000715c00000, 0x0000000715e00000|  0%| F|  |TAMS 0x0000000715c00000| PB 0x0000000715c00000| Untracked 
|  79|0x0000000715e00000, 0x0000000715e00000, 0x0000000716000000|  0%| F|  |TAMS 0x0000000715e00000| PB 0x0000000715e00000| Untracked 
|  80|0x0000000716000000, 0x0000000716000000, 0x0000000716200000|  0%| F|  |TAMS 0x0000000716000000| PB 0x0000000716000000| Untracked 
|  81|0x0000000716200000, 0x0000000716200000, 0x0000000716400000|  0%| F|  |TAMS 0x0000000716200000| PB 0x0000000716200000| Untracked 
|  82|0x0000000716400000, 0x0000000716400000, 0x0000000716600000|  0%| F|  |TAMS 0x0000000716400000| PB 0x0000000716400000| Untracked 
|  83|0x0000000716600000, 0x0000000716600000, 0x0000000716800000|  0%| F|  |TAMS 0x0000000716600000| PB 0x0000000716600000| Untracked 
|  84|0x0000000716800000, 0x0000000716800000, 0x0000000716a00000|  0%| F|  |TAMS 0x0000000716800000| PB 0x0000000716800000| Untracked 
|  85|0x0000000716a00000, 0x0000000716a00000, 0x0000000716c00000|  0%| F|  |TAMS 0x0000000716a00000| PB 0x0000000716a00000| Untracked 
|  86|0x0000000716c00000, 0x0000000716c00000, 0x0000000716e00000|  0%| F|  |TAMS 0x0000000716c00000| PB 0x0000000716c00000| Untracked 
|  87|0x0000000716e00000, 0x0000000716e00000, 0x0000000717000000|  0%| F|  |TAMS 0x0000000716e00000| PB 0x0000000716e00000| Untracked 
|  88|0x0000000717000000, 0x0000000717000000, 0x0000000717200000|  0%| F|  |TAMS 0x0000000717000000| PB 0x0000000717000000| Untracked 
|  89|0x0000000717200000, 0x0000000717200000, 0x0000000717400000|  0%| F|  |TAMS 0x0000000717200000| PB 0x0000000717200000| Untracked 
|  90|0x0000000717400000, 0x0000000717400000, 0x0000000717600000|  0%| F|  |TAMS 0x0000000717400000| PB 0x0000000717400000| Untracked 
|  91|0x0000000717600000, 0x0000000717600000, 0x0000000717800000|  0%| F|  |TAMS 0x0000000717600000| PB 0x0000000717600000| Untracked 
|  92|0x0000000717800000, 0x0000000717800000, 0x0000000717a00000|  0%| F|  |TAMS 0x0000000717800000| PB 0x0000000717800000| Untracked 
|  93|0x0000000717a00000, 0x0000000717a00000, 0x0000000717c00000|  0%| F|  |TAMS 0x0000000717a00000| PB 0x0000000717a00000| Untracked 
|  94|0x0000000717c00000, 0x0000000717c00000, 0x0000000717e00000|  0%| F|  |TAMS 0x0000000717c00000| PB 0x0000000717c00000| Untracked 
|  95|0x0000000717e00000, 0x0000000717e00000, 0x0000000718000000|  0%| F|  |TAMS 0x0000000717e00000| PB 0x0000000717e00000| Untracked 
|  96|0x0000000718000000, 0x0000000718000000, 0x0000000718200000|  0%| F|  |TAMS 0x0000000718000000| PB 0x0000000718000000| Untracked 
|  97|0x0000000718200000, 0x0000000718200000, 0x0000000718400000|  0%| F|  |TAMS 0x0000000718200000| PB 0x0000000718200000| Untracked 
|  98|0x0000000718400000, 0x0000000718400000, 0x0000000718600000|  0%| F|  |TAMS 0x0000000718400000| PB 0x0000000718400000| Untracked 
|  99|0x0000000718600000, 0x0000000718600000, 0x0000000718800000|  0%| F|  |TAMS 0x0000000718600000| PB 0x0000000718600000| Untracked 
| 100|0x0000000718800000, 0x0000000718800000, 0x0000000718a00000|  0%| F|  |TAMS 0x0000000718800000| PB 0x0000000718800000| Untracked 
| 101|0x0000000718a00000, 0x0000000718a00000, 0x0000000718c00000|  0%| F|  |TAMS 0x0000000718a00000| PB 0x0000000718a00000| Untracked 
| 102|0x0000000718c00000, 0x0000000718c00000, 0x0000000718e00000|  0%| F|  |TAMS 0x0000000718c00000| PB 0x0000000718c00000| Untracked 
| 103|0x0000000718e00000, 0x0000000718e00000, 0x0000000719000000|  0%| F|  |TAMS 0x0000000718e00000| PB 0x0000000718e00000| Untracked 
| 104|0x0000000719000000, 0x0000000719000000, 0x0000000719200000|  0%| F|  |TAMS 0x0000000719000000| PB 0x0000000719000000| Untracked 
| 105|0x0000000719200000, 0x0000000719200000, 0x0000000719400000|  0%| F|  |TAMS 0x0000000719200000| PB 0x0000000719200000| Untracked 
| 106|0x0000000719400000, 0x0000000719400000, 0x0000000719600000|  0%| F|  |TAMS 0x0000000719400000| PB 0x0000000719400000| Untracked 
| 107|0x0000000719600000, 0x0000000719600000, 0x0000000719800000|  0%| F|  |TAMS 0x0000000719600000| PB 0x0000000719600000| Untracked 
| 108|0x0000000719800000, 0x0000000719800000, 0x0000000719a00000|  0%| F|  |TAMS 0x0000000719800000| PB 0x0000000719800000| Untracked 
| 109|0x0000000719a00000, 0x0000000719b9ffa0, 0x0000000719c00000| 81%| S|CS|TAMS 0x0000000719a00000| PB 0x0000000719a00000| Complete 
| 110|0x0000000719c00000, 0x0000000719e00000, 0x0000000719e00000|100%| S|CS|TAMS 0x0000000719c00000| PB 0x0000000719c00000| Complete 
| 111|0x0000000719e00000, 0x0000000719e00000, 0x000000071a000000|  0%| F|  |TAMS 0x0000000719e00000| PB 0x0000000719e00000| Untracked 
| 112|0x000000071a000000, 0x000000071a10c390, 0x000000071a200000| 52%| E|  |TAMS 0x000000071a000000| PB 0x000000071a000000| Complete 
| 113|0x000000071a200000, 0x000000071a400000, 0x000000071a400000|100%| E|CS|TAMS 0x000000071a200000| PB 0x000000071a200000| Complete 
| 114|0x000000071a400000, 0x000000071a600000, 0x000000071a600000|100%| E|CS|TAMS 0x000000071a400000| PB 0x000000071a400000| Complete 
| 115|0x000000071a600000, 0x000000071a800000, 0x000000071a800000|100%| E|CS|TAMS 0x000000071a600000| PB 0x000000071a600000| Complete 
| 116|0x000000071a800000, 0x000000071aa00000, 0x000000071aa00000|100%| E|CS|TAMS 0x000000071a800000| PB 0x000000071a800000| Complete 
| 117|0x000000071aa00000, 0x000000071ac00000, 0x000000071ac00000|100%| E|CS|TAMS 0x000000071aa00000| PB 0x000000071aa00000| Complete 
| 118|0x000000071ac00000, 0x000000071ae00000, 0x000000071ae00000|100%| E|CS|TAMS 0x000000071ac00000| PB 0x000000071ac00000| Complete 
| 119|0x000000071ae00000, 0x000000071b000000, 0x000000071b000000|100%| E|CS|TAMS 0x000000071ae00000| PB 0x000000071ae00000| Complete 
| 120|0x000000071b000000, 0x000000071b200000, 0x000000071b200000|100%| E|CS|TAMS 0x000000071b000000| PB 0x000000071b000000| Complete 
| 121|0x000000071b200000, 0x000000071b400000, 0x000000071b400000|100%| E|CS|TAMS 0x000000071b200000| PB 0x000000071b200000| Complete 

Card table byte_map: [0x00000243bfe30000,0x00000243c05d0000] _byte_map_base: 0x00000243bc5d0000

Marking Bits: (CMBitMap*) 0x00000243a5e5d100
 Bits: [0x00000243c0d70000, 0x00000243c4a70000)

Polling page: 0x00000243a5ec0000

Metaspace:

Usage:
  Non-class:      6.10 MB used.
      Class:    807.05 KB used.
       Both:      6.89 MB used.

Virtual space:
  Non-class space:       64.00 MB reserved,       6.19 MB ( 10%) committed,  1 nodes.
      Class space:        1.00 GB reserved,     896.00 KB ( <1%) committed,  1 nodes.
             Both:        1.06 GB reserved,       7.06 MB ( <1%) committed. 

Chunk freelists:
   Non-Class:  3.98 MB
       Class:  3.11 MB
        Both:  7.09 MB

MaxMetaspaceSize: unlimited
CompressedClassSpaceSize: 1.00 GB
Initial GC threshold: 21.00 MB
Current GC threshold: 21.00 MB
CDS: on
MetaspaceReclaimPolicy: balanced
 - commit_granule_bytes: 65536.
 - commit_granule_words: 8192.
 - virtual_space_node_default_size: 8388608.
 - enlarge_chunks_in_place: 1.
 - new_chunks_are_fully_committed: 0.
 - uncommit_free_chunks: 1.
 - use_allocation_guard: 0.


Internal statistics:

num_allocs_failed_limit: 0.
num_arena_births: 52.
num_arena_deaths: 0.
num_vsnodes_births: 2.
num_vsnodes_deaths: 0.
num_space_committed: 113.
num_space_uncommitted: 0.
num_chunks_returned_to_freelist: 0.
num_chunks_taken_from_freelist: 247.
num_chunk_merges: 0.
num_chunk_splits: 178.
num_chunks_enlarged: 155.
num_inconsistent_stats: 0.

CodeHeap 'non-profiled nmethods': size=119168Kb used=593Kb max_used=593Kb free=118575Kb
 bounds [0x00000243b7260000, 0x00000243b74d0000, 0x00000243be6c0000]
CodeHeap 'profiled nmethods': size=119104Kb used=3369Kb max_used=3369Kb free=115734Kb
 bounds [0x00000243af6c0000, 0x00000243afa10000, 0x00000243b6b10000]
CodeHeap 'non-nmethods': size=7488Kb used=3090Kb max_used=3119Kb free=4397Kb
 bounds [0x00000243b6b10000, 0x00000243b6e90000, 0x00000243b7260000]
 total_blobs=2190 nmethods=1741 adapters=357
 compilation: enabled
              stopped_count=0, restarted_count=0
 full_count=0

Compilation events (20 events):
Event: 23.866 Thread 0x000002440d358120 1727       3       java.lang.reflect.Modifier::isFinal (13 bytes)
Event: 23.866 Thread 0x000002440d358120 nmethod 1727 0x00000243afa00090 code [0x00000243afa00220, 0x00000243afa00370]
Event: 23.867 Thread 0x000002440cd381b0 1728       3       com.google.common.base.Preconditions::checkArgument (13 bytes)
Event: 23.867 Thread 0x000002440cd381b0 nmethod 1728 0x00000243afa00410 code [0x00000243afa005a0, 0x00000243afa00780]
Event: 23.867 Thread 0x000002440d358120 1729       3       com.google.inject.TypeLiteral::getSupertype (35 bytes)
Event: 23.867 Thread 0x000002440d00c2c0 1730       3       java.lang.Class::privateGetDeclaredFields (64 bytes)
Event: 23.867 Thread 0x000002440d358120 nmethod 1729 0x00000243afa00890 code [0x00000243afa00a80, 0x00000243afa00e18]
Event: 23.867 Thread 0x000002440d00c2c0 nmethod 1730 0x00000243afa01010 code [0x00000243afa01220, 0x00000243afa01a28]
Event: 23.871 Thread 0x000002440d358120 1731       3       java.lang.Math::ceil (5 bytes)
Event: 23.871 Thread 0x000002440d357b90 1732       3       java.lang.StrictMath::ceil (10 bytes)
Event: 23.871 Thread 0x000002440d00c2c0 1733       3       java.lang.StrictMath::floorOrCeil (128 bytes)
Event: 23.871 Thread 0x000002440d358120 nmethod 1731 0x00000243afa01c90 code [0x00000243afa01e20, 0x00000243afa01f30]
Event: 23.871 Thread 0x000002440d357b90 nmethod 1732 0x00000243afa02010 code [0x00000243afa021c0, 0x00000243afa022e8]
Event: 23.871 Thread 0x000002440d358120 1734       3       java.lang.Math::getExponent (17 bytes)
Event: 23.871 Thread 0x000002440d358120 nmethod 1734 0x00000243afa02390 code [0x00000243afa02520, 0x00000243afa02650]
Event: 23.871 Thread 0x000002440d00c2c0 nmethod 1733 0x00000243afa02710 code [0x00000243afa028c0, 0x00000243afa02d60]
Event: 23.872 Thread 0x000002440d00c2c0 1735       3       jdk.internal.org.objectweb.asm.MethodWriter::computeAllFrames (510 bytes)
Event: 23.873 Thread 0x000002440d358120 1736       3       jdk.internal.org.objectweb.asm.ClassWriter::visitMethod (57 bytes)
Event: 23.873 Thread 0x000002440d357b90 1737       3       jdk.internal.org.objectweb.asm.MethodWriter::<init> (232 bytes)
Event: 23.873 Thread 0x000002440cd381b0 1738       3       jdk.internal.org.objectweb.asm.MethodVisitor::<init> (7 bytes)

GC Heap History (2 events):
Event: 21.027 GC heap before
{Heap before GC invocations=0 (full 0):
 garbage-first heap   total 249856K, used 22528K [0x000000070c000000, 0x0000000800000000)
  region size 2048K, 11 young (22528K), 0 survivors (0K)
 Metaspace       used 5198K, committed 5312K, reserved 1114112K
  class space    used 597K, committed 640K, reserved 1048576K
}
Event: 21.478 GC heap after
{Heap after GC invocations=1 (full 0):
 garbage-first heap   total 249856K, used 3711K [0x000000070c000000, 0x0000000800000000)
  region size 2048K, 2 young (4096K), 2 survivors (4096K)
 Metaspace       used 5198K, committed 5312K, reserved 1114112K
  class space    used 597K, committed 640K, reserved 1048576K
}

Dll operation events (8 events):
Event: 3.090 Loaded shared library C:\Program Files\Java\jdk-20\bin\java.dll
Event: 3.130 Loaded shared library C:\Program Files\Java\jdk-20\bin\jsvml.dll
Event: 3.621 Loaded shared library C:\Program Files\Java\jdk-20\bin\net.dll
Event: 3.623 Loaded shared library C:\Program Files\Java\jdk-20\bin\nio.dll
Event: 3.627 Loaded shared library C:\Program Files\Java\jdk-20\bin\zip.dll
Event: 18.112 Loaded shared library C:\Program Files\Java\jdk-20\bin\jimage.dll
Event: 18.125 Loaded shared library C:\Program Files\NetBeans-18\netbeans\java\maven\lib\jansi-native\Windows\x86_64\jansi.dll
Event: 18.211 Loaded shared library C:\Program Files\Java\jdk-20\bin\verify.dll

Deoptimization events (20 events):
Event: 22.250 Thread 0x00000243a5df1190 Uncommon trap: trap_request=0xffffffc6 fr.pc=0x00000243b72a34ac relative=0x00000000000002ec
Event: 22.250 Thread 0x00000243a5df1190 Uncommon trap: reason=bimorphic_or_optimized_type_check action=maybe_recompile pc=0x00000243b72a34ac method=java.util.concurrent.ConcurrentHashMap.get(Ljava/lang/Object;)Ljava/lang/Object; @ 149 c2
Event: 22.250 Thread 0x00000243a5df1190 DEOPT PACKING pc=0x00000243b72a34ac sp=0x000000ea273fd180
Event: 22.250 Thread 0x00000243a5df1190 DEOPT UNPACKING pc=0x00000243b6b79d22 sp=0x000000ea273fd0f0 mode 2
Event: 22.850 Thread 0x00000243a5df1190 Uncommon trap: trap_request=0xffffff45 fr.pc=0x00000243b72d6c74 relative=0x0000000000000654
Event: 22.850 Thread 0x00000243a5df1190 Uncommon trap: reason=unstable_if action=reinterpret pc=0x00000243b72d6c74 method=java.lang.String.<init>([CIILjava/lang/Void;)V @ 5 c2
Event: 22.850 Thread 0x00000243a5df1190 DEOPT PACKING pc=0x00000243b72d6c74 sp=0x000000ea273fdf40
Event: 22.850 Thread 0x00000243a5df1190 DEOPT UNPACKING pc=0x00000243b6b79d22 sp=0x000000ea273fddd8 mode 2
Event: 22.914 Thread 0x00000243a5df1190 DEOPT PACKING pc=0x00000243af94f5a4 sp=0x000000ea273fe010
Event: 22.914 Thread 0x00000243a5df1190 DEOPT UNPACKING pc=0x00000243b6b7a4c2 sp=0x000000ea273fd480 mode 0
Event: 22.936 Thread 0x00000243a5df1190 Uncommon trap: trap_request=0xffffff45 fr.pc=0x00000243b72db7b8 relative=0x00000000000003b8
Event: 22.936 Thread 0x00000243a5df1190 Uncommon trap: reason=unstable_if action=reinterpret pc=0x00000243b72db7b8 method=java.lang.String.<init>([CIILjava/lang/Void;)V @ 5 c2
Event: 22.936 Thread 0x00000243a5df1190 DEOPT PACKING pc=0x00000243b72db7b8 sp=0x000000ea273fdef0
Event: 22.937 Thread 0x00000243a5df1190 DEOPT UNPACKING pc=0x00000243b6b79d22 sp=0x000000ea273fde38 mode 2
Event: 22.951 Thread 0x00000243a5df1190 DEOPT PACKING pc=0x00000243af98cfa9 sp=0x000000ea273fdf70
Event: 22.951 Thread 0x00000243a5df1190 DEOPT UNPACKING pc=0x00000243b6b7a4c2 sp=0x000000ea273fd3c8 mode 0
Event: 23.867 Thread 0x00000243a5df1190 Uncommon trap: trap_request=0xffffffc6 fr.pc=0x00000243b72d33a8 relative=0x00000000000002e8
Event: 23.867 Thread 0x00000243a5df1190 Uncommon trap: reason=bimorphic_or_optimized_type_check action=maybe_recompile pc=0x00000243b72d33a8 method=java.util.HashMap.getNode(Ljava/lang/Object;)Ljava/util/HashMap$Node; @ 63 c2
Event: 23.867 Thread 0x00000243a5df1190 DEOPT PACKING pc=0x00000243b72d33a8 sp=0x000000ea273fe390
Event: 23.867 Thread 0x00000243a5df1190 DEOPT UNPACKING pc=0x00000243b6b79d22 sp=0x000000ea273fe308 mode 2

Classes loaded (20 events):
Event: 21.729 Loading class sun/reflect/misc/ReflectUtil
Event: 21.729 Loading class sun/reflect/misc/ReflectUtil done
Event: 21.989 Loading class jdk/internal/foreign/MemorySessionImpl
Event: 21.989 Loading class java/lang/foreign/SegmentScope
Event: 21.989 Loading class java/lang/foreign/SegmentScope done
Event: 21.989 Loading class java/lang/foreign/SegmentAllocator
Event: 21.990 Loading class java/lang/foreign/SegmentAllocator done
Event: 21.990 Loading class jdk/internal/foreign/MemorySessionImpl done
Event: 23.097 Loading class java/lang/Deprecated
Event: 23.097 Loading class java/lang/Deprecated done
Event: 23.706 Loading class sun/reflect/generics/tree/BottomSignature
Event: 23.706 Loading class sun/reflect/generics/tree/BottomSignature done
Event: 23.706 Loading class sun/reflect/generics/tree/Wildcard
Event: 23.706 Loading class sun/reflect/generics/tree/Wildcard done
Event: 23.706 Loading class sun/reflect/generics/reflectiveObjects/WildcardTypeImpl
Event: 23.706 Loading class sun/reflect/generics/reflectiveObjects/WildcardTypeImpl done
Event: 23.706 Loading class sun/reflect/annotation/AnnotatedTypeFactory$AnnotatedParameterizedTypeImpl
Event: 23.706 Loading class java/lang/reflect/AnnotatedParameterizedType
Event: 23.706 Loading class java/lang/reflect/AnnotatedParameterizedType done
Event: 23.706 Loading class sun/reflect/annotation/AnnotatedTypeFactory$AnnotatedParameterizedTypeImpl done

Classes unloaded (0 events):
No events

Classes redefined (0 events):
No events

Internal exceptions (20 events):
Event: 17.911 Thread 0x00000243a5df1190 Exception <a 'java/lang/NoSuchMethodError'{0x000000071af06a20}: 'java.lang.Object java.lang.invoke.Invokers$Holder.invokeExact_MT(java.lang.Object, java.lang.Object, java.lang.Object, java.lang.Object, java.lang.Object)'> (0x000000071af06a20) 
thrown [s\open\src\hotspot\share\interpreter\linkResolver.cpp, line 773]
Event: 18.107 Thread 0x00000243a5df1190 Exception <a 'java/lang/NullPointerException'{0x000000071af5c2b0}> (0x000000071af5c2b0) 
thrown [s\open\src\hotspot\share\interpreter\linkResolver.cpp, line 1373]
Event: 18.127 Thread 0x00000243a5df1190 Exception <a 'java/lang/NullPointerException'{0x000000071af943f8}> (0x000000071af943f8) 
thrown [s\open\src\hotspot\share\interpreter\linkResolver.cpp, line 1373]
Event: 18.127 Thread 0x00000243a5df1190 Exception <a 'java/lang/NullPointerException'{0x000000071af946d8}> (0x000000071af946d8) 
thrown [s\open\src\hotspot\share\interpreter\linkResolver.cpp, line 1373]
Event: 18.127 Thread 0x00000243a5df1190 Exception <a 'java/lang/NullPointerException'{0x000000071af949b8}> (0x000000071af949b8) 
thrown [s\open\src\hotspot\share\interpreter\linkResolver.cpp, line 1373]
Event: 18.128 Thread 0x00000243a5df1190 Exception <a 'java/lang/NullPointerException'{0x000000071af99790}> (0x000000071af99790) 
thrown [s\open\src\hotspot\share\interpreter\linkResolver.cpp, line 1373]
Event: 18.130 Thread 0x00000243a5df1190 Exception <a 'java/lang/NullPointerException'{0x000000071afac1b0}> (0x000000071afac1b0) 
thrown [s\open\src\hotspot\share\interpreter\linkResolver.cpp, line 1373]
Event: 18.130 Thread 0x00000243a5df1190 Exception <a 'java/lang/NullPointerException'{0x000000071afac490}> (0x000000071afac490) 
thrown [s\open\src\hotspot\share\interpreter\linkResolver.cpp, line 1373]
Event: 18.130 Thread 0x00000243a5df1190 Exception <a 'java/lang/NullPointerException'{0x000000071afac770}> (0x000000071afac770) 
thrown [s\open\src\hotspot\share\interpreter\linkResolver.cpp, line 1373]
Event: 18.130 Thread 0x00000243a5df1190 Exception <a 'java/lang/NullPointerException'{0x000000071afaca50}> (0x000000071afaca50) 
thrown [s\open\src\hotspot\share\interpreter\linkResolver.cpp, line 1373]
Event: 19.358 Thread 0x00000243a5df1190 Exception <a 'java/lang/NoSuchMethodError'{0x000000071aa34538}: 'java.lang.Object java.lang.invoke.DirectMethodHandle$Holder.invokeSpecialIFC(java.lang.Object, java.lang.Object, java.lang.Object, java.lang.Object)'> (0x000000071aa34538) 
thrown [s\open\src\hotspot\share\interpreter\linkResolver.cpp, line 773]
Event: 20.183 Thread 0x00000243a5df1190 Exception <a 'java/lang/NoSuchMethodError'{0x000000071a7cb788}: 'void java.lang.invoke.DirectMethodHandle$Holder.invokeSpecial(java.lang.Object, java.lang.Object, java.lang.Object)'> (0x000000071a7cb788) 
thrown [s\open\src\hotspot\share\interpreter\linkResolver.cpp, line 773]
Event: 20.300 Thread 0x00000243a5df1190 Exception <a 'java/lang/NoSuchMethodError'{0x000000071a4eee30}: 'java.lang.Object java.lang.invoke.DirectMethodHandle$Holder.invokeInterface(java.lang.Object, java.lang.Object)'> (0x000000071a4eee30) 
thrown [s\open\src\hotspot\share\interpreter\linkResolver.cpp, line 773]
Event: 20.302 Thread 0x00000243a5df1190 Exception <a 'java/lang/NoSuchMethodError'{0x000000071a4f7f00}: 'int java.lang.invoke.DirectMethodHandle$Holder.invokeSpecial(java.lang.Object, java.lang.Object, java.lang.Object)'> (0x000000071a4f7f00) 
thrown [s\open\src\hotspot\share\interpreter\linkResolver.cpp, line 773]
Event: 20.446 Thread 0x00000243a5df1190 Exception <a 'java/lang/NoSuchMethodError'{0x000000071a57da98}: 'int java.lang.invoke.DirectMethodHandle$Holder.invokeStatic(java.lang.Object, java.lang.Object, java.lang.Object, java.lang.Object)'> (0x000000071a57da98) 
thrown [s\open\src\hotspot\share\interpreter\linkResolver.cpp, line 773]
Event: 20.447 Thread 0x00000243a5df1190 Exception <a 'java/lang/NoSuchMethodError'{0x000000071a581118}: 'java.lang.Object java.lang.invoke.Invokers$Holder.invokeExact_MT(java.lang.Object, java.lang.Object, java.lang.Object, java.lang.Object, java.lang.Object, java.lang.Object)'> (0x000000071a581118) 
thrown [s\open\src\hotspot\share\interpreter\linkResolver.cpp, line 773]
Event: 20.450 Thread 0x00000243a5df1190 Exception <a 'java/lang/NoSuchMethodError'{0x000000071a594ce0}: 'int java.lang.invoke.DirectMethodHandle$Holder.invokeSpecialIFC(java.lang.Object, java.lang.Object, java.lang.Object, java.lang.Object, java.lang.Object)'> (0x000000071a594ce0) 
thrown [s\open\src\hotspot\share\interpreter\linkResolver.cpp, line 773]
Event: 20.666 Thread 0x00000243a5df1190 Exception <a 'java/lang/NoSuchMethodError'{0x000000071a30cd00}: 'java.lang.Object java.lang.invoke.DirectMethodHandle$Holder.newInvokeSpecial(java.lang.Object, java.lang.Object, java.lang.Object, java.lang.Object, java.lang.Object)'> (0x000000071a30cd00) 
thrown [s\open\src\hotspot\share\interpreter\linkResolver.cpp, line 773]
Event: 20.830 Thread 0x00000243a5df1190 Exception <a 'java/lang/NoSuchMethodError'{0x000000071a0057f0}: 'int java.lang.invoke.DirectMethodHandle$Holder.invokeStaticInit(java.lang.Object, java.lang.Object)'> (0x000000071a0057f0) 
thrown [s\open\src\hotspot\share\interpreter\linkResolver.cpp, line 773]
Event: 20.841 Thread 0x00000243a5df1190 Exception <a 'java/lang/NoClassDefFoundError'{0x000000071a03c0f0}: javax/enterprise/inject/Typed> (0x000000071a03c0f0) 
thrown [s\open\src\hotspot\share\classfile\systemDictionary.cpp, line 294]

VM Operations (20 events):
Event: 6.869 Executing VM operation: Cleanup
Event: 6.869 Executing VM operation: Cleanup done
Event: 17.956 Executing VM operation: Cleanup
Event: 18.095 Executing VM operation: Cleanup done
Event: 18.106 Executing VM operation: HandshakeAllThreads
Event: 18.106 Executing VM operation: HandshakeAllThreads done
Event: 18.118 Executing VM operation: HandshakeAllThreads
Event: 18.118 Executing VM operation: HandshakeAllThreads done
Event: 19.123 Executing VM operation: Cleanup
Event: 19.123 Executing VM operation: Cleanup done
Event: 19.535 Executing VM operation: HandshakeAllThreads
Event: 19.535 Executing VM operation: HandshakeAllThreads done
Event: 20.530 Executing VM operation: Cleanup
Event: 20.639 Executing VM operation: Cleanup done
Event: 21.027 Executing VM operation: G1CollectForAllocation
Event: 21.479 Executing VM operation: G1CollectForAllocation done
Event: 22.481 Executing VM operation: Cleanup
Event: 22.521 Executing VM operation: Cleanup done
Event: 23.525 Executing VM operation: Cleanup
Event: 23.669 Executing VM operation: Cleanup done

Events (20 events):
Event: 3.338 Thread 0x00000243c7aca8b0 Thread added: 0x00000243c7aca8b0
Event: 3.338 Thread 0x00000243c7acb650 Thread added: 0x00000243c7acb650
Event: 3.338 Thread 0x00000243c7accfa0 Thread added: 0x00000243c7accfa0
Event: 3.338 Thread 0x00000243c7acda90 Thread added: 0x00000243c7acda90
Event: 3.338 Thread 0x00000243c7ace710 Thread added: 0x00000243c7ace710
Event: 3.338 Thread 0x00000243c7ad0390 Thread added: 0x00000243c7ad0390
Event: 3.388 Thread 0x000002440cd381b0 Thread added: 0x000002440cd381b0
Event: 3.566 Thread 0x000002440cd4c1e0 Thread added: 0x000002440cd4c1e0
Event: 3.615 Thread 0x000002440ce6c3c0 Thread added: 0x000002440ce6c3c0
Event: 3.618 Thread 0x000002440ce771e0 Thread added: 0x000002440ce771e0
Event: 5.977 Thread 0x000002440cd4c1e0 Thread exited: 0x000002440cd4c1e0
Event: 17.891 Thread 0x000002440d00c2c0 Thread added: 0x000002440d00c2c0
Event: 19.571 Thread 0x000002440d357b90 Thread added: 0x000002440d357b90
Event: 19.571 Thread 0x000002440d358120 Thread added: 0x000002440d358120
Event: 19.901 Thread 0x000002440d2dbcb0 Thread added: 0x000002440d2dbcb0
Event: 20.164 Thread 0x000002440d2dbcb0 Thread exited: 0x000002440d2dbcb0
Event: 22.361 Thread 0x000002440d8380a0 Thread added: 0x000002440d8380a0
Event: 22.525 Thread 0x000002440d8380a0 Thread exited: 0x000002440d8380a0
Event: 22.858 Thread 0x000002440d8edbf0 Thread added: 0x000002440d8edbf0
Event: 23.083 Thread 0x000002440d8edbf0 Thread exited: 0x000002440d8edbf0


Dynamic libraries:
0x00007ff622560000 - 0x00007ff622570000 	C:\Program Files\Java\jdk-20\bin\java.exe
0x00007ff8a2c80000 - 0x00007ff8a2e89000 	C:\Windows\SYSTEM32\ntdll.dll
0x00007ff8a0b80000 - 0x00007ff8a0c3d000 	C:\Windows\System32\KERNEL32.DLL
0x00007ff8a0110000 - 0x00007ff8a0494000 	C:\Windows\System32\KERNELBASE.dll
0x00007ff8a04d0000 - 0x00007ff8a05e1000 	C:\Windows\System32\ucrtbase.dll
0x00007ff890a20000 - 0x00007ff890a39000 	C:\Program Files\Java\jdk-20\bin\jli.dll
0x00007ff8a2b80000 - 0x00007ff8a2c2e000 	C:\Windows\System32\ADVAPI32.dll
0x00007ff8a0eb0000 - 0x00007ff8a0f53000 	C:\Windows\System32\msvcrt.dll
0x00007ff8a1910000 - 0x00007ff8a19ae000 	C:\Windows\System32\sechost.dll
0x00007ff8a10c0000 - 0x00007ff8a11e1000 	C:\Windows\System32\RPCRT4.dll
0x00007ff8a28b0000 - 0x00007ff8a2a5d000 	C:\Windows\System32\USER32.dll
0x00007ff8a04a0000 - 0x00007ff8a04c6000 	C:\Windows\System32\win32u.dll
0x00007ff8a0c40000 - 0x00007ff8a0c6a000 	C:\Windows\System32\GDI32.dll
0x00007ff8a07d0000 - 0x00007ff8a08ee000 	C:\Windows\System32\gdi32full.dll
0x00007ff8a0730000 - 0x00007ff8a07cd000 	C:\Windows\System32\msvcp_win.dll
0x00007ff8967c0000 - 0x00007ff8967db000 	C:\Program Files\Java\jdk-20\bin\VCRUNTIME140.dll
0x00007ff889e00000 - 0x00007ff88a0a5000 	C:\Windows\WinSxS\amd64_microsoft.windows.common-controls_6595b64144ccf1df_6.0.22000.120_none_9d947278b86cc467\COMCTL32.dll
0x00007ff896fa0000 - 0x00007ff896faa000 	C:\Windows\SYSTEM32\VERSION.dll
0x00007ff8a2a60000 - 0x00007ff8a2a91000 	C:\Windows\System32\IMM32.DLL
0x00007ff89c110000 - 0x00007ff89c11c000 	C:\Program Files\Java\jdk-20\bin\vcruntime140_1.dll
0x00007ff88f320000 - 0x00007ff88f3ae000 	C:\Program Files\Java\jdk-20\bin\msvcp140.dll
0x00007ff815810000 - 0x00007ff8164a8000 	C:\Program Files\Java\jdk-20\bin\server\jvm.dll
0x00007ff89c120000 - 0x00007ff89c129000 	C:\Windows\SYSTEM32\WSOCK32.dll
0x00007ff8a1290000 - 0x00007ff8a12ff000 	C:\Windows\System32\WS2_32.dll
0x00007ff898e20000 - 0x00007ff898e53000 	C:\Windows\SYSTEM32\WINMM.dll
0x00007ff89f1f0000 - 0x00007ff89f208000 	C:\Windows\SYSTEM32\kernel.appcore.dll
0x00007ff89a260000 - 0x00007ff89a26a000 	C:\Program Files\Java\jdk-20\bin\jimage.dll
0x00007ff89dcb0000 - 0x00007ff89ded1000 	C:\Windows\SYSTEM32\DBGHELP.DLL
0x00007ff886a60000 - 0x00007ff886a91000 	C:\Windows\SYSTEM32\dbgcore.DLL
0x00007ff8a05f0000 - 0x00007ff8a066f000 	C:\Windows\System32\bcryptPrimitives.dll
0x00007ff894e60000 - 0x00007ff894e86000 	C:\Program Files\Java\jdk-20\bin\java.dll
0x00007ff87e8e0000 - 0x00007ff87e9b7000 	C:\Program Files\Java\jdk-20\bin\jsvml.dll
0x00007ff8a1aa0000 - 0x00007ff8a2265000 	C:\Windows\System32\SHELL32.dll
0x00007ff89e1e0000 - 0x00007ff89ea42000 	C:\Windows\SYSTEM32\windows.storage.dll
0x00007ff8a1590000 - 0x00007ff8a1906000 	C:\Windows\System32\combase.dll
0x00007ff89e070000 - 0x00007ff89e1d7000 	C:\Windows\SYSTEM32\wintypes.dll
0x00007ff8a0f60000 - 0x00007ff8a104a000 	C:\Windows\System32\SHCORE.dll
0x00007ff8a1050000 - 0x00007ff8a10ad000 	C:\Windows\System32\shlwapi.dll
0x00007ff8a0040000 - 0x00007ff8a0065000 	C:\Windows\SYSTEM32\profapi.dll
0x00007ff8967a0000 - 0x00007ff8967b3000 	C:\Program Files\Java\jdk-20\bin\net.dll
0x00007ff89b5f0000 - 0x00007ff89b704000 	C:\Windows\SYSTEM32\WINHTTP.dll
0x00007ff89f6a0000 - 0x00007ff89f707000 	C:\Windows\system32\mswsock.dll
0x00007ff894e40000 - 0x00007ff894e56000 	C:\Program Files\Java\jdk-20\bin\nio.dll
0x00007ff891e40000 - 0x00007ff891e58000 	C:\Program Files\Java\jdk-20\bin\zip.dll
0x0000000069ac0000 - 0x0000000069ae4000 	C:\Program Files\NetBeans-18\netbeans\java\maven\lib\jansi-native\Windows\x86_64\jansi.dll
0x00007ff896640000 - 0x00007ff896650000 	C:\Program Files\Java\jdk-20\bin\verify.dll

dbghelp: loaded successfully - version: 4.0.5 - missing functions: none
symbol engine: initialized successfully - sym options: 0x614 - pdb path: .;C:\Program Files\Java\jdk-20\bin;C:\Windows\SYSTEM32;C:\Windows\WinSxS\amd64_microsoft.windows.common-controls_6595b64144ccf1df_6.0.22000.120_none_9d947278b86cc467;C:\Program Files\Java\jdk-20\bin\server;C:\Program Files\NetBeans-18\netbeans\java\maven\lib\jansi-native\Windows\x86_64

VM Arguments:
jvm_args: -Dclassworlds.conf=C:\Program Files\NetBeans-18\netbeans\java\maven\bin\m2.conf -Dmaven.home=C:\Program Files\NetBeans-18\netbeans\java\maven -Dlibrary.jansi.path=C:\Program Files\NetBeans-18\netbeans\java\maven\lib\jansi-native -Dmaven.multiModuleProjectDirectory=C:\Users\FLOW\Documents\NetBeansProjects\Peminjaman-Ruang 
java_command: org.codehaus.plexus.classworlds.launcher.Launcher -Dexec.vmArgs= -Dexec.args=${exec.vmArgs} -classpath %classpath ${exec.mainClass} ${exec.appArgs} -Dexec.appArgs= -Dexec.mainClass=peminjaman.peminjaman.ruang.PeminjamanRuang -Dexec.executable=C:\Program Files\Java\jdk-20\bin\java.exe -Dmaven.ext.class.path=C:\Program Files\NetBeans-18\netbeans\java\maven-nblib\netbeans-eventspy.jar --no-transfer-progress process-classes org.codehaus.mojo:exec-maven-plugin:3.1.0:exec
java_class_path (initial): C:\Program Files\NetBeans-18\netbeans\java\maven\boot\plexus-classworlds-2.6.0.jar
Launcher Type: SUN_STANDARD

[Global flags]
     intx CICompilerCount                          = 12                                        {product} {ergonomic}
     uint ConcGCThreads                            = 3                                         {product} {ergonomic}
     uint G1ConcRefinementThreads                  = 13                                        {product} {ergonomic}
   size_t G1HeapRegionSize                         = 2097152                                   {product} {ergonomic}
    uintx GCDrainStackTargetSize                   = 64                                        {product} {ergonomic}
   size_t InitialHeapSize                          = 255852544                                 {product} {ergonomic}
   size_t MarkStackSize                            = 4194304                                   {product} {ergonomic}
   size_t MaxHeapSize                              = 4093640704                                {product} {ergonomic}
   size_t MaxNewSize                               = 2455764992                                {product} {ergonomic}
   size_t MinHeapDeltaBytes                        = 2097152                                   {product} {ergonomic}
   size_t MinHeapSize                              = 8388608                                   {product} {ergonomic}
    uintx NonNMethodCodeHeapSize                   = 7602480                                {pd product} {ergonomic}
    uintx NonProfiledCodeHeapSize                  = 122027880                              {pd product} {ergonomic}
    uintx ProfiledCodeHeapSize                     = 122027880                              {pd product} {ergonomic}
    uintx ReservedCodeCacheSize                    = 251658240                              {pd product} {ergonomic}
     bool SegmentedCodeCache                       = true                                      {product} {ergonomic}
   size_t SoftMaxHeapSize                          = 4093640704                             {manageable} {ergonomic}
     bool UseCompressedClassPointers               = true                           {product lp64_product} {ergonomic}
     bool UseCompressedOops                        = true                           {product lp64_product} {ergonomic}
     bool UseG1GC                                  = true                                      {product} {ergonomic}
     bool UseLargePagesIndividualAllocation        = false                                  {pd product} {ergonomic}

Logging:
Log output configuration:
 #0: stdout all=warning uptime,level,tags foldmultilines=false
 #1: stderr all=off uptime,level,tags foldmultilines=false

Environment Variables:
JAVA_HOME=C:\Program Files\Java\jdk-20
PATH=C:\Program Files\Common Files\Oracle\Java\javapath;C:\Windows\system32;C:\Windows;C:\Windows\System32\Wbem;C:\Windows\System32\WindowsPowerShell\v1.0\;C:\Windows\System32\OpenSSH\;C:\Program Files (x86)\NVIDIA Corporation\PhysX\Common;C:\Program Files\NVIDIA Corporation\NVIDIA NvDLISR;C:\Users\FLOW\AppData\Local\Programs\Python\Launcher\;C:\Users\FLOW\AppData\Local\Microsoft\WindowsApps;;C:\Users\FLOW\AppData\Local\Programs\Microsoft VS Code\bin
USERNAME=FLOW
OS=Windows_NT
PROCESSOR_IDENTIFIER=AMD64 Family 25 Model 68 Stepping 1, AuthenticAMD
TMP=C:\Users\FLOW\AppData\Local\Temp
TEMP=C:\Users\FLOW\AppData\Local\Temp




---------------  S Y S T E M  ---------------

OS:
 Windows 11 , 64 bit Build 22000 (10.0.22000.2360)
OS uptime: 0 days 7:30 hours

CPU: total 16 (initial active 16) (16 cores per cpu, 2 threads per core) family 25 model 68 stepping 1 microcode 0x0, cx8, cmov, fxsr, ht, mmx, 3dnowpref, sse, sse2, sse3, ssse3, sse4a, sse4.1, sse4.2, popcnt, lzcnt, tsc, tscinvbit, avx, avx2, aes, erms, clmul, bmi1, bmi2, adx, sha, fma, vzeroupper, clflush, clflushopt, rdtscp, rdpid, fsrm, f16c, pku, cet_ss

Memory: 4k page, system-wide physical 15612M (471M free)
TotalPageFile size 62716M (AvailPageFile size 317M)
current process WorkingSet (physical memory assigned to process): 78M, peak: 84M
current process commit charge ("private bytes"): 353M, peak: 360M

vm_info: Java HotSpot(TM) 64-Bit Server VM (20.0.2+9-78) for windows-amd64 JRE (20.0.2+9-78), built on 2023-06-14T10:08:48Z by "mach5one" with MS VC++ 17.1 (VS2022)

END.
