#
# There is insufficient memory for the Java Runtime Environment to continue.
# Native memory allocation (mmap) failed to map 65536 bytes for Failed to commit metaspace.
# Possible reasons:
#   The system is out of physical RAM or swap space
#   The process is running with CompressedOops enabled, and the Java Heap may be blocking the growth of the native heap
# Possible solutions:
#   Reduce memory load on the system
#   Increase physical memory or swap space
#   Check if swap backing store is full
#   Decrease Java heap size (-Xmx/-Xms)
#   Decrease number of Java threads
#   Decrease Java thread stack sizes (-Xss)
#   Set larger code cache with -XX:ReservedCodeCacheSize=
#   JVM is running with Zero Based Compressed Oops mode in which the Java heap is
#     placed in the first 32GB address space. The Java Heap base address is the
#     maximum limit for the native heap growth. Please use -XX:HeapBaseMinAddress
#     to set the Java Heap base and to place the Java Heap above 32GB virtual address.
# This output file may be truncated or incomplete.
#
#  Out of Memory Error (virtualSpaceNode.cpp:110), pid=35148, tid=35244
#
# JRE version: Java(TM) SE Runtime Environment (20.0.2+9) (build 20.0.2+9-78)
# Java VM: Java HotSpot(TM) 64-Bit Server VM (20.0.2+9-78, mixed mode, sharing, tiered, compressed oops, compressed class ptrs, g1 gc, windows-amd64)
# No core dump will be written. Minidumps are not enabled by default on client versions of Windows
#

---------------  S U M M A R Y ------------

Command Line: -Dclassworlds.conf=C:\Program Files\NetBeans-18\netbeans\java\maven\bin\m2.conf -Dmaven.home=C:\Program Files\NetBeans-18\netbeans\java\maven -Dlibrary.jansi.path=C:\Program Files\NetBeans-18\netbeans\java\maven\lib\jansi-native -Dmaven.multiModuleProjectDirectory=C:\Users\FLOW\Documents\NetBeansProjects\Peminjaman-Ruang org.codehaus.plexus.classworlds.launcher.Launcher -Dexec.vmArgs= -Dexec.args=${exec.vmArgs} -classpath %classpath ${exec.mainClass} ${exec.appArgs} -Dexec.appArgs= -Dexec.mainClass=peminjaman.peminjaman.ruang.PeminjamanRuang -Dexec.executable=C:\Program Files\Java\jdk-20\bin\java.exe -Dmaven.ext.class.path=C:\Program Files\NetBeans-18\netbeans\java\maven-nblib\netbeans-eventspy.jar --no-transfer-progress process-classes org.codehaus.mojo:exec-maven-plugin:3.1.0:exec

Host: AMD Ryzen 9 6900HS with Radeon Graphics        , 16 cores, 15G,  Windows 11 , 64 bit Build 22000 (10.0.22000.2360)
Time: Sun Oct  8 15:01:58 2023 Malay Peninsula Standard Time elapsed time: 15.564690 seconds (0d 0h 0m 15s)

---------------  T H R E A D  ---------------

Current thread (0x0000016d05621110):  JavaThread "main" [_thread_in_vm, id=35244, stack(0x000000022d100000,0x000000022d200000)]

Stack: [0x000000022d100000,0x000000022d200000]
Native frames: (J=compiled Java code, j=interpreted, Vv=VM code, C=native code)
V  [jvm.dll+0x6bc25a]
V  [jvm.dll+0x84971a]
V  [jvm.dll+0x84b315]
V  [jvm.dll+0x84ba13]
V  [jvm.dll+0x280e4f]
V  [jvm.dll+0x84565b]
V  [jvm.dll+0x660616]
V  [jvm.dll+0x1eb7b7]
V  [jvm.dll+0x663032]
V  [jvm.dll+0x662e1e]
V  [jvm.dll+0x66102e]
V  [jvm.dll+0x26dde1]
V  [jvm.dll+0x21c177]
V  [jvm.dll+0x211a50]
V  [jvm.dll+0x59c7cc]
V  [jvm.dll+0x7c42a3]
V  [jvm.dll+0x7c4384]
V  [jvm.dll+0x46ca64]
V  [jvm.dll+0x471fc8]
C  [java.dll+0x17ec]

Java frames: (J=compiled Java code, j=interpreted, Vv=VM code)
j  java.lang.ClassLoader.defineClass1(Ljava/lang/ClassLoader;Ljava/lang/String;[BIILjava/security/ProtectionDomain;Ljava/lang/String;)Ljava/lang/Class;+0 java.base@20.0.2
j  java.lang.ClassLoader.defineClass(Ljava/lang/String;[BIILjava/security/ProtectionDomain;)Ljava/lang/Class;+27 java.base@20.0.2
j  java.security.SecureClassLoader.defineClass(Ljava/lang/String;[BIILjava/security/CodeSource;)Ljava/lang/Class;+12 java.base@20.0.2
j  java.net.URLClassLoader.defineClass(Ljava/lang/String;Ljdk/internal/loader/Resource;)Ljava/lang/Class;+220 java.base@20.0.2
j  java.net.URLClassLoader$1.run()Ljava/lang/Class;+43 java.base@20.0.2
j  java.net.URLClassLoader$1.run()Ljava/lang/Object;+1 java.base@20.0.2
J 527 c1 java.security.AccessController.doPrivileged(Ljava/security/PrivilegedExceptionAction;Ljava/security/AccessControlContext;)Ljava/lang/Object; java.base@20.0.2 (26 bytes) @ 0x0000016d0d7d3e64 [0x0000016d0d7d3c80+0x00000000000001e4]
j  java.net.URLClassLoader.findClass(Ljava/lang/String;)Ljava/lang/Class;+13 java.base@20.0.2
j  org.codehaus.plexus.classworlds.realm.ClassRealm.loadClassFromSelf(Ljava/lang/String;)Ljava/lang/Class;+20
j  org.codehaus.plexus.classworlds.strategy.SelfFirstStrategy.loadClass(Ljava/lang/String;)Ljava/lang/Class;+18
J 544 c1 org.codehaus.plexus.classworlds.realm.ClassRealm.loadClass(Ljava/lang/String;Z)Ljava/lang/Class; (33 bytes) @ 0x0000016d0d7d9644 [0x0000016d0d7d94c0+0x0000000000000184]
J 543 c1 org.codehaus.plexus.classworlds.realm.ClassRealm.loadClass(Ljava/lang/String;)Ljava/lang/Class; (7 bytes) @ 0x0000016d0d7d91bc [0x0000016d0d7d9120+0x000000000000009c]
v  ~StubRoutines::call_stub 0x0000016d14b5100d
j  org.codehaus.plexus.DefaultPlexusContainer.getContextComponent(Lorg/codehaus/plexus/ContainerConfiguration;)Lorg/codehaus/plexus/context/Context;+18
j  org.codehaus.plexus.DefaultPlexusContainer.<init>(Lorg/codehaus/plexus/ContainerConfiguration;[Lcom/google/inject/Module;)V+103
j  org.apache.maven.cli.MavenCli.container(Lorg/apache/maven/cli/CliRequest;)Lorg/codehaus/plexus/PlexusContainer;+279
j  org.apache.maven.cli.MavenCli.doMain(Lorg/apache/maven/cli/CliRequest;)I+34
j  org.apache.maven.cli.MavenCli.main([Ljava/lang/String;Lorg/codehaus/plexus/classworlds/ClassWorld;)I+24
j  java.lang.invoke.DirectMethodHandle$Holder.invokeStatic(Ljava/lang/Object;Ljava/lang/Object;Ljava/lang/Object;)I+11 java.base@20.0.2
j  java.lang.invoke.LambdaForm$MH+0x0000016d26409400.invoke(Ljava/lang/Object;Ljava/lang/Object;Ljava/lang/Object;Ljava/lang/Object;)Ljava/lang/Object;+54 java.base@20.0.2
j  java.lang.invoke.LambdaForm$MH+0x0000016d26409800.invokeExact_MT(Ljava/lang/Object;Ljava/lang/Object;Ljava/lang/Object;Ljava/lang/Object;Ljava/lang/Object;)Ljava/lang/Object;+22 java.base@20.0.2
j  jdk.internal.reflect.DirectMethodHandleAccessor.invokeImpl(Ljava/lang/Object;[Ljava/lang/Object;)Ljava/lang/Object;+72 java.base@20.0.2
j  jdk.internal.reflect.DirectMethodHandleAccessor.invoke(Ljava/lang/Object;[Ljava/lang/Object;)Ljava/lang/Object;+23 java.base@20.0.2
j  java.lang.reflect.Method.invoke(Ljava/lang/Object;[Ljava/lang/Object;)Ljava/lang/Object;+102 java.base@20.0.2
j  org.codehaus.plexus.classworlds.launcher.Launcher.launchEnhanced([Ljava/lang/String;)V+45
j  org.codehaus.plexus.classworlds.launcher.Launcher.launch([Ljava/lang/String;)V+2
j  org.codehaus.plexus.classworlds.launcher.Launcher.mainWithExitCode([Ljava/lang/String;)I+101
j  org.codehaus.plexus.classworlds.launcher.Launcher.main([Ljava/lang/String;)V+1
v  ~StubRoutines::call_stub 0x0000016d14b5100d

Compiled method (c1)   16031  527   !   3       java.security.AccessController::doPrivileged (26 bytes)
 total in heap  [0x0000016d0d7d3a90,0x0000016d0d7d43c0] = 2352
 relocation     [0x0000016d0d7d3bd8,0x0000016d0d7d3c80] = 168
 main code      [0x0000016d0d7d3c80,0x0000016d0d7d40d0] = 1104
 stub code      [0x0000016d0d7d40d0,0x0000016d0d7d4158] = 136
 metadata       [0x0000016d0d7d4158,0x0000016d0d7d4178] = 32
 scopes data    [0x0000016d0d7d4178,0x0000016d0d7d4248] = 208
 scopes pcs     [0x0000016d0d7d4248,0x0000016d0d7d4338] = 240
 dependencies   [0x0000016d0d7d4338,0x0000016d0d7d4340] = 8
 handler table  [0x0000016d0d7d4340,0x0000016d0d7d43b0] = 112
 nul chk table  [0x0000016d0d7d43b0,0x0000016d0d7d43c0] = 16

[Constant Pool (empty)]

[MachCode]
[Verified Entry Point]
  # {method} {0x0000016d25873878} 'doPrivileged' '(Ljava/security/PrivilegedExceptionAction;Ljava/security/AccessControlContext;)Ljava/lang/Object;' in 'java/security/AccessController'
  # parm0:    rdx:rdx   = 'java/security/PrivilegedExceptionAction'
  # parm1:    r8:r8     = 'java/security/AccessControlContext'
  #           [sp+0x80]  (sp of caller)
  0x0000016d0d7d3c80: 8984 2400 | 80ff ff55 | 4883 ec70 | 4181 7f20 | 0100 0000 

  0x0000016d0d7d3c94: ;   {runtime_call StubRoutines (2)}
  0x0000016d0d7d3c94: 7405 e825 

  0x0000016d0d7d3c98: ;   {metadata(method data for {method} {0x0000016d25873878} 'doPrivileged' '(Ljava/security/PrivilegedExceptionAction;Ljava/security/AccessControlContext;)Ljava/lang/Object;' in 'java/security/AccessController')}
  0x0000016d0d7d3c98: 493c 0748 | bee8 5c46 | 666d 0100 | 008b becc | 0000 0083 | c702 89be | cc00 0000 | 81e7 fe07 
  0x0000016d0d7d3cb8: 0000 83ff | 000f 84fb | 0200 004c | 8944 2440 | 4889 5424 

  0x0000016d0d7d3ccc: ;   {metadata(method data for {method} {0x0000016d25873878} 'doPrivileged' '(Ljava/security/PrivilegedExceptionAction;Ljava/security/AccessControlContext;)Ljava/lang/Object;' in 'java/security/AccessController')}
  0x0000016d0d7d3ccc: 4848 bee8 | 5c46 666d | 0100 0048 | 8386 1001 

  0x0000016d0d7d3cdc: ;   {static_call}
  0x0000016d0d7d3cdc: 0000 01e8 

  0x0000016d0d7d3ce0: ; ImmutableOopMap {[64]=Oop [72]=Oop }
                      ;*invokestatic getCallerClass {reexecute=0 rethrow=0 return_oop=0}
                      ; - java.security.AccessController::doPrivileged@0 (line 711)
  0x0000016d0d7d3ce0: 5ccf ae07 

  0x0000016d0d7d3ce4: ;   {metadata(method data for {method} {0x0000016d25873878} 'doPrivileged' '(Ljava/security/PrivilegedExceptionAction;Ljava/security/AccessControlContext;)Ljava/lang/Object;' in 'java/security/AccessController')}
  0x0000016d0d7d3ce4: 48ba e85c | 4666 6d01 | 0000 4883 | 8220 0100 | 0001 488b | 5424 404c | 8bc0 4889 | 4424 500f 
  0x0000016d0d7d3d04: ;   {static_call}
  0x0000016d0d7d3d04: 1f40 00e8 

  0x0000016d0d7d3d08: ; ImmutableOopMap {[72]=Oop [80]=Oop }
                      ;*invokestatic checkContext {reexecute=0 rethrow=0 return_oop=0}
                      ; - java.security.AccessController::doPrivileged@6 (line 712)
  0x0000016d0d7d3d08: 2804 0000 | 4889 4424 

  0x0000016d0d7d3d10: ;   {metadata(method data for {method} {0x0000016d25873878} 'doPrivileged' '(Ljava/security/PrivilegedExceptionAction;Ljava/security/AccessControlContext;)Ljava/lang/Object;' in 'java/security/AccessController')}
  0x0000016d0d7d3d10: 5848 bae8 | 5c46 666d | 0100 0048 | 8382 3001 

  0x0000016d0d7d3d20: ;   {metadata(method data for {method} {0x0000016d25873b00} 'executePrivileged' '(Ljava/security/PrivilegedExceptionAction;Ljava/security/AccessControlContext;Ljava/lang/Class;)Ljava/lang/Object;' in 'java/security/AccessController')}
  0x0000016d0d7d3d20: 0000 0148 | bab8 ec4d | 666d 0100 | 008b b2cc | 0000 0083 | c602 89b2 | cc00 0000 | 81e6 feff 
  0x0000016d0d7d3d40: 1f00 83fe | 000f 8494 | 0200 0048 

  0x0000016d0d7d3d4c: ;   {metadata(method data for {method} {0x0000016d25873b00} 'executePrivileged' '(Ljava/security/PrivilegedExceptionAction;Ljava/security/AccessControlContext;Ljava/lang/Class;)Ljava/lang/Object;' in 'java/security/AccessController')}
  0x0000016d0d7d3d4c: 83f8 0048 | bab8 ec4d | 666d 0100 | 0048 be10 | 0100 0000 | 0000 000f | 840a 0000 | 0048 be20 
  0x0000016d0d7d3d6c: 0100 0000 | 0000 0048 | 8b3c 3248 | 8d7f 0148 | 893c 320f | 841f 0000 

  0x0000016d0d7d3d84: ;   {metadata(method data for {method} {0x0000016d25873b00} 'executePrivileged' '(Ljava/security/PrivilegedExceptionAction;Ljava/security/AccessControlContext;Ljava/lang/Class;)Ljava/lang/Object;' in 'java/security/AccessController')}
  0x0000016d0d7d3d84: 0048 bab8 | ec4d 666d | 0100 0048 | 8382 3001 | 0000 0148 | 8bd0 0f1f 

  0x0000016d0d7d3d9c: ;   {static_call}
  0x0000016d0d7d3d9c: 4400 00e8 

  0x0000016d0d7d3da0: ; ImmutableOopMap {[72]=Oop [80]=Oop [88]=Oop }
                      ;*invokestatic ensureMaterializedForStackWalk {reexecute=0 rethrow=0 return_oop=0}
                      ; - java.security.AccessController::executePrivileged@5 (line 805)
                      ; - java.security.AccessController::doPrivileged@13 (line 714)
  0x0000016d0d7d3da0: 9c36 af07 

  0x0000016d0d7d3da4: ;   {metadata(method data for {method} {0x0000016d25873b00} 'executePrivileged' '(Ljava/security/PrivilegedExceptionAction;Ljava/security/AccessControlContext;Ljava/lang/Class;)Ljava/lang/Object;' in 'java/security/AccessController')}
  0x0000016d0d7d3da4: 48ba b8ec | 4d66 6d01 | 0000 ff82 | 4001 0000 | 488b 5424 | 4848 3b02 

  0x0000016d0d7d3dbc: ;   {metadata(method data for {method} {0x0000016d25873b00} 'executePrivileged' '(Ljava/security/PrivilegedExceptionAction;Ljava/security/AccessControlContext;Ljava/lang/Class;)Ljava/lang/Object;' in 'java/security/AccessController')}
  0x0000016d0d7d3dbc: 488b f248 | bfb8 ec4d | 666d 0100 | 008b 7608 | 49ba 0000 | 4025 6d01 | 0000 4903 | f248 3bb7 
  0x0000016d0d7d3ddc: b001 0000 | 750d 4883 | 87b8 0100 | 0001 e960 | 0000 0048 | 3bb7 c001 | 0000 750d | 4883 87c8 
  0x0000016d0d7d3dfc: 0100 0001 | e94a 0000 | 0048 83bf | b001 0000 | 0075 1748 | 89b7 b001 | 0000 48c7 | 87b8 0100 
  0x0000016d0d7d3e1c: 0001 0000 | 00e9 2900 | 0000 4883 | bfc0 0100 | 0000 7517 | 4889 b7c0 | 0100 0048 | c787 c801 
  0x0000016d0d7d3e3c: 0000 0100 | 0000 e908 | 0000 0048 | 8387 a001 | 0000 0166 | 0f1f 4400 | 0048 b8d0 | e68e 6a6d 
  0x0000016d0d7d3e5c: ;   {virtual_call}
  0x0000016d0d7d3e5c: 0100 00e8 

  0x0000016d0d7d3e60: ; ImmutableOopMap {[80]=Oop [88]=Oop }
                      ;*invokeinterface run {reexecute=0 rethrow=0 return_oop=0}
                      ; - java.security.AccessController::executePrivileged@29 (line 809)
                      ; - java.security.AccessController::doPrivileged@13 (line 714)
  0x0000016d0d7d3e60: 3d4c 3e07 

  0x0000016d0d7d3e64: ;   {metadata(method data for {method} {0x0000016d25873b00} 'executePrivileged' '(Ljava/security/PrivilegedExceptionAction;Ljava/security/AccessControlContext;Ljava/lang/Class;)Ljava/lang/Object;' in 'java/security/AccessController')}
  0x0000016d0d7d3e64: 48ba b8ec | 4d66 6d01 | 0000 ff82 | d801 0000 | 488b 5424 

  0x0000016d0d7d3e78: ;   {metadata(method data for {method} {0x0000016d25873b00} 'executePrivileged' '(Ljava/security/PrivilegedExceptionAction;Ljava/security/AccessControlContext;Ljava/lang/Class;)Ljava/lang/Object;' in 'java/security/AccessController')}
  0x0000016d0d7d3e78: 5049 b8b8 | ec4d 666d | 0100 0049 | 8380 3802 

  0x0000016d0d7d3e88: ;   {metadata(method data for {method} {0x0000016d2543d7e0} 'reachabilityFence' '(Ljava/lang/Object;)V' in 'java/lang/ref/Reference')}
  0x0000016d0d7d3e88: 0000 0149 | b8f8 f143 | 666d 0100 | 0041 8bb0 | cc00 0000 | 83c6 0241 | 89b0 cc00 | 0000 81e6 
  0x0000016d0d7d3ea8: feff 1f00 | 83fe 000f | 8450 0100 

  0x0000016d0d7d3eb4: ;   {metadata(method data for {method} {0x0000016d25873b00} 'executePrivileged' '(Ljava/security/PrivilegedExceptionAction;Ljava/security/AccessControlContext;Ljava/lang/Class;)Ljava/lang/Object;' in 'java/security/AccessController')}
  0x0000016d0d7d3eb4: 0048 bab8 | ec4d 666d | 0100 0048 | 8382 4802 

  0x0000016d0d7d3ec4: ;   {metadata(method data for {method} {0x0000016d2543d7e0} 'reachabilityFence' '(Ljava/lang/Object;)V' in 'java/lang/ref/Reference')}
  0x0000016d0d7d3ec4: 0000 0148 | baf8 f143 | 666d 0100 | 0044 8b82 | cc00 0000 | 4183 c002 | 4489 82cc | 0000 0041 
  0x0000016d0d7d3ee4: 81e0 feff | 1f00 4183 | f800 0f84 | 3201 0000 | 4883 c470 

  0x0000016d0d7d3ef8: ;   {poll_return}
  0x0000016d0d7d3ef8: 5d49 3ba7 | 7803 0000 | 0f87 4101 | 0000 c349 | 8b87 2804 | 0000 4d33 | d24d 8997 | 2804 0000 
  0x0000016d0d7d3f18: 4d33 d24d | 8997 3004 | 0000 4c8b 

  0x0000016d0d7d3f24: ;   {metadata(method data for {method} {0x0000016d25873878} 'doPrivileged' '(Ljava/security/PrivilegedExceptionAction;Ljava/security/AccessControlContext;)Ljava/lang/Object;' in 'java/security/AccessController')}
  0x0000016d0d7d3f24: c048 bae8 | 5c46 666d | 0100 0048 | 8382 4001 

  0x0000016d0d7d3f34: ;   {metadata(method data for {method} {0x0000016d25873438} 'wrapException' '(Ljava/lang/Exception;)Ljava/security/PrivilegedActionException;' in 'java/security/AccessController')}
  0x0000016d0d7d3f34: 0000 0148 | ba60 ef4d | 666d 0100 | 008b 82cc | 0000 0083 | c002 8982 | cc00 0000 | 25fe ff1f 
  0x0000016d0d7d3f54: 0083 f800 | 0f84 ff00 | 0000 6690 

  0x0000016d0d7d3f60: ;   {no_reloc}
  0x0000016d0d7d3f60: e928 0100 | 0000 0000 | 0000 e928 | 0100 0048 

  0x0000016d0d7d3f70: ;   {metadata(method data for {method} {0x0000016d25873438} 'wrapException' '(Ljava/lang/Exception;)Ljava/security/PrivilegedActionException;' in 'java/security/AccessController')}
  0x0000016d0d7d3f70: 8bd0 48be | 60ef 4d66 | 6d01 0000 | 4883 8610 | 0100 0001 | 488b d048 | 8944 2460 

  0x0000016d0d7d3f8c: ;   {optimized virtual_call}
  0x0000016d0d7d3f8c: 6666 90e8 

  0x0000016d0d7d3f90: ; ImmutableOopMap {[96]=Oop }
                      ;*invokespecial <init> {reexecute=0 rethrow=0 return_oop=0}
                      ; - java.security.AccessController::wrapException@5 (line 830)
                      ; - java.security.AccessController::doPrivileged@22 (line 718)
  0x0000016d0d7d3f90: 6c01 3e07 | 488b 4424 | 60e9 2301 | 0000 498b | 8728 0400 | 004d 33d2 | 4d89 9728 | 0400 004d 
  0x0000016d0d7d3fb0: 33d2 4d89 | 9730 0400 | 00e9 0301 

  0x0000016d0d7d3fbc: ;   {metadata({method} {0x0000016d25873878} 'doPrivileged' '(Ljava/security/PrivilegedExceptionAction;Ljava/security/AccessControlContext;)Ljava/lang/Object;' in 'java/security/AccessController')}
  0x0000016d0d7d3fbc: 0000 49ba | 7038 8725 | 6d01 0000 | 4c89 5424 | 0848 c704 | 24ff ffff 

  0x0000016d0d7d3fd4: ;   {runtime_call counter_overflow Runtime1 stub}
  0x0000016d0d7d3fd4: ffe8 2620 

  0x0000016d0d7d3fd8: ; ImmutableOopMap {rdx=Oop r8=Oop }
                      ;*synchronization entry
                      ; - java.security.AccessController::doPrivileged@-1 (line 711)
  0x0000016d0d7d3fd8: 4b07 e9e4 

  0x0000016d0d7d3fdc: ;   {metadata({method} {0x0000016d25873b00} 'executePrivileged' '(Ljava/security/PrivilegedExceptionAction;Ljava/security/AccessControlContext;Ljava/lang/Class;)Ljava/lang/Object;' in 'java/security/AccessController')}
  0x0000016d0d7d3fdc: fcff ff49 | baf8 3a87 | 256d 0100 | 004c 8954 | 2408 48c7 | 0424 ffff 

  0x0000016d0d7d3ff4: ;   {runtime_call counter_overflow Runtime1 stub}
  0x0000016d0d7d3ff4: ffff e805 

  0x0000016d0d7d3ff8: ; ImmutableOopMap {rax=Oop [72]=Oop [80]=Oop [88]=Oop }
                      ;*synchronization entry
                      ; - java.security.AccessController::executePrivileged@-1 (line 804)
                      ; - java.security.AccessController::doPrivileged@13 (line 714)
  0x0000016d0d7d3ff8: 204b 07e9 | 4bfd ffff 

  0x0000016d0d7d4000: ;   {runtime_call throw_null_pointer_exception Runtime1 stub}
  0x0000016d0d7d4000: e87b ef41 

  0x0000016d0d7d4004: ; ImmutableOopMap {rdx=Oop [80]=Oop [88]=Oop }
                      ;*invokeinterface run {reexecute=0 rethrow=0 return_oop=0}
                      ; - java.security.AccessController::executePrivileged@29 (line 809)
                      ; - java.security.AccessController::doPrivileged@13 (line 714)
                      ;   {metadata({method} {0x0000016d2543d7e0} 'reachabilityFence' '(Ljava/lang/Object;)V' in 'java/lang/ref/Reference')}
  0x0000016d0d7d4004: 0749 bad8 | d743 256d | 0100 004c | 8954 2408 | 48c7 0424 | ffff ffff 

  0x0000016d0d7d401c: ;   {runtime_call counter_overflow Runtime1 stub}
  0x0000016d0d7d401c: e8df 1f4b 

  0x0000016d0d7d4020: ; ImmutableOopMap {rax=Oop rdx=Oop }
                      ;*synchronization entry
                      ; - java.lang.ref.Reference::reachabilityFence@-1 (line 628)
                      ; - java.security.AccessController::executePrivileged@56 (line 814)
                      ; - java.security.AccessController::doPrivileged@13 (line 714)
  0x0000016d0d7d4020: 07e9 8ffe 

  0x0000016d0d7d4024: ;   {metadata({method} {0x0000016d2543d7e0} 'reachabilityFence' '(Ljava/lang/Object;)V' in 'java/lang/ref/Reference')}
  0x0000016d0d7d4024: ffff 49ba | d8d7 4325 | 6d01 0000 | 4c89 5424 | 0848 c704 | 24ff ffff 

  0x0000016d0d7d403c: ;   {runtime_call counter_overflow Runtime1 stub}
  0x0000016d0d7d403c: ffe8 be1f 

  0x0000016d0d7d4040: ; ImmutableOopMap {rax=Oop }
                      ;*synchronization entry
                      ; - java.lang.ref.Reference::reachabilityFence@-1 (line 628)
                      ; - java.security.AccessController::executePrivileged@60 (line 815)
                      ; - java.security.AccessController::doPrivileged@13 (line 714)
  0x0000016d0d7d4040: 4b07 e9ad 

  0x0000016d0d7d4044: ;   {internal_word}
  0x0000016d0d7d4044: feff ff49 | baf9 3e7d | 0d6d 0100 | 004d 8997 | 9003 0000 

  0x0000016d0d7d4058: ;   {runtime_call SafepointBlob}
  0x0000016d0d7d4058: e923 6d3e 

  0x0000016d0d7d405c: ;   {metadata({method} {0x0000016d25873438} 'wrapException' '(Ljava/lang/Exception;)Ljava/security/PrivilegedActionException;' in 'java/security/AccessController')}
  0x0000016d0d7d405c: 0749 ba30 | 3487 256d | 0100 004c | 8954 2408 | 48c7 0424 | ffff ffff 

  0x0000016d0d7d4074: ;   {runtime_call counter_overflow Runtime1 stub}
  0x0000016d0d7d4074: e887 1f4b 

  0x0000016d0d7d4078: ; ImmutableOopMap {r8=Oop }
                      ;*synchronization entry
                      ; - java.security.AccessController::wrapException@-1 (line 830)
                      ; - java.security.AccessController::doPrivileged@22 (line 718)
  0x0000016d0d7d4078: 07e9 e0fe 

  0x0000016d0d7d407c: ;   {metadata(NULL)}
  0x0000016d0d7d407c: ffff 48ba | 0000 0000 | 0000 0000 | b800 0f05 

  0x0000016d0d7d408c: ;   {runtime_call load_klass_patching Runtime1 stub}
  0x0000016d0d7d408c: 0ae8 ee0e 

  0x0000016d0d7d4090: ; ImmutableOopMap {r8=Oop }
                      ;*new {reexecute=1 rethrow=0 return_oop=0}
                      ; - (reexecute) java.security.AccessController::wrapException@0 (line 830)
                      ; - java.security.AccessController::doPrivileged@22 (line 718)
  0x0000016d0d7d4090: 4b07 e9c9 | feff ff48 

  0x0000016d0d7d4098: ;   {runtime_call new_instance Runtime1 stub}
  0x0000016d0d7d4098: 8bd2 e8e1 

  0x0000016d0d7d409c: ; ImmutableOopMap {r8=Oop }
                      ;*new {reexecute=0 rethrow=0 return_oop=0}
                      ; - java.security.AccessController::wrapException@0 (line 830)
                      ; - java.security.AccessController::doPrivileged@22 (line 718)
  0x0000016d0d7d409c: e841 07e9 | cbfe ffff | 498b 8728 | 0400 0049 | c787 2804 | 0000 0000 | 0000 49c7 | 8730 0400 
  0x0000016d0d7d40bc: 0000 0000 | 0048 83c4 

  0x0000016d0d7d40c4: ;   {runtime_call unwind_exception Runtime1 stub}
  0x0000016d0d7d40c4: 705d e9b5 | fd41 07f4 | f4f4 f4f4 
[Stub Code]
  0x0000016d0d7d40d0: ;   {no_reloc}
  0x0000016d0d7d40d0: 0f1f 4400 

  0x0000016d0d7d40d4: ;   {static_stub}
  0x0000016d0d7d40d4: 0048 bb00 | 0000 0000 

  0x0000016d0d7d40dc: ;   {runtime_call}
  0x0000016d0d7d40dc: 0000 00e9 | fbff ffff 

  0x0000016d0d7d40e4: ;   {static_stub}
  0x0000016d0d7d40e4: 9048 bb00 | 0000 0000 

  0x0000016d0d7d40ec: ;   {runtime_call}
  0x0000016d0d7d40ec: 0000 00e9 | fbff ffff 
[Exception Handler]
  0x0000016d0d7d40f4: ;   {runtime_call handle_exception_from_callee Runtime1 stub}
  0x0000016d0d7d40f4: e887 d041 

  0x0000016d0d7d40f8: ;   {external_word}
  0x0000016d0d7d40f8: 0748 b9b0 | 3316 16f8 | 7f00 0048 

  0x0000016d0d7d4104: ;   {runtime_call}
  0x0000016d0d7d4104: 83e4 f048 | b860 1de2 | 15f8 7f00 | 00ff d0f4 
[Deopt Handler Code]
  0x0000016d0d7d4114: ;   {section_word}
  0x0000016d0d7d4114: 49ba 1441 | 7d0d 6d01 | 0000 4152 

  0x0000016d0d7d4120: ;   {runtime_call DeoptimizationBlob}
  0x0000016d0d7d4120: e9fb 5e3e 

  0x0000016d0d7d4124: ;   {static_stub}
  0x0000016d0d7d4124: 0748 bb00 | 0000 0000 

  0x0000016d0d7d412c: ;   {runtime_call}
  0x0000016d0d7d412c: 0000 00e9 | fbff ffff 

  0x0000016d0d7d4134: ;   {static_stub}
  0x0000016d0d7d4134: 48bb e034 | 8725 6d01 

  0x0000016d0d7d413c: ;   {runtime_call I2C/C2I adapters}
  0x0000016d0d7d413c: 0000 e914 

  0x0000016d0d7d4140: ;   {static_stub}
  0x0000016d0d7d4140: 573e 0748 | bb78 3987 | 256d 0100 

  0x0000016d0d7d414c: ;   {runtime_call I2C/C2I adapters}
  0x0000016d0d7d414c: 00e9 8149 | 3e07 f4f4 | f4f4 f4f4 
[/MachCode]


Compiled method (c1)   16045  544   !   3       org.codehaus.plexus.classworlds.realm.ClassRealm::loadClass (33 bytes)
 total in heap  [0x0000016d0d7d9310,0x0000016d0d7d98b8] = 1448
 relocation     [0x0000016d0d7d9458,0x0000016d0d7d94c0] = 104
 main code      [0x0000016d0d7d94c0,0x0000016d0d7d9708] = 584
 stub code      [0x0000016d0d7d9708,0x0000016d0d7d9760] = 88
 oops           [0x0000016d0d7d9760,0x0000016d0d7d9768] = 8
 metadata       [0x0000016d0d7d9768,0x0000016d0d7d97a8] = 64
 scopes data    [0x0000016d0d7d97a8,0x0000016d0d7d9800] = 88
 scopes pcs     [0x0000016d0d7d9800,0x0000016d0d7d9880] = 128
 dependencies   [0x0000016d0d7d9880,0x0000016d0d7d9890] = 16
 handler table  [0x0000016d0d7d9890,0x0000016d0d7d98a8] = 24
 nul chk table  [0x0000016d0d7d98a8,0x0000016d0d7d98b8] = 16

[Constant Pool (empty)]

[MachCode]
[Entry Point]
  # {method} {0x0000016d66804388} 'loadClass' '(Ljava/lang/String;Z)Ljava/lang/Class;' in 'org/codehaus/plexus/classworlds/realm/ClassRealm'
  # this:     rdx:rdx   = 'org/codehaus/plexus/classworlds/realm/ClassRealm'
  # parm0:    r8:r8     = 'java/lang/String'
  # parm1:    r9        = boolean
  #           [sp+0x70]  (sp of caller)
  0x0000016d0d7d94c0: 448b 5208 | 49bb 0000 | 4025 6d01 | 0000 4d03 | d34c 3bd0 

  0x0000016d0d7d94d4: ;   {runtime_call ic_miss_stub}
  0x0000016d0d7d94d4: 0f85 26a9 | 3d07 660f | 1f44 0000 
[Verified Entry Point]
  0x0000016d0d7d94e0: 8984 2400 | 80ff ff55 | 4883 ec60 | 4181 7f20 | 0100 0000 

  0x0000016d0d7d94f4: ;   {runtime_call StubRoutines (2)}
  0x0000016d0d7d94f4: 7405 e8c5 

  0x0000016d0d7d94f8: ;   {metadata(method data for {method} {0x0000016d66804388} 'loadClass' '(Ljava/lang/String;Z)Ljava/lang/Class;' in 'org/codehaus/plexus/classworlds/realm/ClassRealm')}
  0x0000016d0d7d94f8: f03b 0748 | bed0 c38d | 666d 0100 | 008b becc | 0000 0083 | c702 89be | cc00 0000 | 81e7 fe07 
  0x0000016d0d7d9518: 0000 83ff | 000f 8434 

  0x0000016d0d7d9520: ;   {metadata(method data for {method} {0x0000016d66804388} 'loadClass' '(Ljava/lang/String;Z)Ljava/lang/Class;' in 'org/codehaus/plexus/classworlds/realm/ClassRealm')}
  0x0000016d0d7d9520: 0100 0048 | bed0 c38d | 666d 0100 | 00ff 8620 | 0100 0048 

  0x0000016d0d7d9534: ;   {metadata(method data for {method} {0x0000016d66804388} 'loadClass' '(Ljava/lang/String;Z)Ljava/lang/Class;' in 'org/codehaus/plexus/classworlds/realm/ClassRealm')}
  0x0000016d0d7d9534: 8bf2 48bf | d0c3 8d66 | 6d01 0000 | 4883 8730 | 0100 0001 

  0x0000016d0d7d9548: ;   {metadata(method data for {method} {0x0000016d66804498} 'unsynchronizedLoadClass' '(Ljava/lang/String;Z)Ljava/lang/Class;' in 'org/codehaus/plexus/classworlds/realm/ClassRealm')}
  0x0000016d0d7d9548: 48be 60c5 | 8d66 6d01 | 0000 8bbe | cc00 0000 | 83c7 0289 | becc 0000 | 0081 e7fe | ff1f 0083 
  0x0000016d0d7d9568: ff00 0f84 | 0801 0000 

  0x0000016d0d7d9570: ;   {metadata(method data for {method} {0x0000016d66804498} 'unsynchronizedLoadClass' '(Ljava/lang/String;Z)Ljava/lang/Class;' in 'org/codehaus/plexus/classworlds/realm/ClassRealm')}
  0x0000016d0d7d9570: 488b f248 | bf60 c58d | 666d 0100 | 0048 8387 | 1001 0000 | 0149 8bf0 | 4c8b c648 | 8bfa 488b 
  0x0000016d0d7d9590: d748 8974 | 2448 4889 | 7c24 400f 

  0x0000016d0d7d959c: ;   {optimized virtual_call}
  0x0000016d0d7d959c: 1f40 00e8 

  0x0000016d0d7d95a0: ; ImmutableOopMap {[64]=Oop [72]=Oop }
                      ;*invokespecial loadClass {reexecute=0 rethrow=0 return_oop=0}
                      ; - org.codehaus.plexus.classworlds.realm.ClassRealm::unsynchronizedLoadClass@3 (line 266)
                      ; - org.codehaus.plexus.classworlds.realm.ClassRealm::loadClass@9 (line 247)
  0x0000016d0d7d95a0: bc0b 0000 | 4883 c460 

  0x0000016d0d7d95a8: ;   {poll_return}
  0x0000016d0d7d95a8: 5d49 3ba7 | 7803 0000 | 0f87 e300 | 0000 c349 | 8b87 2804 | 0000 4d33 | d24d 8997 | 2804 0000 
  0x0000016d0d7d95c8: 4d33 d24d | 8997 3004 | 0000 8b52 | 7048 c1e2 | 0348 83fa | 000f 8429 

  0x0000016d0d7d95e0: ;   {metadata('org/codehaus/plexus/classworlds/strategy/SelfFirstStrategy')}
  0x0000016d0d7d95e0: 0000 0048 | b848 2640 | 266d 0100 | 008b 5a08 | 49ba 0000 | 4025 6d01 | 0000 4903 | da48 3b43 
  0x0000016d0d7d9600: 400f 85a8 | 0000 00e9 | 0000 0000 | 488b f248 | 3b02 488b 

  0x0000016d0d7d9614: ;   {metadata(method data for {method} {0x0000016d66804498} 'unsynchronizedLoadClass' '(Ljava/lang/String;Z)Ljava/lang/Class;' in 'org/codehaus/plexus/classworlds/realm/ClassRealm')}
  0x0000016d0d7d9614: f248 bf60 | c58d 666d 

  0x0000016d0d7d961c: ;   {metadata('org/codehaus/plexus/classworlds/strategy/SelfFirstStrategy')}
  0x0000016d0d7d961c: 0100 0049 | ba48 2640 | 266d 0100 | 004c 8997 | 3001 0000 | 4883 8738 | 0100 0001 | 0f1f 8000 
  0x0000016d0d7d963c: ;   {optimized virtual_call}
  0x0000016d0d7d963c: 0000 00e8 

  0x0000016d0d7d9640: ; ImmutableOopMap {}
                      ;*invokeinterface loadClass {reexecute=0 rethrow=0 return_oop=0}
                      ; - org.codehaus.plexus.classworlds.realm.ClassRealm::unsynchronizedLoadClass@13 (line 271)
                      ; - org.codehaus.plexus.classworlds.realm.ClassRealm::loadClass@9 (line 247)
  0x0000016d0d7d9640: d900 0000 | 4883 c460 

  0x0000016d0d7d9648: ;   {poll_return}
  0x0000016d0d7d9648: 5d49 3ba7 | 7803 0000 | 0f87 6300 

  0x0000016d0d7d9654: ;   {metadata({method} {0x0000016d66804388} 'loadClass' '(Ljava/lang/String;Z)Ljava/lang/Class;' in 'org/codehaus/plexus/classworlds/realm/ClassRealm')}
  0x0000016d0d7d9654: 0000 c349 | ba80 4380 | 666d 0100 | 004c 8954 | 2408 48c7 | 0424 ffff 

  0x0000016d0d7d966c: ;   {runtime_call counter_overflow Runtime1 stub}
  0x0000016d0d7d966c: ffff e88d 

  0x0000016d0d7d9670: ; ImmutableOopMap {rdx=Oop r8=Oop }
                      ;*synchronization entry
                      ; - org.codehaus.plexus.classworlds.realm.ClassRealm::loadClass@-1 (line 245)
  0x0000016d0d7d9670: c94a 07e9 | abfe ffff 

  0x0000016d0d7d9678: ;   {metadata({method} {0x0000016d66804498} 'unsynchronizedLoadClass' '(Ljava/lang/String;Z)Ljava/lang/Class;' in 'org/codehaus/plexus/classworlds/realm/ClassRealm')}
  0x0000016d0d7d9678: 49ba 9044 | 8066 6d01 | 0000 4c89 | 5424 0848 | c704 24ff 

  0x0000016d0d7d968c: ;   {runtime_call counter_overflow Runtime1 stub}
  0x0000016d0d7d968c: ffff ffe8 

  0x0000016d0d7d9690: ; ImmutableOopMap {rdx=Oop r8=Oop }
                      ;*synchronization entry
                      ; - org.codehaus.plexus.classworlds.realm.ClassRealm::unsynchronizedLoadClass@-1 (line 266)
                      ; - org.codehaus.plexus.classworlds.realm.ClassRealm::loadClass@9 (line 247)
  0x0000016d0d7d9690: 6cc9 4a07 | e9d7 feff 

  0x0000016d0d7d9698: ;   {internal_word}
  0x0000016d0d7d9698: ff49 baa9 | 957d 0d6d | 0100 004d | 8997 9003 

  0x0000016d0d7d96a8: ;   {runtime_call SafepointBlob}
  0x0000016d0d7d96a8: 0000 e9d1 

  0x0000016d0d7d96ac: ;   {runtime_call throw_incompatible_class_change_error Runtime1 stub}
  0x0000016d0d7d96ac: 163e 07e8 

  0x0000016d0d7d96b0: ; ImmutableOopMap {r8=Oop rdx=Oop }
                      ;*invokeinterface loadClass {reexecute=0 rethrow=0 return_oop=0}
                      ; - org.codehaus.plexus.classworlds.realm.ClassRealm::unsynchronizedLoadClass@13 (line 271)
                      ; - org.codehaus.plexus.classworlds.realm.ClassRealm::loadClass@9 (line 247)
  0x0000016d0d7d96b0: 4c9f 4a07 

  0x0000016d0d7d96b4: ;   {runtime_call throw_null_pointer_exception Runtime1 stub}
  0x0000016d0d7d96b4: e8c7 9841 

  0x0000016d0d7d96b8: ; ImmutableOopMap {r8=Oop rdx=Oop }
                      ;*invokeinterface loadClass {reexecute=0 rethrow=0 return_oop=0}
                      ; - org.codehaus.plexus.classworlds.realm.ClassRealm::unsynchronizedLoadClass@13 (line 271)
                      ; - org.codehaus.plexus.classworlds.realm.ClassRealm::loadClass@9 (line 247)
                      ;   {internal_word}
  0x0000016d0d7d96b8: 0749 ba49 | 967d 0d6d | 0100 004d | 8997 9003 

  0x0000016d0d7d96c8: ;   {runtime_call SafepointBlob}
  0x0000016d0d7d96c8: 0000 e9b1 | 163e 074c | 8b44 2448 | 488b 5424 | 40e9 d9fe | ffff 498b | 8728 0400 | 0049 c787 
  0x0000016d0d7d96e8: 2804 0000 | 0000 0000 | 49c7 8730 | 0400 0000 | 0000 0048 | 83c4 605d 

  0x0000016d0d7d9700: ;   {runtime_call unwind_exception Runtime1 stub}
  0x0000016d0d7d9700: e97b a741 | 07f4 f4f4 
[Stub Code]
  0x0000016d0d7d9708: ;   {no_reloc}
  0x0000016d0d7d9708: 0f1f 4400 

  0x0000016d0d7d970c: ;   {static_stub}
  0x0000016d0d7d970c: 0048 bb00 | 0000 0000 

  0x0000016d0d7d9714: ;   {runtime_call}
  0x0000016d0d7d9714: 0000 00e9 | fbff ffff 

  0x0000016d0d7d971c: ;   {static_stub}
  0x0000016d0d7d971c: 9048 bb68 | dd80 666d 

  0x0000016d0d7d9724: ;   {runtime_call I2C/C2I adapters}
  0x0000016d0d7d9724: 0100 00e9 | 2b01 3e07 
[Exception Handler]
  0x0000016d0d7d972c: ;   {runtime_call handle_exception_from_callee Runtime1 stub}
  0x0000016d0d7d972c: e84f 7a41 

  0x0000016d0d7d9730: ;   {external_word}
  0x0000016d0d7d9730: 0748 b9b0 | 3316 16f8 | 7f00 0048 

  0x0000016d0d7d973c: ;   {runtime_call}
  0x0000016d0d7d973c: 83e4 f048 | b860 1de2 | 15f8 7f00 | 00ff d0f4 
[Deopt Handler Code]
  0x0000016d0d7d974c: ;   {section_word}
  0x0000016d0d7d974c: 49ba 4c97 | 7d0d 6d01 | 0000 4152 

  0x0000016d0d7d9758: ;   {runtime_call DeoptimizationBlob}
  0x0000016d0d7d9758: e9c3 083e | 07f4 f4f4 
[/MachCode]


Compiled method (c1)   16053  543       3       org.codehaus.plexus.classworlds.realm.ClassRealm::loadClass (7 bytes)
 total in heap  [0x0000016d0d7d8f90,0x0000016d0d7d92f0] = 864
 relocation     [0x0000016d0d7d90d8,0x0000016d0d7d9118] = 64
 main code      [0x0000016d0d7d9120,0x0000016d0d7d9230] = 272
 stub code      [0x0000016d0d7d9230,0x0000016d0d7d9278] = 72
 oops           [0x0000016d0d7d9278,0x0000016d0d7d9280] = 8
 metadata       [0x0000016d0d7d9280,0x0000016d0d7d9290] = 16
 scopes data    [0x0000016d0d7d9290,0x0000016d0d7d92a8] = 24
 scopes pcs     [0x0000016d0d7d92a8,0x0000016d0d7d92e8] = 64
 dependencies   [0x0000016d0d7d92e8,0x0000016d0d7d92f0] = 8

[Constant Pool (empty)]

[MachCode]
[Entry Point]
  # {method} {0x0000016d66804290} 'loadClass' '(Ljava/lang/String;)Ljava/lang/Class;' in 'org/codehaus/plexus/classworlds/realm/ClassRealm'
  # this:     rdx:rdx   = 'org/codehaus/plexus/classworlds/realm/ClassRealm'
  # parm0:    r8:r8     = 'java/lang/String'
  #           [sp+0x40]  (sp of caller)
  0x0000016d0d7d9120: 448b 5208 | 49bb 0000 | 4025 6d01 | 0000 4d03 | d34c 3bd0 

  0x0000016d0d7d9134: ;   {runtime_call ic_miss_stub}
  0x0000016d0d7d9134: 0f85 c6ac | 3d07 660f | 1f44 0000 
[Verified Entry Point]
  0x0000016d0d7d9140: 8984 2400 | 80ff ff55 | 4883 ec30 | 4181 7f20 | 0100 0000 

  0x0000016d0d7d9154: ;   {runtime_call StubRoutines (2)}
  0x0000016d0d7d9154: 7405 e865 

  0x0000016d0d7d9158: ;   {metadata(method data for {method} {0x0000016d66804290} 'loadClass' '(Ljava/lang/String;)Ljava/lang/Class;' in 'org/codehaus/plexus/classworlds/realm/ClassRealm')}
  0x0000016d0d7d9158: f43b 0749 | b940 c28d | 666d 0100 | 0041 8bb1 | cc00 0000 | 83c6 0241 | 89b1 cc00 | 0000 81e6 
  0x0000016d0d7d9178: fe07 0000 | 83fe 000f | 844a 0000 | 004c 8bca 

  0x0000016d0d7d9188: ;   {metadata(method data for {method} {0x0000016d66804290} 'loadClass' '(Ljava/lang/String;)Ljava/lang/Class;' in 'org/codehaus/plexus/classworlds/realm/ClassRealm')}
  0x0000016d0d7d9188: 48be 40c2 | 8d66 6d01 

  0x0000016d0d7d9190: ;   {metadata('org/codehaus/plexus/classworlds/realm/ClassRealm')}
  0x0000016d0d7d9190: 0000 49ba | 800a 4026 | 6d01 0000 | 4c89 9620 | 0100 0048 | 8386 2801 | 0000 0141 | b900 0000 
  0x0000016d0d7d91b0: 0066 0f1f 

  0x0000016d0d7d91b4: ;   {optimized virtual_call}
  0x0000016d0d7d91b4: 4400 00e8 

  0x0000016d0d7d91b8: ; ImmutableOopMap {}
                      ;*invokevirtual loadClass {reexecute=0 rethrow=0 return_oop=0}
                      ; - org.codehaus.plexus.classworlds.realm.ClassRealm::loadClass@3 (line 239)
  0x0000016d0d7d91b8: 2403 0000 | 4883 c430 

  0x0000016d0d7d91c0: ;   {poll_return}
  0x0000016d0d7d91c0: 5d49 3ba7 | 7803 0000 | 0f87 1f00 

  0x0000016d0d7d91cc: ;   {metadata({method} {0x0000016d66804290} 'loadClass' '(Ljava/lang/String;)Ljava/lang/Class;' in 'org/codehaus/plexus/classworlds/realm/ClassRealm')}
  0x0000016d0d7d91cc: 0000 c349 | ba88 4280 | 666d 0100 | 004c 8954 | 2408 48c7 | 0424 ffff 

  0x0000016d0d7d91e4: ;   {runtime_call counter_overflow Runtime1 stub}
  0x0000016d0d7d91e4: ffff e815 

  0x0000016d0d7d91e8: ; ImmutableOopMap {rdx=Oop r8=Oop }
                      ;*synchronization entry
                      ; - org.codehaus.plexus.classworlds.realm.ClassRealm::loadClass@-1 (line 239)
  0x0000016d0d7d91e8: ce4a 07eb 

  0x0000016d0d7d91ec: ;   {internal_word}
  0x0000016d0d7d91ec: 9849 bac1 | 917d 0d6d | 0100 004d | 8997 9003 

  0x0000016d0d7d91fc: ;   {runtime_call SafepointBlob}
  0x0000016d0d7d91fc: 0000 e97d | 1b3e 0749 | 8b87 2804 | 0000 49c7 | 8728 0400 | 0000 0000 | 0049 c787 | 3004 0000 
  0x0000016d0d7d921c: 0000 0000 | 4883 c430 

  0x0000016d0d7d9224: ;   {runtime_call unwind_exception Runtime1 stub}
  0x0000016d0d7d9224: 5de9 56ac | 4107 f4f4 | f4f4 f4f4 
[Stub Code]
  0x0000016d0d7d9230: ;   {no_reloc}
  0x0000016d0d7d9230: 0f1f 4400 

  0x0000016d0d7d9234: ;   {static_stub}
  0x0000016d0d7d9234: 0048 bb00 | 0000 0000 

  0x0000016d0d7d923c: ;   {runtime_call}
  0x0000016d0d7d923c: 0000 00e9 | fbff ffff 
[Exception Handler]
  0x0000016d0d7d9244: ;   {runtime_call handle_exception_from_callee Runtime1 stub}
  0x0000016d0d7d9244: e837 7f41 

  0x0000016d0d7d9248: ;   {external_word}
  0x0000016d0d7d9248: 0748 b9b0 | 3316 16f8 | 7f00 0048 

  0x0000016d0d7d9254: ;   {runtime_call}
  0x0000016d0d7d9254: 83e4 f048 | b860 1de2 | 15f8 7f00 | 00ff d0f4 
[Deopt Handler Code]
  0x0000016d0d7d9264: ;   {section_word}
  0x0000016d0d7d9264: 49ba 6492 | 7d0d 6d01 | 0000 4152 

  0x0000016d0d7d9270: ;   {runtime_call DeoptimizationBlob}
  0x0000016d0d7d9270: e9ab 0d3e | 07f4 f4f4 
[/MachCode]


---------------  P R O C E S S  ---------------

Threads class SMR info:
_java_thread_list=0x0000016d6a9c2e20, length=15, elements={
0x0000016d05621110, 0x0000016d25305540, 0x0000016d25309ff0, 0x0000016d2530abf0,
0x0000016d2530c540, 0x0000016d2530ce80, 0x0000016d2530d7c0, 0x0000016d2530f440,
0x0000016d25311dd0, 0x0000016d6a535220, 0x0000016d6a539120, 0x0000016d6a9bd910,
0x0000016d6a9bdea0, 0x0000016d6a9be960, 0x0000016d6a9f94c0
}

Java Threads: ( => current thread )
=>0x0000016d05621110 JavaThread "main" [_thread_in_vm, id=35244, stack(0x000000022d100000,0x000000022d200000)]
  0x0000016d25305540 JavaThread "Reference Handler" daemon [_thread_blocked, id=39328, stack(0x000000022d900000,0x000000022da00000)]
  0x0000016d25309ff0 JavaThread "Finalizer" daemon [_thread_blocked, id=39332, stack(0x000000022da00000,0x000000022db00000)]
  0x0000016d2530abf0 JavaThread "Signal Dispatcher" daemon [_thread_blocked, id=39340, stack(0x000000022db00000,0x000000022dc00000)]
  0x0000016d2530c540 JavaThread "Attach Listener" daemon [_thread_blocked, id=39344, stack(0x000000022dc00000,0x000000022dd00000)]
  0x0000016d2530ce80 JavaThread "Service Thread" daemon [_thread_blocked, id=39348, stack(0x000000022dd00000,0x000000022de00000)]
  0x0000016d2530d7c0 JavaThread "Monitor Deflation Thread" daemon [_thread_blocked, id=39352, stack(0x000000022de00000,0x000000022df00000)]
  0x0000016d2530f440 JavaThread "C2 CompilerThread0" daemon [_thread_blocked, id=39356, stack(0x000000022df00000,0x000000022e000000)]
  0x0000016d25311dd0 JavaThread "C1 CompilerThread0" daemon [_thread_blocked, id=39360, stack(0x000000022e000000,0x000000022e100000)]
  0x0000016d6a535220 JavaThread "Notification Thread" daemon [_thread_blocked, id=39444, stack(0x000000022e100000,0x000000022e200000)]
  0x0000016d6a539120 JavaThread "Common-Cleaner" daemon [_thread_blocked, id=39456, stack(0x000000022e300000,0x000000022e400000)]
  0x0000016d6a9bd910 JavaThread "C1 CompilerThread1" daemon [_thread_blocked, id=19880, stack(0x000000022e400000,0x000000022e500000)]
  0x0000016d6a9bdea0 JavaThread "C1 CompilerThread2" daemon [_thread_blocked, id=20368, stack(0x000000022e500000,0x000000022e600000)]
  0x0000016d6a9be960 JavaThread "C1 CompilerThread3" daemon [_thread_blocked, id=4580, stack(0x000000022e600000,0x000000022e700000)]
  0x0000016d6a9f94c0 JavaThread "C2 CompilerThread1" daemon [_thread_blocked, id=22544, stack(0x000000022e700000,0x000000022e800000)]

Other Threads:
  0x0000016d252ea3d0 VMThread "VM Thread" [stack: 0x000000022d800000,0x000000022d900000] [id=38900]
  0x0000016d2534ecc0 WatcherThread "VM Periodic Task Thread" [stack: 0x000000022e200000,0x000000022e300000] [id=39452]
  0x0000016d0568ca50 WorkerThread "GC Thread#0" [stack: 0x000000022d300000,0x000000022d400000] [id=35832]
  0x0000016d0569dd70 ConcurrentGCThread "G1 Main Marker" [stack: 0x000000022d400000,0x000000022d500000] [id=35836]
  0x0000016d056a0850 WorkerThread "G1 Conc#0" [stack: 0x000000022d500000,0x000000022d600000] [id=34220]
  0x0000016d056ee8f0 ConcurrentGCThread "G1 Refine#0" [stack: 0x000000022d600000,0x000000022d700000] [id=8496]
  0x0000016d251a7540 ConcurrentGCThread "G1 Service" [stack: 0x000000022d700000,0x000000022d800000] [id=15224]

Threads with active compile tasks:

VM state: not at safepoint (normal execution)

VM Mutex/Monitor currently owned by a thread:  ([mutex/lock_event])
[0x0000016d0560cbf0] Metaspace_lock - owner thread: 0x0000016d05621110

Heap address: 0x000000070c000000, size: 3904 MB, Compressed Oops mode: Zero based, Oop shift amount: 3

CDS archive(s) mapped at: [0x0000016d25400000-0x0000016d26060000-0x0000016d26060000), size 12976128, SharedBaseAddress: 0x0000016d25400000, ArchiveRelocationMode: 1.
Compressed class space mapped at: 0x0000016d26400000-0x0000016d66400000, reserved size: 1073741824
Narrow klass base: 0x0000016d25400000, Narrow klass shift: 0, Narrow klass range: 0x100000000

GC Precious Log:
 CardTable entry size: 512
 Card Set container configuration: InlinePtr #cards 4 size 8 Array Of Cards #cards 16 size 48 Howl #buckets 8 coarsen threshold 3686 Howl Bitmap #cards 512 size 80 coarsen threshold 460 Card regions per heap region 1 cards per card region 4096
 CPUs: 16 total, 16 available
 Memory: 15612M
 Large Page Support: Disabled
 NUMA Support: Disabled
 Compressed Oops: Enabled (Zero based)
 Heap Region Size: 2M
 Heap Min Capacity: 8M
 Heap Initial Capacity: 244M
 Heap Max Capacity: 3904M
 Pre-touch: Disabled
 Parallel Workers: 13
 Concurrent Workers: 3
 Concurrent Refinement Workers: 13
 Periodic GC: Disabled

Heap:
 garbage-first heap   total 249856K, used 8192K [0x000000070c000000, 0x0000000800000000)
  region size 2048K, 5 young (10240K), 0 survivors (0K)
 Metaspace       used 2292K, committed 2368K, reserved 1114112K
  class space    used 204K, committed 256K, reserved 1048576K

Heap Regions: E=young(eden), S=young(survivor), O=old, HS=humongous(starts), HC=humongous(continues), CS=collection set, F=free, OA=open archive, CA=closed archive, TAMS=top-at-mark-start, PB=parsable bottom
|   0|0x000000070c000000, 0x000000070c000000, 0x000000070c200000|  0%| F|  |TAMS 0x000000070c000000| PB 0x000000070c000000| Untracked 
|   1|0x000000070c200000, 0x000000070c200000, 0x000000070c400000|  0%| F|  |TAMS 0x000000070c200000| PB 0x000000070c200000| Untracked 
|   2|0x000000070c400000, 0x000000070c400000, 0x000000070c600000|  0%| F|  |TAMS 0x000000070c400000| PB 0x000000070c400000| Untracked 
|   3|0x000000070c600000, 0x000000070c600000, 0x000000070c800000|  0%| F|  |TAMS 0x000000070c600000| PB 0x000000070c600000| Untracked 
|   4|0x000000070c800000, 0x000000070c800000, 0x000000070ca00000|  0%| F|  |TAMS 0x000000070c800000| PB 0x000000070c800000| Untracked 
|   5|0x000000070ca00000, 0x000000070ca00000, 0x000000070cc00000|  0%| F|  |TAMS 0x000000070ca00000| PB 0x000000070ca00000| Untracked 
|   6|0x000000070cc00000, 0x000000070cc00000, 0x000000070ce00000|  0%| F|  |TAMS 0x000000070cc00000| PB 0x000000070cc00000| Untracked 
|   7|0x000000070ce00000, 0x000000070ce00000, 0x000000070d000000|  0%| F|  |TAMS 0x000000070ce00000| PB 0x000000070ce00000| Untracked 
|   8|0x000000070d000000, 0x000000070d000000, 0x000000070d200000|  0%| F|  |TAMS 0x000000070d000000| PB 0x000000070d000000| Untracked 
|   9|0x000000070d200000, 0x000000070d200000, 0x000000070d400000|  0%| F|  |TAMS 0x000000070d200000| PB 0x000000070d200000| Untracked 
|  10|0x000000070d400000, 0x000000070d400000, 0x000000070d600000|  0%| F|  |TAMS 0x000000070d400000| PB 0x000000070d400000| Untracked 
|  11|0x000000070d600000, 0x000000070d600000, 0x000000070d800000|  0%| F|  |TAMS 0x000000070d600000| PB 0x000000070d600000| Untracked 
|  12|0x000000070d800000, 0x000000070d800000, 0x000000070da00000|  0%| F|  |TAMS 0x000000070d800000| PB 0x000000070d800000| Untracked 
|  13|0x000000070da00000, 0x000000070da00000, 0x000000070dc00000|  0%| F|  |TAMS 0x000000070da00000| PB 0x000000070da00000| Untracked 
|  14|0x000000070dc00000, 0x000000070dc00000, 0x000000070de00000|  0%| F|  |TAMS 0x000000070dc00000| PB 0x000000070dc00000| Untracked 
|  15|0x000000070de00000, 0x000000070de00000, 0x000000070e000000|  0%| F|  |TAMS 0x000000070de00000| PB 0x000000070de00000| Untracked 
|  16|0x000000070e000000, 0x000000070e000000, 0x000000070e200000|  0%| F|  |TAMS 0x000000070e000000| PB 0x000000070e000000| Untracked 
|  17|0x000000070e200000, 0x000000070e200000, 0x000000070e400000|  0%| F|  |TAMS 0x000000070e200000| PB 0x000000070e200000| Untracked 
|  18|0x000000070e400000, 0x000000070e400000, 0x000000070e600000|  0%| F|  |TAMS 0x000000070e400000| PB 0x000000070e400000| Untracked 
|  19|0x000000070e600000, 0x000000070e600000, 0x000000070e800000|  0%| F|  |TAMS 0x000000070e600000| PB 0x000000070e600000| Untracked 
|  20|0x000000070e800000, 0x000000070e800000, 0x000000070ea00000|  0%| F|  |TAMS 0x000000070e800000| PB 0x000000070e800000| Untracked 
|  21|0x000000070ea00000, 0x000000070ea00000, 0x000000070ec00000|  0%| F|  |TAMS 0x000000070ea00000| PB 0x000000070ea00000| Untracked 
|  22|0x000000070ec00000, 0x000000070ec00000, 0x000000070ee00000|  0%| F|  |TAMS 0x000000070ec00000| PB 0x000000070ec00000| Untracked 
|  23|0x000000070ee00000, 0x000000070ee00000, 0x000000070f000000|  0%| F|  |TAMS 0x000000070ee00000| PB 0x000000070ee00000| Untracked 
|  24|0x000000070f000000, 0x000000070f000000, 0x000000070f200000|  0%| F|  |TAMS 0x000000070f000000| PB 0x000000070f000000| Untracked 
|  25|0x000000070f200000, 0x000000070f200000, 0x000000070f400000|  0%| F|  |TAMS 0x000000070f200000| PB 0x000000070f200000| Untracked 
|  26|0x000000070f400000, 0x000000070f400000, 0x000000070f600000|  0%| F|  |TAMS 0x000000070f400000| PB 0x000000070f400000| Untracked 
|  27|0x000000070f600000, 0x000000070f600000, 0x000000070f800000|  0%| F|  |TAMS 0x000000070f600000| PB 0x000000070f600000| Untracked 
|  28|0x000000070f800000, 0x000000070f800000, 0x000000070fa00000|  0%| F|  |TAMS 0x000000070f800000| PB 0x000000070f800000| Untracked 
|  29|0x000000070fa00000, 0x000000070fa00000, 0x000000070fc00000|  0%| F|  |TAMS 0x000000070fa00000| PB 0x000000070fa00000| Untracked 
|  30|0x000000070fc00000, 0x000000070fc00000, 0x000000070fe00000|  0%| F|  |TAMS 0x000000070fc00000| PB 0x000000070fc00000| Untracked 
|  31|0x000000070fe00000, 0x000000070fe00000, 0x0000000710000000|  0%| F|  |TAMS 0x000000070fe00000| PB 0x000000070fe00000| Untracked 
|  32|0x0000000710000000, 0x0000000710000000, 0x0000000710200000|  0%| F|  |TAMS 0x0000000710000000| PB 0x0000000710000000| Untracked 
|  33|0x0000000710200000, 0x0000000710200000, 0x0000000710400000|  0%| F|  |TAMS 0x0000000710200000| PB 0x0000000710200000| Untracked 
|  34|0x0000000710400000, 0x0000000710400000, 0x0000000710600000|  0%| F|  |TAMS 0x0000000710400000| PB 0x0000000710400000| Untracked 
|  35|0x0000000710600000, 0x0000000710600000, 0x0000000710800000|  0%| F|  |TAMS 0x0000000710600000| PB 0x0000000710600000| Untracked 
|  36|0x0000000710800000, 0x0000000710800000, 0x0000000710a00000|  0%| F|  |TAMS 0x0000000710800000| PB 0x0000000710800000| Untracked 
|  37|0x0000000710a00000, 0x0000000710a00000, 0x0000000710c00000|  0%| F|  |TAMS 0x0000000710a00000| PB 0x0000000710a00000| Untracked 
|  38|0x0000000710c00000, 0x0000000710c00000, 0x0000000710e00000|  0%| F|  |TAMS 0x0000000710c00000| PB 0x0000000710c00000| Untracked 
|  39|0x0000000710e00000, 0x0000000710e00000, 0x0000000711000000|  0%| F|  |TAMS 0x0000000710e00000| PB 0x0000000710e00000| Untracked 
|  40|0x0000000711000000, 0x0000000711000000, 0x0000000711200000|  0%| F|  |TAMS 0x0000000711000000| PB 0x0000000711000000| Untracked 
|  41|0x0000000711200000, 0x0000000711200000, 0x0000000711400000|  0%| F|  |TAMS 0x0000000711200000| PB 0x0000000711200000| Untracked 
|  42|0x0000000711400000, 0x0000000711400000, 0x0000000711600000|  0%| F|  |TAMS 0x0000000711400000| PB 0x0000000711400000| Untracked 
|  43|0x0000000711600000, 0x0000000711600000, 0x0000000711800000|  0%| F|  |TAMS 0x0000000711600000| PB 0x0000000711600000| Untracked 
|  44|0x0000000711800000, 0x0000000711800000, 0x0000000711a00000|  0%| F|  |TAMS 0x0000000711800000| PB 0x0000000711800000| Untracked 
|  45|0x0000000711a00000, 0x0000000711a00000, 0x0000000711c00000|  0%| F|  |TAMS 0x0000000711a00000| PB 0x0000000711a00000| Untracked 
|  46|0x0000000711c00000, 0x0000000711c00000, 0x0000000711e00000|  0%| F|  |TAMS 0x0000000711c00000| PB 0x0000000711c00000| Untracked 
|  47|0x0000000711e00000, 0x0000000711e00000, 0x0000000712000000|  0%| F|  |TAMS 0x0000000711e00000| PB 0x0000000711e00000| Untracked 
|  48|0x0000000712000000, 0x0000000712000000, 0x0000000712200000|  0%| F|  |TAMS 0x0000000712000000| PB 0x0000000712000000| Untracked 
|  49|0x0000000712200000, 0x0000000712200000, 0x0000000712400000|  0%| F|  |TAMS 0x0000000712200000| PB 0x0000000712200000| Untracked 
|  50|0x0000000712400000, 0x0000000712400000, 0x0000000712600000|  0%| F|  |TAMS 0x0000000712400000| PB 0x0000000712400000| Untracked 
|  51|0x0000000712600000, 0x0000000712600000, 0x0000000712800000|  0%| F|  |TAMS 0x0000000712600000| PB 0x0000000712600000| Untracked 
|  52|0x0000000712800000, 0x0000000712800000, 0x0000000712a00000|  0%| F|  |TAMS 0x0000000712800000| PB 0x0000000712800000| Untracked 
|  53|0x0000000712a00000, 0x0000000712a00000, 0x0000000712c00000|  0%| F|  |TAMS 0x0000000712a00000| PB 0x0000000712a00000| Untracked 
|  54|0x0000000712c00000, 0x0000000712c00000, 0x0000000712e00000|  0%| F|  |TAMS 0x0000000712c00000| PB 0x0000000712c00000| Untracked 
|  55|0x0000000712e00000, 0x0000000712e00000, 0x0000000713000000|  0%| F|  |TAMS 0x0000000712e00000| PB 0x0000000712e00000| Untracked 
|  56|0x0000000713000000, 0x0000000713000000, 0x0000000713200000|  0%| F|  |TAMS 0x0000000713000000| PB 0x0000000713000000| Untracked 
|  57|0x0000000713200000, 0x0000000713200000, 0x0000000713400000|  0%| F|  |TAMS 0x0000000713200000| PB 0x0000000713200000| Untracked 
|  58|0x0000000713400000, 0x0000000713400000, 0x0000000713600000|  0%| F|  |TAMS 0x0000000713400000| PB 0x0000000713400000| Untracked 
|  59|0x0000000713600000, 0x0000000713600000, 0x0000000713800000|  0%| F|  |TAMS 0x0000000713600000| PB 0x0000000713600000| Untracked 
|  60|0x0000000713800000, 0x0000000713800000, 0x0000000713a00000|  0%| F|  |TAMS 0x0000000713800000| PB 0x0000000713800000| Untracked 
|  61|0x0000000713a00000, 0x0000000713a00000, 0x0000000713c00000|  0%| F|  |TAMS 0x0000000713a00000| PB 0x0000000713a00000| Untracked 
|  62|0x0000000713c00000, 0x0000000713c00000, 0x0000000713e00000|  0%| F|  |TAMS 0x0000000713c00000| PB 0x0000000713c00000| Untracked 
|  63|0x0000000713e00000, 0x0000000713e00000, 0x0000000714000000|  0%| F|  |TAMS 0x0000000713e00000| PB 0x0000000713e00000| Untracked 
|  64|0x0000000714000000, 0x0000000714000000, 0x0000000714200000|  0%| F|  |TAMS 0x0000000714000000| PB 0x0000000714000000| Untracked 
|  65|0x0000000714200000, 0x0000000714200000, 0x0000000714400000|  0%| F|  |TAMS 0x0000000714200000| PB 0x0000000714200000| Untracked 
|  66|0x0000000714400000, 0x0000000714400000, 0x0000000714600000|  0%| F|  |TAMS 0x0000000714400000| PB 0x0000000714400000| Untracked 
|  67|0x0000000714600000, 0x0000000714600000, 0x0000000714800000|  0%| F|  |TAMS 0x0000000714600000| PB 0x0000000714600000| Untracked 
|  68|0x0000000714800000, 0x0000000714800000, 0x0000000714a00000|  0%| F|  |TAMS 0x0000000714800000| PB 0x0000000714800000| Untracked 
|  69|0x0000000714a00000, 0x0000000714a00000, 0x0000000714c00000|  0%| F|  |TAMS 0x0000000714a00000| PB 0x0000000714a00000| Untracked 
|  70|0x0000000714c00000, 0x0000000714c00000, 0x0000000714e00000|  0%| F|  |TAMS 0x0000000714c00000| PB 0x0000000714c00000| Untracked 
|  71|0x0000000714e00000, 0x0000000714e00000, 0x0000000715000000|  0%| F|  |TAMS 0x0000000714e00000| PB 0x0000000714e00000| Untracked 
|  72|0x0000000715000000, 0x0000000715000000, 0x0000000715200000|  0%| F|  |TAMS 0x0000000715000000| PB 0x0000000715000000| Untracked 
|  73|0x0000000715200000, 0x0000000715200000, 0x0000000715400000|  0%| F|  |TAMS 0x0000000715200000| PB 0x0000000715200000| Untracked 
|  74|0x0000000715400000, 0x0000000715400000, 0x0000000715600000|  0%| F|  |TAMS 0x0000000715400000| PB 0x0000000715400000| Untracked 
|  75|0x0000000715600000, 0x0000000715600000, 0x0000000715800000|  0%| F|  |TAMS 0x0000000715600000| PB 0x0000000715600000| Untracked 
|  76|0x0000000715800000, 0x0000000715800000, 0x0000000715a00000|  0%| F|  |TAMS 0x0000000715800000| PB 0x0000000715800000| Untracked 
|  77|0x0000000715a00000, 0x0000000715a00000, 0x0000000715c00000|  0%| F|  |TAMS 0x0000000715a00000| PB 0x0000000715a00000| Untracked 
|  78|0x0000000715c00000, 0x0000000715c00000, 0x0000000715e00000|  0%| F|  |TAMS 0x0000000715c00000| PB 0x0000000715c00000| Untracked 
|  79|0x0000000715e00000, 0x0000000715e00000, 0x0000000716000000|  0%| F|  |TAMS 0x0000000715e00000| PB 0x0000000715e00000| Untracked 
|  80|0x0000000716000000, 0x0000000716000000, 0x0000000716200000|  0%| F|  |TAMS 0x0000000716000000| PB 0x0000000716000000| Untracked 
|  81|0x0000000716200000, 0x0000000716200000, 0x0000000716400000|  0%| F|  |TAMS 0x0000000716200000| PB 0x0000000716200000| Untracked 
|  82|0x0000000716400000, 0x0000000716400000, 0x0000000716600000|  0%| F|  |TAMS 0x0000000716400000| PB 0x0000000716400000| Untracked 
|  83|0x0000000716600000, 0x0000000716600000, 0x0000000716800000|  0%| F|  |TAMS 0x0000000716600000| PB 0x0000000716600000| Untracked 
|  84|0x0000000716800000, 0x0000000716800000, 0x0000000716a00000|  0%| F|  |TAMS 0x0000000716800000| PB 0x0000000716800000| Untracked 
|  85|0x0000000716a00000, 0x0000000716a00000, 0x0000000716c00000|  0%| F|  |TAMS 0x0000000716a00000| PB 0x0000000716a00000| Untracked 
|  86|0x0000000716c00000, 0x0000000716c00000, 0x0000000716e00000|  0%| F|  |TAMS 0x0000000716c00000| PB 0x0000000716c00000| Untracked 
|  87|0x0000000716e00000, 0x0000000716e00000, 0x0000000717000000|  0%| F|  |TAMS 0x0000000716e00000| PB 0x0000000716e00000| Untracked 
|  88|0x0000000717000000, 0x0000000717000000, 0x0000000717200000|  0%| F|  |TAMS 0x0000000717000000| PB 0x0000000717000000| Untracked 
|  89|0x0000000717200000, 0x0000000717200000, 0x0000000717400000|  0%| F|  |TAMS 0x0000000717200000| PB 0x0000000717200000| Untracked 
|  90|0x0000000717400000, 0x0000000717400000, 0x0000000717600000|  0%| F|  |TAMS 0x0000000717400000| PB 0x0000000717400000| Untracked 
|  91|0x0000000717600000, 0x0000000717600000, 0x0000000717800000|  0%| F|  |TAMS 0x0000000717600000| PB 0x0000000717600000| Untracked 
|  92|0x0000000717800000, 0x0000000717800000, 0x0000000717a00000|  0%| F|  |TAMS 0x0000000717800000| PB 0x0000000717800000| Untracked 
|  93|0x0000000717a00000, 0x0000000717a00000, 0x0000000717c00000|  0%| F|  |TAMS 0x0000000717a00000| PB 0x0000000717a00000| Untracked 
|  94|0x0000000717c00000, 0x0000000717c00000, 0x0000000717e00000|  0%| F|  |TAMS 0x0000000717c00000| PB 0x0000000717c00000| Untracked 
|  95|0x0000000717e00000, 0x0000000717e00000, 0x0000000718000000|  0%| F|  |TAMS 0x0000000717e00000| PB 0x0000000717e00000| Untracked 
|  96|0x0000000718000000, 0x0000000718000000, 0x0000000718200000|  0%| F|  |TAMS 0x0000000718000000| PB 0x0000000718000000| Untracked 
|  97|0x0000000718200000, 0x0000000718200000, 0x0000000718400000|  0%| F|  |TAMS 0x0000000718200000| PB 0x0000000718200000| Untracked 
|  98|0x0000000718400000, 0x0000000718400000, 0x0000000718600000|  0%| F|  |TAMS 0x0000000718400000| PB 0x0000000718400000| Untracked 
|  99|0x0000000718600000, 0x0000000718600000, 0x0000000718800000|  0%| F|  |TAMS 0x0000000718600000| PB 0x0000000718600000| Untracked 
| 100|0x0000000718800000, 0x0000000718800000, 0x0000000718a00000|  0%| F|  |TAMS 0x0000000718800000| PB 0x0000000718800000| Untracked 
| 101|0x0000000718a00000, 0x0000000718a00000, 0x0000000718c00000|  0%| F|  |TAMS 0x0000000718a00000| PB 0x0000000718a00000| Untracked 
| 102|0x0000000718c00000, 0x0000000718c00000, 0x0000000718e00000|  0%| F|  |TAMS 0x0000000718c00000| PB 0x0000000718c00000| Untracked 
| 103|0x0000000718e00000, 0x0000000718e00000, 0x0000000719000000|  0%| F|  |TAMS 0x0000000718e00000| PB 0x0000000718e00000| Untracked 
| 104|0x0000000719000000, 0x0000000719000000, 0x0000000719200000|  0%| F|  |TAMS 0x0000000719000000| PB 0x0000000719000000| Untracked 
| 105|0x0000000719200000, 0x0000000719200000, 0x0000000719400000|  0%| F|  |TAMS 0x0000000719200000| PB 0x0000000719200000| Untracked 
| 106|0x0000000719400000, 0x0000000719400000, 0x0000000719600000|  0%| F|  |TAMS 0x0000000719400000| PB 0x0000000719400000| Untracked 
| 107|0x0000000719600000, 0x0000000719600000, 0x0000000719800000|  0%| F|  |TAMS 0x0000000719600000| PB 0x0000000719600000| Untracked 
| 108|0x0000000719800000, 0x0000000719800000, 0x0000000719a00000|  0%| F|  |TAMS 0x0000000719800000| PB 0x0000000719800000| Untracked 
| 109|0x0000000719a00000, 0x0000000719a00000, 0x0000000719c00000|  0%| F|  |TAMS 0x0000000719a00000| PB 0x0000000719a00000| Untracked 
| 110|0x0000000719c00000, 0x0000000719c00000, 0x0000000719e00000|  0%| F|  |TAMS 0x0000000719c00000| PB 0x0000000719c00000| Untracked 
| 111|0x0000000719e00000, 0x0000000719e00000, 0x000000071a000000|  0%| F|  |TAMS 0x0000000719e00000| PB 0x0000000719e00000| Untracked 
| 112|0x000000071a000000, 0x000000071a000000, 0x000000071a200000|  0%| F|  |TAMS 0x000000071a000000| PB 0x000000071a000000| Untracked 
| 113|0x000000071a200000, 0x000000071a200000, 0x000000071a400000|  0%| F|  |TAMS 0x000000071a200000| PB 0x000000071a200000| Untracked 
| 114|0x000000071a400000, 0x000000071a400000, 0x000000071a600000|  0%| F|  |TAMS 0x000000071a400000| PB 0x000000071a400000| Untracked 
| 115|0x000000071a600000, 0x000000071a600000, 0x000000071a800000|  0%| F|  |TAMS 0x000000071a600000| PB 0x000000071a600000| Untracked 
| 116|0x000000071a800000, 0x000000071a800000, 0x000000071aa00000|  0%| F|  |TAMS 0x000000071a800000| PB 0x000000071a800000| Untracked 
| 117|0x000000071aa00000, 0x000000071abc3c50, 0x000000071ac00000| 88%| E|  |TAMS 0x000000071aa00000| PB 0x000000071aa00000| Complete 
| 118|0x000000071ac00000, 0x000000071ae00000, 0x000000071ae00000|100%| E|CS|TAMS 0x000000071ac00000| PB 0x000000071ac00000| Complete 
| 119|0x000000071ae00000, 0x000000071b000000, 0x000000071b000000|100%| E|CS|TAMS 0x000000071ae00000| PB 0x000000071ae00000| Complete 
| 120|0x000000071b000000, 0x000000071b200000, 0x000000071b200000|100%| E|CS|TAMS 0x000000071b000000| PB 0x000000071b000000| Complete 
| 121|0x000000071b200000, 0x000000071b400000, 0x000000071b400000|100%| E|CS|TAMS 0x000000071b200000| PB 0x000000071b200000| Complete 

Card table byte_map: [0x0000016d1d730000,0x0000016d1ded0000] _byte_map_base: 0x0000016d19ed0000

Marking Bits: (CMBitMap*) 0x0000016d0568d080
 Bits: [0x0000016d1e670000, 0x0000016d22370000)

Polling page: 0x0000016d03610000

Metaspace:

Usage:
  Non-class:      2.04 MB used.
      Class:    204.79 KB used.
       Both:      2.24 MB used.

Virtual space:
  Non-class space:       64.00 MB reserved,       2.06 MB (  3%) committed,  1 nodes.
      Class space:        1.00 GB reserved,     256.00 KB ( <1%) committed,  1 nodes.
             Both:        1.06 GB reserved,       2.31 MB ( <1%) committed. 

Chunk freelists:
   Non-Class:  2.98 MB
       Class:  3.62 MB
        Both:  6.61 MB

MaxMetaspaceSize: unlimited
CompressedClassSpaceSize: 1.00 GB
Initial GC threshold: 21.00 MB
Current GC threshold: 21.00 MB
CDS: on
MetaspaceReclaimPolicy: balanced
 - commit_granule_bytes: 65536.
 - commit_granule_words: 8192.
 - virtual_space_node_default_size: 8388608.
 - enlarge_chunks_in_place: 1.
 - new_chunks_are_fully_committed: 0.
 - uncommit_free_chunks: 1.
 - use_allocation_guard: 0.


Internal statistics:

num_allocs_failed_limit: 0.
num_arena_births: 28.
num_arena_deaths: 0.
num_vsnodes_births: 2.
num_vsnodes_deaths: 0.
num_space_committed: 37.
num_space_uncommitted: 0.
num_chunks_returned_to_freelist: 0.
num_chunks_taken_from_freelist: 83.
num_chunk_merges: 0.
num_chunk_splits: 53.
num_chunks_enlarged: 42.
num_inconsistent_stats: 0.

CodeHeap 'non-profiled nmethods': size=119168Kb used=195Kb max_used=195Kb free=118972Kb
 bounds [0x0000016d152a0000, 0x0000016d15510000, 0x0000016d1c700000]
CodeHeap 'profiled nmethods': size=119104Kb used=1254Kb max_used=1254Kb free=117849Kb
 bounds [0x0000016d0d700000, 0x0000016d0d970000, 0x0000016d14b50000]
CodeHeap 'non-nmethods': size=7488Kb used=3069Kb max_used=3069Kb free=4418Kb
 bounds [0x0000016d14b50000, 0x0000016d14ee0000, 0x0000016d152a0000]
 total_blobs=1154 nmethods=722 adapters=340
 compilation: enabled
              stopped_count=0, restarted_count=0
 full_count=0

Compilation events (20 events):
Event: 15.531 Thread 0x0000016d25311dd0 nmethod 712 0x0000016d0d833d90 code [0x0000016d0d833f20, 0x0000016d0d8340a0]
Event: 15.531 Thread 0x0000016d25311dd0  714       3       java.util.Arrays::copyOf (40 bytes)
Event: 15.531 Thread 0x0000016d2530f440 nmethod 713 0x0000016d152d0c90 code [0x0000016d152d0e00, 0x0000016d152d0e70]
Event: 15.531 Thread 0x0000016d25311dd0 nmethod 714 0x0000016d0d834110 code [0x0000016d0d834300, 0x0000016d0d8349d0]
Event: 15.531 Thread 0x0000016d25311dd0  715       3       java.lang.AbstractStringBuilder::append (77 bytes)
Event: 15.532 Thread 0x0000016d25311dd0 nmethod 715 0x0000016d0d834c10 code [0x0000016d0d834e00, 0x0000016d0d8354f8]
Event: 15.535 Thread 0x0000016d25311dd0  716  s    3       jdk.internal.perf.PerfCounter::get (9 bytes)
Event: 15.535 Thread 0x0000016d25311dd0 nmethod 716 0x0000016d0d835790 code [0x0000016d0d835920, 0x0000016d0d835b48]
Event: 15.535 Thread 0x0000016d25311dd0  717   !   3       java.nio.DirectLongBufferU::get (36 bytes)
Event: 15.536 Thread 0x0000016d25311dd0 nmethod 717 0x0000016d0d835c90 code [0x0000016d0d835ee0, 0x0000016d0d836870]
Event: 15.536 Thread 0x0000016d25311dd0  718   !   3       jdk.internal.misc.ScopedMemoryAccess::getLong (16 bytes)
Event: 15.536 Thread 0x0000016d25311dd0 nmethod 718 0x0000016d0d836d90 code [0x0000016d0d836f60, 0x0000016d0d837338]
Event: 15.536 Thread 0x0000016d25311dd0  719   !   3       jdk.internal.misc.ScopedMemoryAccess::getLongInternal (34 bytes)
Event: 15.536 Thread 0x0000016d25311dd0 nmethod 719 0x0000016d0d837510 code [0x0000016d0d8376c0, 0x0000016d0d837920]
Event: 15.536 Thread 0x0000016d25311dd0  720   !   3       java.nio.DirectLongBufferU::put (39 bytes)
Event: 15.538 Thread 0x0000016d25311dd0 nmethod 720 0x0000016d0d837a90 code [0x0000016d0d837ce0, 0x0000016d0d8386b8]
Event: 15.538 Thread 0x0000016d25311dd0  721   !   3       jdk.internal.misc.ScopedMemoryAccess::putLong (21 bytes)
Event: 15.538 Thread 0x0000016d25311dd0 nmethod 721 0x0000016d0d838b90 code [0x0000016d0d838d60, 0x0000016d0d839178]
Event: 15.538 Thread 0x0000016d25311dd0  722   !   3       jdk.internal.misc.ScopedMemoryAccess::putLongInternal (35 bytes)
Event: 15.538 Thread 0x0000016d25311dd0 nmethod 722 0x0000016d0d839390 code [0x0000016d0d839540, 0x0000016d0d8397b8]

GC Heap History (0 events):
No events

Dll operation events (8 events):
Event: 0.102 Loaded shared library C:\Program Files\Java\jdk-20\bin\java.dll
Event: 6.446 Loaded shared library C:\Program Files\Java\jdk-20\bin\jsvml.dll
Event: 7.340 Loaded shared library C:\Program Files\Java\jdk-20\bin\net.dll
Event: 7.738 Loaded shared library C:\Program Files\Java\jdk-20\bin\nio.dll
Event: 7.744 Loaded shared library C:\Program Files\Java\jdk-20\bin\zip.dll
Event: 13.049 Loaded shared library C:\Program Files\Java\jdk-20\bin\jimage.dll
Event: 13.189 Loaded shared library C:\Program Files\NetBeans-18\netbeans\java\maven\lib\jansi-native\Windows\x86_64\jansi.dll
Event: 13.209 Loaded shared library C:\Program Files\Java\jdk-20\bin\verify.dll

Deoptimization events (20 events):
Event: 15.519 Thread 0x0000016d05621110 Uncommon trap: trap_request=0xffffff45 fr.pc=0x0000016d152cd134 relative=0x00000000000006d4
Event: 15.519 Thread 0x0000016d05621110 Uncommon trap: reason=unstable_if action=reinterpret pc=0x0000016d152cd134 method=java.util.regex.Matcher.search(I)Z @ 30 c2
Event: 15.519 Thread 0x0000016d05621110 DEOPT PACKING pc=0x0000016d152cd134 sp=0x000000022d1fd9a0
Event: 15.519 Thread 0x0000016d05621110 DEOPT UNPACKING pc=0x0000016d14bb9d22 sp=0x000000022d1fd980 mode 2
Event: 15.524 Thread 0x0000016d05621110 Uncommon trap: trap_request=0xffffff45 fr.pc=0x0000016d152a7bd0 relative=0x00000000000003b0
Event: 15.524 Thread 0x0000016d05621110 Uncommon trap: reason=unstable_if action=reinterpret pc=0x0000016d152a7bd0 method=java.lang.StringLatin1.canEncode(I)Z @ 4 c2
Event: 15.524 Thread 0x0000016d05621110 DEOPT PACKING pc=0x0000016d152a7bd0 sp=0x000000022d1fdf80
Event: 15.524 Thread 0x0000016d05621110 DEOPT UNPACKING pc=0x0000016d14bb9d22 sp=0x000000022d1fdea8 mode 2
Event: 15.524 Thread 0x0000016d05621110 Uncommon trap: trap_request=0xffffff45 fr.pc=0x0000016d152c01c0 relative=0x00000000000003a0
Event: 15.524 Thread 0x0000016d05621110 Uncommon trap: reason=unstable_if action=reinterpret pc=0x0000016d152c01c0 method=java.lang.AbstractStringBuilder.isLatin1()Z @ 10 c2
Event: 15.524 Thread 0x0000016d05621110 DEOPT PACKING pc=0x0000016d152c01c0 sp=0x000000022d1fdfa0
Event: 15.524 Thread 0x0000016d05621110 DEOPT UNPACKING pc=0x0000016d14bb9d22 sp=0x000000022d1fdf20 mode 2
Event: 15.524 Thread 0x0000016d05621110 Uncommon trap: trap_request=0xffffff45 fr.pc=0x0000016d152c266c relative=0x000000000000006c
Event: 15.524 Thread 0x0000016d05621110 Uncommon trap: reason=unstable_if action=reinterpret pc=0x0000016d152c266c method=java.lang.AbstractStringBuilder.isLatin1()Z @ 10 c2
Event: 15.524 Thread 0x0000016d05621110 DEOPT PACKING pc=0x0000016d152c266c sp=0x000000022d1fdf90
Event: 15.524 Thread 0x0000016d05621110 DEOPT UNPACKING pc=0x0000016d14bb9d22 sp=0x000000022d1fdf20 mode 2
Event: 15.531 Thread 0x0000016d05621110 Uncommon trap: trap_request=0xffffff45 fr.pc=0x0000016d152a8148 relative=0x0000000000000048
Event: 15.531 Thread 0x0000016d05621110 Uncommon trap: reason=unstable_if action=reinterpret pc=0x0000016d152a8148 method=java.lang.StringLatin1.canEncode(I)Z @ 4 c2
Event: 15.531 Thread 0x0000016d05621110 DEOPT PACKING pc=0x0000016d152a8148 sp=0x000000022d1fdf30
Event: 15.531 Thread 0x0000016d05621110 DEOPT UNPACKING pc=0x0000016d14bb9d22 sp=0x000000022d1fdec0 mode 2

Classes loaded (20 events):
Event: 14.962 Loading class java/io/StringWriter
Event: 14.963 Loading class java/io/StringWriter done
Event: 14.978 Loading class java/util/ArrayList$ListItr
Event: 14.979 Loading class java/util/ArrayList$ListItr done
Event: 15.080 Loading class java/lang/TypeNotPresentException
Event: 15.080 Loading class java/lang/TypeNotPresentException done
Event: 15.139 Loading class java/util/concurrent/atomic/AtomicReference
Event: 15.139 Loading class java/util/concurrent/atomic/AtomicReference done
Event: 15.210 Loading class java/text/ParseException
Event: 15.210 Loading class java/text/ParseException done
Event: 15.469 Loading class sun/util/calendar/ZoneInfoFile$Checksum
Event: 15.469 Loading class sun/util/calendar/ZoneInfoFile$Checksum done
Event: 15.472 Loading class jdk/internal/module/ModulePatcher$PatchedModuleReader
Event: 15.472 Loading class jdk/internal/module/ModulePatcher$PatchedModuleReader done
Event: 15.473 Loading class sun/net/www/protocol/jrt/Handler
Event: 15.473 Loading class sun/net/www/protocol/jrt/Handler done
Event: 15.521 Loading class sun/text/resources/cldr/FormatData_en
Event: 15.522 Loading class sun/text/resources/cldr/FormatData_en done
Event: 15.522 Loading class sun/text/resources/cldr/FormatData_en_US
Event: 15.522 Loading class sun/text/resources/cldr/FormatData_en_US done

Classes unloaded (0 events):
No events

Classes redefined (0 events):
No events

Internal exceptions (11 events):
Event: 13.016 Thread 0x0000016d05621110 Exception <a 'java/lang/NoSuchMethodError'{0x000000071ae972c8}: 'java.lang.Object java.lang.invoke.Invokers$Holder.invokeExact_MT(java.lang.Object, java.lang.Object, java.lang.Object, java.lang.Object, java.lang.Object)'> (0x000000071ae972c8) 
thrown [s\open\src\hotspot\share\interpreter\linkResolver.cpp, line 773]
Event: 13.041 Thread 0x0000016d05621110 Exception <a 'java/lang/NullPointerException'{0x000000071aeecf18}> (0x000000071aeecf18) 
thrown [s\open\src\hotspot\share\interpreter\linkResolver.cpp, line 1373]
Event: 13.191 Thread 0x0000016d05621110 Exception <a 'java/lang/NullPointerException'{0x000000071af25100}> (0x000000071af25100) 
thrown [s\open\src\hotspot\share\interpreter\linkResolver.cpp, line 1373]
Event: 13.191 Thread 0x0000016d05621110 Exception <a 'java/lang/NullPointerException'{0x000000071af253e0}> (0x000000071af253e0) 
thrown [s\open\src\hotspot\share\interpreter\linkResolver.cpp, line 1373]
Event: 13.191 Thread 0x0000016d05621110 Exception <a 'java/lang/NullPointerException'{0x000000071af256c0}> (0x000000071af256c0) 
thrown [s\open\src\hotspot\share\interpreter\linkResolver.cpp, line 1373]
Event: 13.193 Thread 0x0000016d05621110 Exception <a 'java/lang/NullPointerException'{0x000000071af2a498}> (0x000000071af2a498) 
thrown [s\open\src\hotspot\share\interpreter\linkResolver.cpp, line 1373]
Event: 13.196 Thread 0x0000016d05621110 Exception <a 'java/lang/NullPointerException'{0x000000071af3ceb8}> (0x000000071af3ceb8) 
thrown [s\open\src\hotspot\share\interpreter\linkResolver.cpp, line 1373]
Event: 13.196 Thread 0x0000016d05621110 Exception <a 'java/lang/NullPointerException'{0x000000071af3d198}> (0x000000071af3d198) 
thrown [s\open\src\hotspot\share\interpreter\linkResolver.cpp, line 1373]
Event: 13.196 Thread 0x0000016d05621110 Exception <a 'java/lang/NullPointerException'{0x000000071af3d478}> (0x000000071af3d478) 
thrown [s\open\src\hotspot\share\interpreter\linkResolver.cpp, line 1373]
Event: 13.196 Thread 0x0000016d05621110 Exception <a 'java/lang/NullPointerException'{0x000000071af3d758}> (0x000000071af3d758) 
thrown [s\open\src\hotspot\share\interpreter\linkResolver.cpp, line 1373]
Event: 14.997 Thread 0x0000016d05621110 Exception <a 'java/lang/NoSuchMethodError'{0x000000071ad524e0}: 'java.lang.Object java.lang.invoke.DirectMethodHandle$Holder.invokeSpecialIFC(java.lang.Object, java.lang.Object, java.lang.Object, java.lang.Object)'> (0x000000071ad524e0) 
thrown [s\open\src\hotspot\share\interpreter\linkResolver.cpp, line 773]

VM Operations (18 events):
Event: 7.746 Executing VM operation: HandshakeAllThreads
Event: 7.747 Executing VM operation: HandshakeAllThreads done
Event: 8.753 Executing VM operation: Cleanup
Event: 8.753 Executing VM operation: Cleanup done
Event: 9.755 Executing VM operation: Cleanup
Event: 9.755 Executing VM operation: Cleanup done
Event: 12.786 Executing VM operation: Cleanup
Event: 12.786 Executing VM operation: Cleanup done
Event: 13.036 Executing VM operation: HandshakeAllThreads
Event: 13.036 Executing VM operation: HandshakeAllThreads done
Event: 13.053 Executing VM operation: HandshakeAllThreads
Event: 13.054 Executing VM operation: HandshakeAllThreads done
Event: 14.057 Executing VM operation: Cleanup
Event: 14.057 Executing VM operation: Cleanup done
Event: 15.061 Executing VM operation: Cleanup
Event: 15.061 Executing VM operation: Cleanup done
Event: 15.152 Executing VM operation: HandshakeAllThreads
Event: 15.152 Executing VM operation: HandshakeAllThreads done

Events (20 events):
Event: 6.789 Thread 0x0000016d25305540 Thread added: 0x0000016d25305540
Event: 6.790 Thread 0x0000016d25309ff0 Thread added: 0x0000016d25309ff0
Event: 6.790 Thread 0x0000016d2530abf0 Thread added: 0x0000016d2530abf0
Event: 6.790 Thread 0x0000016d2530c540 Thread added: 0x0000016d2530c540
Event: 6.790 Thread 0x0000016d2530ce80 Thread added: 0x0000016d2530ce80
Event: 6.790 Thread 0x0000016d2530d7c0 Thread added: 0x0000016d2530d7c0
Event: 6.790 Thread 0x0000016d2530f440 Thread added: 0x0000016d2530f440
Event: 6.790 Thread 0x0000016d25311dd0 Thread added: 0x0000016d25311dd0
Event: 6.811 Thread 0x0000016d6a535220 Thread added: 0x0000016d6a535220
Event: 6.815 Thread 0x0000016d6a539120 Thread added: 0x0000016d6a539120
Event: 7.277 Thread 0x0000016d6a5a6c50 Thread added: 0x0000016d6a5a6c50
Event: 7.277 Thread 0x0000016d6a5a71e0 Thread added: 0x0000016d6a5a71e0
Event: 7.277 Thread 0x0000016d6a5ab780 Thread added: 0x0000016d6a5ab780
Event: 9.123 Thread 0x0000016d6a5ab780 Thread exited: 0x0000016d6a5ab780
Event: 10.602 Thread 0x0000016d6a5a6c50 Thread exited: 0x0000016d6a5a6c50
Event: 10.602 Thread 0x0000016d6a5a71e0 Thread exited: 0x0000016d6a5a71e0
Event: 15.422 Thread 0x0000016d6a9bd910 Thread added: 0x0000016d6a9bd910
Event: 15.422 Thread 0x0000016d6a9bdea0 Thread added: 0x0000016d6a9bdea0
Event: 15.423 Thread 0x0000016d6a9be960 Thread added: 0x0000016d6a9be960
Event: 15.496 Thread 0x0000016d6a9f94c0 Thread added: 0x0000016d6a9f94c0


Dynamic libraries:
0x00007ff622560000 - 0x00007ff622570000 	C:\Program Files\Java\jdk-20\bin\java.exe
0x00007ff8a2c80000 - 0x00007ff8a2e89000 	C:\Windows\SYSTEM32\ntdll.dll
0x00007ff8a0b80000 - 0x00007ff8a0c3d000 	C:\Windows\System32\KERNEL32.DLL
0x00007ff8a0110000 - 0x00007ff8a0494000 	C:\Windows\System32\KERNELBASE.dll
0x00007ff8a04d0000 - 0x00007ff8a05e1000 	C:\Windows\System32\ucrtbase.dll
0x00007ff890a20000 - 0x00007ff890a39000 	C:\Program Files\Java\jdk-20\bin\jli.dll
0x00007ff8a2b80000 - 0x00007ff8a2c2e000 	C:\Windows\System32\ADVAPI32.dll
0x00007ff8a0eb0000 - 0x00007ff8a0f53000 	C:\Windows\System32\msvcrt.dll
0x00007ff8a1910000 - 0x00007ff8a19ae000 	C:\Windows\System32\sechost.dll
0x00007ff8a10c0000 - 0x00007ff8a11e1000 	C:\Windows\System32\RPCRT4.dll
0x00007ff8a28b0000 - 0x00007ff8a2a5d000 	C:\Windows\System32\USER32.dll
0x00007ff8a04a0000 - 0x00007ff8a04c6000 	C:\Windows\System32\win32u.dll
0x00007ff8a0c40000 - 0x00007ff8a0c6a000 	C:\Windows\System32\GDI32.dll
0x00007ff8a07d0000 - 0x00007ff8a08ee000 	C:\Windows\System32\gdi32full.dll
0x00007ff8a0730000 - 0x00007ff8a07cd000 	C:\Windows\System32\msvcp_win.dll
0x00007ff8967c0000 - 0x00007ff8967db000 	C:\Program Files\Java\jdk-20\bin\VCRUNTIME140.dll
0x00007ff889e00000 - 0x00007ff88a0a5000 	C:\Windows\WinSxS\amd64_microsoft.windows.common-controls_6595b64144ccf1df_6.0.22000.120_none_9d947278b86cc467\COMCTL32.dll
0x00007ff896fa0000 - 0x00007ff896faa000 	C:\Windows\SYSTEM32\VERSION.dll
0x00007ff8a2a60000 - 0x00007ff8a2a91000 	C:\Windows\System32\IMM32.DLL
0x00007ff89c110000 - 0x00007ff89c11c000 	C:\Program Files\Java\jdk-20\bin\vcruntime140_1.dll
0x00007ff88f320000 - 0x00007ff88f3ae000 	C:\Program Files\Java\jdk-20\bin\msvcp140.dll
0x00007ff815810000 - 0x00007ff8164a8000 	C:\Program Files\Java\jdk-20\bin\server\jvm.dll
0x00007ff89c120000 - 0x00007ff89c129000 	C:\Windows\SYSTEM32\WSOCK32.dll
0x00007ff8a1290000 - 0x00007ff8a12ff000 	C:\Windows\System32\WS2_32.dll
0x00007ff898e20000 - 0x00007ff898e53000 	C:\Windows\SYSTEM32\WINMM.dll
0x00007ff89f1f0000 - 0x00007ff89f208000 	C:\Windows\SYSTEM32\kernel.appcore.dll
0x00007ff89a260000 - 0x00007ff89a26a000 	C:\Program Files\Java\jdk-20\bin\jimage.dll
0x00007ff89dcb0000 - 0x00007ff89ded1000 	C:\Windows\SYSTEM32\DBGHELP.DLL
0x00007ff886a60000 - 0x00007ff886a91000 	C:\Windows\SYSTEM32\dbgcore.DLL
0x00007ff8a05f0000 - 0x00007ff8a066f000 	C:\Windows\System32\bcryptPrimitives.dll
0x00007ff894e60000 - 0x00007ff894e86000 	C:\Program Files\Java\jdk-20\bin\java.dll
0x00007ff87e8e0000 - 0x00007ff87e9b7000 	C:\Program Files\Java\jdk-20\bin\jsvml.dll
0x00007ff8a1aa0000 - 0x00007ff8a2265000 	C:\Windows\System32\SHELL32.dll
0x00007ff89e1e0000 - 0x00007ff89ea42000 	C:\Windows\SYSTEM32\windows.storage.dll
0x00007ff8a1590000 - 0x00007ff8a1906000 	C:\Windows\System32\combase.dll
0x00007ff89e070000 - 0x00007ff89e1d7000 	C:\Windows\SYSTEM32\wintypes.dll
0x00007ff8a0f60000 - 0x00007ff8a104a000 	C:\Windows\System32\SHCORE.dll
0x00007ff8a1050000 - 0x00007ff8a10ad000 	C:\Windows\System32\shlwapi.dll
0x00007ff8a0040000 - 0x00007ff8a0065000 	C:\Windows\SYSTEM32\profapi.dll
0x00007ff8967a0000 - 0x00007ff8967b3000 	C:\Program Files\Java\jdk-20\bin\net.dll
0x00007ff89b5f0000 - 0x00007ff89b704000 	C:\Windows\SYSTEM32\WINHTTP.dll
0x00007ff89f6a0000 - 0x00007ff89f707000 	C:\Windows\system32\mswsock.dll
0x00007ff894e40000 - 0x00007ff894e56000 	C:\Program Files\Java\jdk-20\bin\nio.dll
0x00007ff891e40000 - 0x00007ff891e58000 	C:\Program Files\Java\jdk-20\bin\zip.dll
0x0000000069ac0000 - 0x0000000069ae4000 	C:\Program Files\NetBeans-18\netbeans\java\maven\lib\jansi-native\Windows\x86_64\jansi.dll
0x00007ff896640000 - 0x00007ff896650000 	C:\Program Files\Java\jdk-20\bin\verify.dll

dbghelp: loaded successfully - version: 4.0.5 - missing functions: none
symbol engine: initialized successfully - sym options: 0x614 - pdb path: .;C:\Program Files\Java\jdk-20\bin;C:\Windows\SYSTEM32;C:\Windows\WinSxS\amd64_microsoft.windows.common-controls_6595b64144ccf1df_6.0.22000.120_none_9d947278b86cc467;C:\Program Files\Java\jdk-20\bin\server;C:\Program Files\NetBeans-18\netbeans\java\maven\lib\jansi-native\Windows\x86_64

VM Arguments:
jvm_args: -Dclassworlds.conf=C:\Program Files\NetBeans-18\netbeans\java\maven\bin\m2.conf -Dmaven.home=C:\Program Files\NetBeans-18\netbeans\java\maven -Dlibrary.jansi.path=C:\Program Files\NetBeans-18\netbeans\java\maven\lib\jansi-native -Dmaven.multiModuleProjectDirectory=C:\Users\FLOW\Documents\NetBeansProjects\Peminjaman-Ruang 
java_command: org.codehaus.plexus.classworlds.launcher.Launcher -Dexec.vmArgs= -Dexec.args=${exec.vmArgs} -classpath %classpath ${exec.mainClass} ${exec.appArgs} -Dexec.appArgs= -Dexec.mainClass=peminjaman.peminjaman.ruang.PeminjamanRuang -Dexec.executable=C:\Program Files\Java\jdk-20\bin\java.exe -Dmaven.ext.class.path=C:\Program Files\NetBeans-18\netbeans\java\maven-nblib\netbeans-eventspy.jar --no-transfer-progress process-classes org.codehaus.mojo:exec-maven-plugin:3.1.0:exec
java_class_path (initial): C:\Program Files\NetBeans-18\netbeans\java\maven\boot\plexus-classworlds-2.6.0.jar
Launcher Type: SUN_STANDARD

[Global flags]
     intx CICompilerCount                          = 12                                        {product} {ergonomic}
     uint ConcGCThreads                            = 3                                         {product} {ergonomic}
     uint G1ConcRefinementThreads                  = 13                                        {product} {ergonomic}
   size_t G1HeapRegionSize                         = 2097152                                   {product} {ergonomic}
    uintx GCDrainStackTargetSize                   = 64                                        {product} {ergonomic}
   size_t InitialHeapSize                          = 255852544                                 {product} {ergonomic}
   size_t MarkStackSize                            = 4194304                                   {product} {ergonomic}
   size_t MaxHeapSize                              = 4093640704                                {product} {ergonomic}
   size_t MaxNewSize                               = 2455764992                                {product} {ergonomic}
   size_t MinHeapDeltaBytes                        = 2097152                                   {product} {ergonomic}
   size_t MinHeapSize                              = 8388608                                   {product} {ergonomic}
    uintx NonNMethodCodeHeapSize                   = 7602480                                {pd product} {ergonomic}
    uintx NonProfiledCodeHeapSize                  = 122027880                              {pd product} {ergonomic}
    uintx ProfiledCodeHeapSize                     = 122027880                              {pd product} {ergonomic}
    uintx ReservedCodeCacheSize                    = 251658240                              {pd product} {ergonomic}
     bool SegmentedCodeCache                       = true                                      {product} {ergonomic}
   size_t SoftMaxHeapSize                          = 4093640704                             {manageable} {ergonomic}
     bool UseCompressedClassPointers               = true                           {product lp64_product} {ergonomic}
     bool UseCompressedOops                        = true                           {product lp64_product} {ergonomic}
     bool UseG1GC                                  = true                                      {product} {ergonomic}
     bool UseLargePagesIndividualAllocation        = false                                  {pd product} {ergonomic}

Logging:
Log output configuration:
 #0: stdout all=warning uptime,level,tags foldmultilines=false
 #1: stderr all=off uptime,level,tags foldmultilines=false

Environment Variables:
JAVA_HOME=C:\Program Files\Java\jdk-20
PATH=C:\Program Files\Common Files\Oracle\Java\javapath;C:\Windows\system32;C:\Windows;C:\Windows\System32\Wbem;C:\Windows\System32\WindowsPowerShell\v1.0\;C:\Windows\System32\OpenSSH\;C:\Program Files (x86)\NVIDIA Corporation\PhysX\Common;C:\Program Files\NVIDIA Corporation\NVIDIA NvDLISR;C:\Users\FLOW\AppData\Local\Programs\Python\Launcher\;C:\Users\FLOW\AppData\Local\Microsoft\WindowsApps;;C:\Users\FLOW\AppData\Local\Programs\Microsoft VS Code\bin
USERNAME=FLOW
OS=Windows_NT
PROCESSOR_IDENTIFIER=AMD64 Family 25 Model 68 Stepping 1, AuthenticAMD
TMP=C:\Users\FLOW\AppData\Local\Temp
TEMP=C:\Users\FLOW\AppData\Local\Temp




---------------  S Y S T E M  ---------------

OS:
 Windows 11 , 64 bit Build 22000 (10.0.22000.2360)
OS uptime: 0 days 7:30 hours

CPU: total 16 (initial active 16) (16 cores per cpu, 2 threads per core) family 25 model 68 stepping 1 microcode 0x0, cx8, cmov, fxsr, ht, mmx, 3dnowpref, sse, sse2, sse3, ssse3, sse4a, sse4.1, sse4.2, popcnt, lzcnt, tsc, tscinvbit, avx, avx2, aes, erms, clmul, bmi1, bmi2, adx, sha, fma, vzeroupper, clflush, clflushopt, rdtscp, rdpid, fsrm, f16c, pku, cet_ss

Memory: 4k page, system-wide physical 15612M (734M free)
TotalPageFile size 62716M (AvailPageFile size 1457M)
current process WorkingSet (physical memory assigned to process): 50M, peak: 50M
current process commit charge ("private bytes"): 345M, peak: 345M

vm_info: Java HotSpot(TM) 64-Bit Server VM (20.0.2+9-78) for windows-amd64 JRE (20.0.2+9-78), built on 2023-06-14T10:08:48Z by "mach5one" with MS VC++ 17.1 (VS2022)

END.
