#
# There is insufficient memory for the Java Runtime Environment to continue.
# Native memory allocation (mmap) failed to map 65536 bytes for Failed to commit metaspace.
# Possible reasons:
#   The system is out of physical RAM or swap space
#   The process is running with CompressedOops enabled, and the Java Heap may be blocking the growth of the native heap
# Possible solutions:
#   Reduce memory load on the system
#   Increase physical memory or swap space
#   Check if swap backing store is full
#   Decrease Java heap size (-Xmx/-Xms)
#
#  Out of Memory Error, pid=31240
V  [jvm.dll+0x84971a]
V  [jvm.dll+0x84b315]
V  [jvm.dll+0x84ba13]
V  [jvm.dll+0x280e4f]
V  [jvm.dll+0x84565b]
V  [jvm.dll+0x660616]
V  [jvm.dll+0x1eb7b7]
V  [jvm.dll+0x663032]
V  [jvm.dll+0x662e1e]
V  [jvm.dll+0x66102e]
V  [jvm.dll+0x26ce71]
V  [jvm.dll+0x21b7c7]
V  [jvm.dll+0x21bc45]
V  [jvm.dll+0x21c631]
V  [jvm.dll+0x211a50]
V  [jvm.dll+0x59c7cc]
V  [jvm.dll+0x7c42a3]
V  [jvm.dll+0x7c4384]
V  [jvm.dll+0x46ca64]
V  [jvm.dll+0x471fc8]
C  [java.dll+0x17ec]

Java frames: (J=compiled Java code, j=interpreted, Vv=VM code)
J 921  java.lang.ClassLoader.defineClass1(Ljava/lang/ClassLoader;Ljava/lang/String;[BIILjava/security/ProtectionDomain;Ljava/lang/String;)Ljava/lang/Class; java.base@20.0.2 (0 bytes) @ 0x000001d20fbedc71 [0x000001d20fbedba0+0x00000000000000d1]
J 824 c1 java.lang.ClassLoader.defineClass(Ljava/lang/String;[BIILjava/security/ProtectionDomain;)Ljava/lang/Class; java.base@20.0.2 (43 bytes) @ 0x000001d20818e964 [0x000001d20818e600+0x0000000000000364]
J 928 c1 java.security.SecureClassLoader.defineClass(Ljava/lang/String;[BIILjava/security/CodeSource;)Ljava/lang/Class; java.base@20.0.2 (16 bytes) @ 0x000001d2081ccf74 [0x000001d2081ccea0+0x00000000000000d4]
J 876 c1 java.net.URLClassLoader.defineClass(Ljava/lang/String;Ljdk/internal/loader/Resource;)Ljava/lang/Class; java.base@20.0.2 (224 bytes) @ 0x000001d2081b07ec [0x000001d2081af500+0x00000000000012ec]
J 874 c1 java.net.URLClassLoader$1.run()Ljava/lang/Class; java.base@20.0.2 (81 bytes) @ 0x000001d2081adf24 [0x000001d2081ad2a0+0x0000000000000c84]
J 873 c1 java.net.URLClassLoader$1.run()Ljava/lang/Object; java.base@20.0.2 (5 bytes) @ 0x000001d2081aa3b4 [0x000001d2081aa320+0x0000000000000094]
J 546 c1 java.security.AccessController.doPrivileged(Ljava/security/PrivilegedExceptionAction;Ljava/security/AccessControlContext;)Ljava/lang/Object; java.base@20.0.2 (26 bytes) @ 0x000001d2080e6b64 [0x000001d2080e6980+0x00000000000001e4]
J 871 c1 java.net.URLClassLoader.findClass(Ljava/lang/String;)Ljava/lang/Class; java.base@20.0.2 (47 bytes) @ 0x000001d2081aa8b4 [0x000001d2081aa700+0x00000000000001b4]
J 869 c1 org.codehaus.plexus.classworlds.realm.ClassRealm.loadClassFromSelf(Ljava/lang/String;)Ljava/lang/Class; (40 bytes) @ 0x000001d2081a9cec [0x000001d2081a9a80+0x000000000000026c]
J 883 c1 org.codehaus.plexus.classworlds.strategy.SelfFirstStrategy.loadClass(Ljava/lang/String;)Ljava/lang/Class; (50 bytes) @ 0x000001d2081b398c [0x000001d2081b3720+0x000000000000026c]
J 566 c1 org.codehaus.plexus.classworlds.realm.ClassRealm.loadClass(Ljava/lang/String;Z)Ljava/lang/Class; (33 bytes) @ 0x000001d2080f1744 [0x000001d2080f15c0+0x0000000000000184]
J 565 c1 org.codehaus.plexus.classworlds.realm.ClassRealm.loadClass(Ljava/lang/String;)Ljava/lang/Class; (7 bytes) @ 0x000001d2080f12bc [0x000001d2080f1220+0x000000000000009c]
v  ~StubRoutines::call_stub 0x000001d20f46100d
J 921  java.lang.ClassLoader.defineClass1(Ljava/lang/ClassLoader;Ljava/lang/String;[BIILjava/security/ProtectionDomain;Ljava/lang/String;)Ljava/lang/Class; java.base@20.0.2 (0 bytes) @ 0x000001d20fbedc71 [0x000001d20fbedba0+0x00000000000000d1]
J 824 c1 java.lang.ClassLoader.defineClass(Ljava/lang/String;[BIILjava/security/ProtectionDomain;)Ljava/lang/Class; java.base@20.0.2 (43 bytes) @ 0x000001d20818e964 [0x000001d20818e600+0x0000000000000364]
J 928 c1 java.security.SecureClassLoader.defineClass(Ljava/lang/String;[BIILjava/security/CodeSource;)Ljava/lang/Class; java.base@20.0.2 (16 bytes) @ 0x000001d2081ccf74 [0x000001d2081ccea0+0x00000000000000d4]
J 876 c1 java.net.URLClassLoader.defineClass(Ljava/lang/String;Ljdk/internal/loader/Resource;)Ljava/lang/Class; java.base@20.0.2 (224 bytes) @ 0x000001d2081b07ec [0x000001d2081af500+0x00000000000012ec]
J 874 c1 java.net.URLClassLoader$1.run()Ljava/lang/Class; java.base@20.0.2 (81 bytes) @ 0x000001d2081adf24 [0x000001d2081ad2a0+0x0000000000000c84]
J 873 c1 java.net.URLClassLoader$1.run()Ljava/lang/Object; java.base@20.0.2 (5 bytes) @ 0x000001d2081aa3b4 [0x000001d2081aa320+0x0000000000000094]
J 546 c1 java.security.AccessController.doPrivileged(Ljava/security/PrivilegedExceptionAction;Ljava/security/AccessControlContext;)Ljava/lang/Object; java.base@20.0.2 (26 bytes) @ 0x000001d2080e6b64 [0x000001d2080e6980+0x00000000000001e4]
J 871 c1 java.net.URLClassLoader.findClass(Ljava/lang/String;)Ljava/lang/Class; java.base@20.0.2 (47 bytes) @ 0x000001d2081aa8b4 [0x000001d2081aa700+0x00000000000001b4]
J 869 c1 org.codehaus.plexus.classworlds.realm.ClassRealm.loadClassFromSelf(Ljava/lang/String;)Ljava/lang/Class; (40 bytes) @ 0x000001d2081a9cec [0x000001d2081a9a80+0x000000000000026c]
J 883 c1 org.codehaus.plexus.classworlds.strategy.SelfFirstStrategy.loadClass(Ljava/lang/String;)Ljava/lang/Class; (50 bytes) @ 0x000001d2081b398c [0x000001d2081b3720+0x000000000000026c]
J 566 c1 org.codehaus.plexus.classworlds.realm.ClassRealm.loadClass(Ljava/lang/String;Z)Ljava/lang/Class; (33 bytes) @ 0x000001d2080f1744 [0x000001d2080f15c0+0x0000000000000184]
J 565 c1 org.codehaus.plexus.classworlds.realm.ClassRealm.loadClass(Ljava/lang/String;)Ljava/lang/Class; (7 bytes) @ 0x000001d2080f12bc [0x000001d2080f1220+0x000000000000009c]
J 883 c1 org.codehaus.plexus.classworlds.strategy.SelfFirstStrategy.loadClass(Ljava/lang/String;)Ljava/lang/Class; (50 bytes) @ 0x000001d2081b3bc4 [0x000001d2081b3720+0x00000000000004a4]
J 566 c1 org.codehaus.plexus.classworlds.realm.ClassRealm.loadClass(Ljava/lang/String;Z)Ljava/lang/Class; (33 bytes) @ 0x000001d2080f1744 [0x000001d2080f15c0+0x0000000000000184]
J 565 c1 org.codehaus.plexus.classworlds.realm.ClassRealm.loadClass(Ljava/lang/String;)Ljava/lang/Class; (7 bytes) @ 0x000001d2080f12bc [0x000001d2080f1220+0x000000000000009c]
J 1774 c1 org.eclipse.sisu.space.URLClassSpace.loadClass(Ljava/lang/String;)Ljava/lang/Class; (31 bytes) @ 0x000001d20836adfc [0x000001d20836ace0+0x000000000000011c]
j  org.eclipse.sisu.space.CloningClassSpace$CloningClassLoader.loadClass(Ljava/lang/String;Z)Ljava/lang/Class;+14
j  java.lang.ClassLoader.loadClass(Ljava/lang/String;)Ljava/lang/Class;+3 java.base@20.0.2
v  ~StubRoutines::call_stub 0x000001d20f46100d
J 921  java.lang.ClassLoader.defineClass1(Ljava/lang/ClassLoader;Ljava/lang/String;[BIILjava/security/ProtectionDomain;Ljava/lang/String;)Ljava/lang/Class; java.base@20.0.2 (0 bytes) @ 0x000001d20fbedc71 [0x000001d20fbedba0+0x00000000000000d1]
J 824 c1 java.lang.ClassLoader.defineClass(Ljava/lang/String;[BIILjava/security/ProtectionDomain;)Ljava/lang/Class; java.base@20.0.2 (43 bytes) @ 0x000001d20818e964 [0x000001d20818e600+0x0000000000000364]
j  java.lang.ClassLoader.defineClass(Ljava/lang/String;[BII)Ljava/lang/Class;+7 java.base@20.0.2
j  org.eclipse.sisu.space.CloningClassSpace$CloningClassLoader.findClass(Ljava/lang/String;)Ljava/lang/Class;+134
J 568 c1 java.lang.ClassLoader.loadClass(Ljava/lang/String;Z)Ljava/lang/Class; java.base@20.0.2 (121 bytes) @ 0x000001d2080f2c7c [0x000001d2080f26c0+0x00000000000005bc]
j  org.eclipse.sisu.space.CloningClassSpace$CloningClassLoader.loadClass(Ljava/lang/String;Z)Ljava/lang/Class;+33
j  java.lang.ClassLoader.loadClass(Ljava/lang/String;)Ljava/lang/Class;+3 java.base@20.0.2
J 1774 c1 org.eclipse.sisu.space.URLClassSpace.loadClass(Ljava/lang/String;)Ljava/lang/Class; (31 bytes) @ 0x000001d20836adfc [0x000001d20836ace0+0x000000000000011c]
j  org.eclipse.sisu.space.NamedClass.load()Ljava/lang/Class;+8
j  org.eclipse.sisu.wire.DependencyAnalyzer.visit(Lcom/google/inject/spi/ProviderInstanceBinding;)Ljava/lang/Boolean;+21
j  org.eclipse.sisu.wire.DependencyAnalyzer.visit(Lcom/google/inject/spi/ProviderInstanceBinding;)Ljava/lang/Object;+5
j  com.google.inject.internal.ProviderInstanceBindingImpl.acceptTargetVisitor(Lcom/google/inject/spi/BindingTargetVisitor;)Ljava/lang/Object;+27
j  org.eclipse.sisu.wire.ElementAnalyzer.visit(Lcom/google/inject/Binding;)Ljava/lang/Void;+43
j  org.eclipse.sisu.wire.ElementAnalyzer.visit(Lcom/google/inject/Binding;)Ljava/lang/Object;+5
j  com.google.inject.internal.BindingImpl.acceptVisitor(Lcom/google/inject/spi/ElementVisitor;)Ljava/lang/Object;+2
j  org.eclipse.sisu.wire.WireModule.configure(Lcom/google/inject/Binder;)V+39
j  com.google.inject.spi.Elements$RecordingBinder.install(Lcom/google/inject/Module;)V+209
j  com.google.inject.spi.Elements.getElements(Lcom/google/inject/Stage;Ljava/lang/Iterable;)Ljava/util/List;+40
j  com.google.inject.internal.InjectorShell$Builder.build(Lcom/google/inject/internal/Initializer;Lcom/google/inject/internal/ProcessedBindingData;Lcom/google/inject/internal/util/ContinuousStopwatch;Lcom/google/inject/internal/Errors;)Ljava/util/List;+163
j  com.google.inject.internal.InternalInjectorCreator.build()Lcom/google/inject/Injector;+48
j  com.google.inject.Guice.createInjector(Lcom/google/inject/Stage;Ljava/lang/Iterable;)Lcom/google/inject/Injector;+15
j  com.google.inject.Guice.createInjector(Ljava/lang/Iterable;)Lcom/google/inject/Injector;+4
j  com.google.inject.Guice.createInjector([Lcom/google/inject/Module;)Lcom/google/inject/Injector;+4
j  org.codehaus.plexus.DefaultPlexusContainer.addPlexusInjector(Ljava/util/List;[Lcom/google/inject/Module;)Lcom/google/inject/Injector;+88
j  org.codehaus.plexus.DefaultPlexusContainer.<init>(Lorg/codehaus/plexus/ContainerConfiguration;[Lcom/google/inject/Module;)V+396
j  org.apache.maven.cli.MavenCli.container(Lorg/apache/maven/cli/CliRequest;)Lorg/codehaus/plexus/PlexusContainer;+279
j  org.apache.maven.cli.MavenCli.doMain(Lorg/apache/maven/cli/CliRequest;)I+34
j  org.apache.maven.cli.MavenCli.main([Ljava/lang/String;Lorg/codehaus/plexus/classworlds/ClassWorld;)I+24
j  java.lang.invoke.DirectMethodHandle$Holder.invokeStatic(Ljava/lang/Object;Ljava/lang/Object;Ljava/lang/Object;)I+11 java.base@20.0.2
j  java.lang.invoke.LambdaForm$MH+0x000001d21e409400.invoke(Ljava/lang/Object;Ljava/lang/Object;Ljava/lang/Object;Ljava/lang/Object;)Ljava/lang/Object;+54 java.base@20.0.2
j  java.lang.invoke.LambdaForm$MH+0x000001d21e409800.invokeExact_MT(Ljava/lang/Object;Ljava/lang/Object;Ljava/lang/Object;Ljava/lang/Object;Ljava/lang/Object;)Ljava/lang/Object;+22 java.base@20.0.2
j  jdk.internal.reflect.DirectMethodHandleAccessor.invokeImpl(Ljava/lang/Object;[Ljava/lang/Object;)Ljava/lang/Object;+72 java.base@20.0.2
j  jdk.internal.reflect.DirectMethodHandleAccessor.invoke(Ljava/lang/Object;[Ljava/lang/Object;)Ljava/lang/Object;+23 java.base@20.0.2
j  java.lang.reflect.Method.invoke(Ljava/lang/Object;[Ljava/lang/Object;)Ljava/lang/Object;+102 java.base@20.0.2
j  org.codehaus.plexus.classworlds.launcher.Launcher.launchEnhanced([Ljava/lang/String;)V+45
j  org.codehaus.plexus.classworlds.launcher.Launcher.launch([Ljava/lang/String;)V+2
j  org.codehaus.plexus.classworlds.launcher.Launcher.mainWithExitCode([Ljava/lang/String;)I+101
j  org.codehaus.plexus.classworlds.launcher.Launcher.main([Ljava/lang/String;)V+1
v  ~StubRoutines::call_stub 0x000001d20f46100d

Compiled method (n/a)   21138  921     n 0       java.lang.ClassLoader::defineClass1 (native)
 total in heap  [0x000001d20fbeda10,0x000001d20fbee040] = 1584
 relocation     [0x000001d20fbedb58,0x000001d20fbedb90] = 56
 main code      [0x000001d20fbedba0,0x000001d20fbee03e] = 1182
 stub code      [0x000001d20fbee03e,0x000001d20fbee040] = 2

[Constant Pool (empty)]

[MachCode]
[Entry Point]
  # {method} {0x000001d21d838da8} 'defineClass1' '(Ljava/lang/ClassLoader;Ljava/lang/String;[BIILjava/security/ProtectionDomain;Ljava/lang/String;)Ljava/lang/Class;' in 'java/lang/ClassLoader'
  # parm0:    rdx:rdx   = 'java/lang/ClassLoader'
  # parm1:    r8:r8     = 'java/lang/String'
  # parm2:    r9:r9     = '[B'
  # parm3:    rdi       = int
  # parm4:    rsi       = int
  # parm5:    rcx:rcx   = 'java/security/ProtectionDomain'
  # parm6:    [sp+0xa0]   = 'java/lang/String'  (sp of caller)
  0x000001d20fbedba0: 448b 5208 | 49bb 0000 | 401d d201 | 0000 4d03 | d349 3bc2 | 0f84 0600 

  0x000001d20fbedbb8: ;   {runtime_call ic_miss_stub}
  0x000001d20fbedbb8: 0000 e941 | 628d ff90 
[Verified Entry Point]
  0x000001d20fbedbc0: 8984 2400 | 80ff ff55 | 488b ec48 | 81ec 9000 | 0000 6690 | 4181 7f20 | 0100 0000 

  0x000001d20fbedbdc: ;   {runtime_call StubRoutines (2)}
  0x000001d20fbedbdc: 7405 e8dd | a98b ff48 | 837d 1000 | 488d 4510 | 480f 4445 | 1048 8944 | 2440 4889 | 4c24 7048 
  0x000001d20fbedbfc: 83f9 0048 | 8d44 2470 | 480f 4444 | 2470 4889 | 4424 3848 | 8974 2430 | 4889 7c24 | 284c 894c 
  0x000001d20fbedc1c: 2458 4983 | f900 488d | 4424 5848 | 0f44 4424 | 5848 8944 | 2420 4c89 | 4424 5049 | 83f8 004c 
  0x000001d20fbedc3c: 8d4c 2450 | 4c0f 444c | 2450 4889 | 5424 4848 | 83fa 004c | 8d44 2448 | 4c0f 4444 

  0x000001d20fbedc58: ;   {oop(a 'java/lang/Class'{0x0000000719c82c88} = 'java/lang/ClassLoader')}
  0x000001d20fbedc58: 2448 49be | 882c c819 | 0700 0000 | 4c89 7424 | 784c 8d74 | 2478 498b | d6c5 f877 

  0x000001d20fbedc74: ;   {internal_word}
  0x000001d20fbedc74: 49ba 71dc | be0f d201 | 0000 4d89 | 97c8 0200 | 0049 89a7 | c002 0000 

  0x000001d20fbedc8c: ;   {external_word}
  0x000001d20fbedc8c: 49ba 5d1a | 3c16 f87f | 0000 4180 | 3a00 0f84 | 4e00 0000 | 5241 5041 

  0x000001d20fbedca4: ;   {metadata({method} {0x000001d21d838da8} 'defineClass1' '(Ljava/lang/ClassLoader;Ljava/lang/String;[BIILjava/security/ProtectionDomain;Ljava/lang/String;)Ljava/lang/Class;' in 'java/lang/ClassLoader')}
  0x000001d20fbedca4: 5148 baa0 | 8d83 1dd2 | 0100 0049 | 8bcf 4883 | ec20 40f6 | c40f 0f84 | 1900 0000 | 4883 ec08 
  0x000001d20fbedcc4: ;   {runtime_call}
  0x000001d20fbedcc4: 48b8 f011 | f315 f87f | 0000 ffd0 | 4883 c408 | e90c 0000 

  0x000001d20fbedcd8: ;   {runtime_call}
  0x000001d20fbedcd8: 0048 b8f0 | 11f3 15f8 | 7f00 00ff | d048 83c4 | 2041 5941 | 585a 498d | 8fe0 0200 | 0041 c787 
  0x000001d20fbedcf8: 7403 0000 | 0400 0000 

  0x000001d20fbedd00: ;   {runtime_call}
  0x000001d20fbedd00: 48b8 ac16 | e694 f87f | 0000 ffd0 | c5f8 7741 | c787 7403 | 0000 0500 | 0000 f083 | 4424 c000 
  0x000001d20fbedd20: 493b af78 | 0300 000f | 870e 0000 | 0041 83bf | 7003 0000 | 000f 842b | 0000 00c5 | f877 4889 
  0x000001d20fbedd40: 45f8 498b | cf4c 8be4 | 4883 ec20 | 4883 e4f0 

  0x000001d20fbedd50: ;   {runtime_call}
  0x000001d20fbedd50: 48b8 a001 | c015 f87f | 0000 ffd0 | 498b e44d | 33e4 488b | 45f8 41c7 | 8774 0300 | 0008 0000 
  0x000001d20fbedd70: 0041 83bf | f003 0000 | 020f 8492 

  0x000001d20fbedd7c: ;   {external_word}
  0x000001d20fbedd7c: 0200 0049 | ba5d 1a3c | 16f8 7f00 | 0041 803a | 000f 844c | 0000 0048 

  0x000001d20fbedd94: ;   {metadata({method} {0x000001d21d838da8} 'defineClass1' '(Ljava/lang/ClassLoader;Ljava/lang/String;[BIILjava/security/ProtectionDomain;Ljava/lang/String;)Ljava/lang/Class;' in 'java/lang/ClassLoader')}
  0x000001d20fbedd94: 8945 f848 | baa0 8d83 | 1dd2 0100 | 0049 8bcf | 4883 ec20 | 40f6 c40f | 0f84 1900 | 0000 4883 
  0x000001d20fbeddb4: ;   {runtime_call}
  0x000001d20fbeddb4: ec08 48b8 | f011 f315 | f87f 0000 | ffd0 4883 | c408 e90c 

  0x000001d20fbeddc8: ;   {runtime_call}
  0x000001d20fbeddc8: 0000 0048 | b8f0 11f3 | 15f8 7f00 | 00ff d048 | 83c4 2048 | 8b45 f849 | c787 c002 | 0000 0000 
  0x000001d20fbedde8: 0000 49c7 | 87c8 0200 | 0000 0000 | 00c5 f877 | 4885 c00f | 84ed 0100 | 00a8 010f | 84e2 0100 
  0x000001d20fbede08: 0048 8b40 | ff41 807f | 4000 0f84 | ce01 0000 | 4883 f800 | 0f84 c401 | 0000 498b | 4f28 4883 
  0x000001d20fbede28: f900 0f84 | 1400 0000 | 4883 e908 | 4989 4f28 | 4903 4f38 | 4889 01e9 | a201 0000 | 4881 ecd0 
  0x000001d20fbede48: 0000 0048 | 8904 2448 | 894c 2408 | 4889 5424 | 1048 8974 | 2418 4889 | 7c24 204c | 8944 2428 
  0x000001d20fbede68: 4c89 4c24 | 304c 8954 | 2438 4c89 | 5c24 40c5 | fb11 4424 | 50c5 fb11 | 4c24 58c5 | fb11 5424 
  0x000001d20fbede88: 60c5 fb11 | 5c24 68c5 | fb11 6424 | 70c5 fb11 | 6c24 78c5 | fb11 b424 | 8000 0000 | c5fb 11bc 
  0x000001d20fbedea8: 2488 0000 | 00c5 7b11 | 8424 9000 | 0000 c57b | 118c 2498 | 0000 00c5 | 7b11 9424 | a000 0000 
  0x000001d20fbedec8: c57b 119c | 24a8 0000 | 00c5 7b11 | a424 b000 | 0000 c57b | 11ac 24b8 | 0000 00c5 | 7b11 b424 
  0x000001d20fbedee8: c000 0000 | c57b 11bc | 24c8 0000 | 0049 8bd7 | 488b c848 | 83ec 2040 | f6c4 0f0f | 8419 0000 
  0x000001d20fbedf08: 0048 83ec 

  0x000001d20fbedf0c: ;   {runtime_call}
  0x000001d20fbedf0c: 0848 b860 | 40b3 15f8 | 7f00 00ff | d048 83c4 | 08e9 0c00 

  0x000001d20fbedf20: ;   {runtime_call}
  0x000001d20fbedf20: 0000 48b8 | 6040 b315 | f87f 0000 | ffd0 4883 | c420 c57b | 10bc 24c8 | 0000 00c5 | 7b10 b424 
  0x000001d20fbedf40: c000 0000 | c57b 10ac | 24b8 0000 | 00c5 7b10 | a424 b000 | 0000 c57b | 109c 24a8 | 0000 00c5 
  0x000001d20fbedf60: 7b10 9424 | a000 0000 | c57b 108c | 2498 0000 | 00c5 7b10 | 8424 9000 | 0000 c5fb | 10bc 2488 
  0x000001d20fbedf80: 0000 00c5 | fb10 b424 | 8000 0000 | c5fb 106c | 2478 c5fb | 1064 2470 | c5fb 105c | 2468 c5fb 
  0x000001d20fbedfa0: 1054 2460 | c5fb 104c | 2458 c5fb | 1044 2450 | 4c8b 5c24 | 404c 8b54 | 2438 4c8b | 4c24 304c 
  0x000001d20fbedfc0: 8b44 2428 | 488b 7c24 | 2048 8b74 | 2418 488b | 5424 1048 | 8b4c 2408 | 488b 0424 | 4881 c4d0 
  0x000001d20fbedfe0: 0000 00c5 | f877 e903 | 0000 0048 | 8b00 498b | 8f50 0300 | 00c7 8100 | 0100 0000 | 0000 00c9 
  0x000001d20fbee000: 4983 7f08 | 000f 8501 | 0000 00c3 

  0x000001d20fbee00c: ;   {runtime_call StubRoutines (1)}
  0x000001d20fbee00c: e9ef 2e87 | ffc5 f877 | 4889 45f8 | 4c8b e448 | 83ec 2048 

  0x000001d20fbee020: ;   {runtime_call}
  0x000001d20fbee020: 83e4 f048 | b830 46f3 | 15f8 7f00 | 00ff d049 | 8be4 4d33 | e448 8b45 | f8e9 41fd | ffff f4f4 
[/MachCode]


Compiled method (c1)   21151  824       3       java.lang.ClassLoader::defineClass (43 bytes)
 total in heap  [0x000001d20818e410,0x000001d20818ed40] = 2352
 relocation     [0x000001d20818e558,0x000001d20818e5f0] = 152
 main code      [0x000001d20818e600,0x000001d20818ea98] = 1176
 stub code      [0x000001d20818ea98,0x000001d20818eb10] = 120
 metadata       [0x000001d20818eb10,0x000001d20818eb40] = 48
 scopes data    [0x000001d20818eb40,0x000001d20818ec30] = 240
 scopes pcs     [0x000001d20818ec30,0x000001d20818ed10] = 224
 dependencies   [0x000001d20818ed10,0x000001d20818ed18] = 8
 nul chk table  [0x000001d20818ed18,0x000001d20818ed40] = 40

[Constant Pool (empty)]

[MachCode]
[Entry Point]
  # {method} {0x000001d21d8390d0} 'defineClass' '(Ljava/lang/String;[BIILjava/security/ProtectionDomain;)Ljava/lang/Class;' in 'java/lang/ClassLoader'
  # this:     rdx:rdx   = 'java/lang/ClassLoader'
  # parm0:    r8:r8     = 'java/lang/String'
  # parm1:    r9:r9     = '[B'
  # parm2:    rdi       = int
  # parm3:    rsi       = int
  # parm4:    rcx:rcx   = 'java/security/ProtectionDomain'
  #           [sp+0xc0]  (sp of caller)
  0x000001d20818e600: 448b 5208 | 49bb 0000 | 401d d201 | 0000 4d03 | d34c 3bd0 

  0x000001d20818e614: ;   {runtime_call ic_miss_stub}
  0x000001d20818e614: 0f85 e657 | 3307 660f | 1f44 0000 
[Verified Entry Point]
  0x000001d20818e620: 8984 2400 | 80ff ff55 | 4881 ecb0 | 0000 0090 | 4181 7f20 | 0100 0000 

  0x000001d20818e638: ;   {runtime_call StubRoutines (2)}
  0x000001d20818e638: 7405 e881 | 9f31 0748 | 8954 2478 

  0x000001d20818e644: ;   {metadata(method data for {method} {0x000001d21d8390d0} 'defineClass' '(Ljava/lang/String;[BIILjava/security/ProtectionDomain;)Ljava/lang/Class;' in 'java/lang/ClassLoader')}
  0x000001d20818e644: 48bb 600d | 525e d201 | 0000 8b83 | cc00 0000 | 83c0 0289 | 83cc 0000 | 0025 fe07 | 0000 83f8 
  0x000001d20818e664: 000f 844f | 0300 0089 | b424 9400 | 0000 89bc | 2490 0000 | 004c 898c | 2488 0000 | 0048 8bda 
  0x000001d20818e684: ;   {metadata(method data for {method} {0x000001d21d8390d0} 'defineClass' '(Ljava/lang/String;[BIILjava/security/ProtectionDomain;)Ljava/lang/Class;' in 'java/lang/ClassLoader')}
  0x000001d20818e684: 48b8 600d | 525e d201 | 0000 4883 | 8010 0100 | 0001 498b | d84c 8bc3 | 4c8b c948 | 8bca 488b 
  0x000001d20818e6a4: d148 899c | 2480 0000 

  0x000001d20818e6ac: ;   {optimized virtual_call}
  0x000001d20818e6ac: 0066 90e8 

  0x000001d20818e6b0: ; ImmutableOopMap {[120]=Oop [128]=Oop [136]=Oop }
                      ;*invokevirtual preDefineClass {reexecute=0 rethrow=0 return_oop=0}
                      ; - java.lang.ClassLoader::defineClass@4 (line 1011)
  0x000001d20818e6b0: 2cb9 ffff | 4889 8424 | 9800 0000 | 488b 5424 

  0x000001d20818e6c0: ;   {metadata(method data for {method} {0x000001d21d8390d0} 'defineClass' '(Ljava/lang/String;[BIILjava/security/ProtectionDomain;)Ljava/lang/Class;' in 'java/lang/ClassLoader')}
  0x000001d20818e6c0: 7849 b860 | 0d52 5ed2 | 0100 0049 | 8380 4801 

  0x000001d20818e6d0: ;   {metadata(method data for {method} {0x000001d21d838e10} 'defineClassSourceLocation' '(Ljava/security/ProtectionDomain;)Ljava/lang/String;' in 'java/lang/ClassLoader')}
  0x000001d20818e6d0: 0000 0149 | b828 1152 | 5ed2 0100 | 0041 8b90 | cc00 0000 | 83c2 0241 | 8990 cc00 | 0000 81e2 
  0x000001d20818e6f0: feff 1f00 | 83fa 000f | 84de 0200 | 0048 3b00 

  0x000001d20818e700: ;   {metadata(method data for {method} {0x000001d21d838e10} 'defineClassSourceLocation' '(Ljava/security/ProtectionDomain;)Ljava/lang/String;' in 'java/lang/ClassLoader')}
  0x000001d20818e700: 4c8b c048 | ba28 1152 | 5ed2 0100 | 0048 8382 | 1001 0000 | 0144 8b40 | 1049 c1e0 | 0349 83f8 
  0x000001d20818e720: ;   {metadata(method data for {method} {0x000001d21d838e10} 'defineClassSourceLocation' '(Ljava/security/ProtectionDomain;)Ljava/lang/String;' in 'java/lang/ClassLoader')}
  0x000001d20818e720: 0048 ba28 | 1152 5ed2 | 0100 0048 | be58 0100 | 0000 0000 | 000f 850a | 0000 0048 | be48 0100 
  0x000001d20818e740: 0000 0000 | 0048 8b3c | 3248 8d7f | 0148 893c | 320f 850f 

  0x000001d20818e754: ;   {oop(NULL)}
  0x000001d20818e754: 0000 0048 | bb00 0000 | 0000 0000 | 00e9 a901 | 0000 493b | 0049 8bd0 

  0x000001d20818e76c: ;   {metadata(method data for {method} {0x000001d21d838e10} 'defineClassSourceLocation' '(Ljava/security/ProtectionDomain;)Ljava/lang/String;' in 'java/lang/ClassLoader')}
  0x000001d20818e76c: 48be 2811 | 525e d201 | 0000 4883 | 8668 0100 | 0001 418b | 500c 48c1 | e203 4883 

  0x000001d20818e788: ;   {metadata(method data for {method} {0x000001d21d838e10} 'defineClassSourceLocation' '(Ljava/security/ProtectionDomain;)Ljava/lang/String;' in 'java/lang/ClassLoader')}
  0x000001d20818e788: fa00 48be | 2811 525e | d201 0000 | 48bf b001 | 0000 0000 | 0000 0f85 | 0a00 0000 | 48bf a001 
  0x000001d20818e7a8: 0000 0000 | 0000 488b | 1c3e 488d | 5b01 4889 | 1c3e 0f85 | 0f00 0000 

  0x000001d20818e7c0: ;   {oop(NULL)}
  0x000001d20818e7c0: 48bb 0000 | 0000 0000 | 0000 e940 

  0x000001d20818e7cc: ;   {metadata(method data for {method} {0x000001d21d838e10} 'defineClassSourceLocation' '(Ljava/security/ProtectionDomain;)Ljava/lang/String;' in 'java/lang/ClassLoader')}
  0x000001d20818e7cc: 0100 0048 | be28 1152 | 5ed2 0100 | 0048 8386 | c001 0000 | 0148 3b02 

  0x000001d20818e7e4: ;   {metadata(method data for {method} {0x000001d21d838e10} 'defineClassSourceLocation' '(Ljava/security/ProtectionDomain;)Ljava/lang/String;' in 'java/lang/ClassLoader')}
  0x000001d20818e7e4: 4c8b c248 | be28 1152 | 5ed2 0100 | 0048 8386 | f801 0000 

  0x000001d20818e7f8: ;   {metadata(method data for {method} {0x000001d21d41b3e0} 'toString' '()Ljava/lang/String;' in 'java/net/URL')}
  0x000001d20818e7f8: 0149 b860 | 8151 5ed2 | 0100 0041 | 8bb0 cc00 | 0000 83c6 | 0241 89b0 | cc00 0000 | 81e6 feff 
  0x000001d20818e818: 1f00 83fe | 000f 84e8 | 0100 004c 

  0x000001d20818e824: ;   {metadata(method data for {method} {0x000001d21d41b3e0} 'toString' '()Ljava/lang/String;' in 'java/net/URL')}
  0x000001d20818e824: 8bc2 48be | 6081 515e | d201 0000 | 4883 8610 | 0100 0001 

  0x000001d20818e838: ;   {metadata(method data for {method} {0x000001d21d82c908} 'toExternalForm' '()Ljava/lang/String;' in 'java/net/URL')}
  0x000001d20818e838: 49b8 605f | 4e5e d201 | 0000 418b | b0cc 0000 | 0083 c602 | 4189 b0cc | 0000 0081 | e6fe ff1f 
  0x000001d20818e858: 0083 fe00 | 0f84 ca01 | 0000 8b72 | 3848 c1e6 | 0348 3b06 

  0x000001d20818e86c: ;   {metadata(method data for {method} {0x000001d21d82c908} 'toExternalForm' '()Ljava/lang/String;' in 'java/net/URL')}
  0x000001d20818e86c: 4c8b c648 | bf60 5f4e | 5ed2 0100 | 0045 8b40 | 0849 ba00 | 0040 1dd2 | 0100 004d | 03c2 4c3b 
  0x000001d20818e88c: 8720 0100 | 0075 0d48 | 8387 2801 | 0000 01e9 | 6000 0000 | 4c3b 8730 | 0100 0075 | 0d48 8387 
  0x000001d20818e8ac: 3801 0000 | 01e9 4a00 | 0000 4883 | bf20 0100 | 0000 7517 | 4c89 8720 | 0100 0048 | c787 2801 
  0x000001d20818e8cc: 0000 0100 | 0000 e929 | 0000 0048 | 83bf 3001 | 0000 0075 | 174c 8987 | 3001 0000 | 48c7 8738 
  0x000001d20818e8ec: 0100 0001 | 0000 00e9 | 0800 0000 | 4883 8710 | 0100 0001 | 4c8b c248 

  0x000001d20818e904: ;   {optimized virtual_call}
  0x000001d20818e904: 8bd6 90e8 

  0x000001d20818e908: ; ImmutableOopMap {[120]=Oop [128]=Oop [136]=Oop [152]=Oop }
                      ;*invokevirtual toExternalForm {reexecute=0 rethrow=0 return_oop=0}
                      ; - java.net.URL::toExternalForm@5 (line 1195)
                      ; - java.net.URL::toString@1 (line 1181)
                      ; - java.lang.ClassLoader::defineClassSourceLocation@22 (line 913)
                      ; - java.lang.ClassLoader::defineClass@12 (line 1012)
  0x000001d20818e908: d454 f6ff | 488b d848 | 8b84 2498 | 0000 008b | b424 9400 | 0000 8bbc | 2490 0000 | 004c 8b8c 
  0x000001d20818e928: 2488 0000 | 004c 8b84 | 2480 0000 | 0048 8b54 

  0x000001d20818e938: ;   {metadata(method data for {method} {0x000001d21d8390d0} 'defineClass' '(Ljava/lang/String;[BIILjava/security/ProtectionDomain;)Ljava/lang/Class;' in 'java/lang/ClassLoader')}
  0x000001d20818e938: 2478 48b9 | 600d 525e | d201 0000 | 4883 8180 | 0100 0001 | 4c8b da49 | 8bd3 488b | c848 891c 
  0x000001d20818e958: 2466 0f1f 

  0x000001d20818e95c: ;   {static_call}
  0x000001d20818e95c: 4400 00e8 

  0x000001d20818e960: ; ImmutableOopMap {[120]=Oop [152]=Oop }
                      ;*invokestatic defineClass1 {reexecute=0 rethrow=0 return_oop=0}
                      ; - java.lang.ClassLoader::defineClass@27 (line 1013)
  0x000001d20818e960: 5cf2 a507 | 488b 5424 

  0x000001d20818e968: ;   {metadata(method data for {method} {0x000001d21d8390d0} 'defineClass' '(Ljava/lang/String;[BIILjava/security/ProtectionDomain;)Ljava/lang/Class;' in 'java/lang/ClassLoader')}
  0x000001d20818e968: 7849 b860 | 0d52 5ed2 | 0100 0049 | 8380 9001 | 0000 014c | 8bc0 4c8b | 8c24 9800 | 0000 488b 
  0x000001d20818e988: 5424 7848 | 8984 24a0 | 0000 000f 

  0x000001d20818e994: ;   {optimized virtual_call}
  0x000001d20818e994: 1f40 00e8 

  0x000001d20818e998: ; ImmutableOopMap {[160]=Oop }
                      ;*invokevirtual postDefineClass {reexecute=0 rethrow=0 return_oop=0}
                      ; - java.lang.ClassLoader::defineClass@37 (line 1014)
  0x000001d20818e998: e49f ffff | 488b 8424 | a000 0000 | 4881 c4b0 | 0000 005d 

  0x000001d20818e9ac: ;   {poll_return}
  0x000001d20818e9ac: 493b a778 | 0300 000f | 8799 0000 

  0x000001d20818e9b8: ;   {metadata({method} {0x000001d21d8390d0} 'defineClass' '(Ljava/lang/String;[BIILjava/security/ProtectionDomain;)Ljava/lang/Class;' in 'java/lang/ClassLoader')}
  0x000001d20818e9b8: 00c3 49ba | c890 831d | d201 0000 | 4c89 5424 | 0848 c704 | 24ff ffff 

  0x000001d20818e9d0: ;   {runtime_call counter_overflow Runtime1 stub}
  0x000001d20818e9d0: ffe8 2ae8 

  0x000001d20818e9d4: ; ImmutableOopMap {rdx=Oop r8=Oop r9=Oop rcx=Oop [120]=Oop }
                      ;*synchronization entry
                      ; - java.lang.ClassLoader::defineClass@-1 (line 1011)
  0x000001d20818e9d4: 3f07 e990 

  0x000001d20818e9d8: ;   {metadata({method} {0x000001d21d838e10} 'defineClassSourceLocation' '(Ljava/security/ProtectionDomain;)Ljava/lang/String;' in 'java/lang/ClassLoader')}
  0x000001d20818e9d8: fcff ff49 | ba08 8e83 | 1dd2 0100 | 004c 8954 | 2408 48c7 | 0424 ffff 

  0x000001d20818e9f0: ;   {runtime_call counter_overflow Runtime1 stub}
  0x000001d20818e9f0: ffff e809 

  0x000001d20818e9f4: ; ImmutableOopMap {rax=Oop [120]=Oop [128]=Oop [136]=Oop [152]=Oop }
                      ;*synchronization entry
                      ; - java.lang.ClassLoader::defineClassSourceLocation@-1 (line 910)
                      ; - java.lang.ClassLoader::defineClass@12 (line 1012)
  0x000001d20818e9f4: e83f 07e9 | 01fd ffff 

  0x000001d20818e9fc: ;   {runtime_call throw_null_pointer_exception Runtime1 stub}
  0x000001d20818e9fc: e8ff 963f 

  0x000001d20818ea00: ; ImmutableOopMap {rax=Oop [120]=Oop [128]=Oop [136]=Oop [152]=Oop }
                      ;*invokevirtual getCodeSource {reexecute=0 rethrow=0 return_oop=0}
                      ; - java.lang.ClassLoader::defineClassSourceLocation@1 (line 910)
                      ; - java.lang.ClassLoader::defineClass@12 (line 1012)
                      ;   {runtime_call throw_null_pointer_exception Runtime1 stub}
  0x000001d20818ea00: 07e8 fa96 

  0x000001d20818ea04: ; ImmutableOopMap {rax=Oop r8=Oop [120]=Oop [128]=Oop [136]=Oop [152]=Oop }
                      ;*invokevirtual getLocation {reexecute=0 rethrow=0 return_oop=0}
                      ; - java.lang.ClassLoader::defineClassSourceLocation@12 (line 912)
                      ; - java.lang.ClassLoader::defineClass@12 (line 1012)
                      ;   {runtime_call throw_null_pointer_exception Runtime1 stub}
  0x000001d20818ea04: 3f07 e8f5 

  0x000001d20818ea08: ; ImmutableOopMap {rdx=Oop [120]=Oop [128]=Oop [136]=Oop [152]=Oop }
                      ;*invokevirtual toString {reexecute=0 rethrow=0 return_oop=0}
                      ; - java.lang.ClassLoader::defineClassSourceLocation@22 (line 913)
                      ; - java.lang.ClassLoader::defineClass@12 (line 1012)
                      ;   {metadata({method} {0x000001d21d41b3e0} 'toString' '()Ljava/lang/String;' in 'java/net/URL')}
  0x000001d20818ea08: 963f 0749 | bad8 b341 | 1dd2 0100 | 004c 8954 | 2408 48c7 | 0424 ffff 

  0x000001d20818ea20: ;   {runtime_call counter_overflow Runtime1 stub}
  0x000001d20818ea20: ffff e8d9 

  0x000001d20818ea24: ; ImmutableOopMap {rdx=Oop [120]=Oop [128]=Oop [136]=Oop [152]=Oop }
                      ;*synchronization entry
                      ; - java.net.URL::toString@-1 (line 1181)
                      ; - java.lang.ClassLoader::defineClassSourceLocation@22 (line 913)
                      ; - java.lang.ClassLoader::defineClass@12 (line 1012)
  0x000001d20818ea24: e73f 07e9 | f7fd ffff 

  0x000001d20818ea2c: ;   {metadata({method} {0x000001d21d82c908} 'toExternalForm' '()Ljava/lang/String;' in 'java/net/URL')}
  0x000001d20818ea2c: 49ba 00c9 | 821d d201 | 0000 4c89 | 5424 0848 | c704 24ff 

  0x000001d20818ea40: ;   {runtime_call counter_overflow Runtime1 stub}
  0x000001d20818ea40: ffff ffe8 

  0x000001d20818ea44: ; ImmutableOopMap {rdx=Oop [120]=Oop [128]=Oop [136]=Oop [152]=Oop }
                      ;*synchronization entry
                      ; - java.net.URL::toExternalForm@-1 (line 1195)
                      ; - java.net.URL::toString@1 (line 1181)
                      ; - java.lang.ClassLoader::defineClassSourceLocation@22 (line 913)
                      ; - java.lang.ClassLoader::defineClass@12 (line 1012)
  0x000001d20818ea44: b8e7 3f07 | e915 feff 

  0x000001d20818ea4c: ;   {runtime_call throw_null_pointer_exception Runtime1 stub}
  0x000001d20818ea4c: ffe8 ae96 

  0x000001d20818ea50: ; ImmutableOopMap {rdx=Oop rsi=Oop [120]=Oop [128]=Oop [136]=Oop [152]=Oop }
                      ;*invokevirtual toExternalForm {reexecute=0 rethrow=0 return_oop=0}
                      ; - java.net.URL::toExternalForm@5 (line 1195)
                      ; - java.net.URL::toString@1 (line 1181)
                      ; - java.lang.ClassLoader::defineClassSourceLocation@22 (line 913)
                      ; - java.lang.ClassLoader::defineClass@12 (line 1012)
                      ;   {internal_word}
  0x000001d20818ea50: 3f07 49ba | ace9 1808 | d201 0000 | 4d89 9790 

  0x000001d20818ea60: ;   {runtime_call SafepointBlob}
  0x000001d20818ea60: 0300 00e9 | 18c3 3307 | 498b 8728 | 0400 0049 | c787 2804 | 0000 0000 | 0000 49c7 | 8730 0400 
  0x000001d20818ea80: 0000 0000 | 0048 81c4 | b000 0000 

  0x000001d20818ea8c: ;   {runtime_call unwind_exception Runtime1 stub}
  0x000001d20818ea8c: 5de9 6e87 | 3f07 f4f4 | f4f4 f4f4 
[Stub Code]
  0x000001d20818ea98: ;   {no_reloc}
  0x000001d20818ea98: 0f1f 4400 

  0x000001d20818ea9c: ;   {static_stub}
  0x000001d20818ea9c: 0048 bb00 | 0000 0000 

  0x000001d20818eaa4: ;   {runtime_call}
  0x000001d20818eaa4: 0000 00e9 | fbff ffff 
[Exception Handler]
  0x000001d20818eaac: ;   {runtime_call handle_exception_from_callee Runtime1 stub}
  0x000001d20818eaac: e84f b43f 

  0x000001d20818eab0: ;   {external_word}
  0x000001d20818eab0: 0748 b9b0 | 3316 16f8 | 7f00 0048 

  0x000001d20818eabc: ;   {runtime_call}
  0x000001d20818eabc: 83e4 f048 | b860 1de2 | 15f8 7f00 | 00ff d0f4 
[Deopt Handler Code]
  0x000001d20818eacc: ;   {section_word}
  0x000001d20818eacc: 49ba ccea | 1808 d201 | 0000 4152 

  0x000001d20818ead8: ;   {runtime_call DeoptimizationBlob}
  0x000001d20818ead8: e943 b533 

  0x000001d20818eadc: ;   {static_stub}
  0x000001d20818eadc: 0748 bb00 | 0000 0000 

  0x000001d20818eae4: ;   {runtime_call}
  0x000001d20818eae4: 0000 00e9 | fbff ffff 

  0x000001d20818eaec: ;   {static_stub}
  0x000001d20818eaec: 48bb a08d | 831d d201 

  0x000001d20818eaf4: ;   {runtime_call I2C/C2I adapters}
  0x000001d20818eaf4: 0000 e977 

  0x000001d20818eaf8: ;   {static_stub}
  0x000001d20818eaf8: a232 0748 | bb00 0000 | 0000 0000 

  0x000001d20818eb04: ;   {runtime_call}
  0x000001d20818eb04: 00e9 fbff | ffff f4f4 | f4f4 f4f4 
[/MachCode]


Compiled method (c1)   21290  928       3       java.security.SecureClassLoader::defineClass (16 bytes)
 total in heap  [0x000001d2081ccd10,0x000001d2081cd0e0] = 976
 relocation     [0x000001d2081cce58,0x000001d2081ccea0] = 72
 main code      [0x000001d2081ccea0,0x000001d2081ccfe8] = 328
 stub code      [0x000001d2081ccfe8,0x000001d2081cd038] = 80
 metadata       [0x000001d2081cd038,0x000001d2081cd040] = 8
 scopes data    [0x000001d2081cd040,0x000001d2081cd088] = 72
 scopes pcs     [0x000001d2081cd088,0x000001d2081cd0d8] = 80
 dependencies   [0x000001d2081cd0d8,0x000001d2081cd0e0] = 8

[Constant Pool (empty)]

[MachCode]
[Entry Point]
  # {method} {0x000001d21d44dc48} 'defineClass' '(Ljava/lang/String;[BIILjava/security/CodeSource;)Ljava/lang/Class;' in 'java/security/SecureClassLoader'
  # this:     rdx:rdx   = 'java/security/SecureClassLoader'
  # parm0:    r8:r8     = 'java/lang/String'
  # parm1:    r9:r9     = '[B'
  # parm2:    rdi       = int
  # parm3:    rsi       = int
  # parm4:    rcx:rcx   = 'java/security/CodeSource'
  #           [sp+0x80]  (sp of caller)
  0x000001d2081ccea0: 448b 5208 | 49bb 0000 | 401d d201 | 0000 4d03 | d34c 3bd0 

  0x000001d2081cceb4: ;   {runtime_call ic_miss_stub}
  0x000001d2081cceb4: 0f85 466f | 2f07 660f | 1f44 0000 
[Verified Entry Point]
  0x000001d2081ccec0: 8984 2400 | 80ff ff55 | 4883 ec70 | 4181 7f20 | 0100 0000 

  0x000001d2081cced4: ;   {runtime_call StubRoutines (2)}
  0x000001d2081cced4: 7405 e8e5 

  0x000001d2081cced8: ;   {metadata(method data for {method} {0x000001d21d44dc48} 'defineClass' '(Ljava/lang/String;[BIILjava/security/CodeSource;)Ljava/lang/Class;' in 'java/security/SecureClassLoader')}
  0x000001d2081cced8: b62d 0748 | bbf0 2153 | 5ed2 0100 | 008b 83cc | 0000 0083 | c002 8983 | cc00 0000 | 25fe 0700 
  0x000001d2081ccef8: 0083 f800 | 0f84 8500 | 0000 8974 | 245c 897c | 2458 4c89 | 4c24 504c | 8944 2448 

  0x000001d2081ccf14: ;   {metadata(method data for {method} {0x000001d21d44dc48} 'defineClass' '(Ljava/lang/String;[BIILjava/security/CodeSource;)Ljava/lang/Class;' in 'java/security/SecureClassLoader')}
  0x000001d2081ccf14: 488b da48 | b8f0 2153 | 5ed2 0100 | 0048 8380 | 1001 0000 | 014c 8bc1 | 488b c248 | 8bd0 4889 
  0x000001d2081ccf34: ;   {optimized virtual_call}
  0x000001d2081ccf34: 4424 40e8 

  0x000001d2081ccf38: ; ImmutableOopMap {[64]=Oop [72]=Oop [80]=Oop }
                      ;*invokevirtual getProtectionDomain {reexecute=0 rethrow=0 return_oop=0}
                      ; - java.security.SecureClassLoader::defineClass@9 (line 150)
  0x000001d2081ccf38: 64ab fbff | 488b 5424 

  0x000001d2081ccf40: ;   {metadata(method data for {method} {0x000001d21d44dc48} 'defineClass' '(Ljava/lang/String;[BIILjava/security/CodeSource;)Ljava/lang/Class;' in 'java/security/SecureClassLoader')}
  0x000001d2081ccf40: 4049 b8f0 | 2153 5ed2 | 0100 0049 | 8380 4801 | 0000 014c | 8b44 2448 | 4c8b 4c24 | 508b 7c24 
  0x000001d2081ccf60: 588b 7424 | 5c48 8bc8 | 488b 5424 

  0x000001d2081ccf6c: ;   {optimized virtual_call}
  0x000001d2081ccf6c: 4066 90e8 

  0x000001d2081ccf70: ; ImmutableOopMap {}
                      ;*invokevirtual defineClass {reexecute=0 rethrow=0 return_oop=0}
                      ; - java.security.SecureClassLoader::defineClass@12 (line 150)
  0x000001d2081ccf70: ac16 fcff | 4883 c470 

  0x000001d2081ccf78: ;   {poll_return}
  0x000001d2081ccf78: 5d49 3ba7 | 7803 0000 | 0f87 2200 

  0x000001d2081ccf84: ;   {metadata({method} {0x000001d21d44dc48} 'defineClass' '(Ljava/lang/String;[BIILjava/security/CodeSource;)Ljava/lang/Class;' in 'java/security/SecureClassLoader')}
  0x000001d2081ccf84: 0000 c349 | ba40 dc44 | 1dd2 0100 | 004c 8954 | 2408 48c7 | 0424 ffff 

  0x000001d2081ccf9c: ;   {runtime_call counter_overflow Runtime1 stub}
  0x000001d2081ccf9c: ffff e85d 

  0x000001d2081ccfa0: ; ImmutableOopMap {rdx=Oop r8=Oop r9=Oop rcx=Oop }
                      ;*synchronization entry
                      ; - java.security.SecureClassLoader::defineClass@-1 (line 150)
  0x000001d2081ccfa0: 023c 07e9 | 5aff ffff 

  0x000001d2081ccfa8: ;   {internal_word}
  0x000001d2081ccfa8: 49ba 79cf | 1c08 d201 | 0000 4d89 | 9790 0300 

  0x000001d2081ccfb8: ;   {runtime_call SafepointBlob}
  0x000001d2081ccfb8: 00e9 c2dd | 2f07 498b | 8728 0400 | 0049 c787 | 2804 0000 | 0000 0000 | 49c7 8730 | 0400 0000 
  0x000001d2081ccfd8: 0000 0048 | 83c4 705d 

  0x000001d2081ccfe0: ;   {runtime_call unwind_exception Runtime1 stub}
  0x000001d2081ccfe0: e91b a23b | 07f4 f4f4 
[Exception Handler]
  0x000001d2081ccfe8: ;   {no_reloc}
  0x000001d2081ccfe8: e813 cf3b 

  0x000001d2081ccfec: ;   {external_word}
  0x000001d2081ccfec: 0748 b9b0 | 3316 16f8 | 7f00 0048 

  0x000001d2081ccff8: ;   {runtime_call}
  0x000001d2081ccff8: 83e4 f048 | b860 1de2 | 15f8 7f00 | 00ff d0f4 
[Deopt Handler Code]
  0x000001d2081cd008: ;   {section_word}
  0x000001d2081cd008: 49ba 08d0 | 1c08 d201 | 0000 4152 

  0x000001d2081cd014: ;   {runtime_call DeoptimizationBlob}
  0x000001d2081cd014: e907 d02f 

  0x000001d2081cd018: ;   {static_stub}
  0x000001d2081cd018: 0748 bb00 | 0000 0000 

  0x000001d2081cd020: ;   {runtime_call}
  0x000001d2081cd020: 0000 00e9 | fbff ffff 

  0x000001d2081cd028: ;   {static_stub}
  0x000001d2081cd028: 48bb 0000 | 0000 0000 

  0x000001d2081cd030: ;   {runtime_call}
  0x000001d2081cd030: 0000 e9fb | ffff fff4 
[/MachCode]


---------------  P R O C E S S  ---------------

Threads class SMR info:
_java_thread_list=0x000001d263104cd0, length=14, elements={
0x000001d27d1d2440, 0x000001d21cfdc240, 0x000001d21cfdce40, 0x000001d21cfdda40,
0x000001d21cfdf390, 0x000001d21cfdfcd0, 0x000001d21cfe0610, 0x000001d21cfe2290,
0x000001d262432ea0, 0x000001d26255aaf0, 0x000001d2625674e0, 0x000001d2627080f0,
0x000001d26246ed20, 0x000001d26246f2b0
}

Java Threads: ( => current thread )
=>0x000001d27d1d2440 JavaThread "main" [_thread_in_vm, id=31384, stack(0x00000053fb700000,0x00000053fb800000)]
  0x000001d21cfdc240 JavaThread "Reference Handler" daemon [_thread_blocked, id=30272, stack(0x00000053fbe00000,0x00000053fbf00000)]
  0x000001d21cfdce40 JavaThread "Finalizer" daemon [_thread_blocked, id=22096, stack(0x00000053fbf00000,0x00000053fc000000)]
  0x000001d21cfdda40 JavaThread "Signal Dispatcher" daemon [_thread_blocked, id=22100, stack(0x00000053fc000000,0x00000053fc100000)]
  0x000001d21cfdf390 JavaThread "Attach Listener" daemon [_thread_blocked, id=32756, stack(0x00000053fc100000,0x00000053fc200000)]
  0x000001d21cfdfcd0 JavaThread "Service Thread" daemon [_thread_blocked, id=18460, stack(0x00000053fc200000,0x00000053fc300000)]
  0x000001d21cfe0610 JavaThread "Monitor Deflation Thread" daemon [_thread_blocked, id=33068, stack(0x00000053fc300000,0x00000053fc400000)]
  0x000001d21cfe2290 JavaThread "C2 CompilerThread0" daemon [_thread_blocked, id=31288, stack(0x00000053fc400000,0x00000053fc500000)]
  0x000001d262432ea0 JavaThread "C1 CompilerThread0" daemon [_thread_blocked, id=33208, stack(0x00000053fc500000,0x00000053fc600000)]
  0x000001d26255aaf0 JavaThread "Notification Thread" daemon [_thread_blocked, id=34016, stack(0x00000053fc700000,0x00000053fc800000)]
  0x000001d2625674e0 JavaThread "Common-Cleaner" daemon [_thread_blocked, id=34024, stack(0x00000053fc900000,0x00000053fca00000)]
  0x000001d2627080f0 JavaThread "C1 CompilerThread1" daemon [_thread_blocked, id=23416, stack(0x00000053fc600000,0x00000053fc700000)]
  0x000001d26246ed20 JavaThread "C1 CompilerThread2" daemon [_thread_blocked, id=40320, stack(0x00000053fca00000,0x00000053fcb00000)]
  0x000001d26246f2b0 JavaThread "C1 CompilerThread3" daemon [_thread_blocked, id=40324, stack(0x00000053fcb00000,0x00000053fcc00000)]

Other Threads:
  0x000001d21cfbbe00 VMThread "VM Thread" [stack: 0x00000053fbd00000,0x00000053fbe00000] [id=33780]
  0x000001d262564060 WatcherThread "VM Periodic Task Thread" [stack: 0x00000053fc800000,0x00000053fc900000] [id=34020]
  0x000001d27d23dd80 WorkerThread "GC Thread#0" [stack: 0x00000053fb800000,0x00000053fb900000] [id=20068]
  0x000001d262832ba0 WorkerThread "GC Thread#1" [stack: 0x00000053fcd00000,0x00000053fce00000] [id=42080]
  0x000001d262833140 WorkerThread "GC Thread#2" [stack: 0x00000053fce00000,0x00000053fcf00000] [id=42084]
  0x000001d262832600 WorkerThread "GC Thread#3" [stack: 0x00000053fcf00000,0x00000053fd000000] [id=42088]
  0x000001d262831ac0 WorkerThread "GC Thread#4" [stack: 0x00000053fd000000,0x00000053fd100000] [id=42092]
  0x000001d262832e70 WorkerThread "GC Thread#5" [stack: 0x00000053fd100000,0x00000053fd200000] [id=42108]
  0x000001d262832060 WorkerThread "GC Thread#6" [stack: 0x00000053fd200000,0x00000053fd300000] [id=42112]
  0x000001d262832330 WorkerThread "GC Thread#7" [stack: 0x00000053fd300000,0x00000053fd400000] [id=42116]
  0x000001d27d24f240 ConcurrentGCThread "G1 Main Marker" [stack: 0x00000053fb900000,0x00000053fba00000] [id=12892]
  0x000001d27d251b80 WorkerThread "G1 Conc#0" [stack: 0x00000053fba00000,0x00000053fbb00000] [id=20840]
  0x000001d27d29e770 ConcurrentGCThread "G1 Refine#0" [stack: 0x00000053fbb00000,0x00000053fbc00000] [id=16024]
  0x000001d21ce796c0 ConcurrentGCThread "G1 Service" [stack: 0x00000053fbc00000,0x00000053fbd00000] [id=7696]

Threads with active compile tasks:

VM state: not at safepoint (normal execution)

VM Mutex/Monitor currently owned by a thread:  ([mutex/lock_event])
[0x000001d27d1be650] Metaspace_lock - owner thread: 0x000001d27d1d2440

Heap address: 0x000000070c000000, size: 3904 MB, Compressed Oops mode: Zero based, Oop shift amount: 3

CDS archive(s) mapped at: [0x000001d21d400000-0x000001d21e060000-0x000001d21e060000), size 12976128, SharedBaseAddress: 0x000001d21d400000, ArchiveRelocationMode: 1.
Compressed class space mapped at: 0x000001d21e400000-0x000001d25e400000, reserved size: 1073741824
Narrow klass base: 0x000001d21d400000, Narrow klass shift: 0, Narrow klass range: 0x100000000

GC Precious Log:
 CardTable entry size: 512
 Card Set container configuration: InlinePtr #cards 4 size 8 Array Of Cards #cards 16 size 48 Howl #buckets 8 coarsen threshold 3686 Howl Bitmap #cards 512 size 80 coarsen threshold 460 Card regions per heap region 1 cards per card region 4096
 CPUs: 16 total, 16 available
 Memory: 15612M
 Large Page Support: Disabled
 NUMA Support: Disabled
 Compressed Oops: Enabled (Zero based)
 Heap Region Size: 2M
 Heap Min Capacity: 8M
 Heap Initial Capacity: 244M
 Heap Max Capacity: 3904M
 Pre-touch: Disabled
 Parallel Workers: 13
 Concurrent Workers: 3
 Concurrent Refinement Workers: 13
 Periodic GC: Disabled

Heap:
 garbage-first heap   total 249856K, used 28224K [0x000000070c000000, 0x0000000800000000)
  region size 2048K, 15 young (30720K), 2 survivors (4096K)
 Metaspace       used 8474K, committed 8576K, reserved 1114112K
  class space    used 980K, committed 1024K, reserved 1048576K

Heap Regions: E=young(eden), S=young(survivor), O=old, HS=humongous(starts), HC=humongous(continues), CS=collection set, F=free, OA=open archive, CA=closed archive, TAMS=top-at-mark-start, PB=parsable bottom
|   0|0x000000070c000000, 0x000000070c000000, 0x000000070c200000|  0%| F|  |TAMS 0x000000070c000000| PB 0x000000070c000000| Untracked 
|   1|0x000000070c200000, 0x000000070c200000, 0x000000070c400000|  0%| F|  |TAMS 0x000000070c200000| PB 0x000000070c200000| Untracked 
|   2|0x000000070c400000, 0x000000070c400000, 0x000000070c600000|  0%| F|  |TAMS 0x000000070c400000| PB 0x000000070c400000| Untracked 
|   3|0x000000070c600000, 0x000000070c600000, 0x000000070c800000|  0%| F|  |TAMS 0x000000070c600000| PB 0x000000070c600000| Untracked 
|   4|0x000000070c800000, 0x000000070c800000, 0x000000070ca00000|  0%| F|  |TAMS 0x000000070c800000| PB 0x000000070c800000| Untracked 
|   5|0x000000070ca00000, 0x000000070ca00000, 0x000000070cc00000|  0%| F|  |TAMS 0x000000070ca00000| PB 0x000000070ca00000| Untracked 
|   6|0x000000070cc00000, 0x000000070cc00000, 0x000000070ce00000|  0%| F|  |TAMS 0x000000070cc00000| PB 0x000000070cc00000| Untracked 
|   7|0x000000070ce00000, 0x000000070ce00000, 0x000000070d000000|  0%| F|  |TAMS 0x000000070ce00000| PB 0x000000070ce00000| Untracked 
|   8|0x000000070d000000, 0x000000070d000000, 0x000000070d200000|  0%| F|  |TAMS 0x000000070d000000| PB 0x000000070d000000| Untracked 
|   9|0x000000070d200000, 0x000000070d200000, 0x000000070d400000|  0%| F|  |TAMS 0x000000070d200000| PB 0x000000070d200000| Untracked 
|  10|0x000000070d400000, 0x000000070d400000, 0x000000070d600000|  0%| F|  |TAMS 0x000000070d400000| PB 0x000000070d400000| Untracked 
|  11|0x000000070d600000, 0x000000070d600000, 0x000000070d800000|  0%| F|  |TAMS 0x000000070d600000| PB 0x000000070d600000| Untracked 
|  12|0x000000070d800000, 0x000000070d800000, 0x000000070da00000|  0%| F|  |TAMS 0x000000070d800000| PB 0x000000070d800000| Untracked 
|  13|0x000000070da00000, 0x000000070da00000, 0x000000070dc00000|  0%| F|  |TAMS 0x000000070da00000| PB 0x000000070da00000| Untracked 
|  14|0x000000070dc00000, 0x000000070dc00000, 0x000000070de00000|  0%| F|  |TAMS 0x000000070dc00000| PB 0x000000070dc00000| Untracked 
|  15|0x000000070de00000, 0x000000070de00000, 0x000000070e000000|  0%| F|  |TAMS 0x000000070de00000| PB 0x000000070de00000| Untracked 
|  16|0x000000070e000000, 0x000000070e000000, 0x000000070e200000|  0%| F|  |TAMS 0x000000070e000000| PB 0x000000070e000000| Untracked 
|  17|0x000000070e200000, 0x000000070e200000, 0x000000070e400000|  0%| F|  |TAMS 0x000000070e200000| PB 0x000000070e200000| Untracked 
|  18|0x000000070e400000, 0x000000070e400000, 0x000000070e600000|  0%| F|  |TAMS 0x000000070e400000| PB 0x000000070e400000| Untracked 
|  19|0x000000070e600000, 0x000000070e600000, 0x000000070e800000|  0%| F|  |TAMS 0x000000070e600000| PB 0x000000070e600000| Untracked 
|  20|0x000000070e800000, 0x000000070e800000, 0x000000070ea00000|  0%| F|  |TAMS 0x000000070e800000| PB 0x000000070e800000| Untracked 
|  21|0x000000070ea00000, 0x000000070ea00000, 0x000000070ec00000|  0%| F|  |TAMS 0x000000070ea00000| PB 0x000000070ea00000| Untracked 
|  22|0x000000070ec00000, 0x000000070ec00000, 0x000000070ee00000|  0%| F|  |TAMS 0x000000070ec00000| PB 0x000000070ec00000| Untracked 
|  23|0x000000070ee00000, 0x000000070ee00000, 0x000000070f000000|  0%| F|  |TAMS 0x000000070ee00000| PB 0x000000070ee00000| Untracked 
|  24|0x000000070f000000, 0x000000070f000000, 0x000000070f200000|  0%| F|  |TAMS 0x000000070f000000| PB 0x000000070f000000| Untracked 
|  25|0x000000070f200000, 0x000000070f200000, 0x000000070f400000|  0%| F|  |TAMS 0x000000070f200000| PB 0x000000070f200000| Untracked 
|  26|0x000000070f400000, 0x000000070f400000, 0x000000070f600000|  0%| F|  |TAMS 0x000000070f400000| PB 0x000000070f400000| Untracked 
|  27|0x000000070f600000, 0x000000070f600000, 0x000000070f800000|  0%| F|  |TAMS 0x000000070f600000| PB 0x000000070f600000| Untracked 
|  28|0x000000070f800000, 0x000000070f800000, 0x000000070fa00000|  0%| F|  |TAMS 0x000000070f800000| PB 0x000000070f800000| Untracked 
|  29|0x000000070fa00000, 0x000000070fa00000, 0x000000070fc00000|  0%| F|  |TAMS 0x000000070fa00000| PB 0x000000070fa00000| Untracked 
|  30|0x000000070fc00000, 0x000000070fc00000, 0x000000070fe00000|  0%| F|  |TAMS 0x000000070fc00000| PB 0x000000070fc00000| Untracked 
|  31|0x000000070fe00000, 0x000000070fe00000, 0x0000000710000000|  0%| F|  |TAMS 0x000000070fe00000| PB 0x000000070fe00000| Untracked 
|  32|0x0000000710000000, 0x0000000710000000, 0x0000000710200000|  0%| F|  |TAMS 0x0000000710000000| PB 0x0000000710000000| Untracked 
|  33|0x0000000710200000, 0x0000000710200000, 0x0000000710400000|  0%| F|  |TAMS 0x0000000710200000| PB 0x0000000710200000| Untracked 
|  34|0x0000000710400000, 0x0000000710400000, 0x0000000710600000|  0%| F|  |TAMS 0x0000000710400000| PB 0x0000000710400000| Untracked 
|  35|0x0000000710600000, 0x0000000710600000, 0x0000000710800000|  0%| F|  |TAMS 0x0000000710600000| PB 0x0000000710600000| Untracked 
|  36|0x0000000710800000, 0x0000000710800000, 0x0000000710a00000|  0%| F|  |TAMS 0x0000000710800000| PB 0x0000000710800000| Untracked 
|  37|0x0000000710a00000, 0x0000000710a00000, 0x0000000710c00000|  0%| F|  |TAMS 0x0000000710a00000| PB 0x0000000710a00000| Untracked 
|  38|0x0000000710c00000, 0x0000000710c00000, 0x0000000710e00000|  0%| F|  |TAMS 0x0000000710c00000| PB 0x0000000710c00000| Untracked 
|  39|0x0000000710e00000, 0x0000000710e00000, 0x0000000711000000|  0%| F|  |TAMS 0x0000000710e00000| PB 0x0000000710e00000| Untracked 
|  40|0x0000000711000000, 0x0000000711000000, 0x0000000711200000|  0%| F|  |TAMS 0x0000000711000000| PB 0x0000000711000000| Untracked 
|  41|0x0000000711200000, 0x0000000711200000, 0x0000000711400000|  0%| F|  |TAMS 0x0000000711200000| PB 0x0000000711200000| Untracked 
|  42|0x0000000711400000, 0x0000000711400000, 0x0000000711600000|  0%| F|  |TAMS 0x0000000711400000| PB 0x0000000711400000| Untracked 
|  43|0x0000000711600000, 0x0000000711600000, 0x0000000711800000|  0%| F|  |TAMS 0x0000000711600000| PB 0x0000000711600000| Untracked 
|  44|0x0000000711800000, 0x0000000711800000, 0x0000000711a00000|  0%| F|  |TAMS 0x0000000711800000| PB 0x0000000711800000| Untracked 
|  45|0x0000000711a00000, 0x0000000711a00000, 0x0000000711c00000|  0%| F|  |TAMS 0x0000000711a00000| PB 0x0000000711a00000| Untracked 
|  46|0x0000000711c00000, 0x0000000711c00000, 0x0000000711e00000|  0%| F|  |TAMS 0x0000000711c00000| PB 0x0000000711c00000| Untracked 
|  47|0x0000000711e00000, 0x0000000711e00000, 0x0000000712000000|  0%| F|  |TAMS 0x0000000711e00000| PB 0x0000000711e00000| Untracked 
|  48|0x0000000712000000, 0x0000000712000000, 0x0000000712200000|  0%| F|  |TAMS 0x0000000712000000| PB 0x0000000712000000| Untracked 
|  49|0x0000000712200000, 0x0000000712200000, 0x0000000712400000|  0%| F|  |TAMS 0x0000000712200000| PB 0x0000000712200000| Untracked 
|  50|0x0000000712400000, 0x0000000712400000, 0x0000000712600000|  0%| F|  |TAMS 0x0000000712400000| PB 0x0000000712400000| Untracked 
|  51|0x0000000712600000, 0x0000000712600000, 0x0000000712800000|  0%| F|  |TAMS 0x0000000712600000| PB 0x0000000712600000| Untracked 
|  52|0x0000000712800000, 0x0000000712800000, 0x0000000712a00000|  0%| F|  |TAMS 0x0000000712800000| PB 0x0000000712800000| Untracked 
|  53|0x0000000712a00000, 0x0000000712a00000, 0x0000000712c00000|  0%| F|  |TAMS 0x0000000712a00000| PB 0x0000000712a00000| Untracked 
|  54|0x0000000712c00000, 0x0000000712c00000, 0x0000000712e00000|  0%| F|  |TAMS 0x0000000712c00000| PB 0x0000000712c00000| Untracked 
|  55|0x0000000712e00000, 0x0000000712e00000, 0x0000000713000000|  0%| F|  |TAMS 0x0000000712e00000| PB 0x0000000712e00000| Untracked 
|  56|0x0000000713000000, 0x0000000713000000, 0x0000000713200000|  0%| F|  |TAMS 0x0000000713000000| PB 0x0000000713000000| Untracked 
|  57|0x0000000713200000, 0x0000000713200000, 0x0000000713400000|  0%| F|  |TAMS 0x0000000713200000| PB 0x0000000713200000| Untracked 
|  58|0x0000000713400000, 0x0000000713400000, 0x0000000713600000|  0%| F|  |TAMS 0x0000000713400000| PB 0x0000000713400000| Untracked 
|  59|0x0000000713600000, 0x0000000713600000, 0x0000000713800000|  0%| F|  |TAMS 0x0000000713600000| PB 0x0000000713600000| Untracked 
|  60|0x0000000713800000, 0x0000000713800000, 0x0000000713a00000|  0%| F|  |TAMS 0x0000000713800000| PB 0x0000000713800000| Untracked 
|  61|0x0000000713a00000, 0x0000000713a00000, 0x0000000713c00000|  0%| F|  |TAMS 0x0000000713a00000| PB 0x0000000713a00000| Untracked 
|  62|0x0000000713c00000, 0x0000000713c00000, 0x0000000713e00000|  0%| F|  |TAMS 0x0000000713c00000| PB 0x0000000713c00000| Untracked 
|  63|0x0000000713e00000, 0x0000000713e00000, 0x0000000714000000|  0%| F|  |TAMS 0x0000000713e00000| PB 0x0000000713e00000| Untracked 
|  64|0x0000000714000000, 0x0000000714000000, 0x0000000714200000|  0%| F|  |TAMS 0x0000000714000000| PB 0x0000000714000000| Untracked 
|  65|0x0000000714200000, 0x0000000714200000, 0x0000000714400000|  0%| F|  |TAMS 0x0000000714200000| PB 0x0000000714200000| Untracked 
|  66|0x0000000714400000, 0x0000000714400000, 0x0000000714600000|  0%| F|  |TAMS 0x0000000714400000| PB 0x0000000714400000| Untracked 
|  67|0x0000000714600000, 0x0000000714600000, 0x0000000714800000|  0%| F|  |TAMS 0x0000000714600000| PB 0x0000000714600000| Untracked 
|  68|0x0000000714800000, 0x0000000714800000, 0x0000000714a00000|  0%| F|  |TAMS 0x0000000714800000| PB 0x0000000714800000| Untracked 
|  69|0x0000000714a00000, 0x0000000714a00000, 0x0000000714c00000|  0%| F|  |TAMS 0x0000000714a00000| PB 0x0000000714a00000| Untracked 
|  70|0x0000000714c00000, 0x0000000714c00000, 0x0000000714e00000|  0%| F|  |TAMS 0x0000000714c00000| PB 0x0000000714c00000| Untracked 
|  71|0x0000000714e00000, 0x0000000714e00000, 0x0000000715000000|  0%| F|  |TAMS 0x0000000714e00000| PB 0x0000000714e00000| Untracked 
|  72|0x0000000715000000, 0x0000000715000000, 0x0000000715200000|  0%| F|  |TAMS 0x0000000715000000| PB 0x0000000715000000| Untracked 
|  73|0x0000000715200000, 0x0000000715200000, 0x0000000715400000|  0%| F|  |TAMS 0x0000000715200000| PB 0x0000000715200000| Untracked 
|  74|0x0000000715400000, 0x0000000715400000, 0x0000000715600000|  0%| F|  |TAMS 0x0000000715400000| PB 0x0000000715400000| Untracked 
|  75|0x0000000715600000, 0x0000000715600000, 0x0000000715800000|  0%| F|  |TAMS 0x0000000715600000| PB 0x0000000715600000| Untracked 
|  76|0x0000000715800000, 0x0000000715800000, 0x0000000715a00000|  0%| F|  |TAMS 0x0000000715800000| PB 0x0000000715800000| Untracked 
|  77|0x0000000715a00000, 0x0000000715a00000, 0x0000000715c00000|  0%| F|  |TAMS 0x0000000715a00000| PB 0x0000000715a00000| Untracked 
|  78|0x0000000715c00000, 0x0000000715c00000, 0x0000000715e00000|  0%| F|  |TAMS 0x0000000715c00000| PB 0x0000000715c00000| Untracked 
|  79|0x0000000715e00000, 0x0000000715e00000, 0x0000000716000000|  0%| F|  |TAMS 0x0000000715e00000| PB 0x0000000715e00000| Untracked 
|  80|0x0000000716000000, 0x0000000716000000, 0x0000000716200000|  0%| F|  |TAMS 0x0000000716000000| PB 0x0000000716000000| Untracked 
|  81|0x0000000716200000, 0x0000000716200000, 0x0000000716400000|  0%| F|  |TAMS 0x0000000716200000| PB 0x0000000716200000| Untracked 
|  82|0x0000000716400000, 0x0000000716400000, 0x0000000716600000|  0%| F|  |TAMS 0x0000000716400000| PB 0x0000000716400000| Untracked 
|  83|0x0000000716600000, 0x0000000716600000, 0x0000000716800000|  0%| F|  |TAMS 0x0000000716600000| PB 0x0000000716600000| Untracked 
|  84|0x0000000716800000, 0x0000000716800000, 0x0000000716a00000|  0%| F|  |TAMS 0x0000000716800000| PB 0x0000000716800000| Untracked 
|  85|0x0000000716a00000, 0x0000000716a00000, 0x0000000716c00000|  0%| F|  |TAMS 0x0000000716a00000| PB 0x0000000716a00000| Untracked 
|  86|0x0000000716c00000, 0x0000000716c00000, 0x0000000716e00000|  0%| F|  |TAMS 0x0000000716c00000| PB 0x0000000716c00000| Untracked 
|  87|0x0000000716e00000, 0x0000000716e00000, 0x0000000717000000|  0%| F|  |TAMS 0x0000000716e00000| PB 0x0000000716e00000| Untracked 
|  88|0x0000000717000000, 0x0000000717000000, 0x0000000717200000|  0%| F|  |TAMS 0x0000000717000000| PB 0x0000000717000000| Untracked 
|  89|0x0000000717200000, 0x0000000717200000, 0x0000000717400000|  0%| F|  |TAMS 0x0000000717200000| PB 0x0000000717200000| Untracked 
|  90|0x0000000717400000, 0x0000000717400000, 0x0000000717600000|  0%| F|  |TAMS 0x0000000717400000| PB 0x0000000717400000| Untracked 
|  91|0x0000000717600000, 0x0000000717600000, 0x0000000717800000|  0%| F|  |TAMS 0x0000000717600000| PB 0x0000000717600000| Untracked 
|  92|0x0000000717800000, 0x0000000717800000, 0x0000000717a00000|  0%| F|  |TAMS 0x0000000717800000| PB 0x0000000717800000| Untracked 
|  93|0x0000000717a00000, 0x0000000717a00000, 0x0000000717c00000|  0%| F|  |TAMS 0x0000000717a00000| PB 0x0000000717a00000| Untracked 
|  94|0x0000000717c00000, 0x0000000717c00000, 0x0000000717e00000|  0%| F|  |TAMS 0x0000000717c00000| PB 0x0000000717c00000| Untracked 
|  95|0x0000000717e00000, 0x0000000717e00000, 0x0000000718000000|  0%| F|  |TAMS 0x0000000717e00000| PB 0x0000000717e00000| Untracked 
|  96|0x0000000718000000, 0x0000000718000000, 0x0000000718200000|  0%| F|  |TAMS 0x0000000718000000| PB 0x0000000718000000| Untracked 
|  97|0x0000000718200000, 0x0000000718200000, 0x0000000718400000|  0%| F|  |TAMS 0x0000000718200000| PB 0x0000000718200000| Untracked 
|  98|0x0000000718400000, 0x0000000718400000, 0x0000000718600000|  0%| F|  |TAMS 0x0000000718400000| PB 0x0000000718400000| Untracked 
|  99|0x0000000718600000, 0x0000000718600000, 0x0000000718800000|  0%| F|  |TAMS 0x0000000718600000| PB 0x0000000718600000| Untracked 
| 100|0x0000000718800000, 0x0000000718800000, 0x0000000718a00000|  0%| F|  |TAMS 0x0000000718800000| PB 0x0000000718800000| Untracked 
| 101|0x0000000718a00000, 0x0000000718a00000, 0x0000000718c00000|  0%| F|  |TAMS 0x0000000718a00000| PB 0x0000000718a00000| Untracked 
| 102|0x0000000718c00000, 0x0000000718c00000, 0x0000000718e00000|  0%| F|  |TAMS 0x0000000718c00000| PB 0x0000000718c00000| Untracked 
| 103|0x0000000718e00000, 0x0000000718e00000, 0x0000000719000000|  0%| F|  |TAMS 0x0000000718e00000| PB 0x0000000718e00000| Untracked 
| 104|0x0000000719000000, 0x0000000719000000, 0x0000000719200000|  0%| F|  |TAMS 0x0000000719000000| PB 0x0000000719000000| Untracked 
| 105|0x0000000719200000, 0x0000000719200000, 0x0000000719400000|  0%| F|  |TAMS 0x0000000719200000| PB 0x0000000719200000| Untracked 
| 106|0x0000000719400000, 0x0000000719400000, 0x0000000719600000|  0%| F|  |TAMS 0x0000000719400000| PB 0x0000000719400000| Untracked 
| 107|0x0000000719600000, 0x0000000719718bd0, 0x0000000719800000| 54%| E|  |TAMS 0x0000000719600000| PB 0x0000000719600000| Complete 
| 108|0x0000000719800000, 0x0000000719a00000, 0x0000000719a00000|100%| E|CS|TAMS 0x0000000719800000| PB 0x0000000719800000| Complete 
| 109|0x0000000719a00000, 0x0000000719b901d0, 0x0000000719c00000| 78%| S|CS|TAMS 0x0000000719a00000| PB 0x0000000719a00000| Complete 
| 110|0x0000000719c00000, 0x0000000719e00000, 0x0000000719e00000|100%| S|CS|TAMS 0x0000000719c00000| PB 0x0000000719c00000| Complete 
| 111|0x0000000719e00000, 0x000000071a000000, 0x000000071a000000|100%| E|CS|TAMS 0x0000000719e00000| PB 0x0000000719e00000| Complete 
| 112|0x000000071a000000, 0x000000071a200000, 0x000000071a200000|100%| E|CS|TAMS 0x000000071a000000| PB 0x000000071a000000| Complete 
| 113|0x000000071a200000, 0x000000071a400000, 0x000000071a400000|100%| E|CS|TAMS 0x000000071a200000| PB 0x000000071a200000| Complete 
| 114|0x000000071a400000, 0x000000071a600000, 0x000000071a600000|100%| E|CS|TAMS 0x000000071a400000| PB 0x000000071a400000| Complete 
| 115|0x000000071a600000, 0x000000071a800000, 0x000000071a800000|100%| E|CS|TAMS 0x000000071a600000| PB 0x000000071a600000| Complete 
| 116|0x000000071a800000, 0x000000071aa00000, 0x000000071aa00000|100%| E|CS|TAMS 0x000000071a800000| PB 0x000000071a800000| Complete 
| 117|0x000000071aa00000, 0x000000071ac00000, 0x000000071ac00000|100%| E|CS|TAMS 0x000000071aa00000| PB 0x000000071aa00000| Complete 
| 118|0x000000071ac00000, 0x000000071ae00000, 0x000000071ae00000|100%| E|CS|TAMS 0x000000071ac00000| PB 0x000000071ac00000| Complete 
| 119|0x000000071ae00000, 0x000000071b000000, 0x000000071b000000|100%| E|CS|TAMS 0x000000071ae00000| PB 0x000000071ae00000| Complete 
| 120|0x000000071b000000, 0x000000071b200000, 0x000000071b200000|100%| E|CS|TAMS 0x000000071b000000| PB 0x000000071b000000| Complete 
| 121|0x000000071b200000, 0x000000071b400000, 0x000000071b400000|100%| E|CS|TAMS 0x000000071b200000| PB 0x000000071b200000| Complete 

Card table byte_map: [0x000001d27e2c0000,0x000001d27ea60000] _byte_map_base: 0x000001d27aa60000

Marking Bits: (CMBitMap*) 0x000001d27d23e3b0
 Bits: [0x000001d217010000, 0x000001d21ad10000)

Polling page: 0x000001d27c9a0000

Metaspace:

Usage:
  Non-class:      7.32 MB used.
      Class:    980.25 KB used.
       Both:      8.28 MB used.

Virtual space:
  Non-class space:       64.00 MB reserved,       7.38 MB ( 12%) committed,  1 nodes.
      Class space:        1.00 GB reserved,       1.00 MB ( <1%) committed,  1 nodes.
             Both:        1.06 GB reserved,       8.38 MB ( <1%) committed. 

Chunk freelists:
   Non-Class:  2.80 MB
       Class:  2.95 MB
        Both:  5.75 MB

MaxMetaspaceSize: unlimited
CompressedClassSpaceSize: 1.00 GB
Initial GC threshold: 21.00 MB
Current GC threshold: 21.00 MB
CDS: on
MetaspaceReclaimPolicy: balanced
 - commit_granule_bytes: 65536.
 - commit_granule_words: 8192.
 - virtual_space_node_default_size: 8388608.
 - enlarge_chunks_in_place: 1.
 - new_chunks_are_fully_committed: 0.
 - uncommit_free_chunks: 1.
 - use_allocation_guard: 0.


Internal statistics:

num_allocs_failed_limit: 0.
num_arena_births: 56.
num_arena_deaths: 0.
num_vsnodes_births: 2.
num_vsnodes_deaths: 0.
num_space_committed: 134.
num_space_uncommitted: 0.
num_chunks_returned_to_freelist: 0.
num_chunks_taken_from_freelist: 305.
num_chunk_merges: 0.
num_chunk_splits: 227.
num_chunks_enlarged: 195.
num_inconsistent_stats: 0.

CodeHeap 'non-profiled nmethods': size=119168Kb used=637Kb max_used=637Kb free=118530Kb
 bounds [0x000001d20fbb0000, 0x000001d20fe20000, 0x000001d217010000]
CodeHeap 'profiled nmethods': size=119104Kb used=3518Kb max_used=3518Kb free=115585Kb
 bounds [0x000001d208010000, 0x000001d208380000, 0x000001d20f460000]
CodeHeap 'non-nmethods': size=7488Kb used=3095Kb max_used=3130Kb free=4393Kb
 bounds [0x000001d20f460000, 0x000001d20f7e0000, 0x000001d20fbb0000]
 total_blobs=2284 nmethods=1831 adapters=361
 compilation: enabled
              stopped_count=0, restarted_count=0
 full_count=0

Compilation events (20 events):
Event: 20.995 Thread 0x000001d26246ed20 nmethod 1822 0x000001d20837c510 code [0x000001d20837c6a0, 0x000001d20837c8a8]
Event: 20.995 Thread 0x000001d26246f2b0 nmethod 1823 0x000001d20837c990 code [0x000001d20837cb20, 0x000001d20837cc58]
Event: 20.995 Thread 0x000001d262432ea0 nmethod 1821 0x000001d20837cd10 code [0x000001d20837cec0, 0x000001d20837d2e8]
Event: 20.995 Thread 0x000001d2627080f0 1824       1       java.lang.reflect.Constructor::getModifiers (5 bytes)
Event: 20.996 Thread 0x000001d2627080f0 nmethod 1824 0x000001d20fc4e690 code [0x000001d20fc4e800, 0x000001d20fc4e8c8]
Event: 21.003 Thread 0x000001d2627080f0 1825       3       java.util.Collections$UnmodifiableCollection$1::hasNext (10 bytes)
Event: 21.003 Thread 0x000001d2627080f0 nmethod 1825 0x000001d20837d410 code [0x000001d20837d5a0, 0x000001d20837d778]
Event: 21.010 Thread 0x000001d2627080f0 1826       3       com.google.inject.internal.Errors::<init> (22 bytes)
Event: 21.010 Thread 0x000001d2627080f0 nmethod 1826 0x000001d20837d810 code [0x000001d20837d9a0, 0x000001d20837dc18]
Event: 21.011 Thread 0x000001d2627080f0 1828       3       sun.reflect.annotation.AnnotatedTypeFactory::isArray (32 bytes)
Event: 21.011 Thread 0x000001d2627080f0 nmethod 1828 0x000001d20837dd10 code [0x000001d20837dee0, 0x000001d20837e408]
Event: 21.011 Thread 0x000001d2627080f0 1829       3       java.util.Collections$UnmodifiableCollection$1::next (10 bytes)
Event: 21.012 Thread 0x000001d2627080f0 nmethod 1829 0x000001d20837e510 code [0x000001d20837e6a0, 0x000001d20837e878]
Event: 21.012 Thread 0x000001d21cfe2290 1827       4       java.util.HashMap::get (19 bytes)
Event: 21.012 Thread 0x000001d2627080f0 1830       1       java.util.ArrayList$ArrayListSpliterator::characteristics (4 bytes)
Event: 21.013 Thread 0x000001d2627080f0 nmethod 1830 0x000001d20fc4e990 code [0x000001d20fc4eb00, 0x000001d20fc4ebc8]
Event: 21.013 Thread 0x000001d2627080f0 1831       3       sun.reflect.annotation.TypeAnnotationParser::parseTypeAnnotations (91 bytes)
Event: 21.013 Thread 0x000001d2627080f0 nmethod 1831 0x000001d20837e910 code [0x000001d20837eb60, 0x000001d20837f540]
Event: 21.014 Thread 0x000001d2627080f0 1832       1       java.security.Permission::getName (5 bytes)
Event: 21.014 Thread 0x000001d2627080f0 nmethod 1832 0x000001d20fc4ec90 code [0x000001d20fc4ee00, 0x000001d20fc4eed0]

GC Heap History (2 events):
Event: 17.771 GC heap before
{Heap before GC invocations=0 (full 0):
 garbage-first heap   total 249856K, used 22528K [0x000000070c000000, 0x0000000800000000)
  region size 2048K, 11 young (22528K), 0 survivors (0K)
 Metaspace       used 5190K, committed 5312K, reserved 1114112K
  class space    used 596K, committed 640K, reserved 1048576K
}
Event: 17.777 GC heap after
{Heap after GC invocations=1 (full 0):
 garbage-first heap   total 249856K, used 3648K [0x000000070c000000, 0x0000000800000000)
  region size 2048K, 2 young (4096K), 2 survivors (4096K)
 Metaspace       used 5190K, committed 5312K, reserved 1114112K
  class space    used 596K, committed 640K, reserved 1048576K
}

Dll operation events (8 events):
Event: 1.812 Loaded shared library C:\Program Files\Java\jdk-20\bin\java.dll
Event: 4.463 Loaded shared library C:\Program Files\Java\jdk-20\bin\jsvml.dll
Event: 5.439 Loaded shared library C:\Program Files\Java\jdk-20\bin\net.dll
Event: 5.441 Loaded shared library C:\Program Files\Java\jdk-20\bin\nio.dll
Event: 5.445 Loaded shared library C:\Program Files\Java\jdk-20\bin\zip.dll
Event: 14.331 Loaded shared library C:\Program Files\Java\jdk-20\bin\jimage.dll
Event: 14.350 Loaded shared library C:\Program Files\NetBeans-18\netbeans\java\maven\lib\jansi-native\Windows\x86_64\jansi.dll
Event: 14.417 Loaded shared library C:\Program Files\Java\jdk-20\bin\verify.dll

Deoptimization events (20 events):
Event: 17.930 Thread 0x000001d27d1d2440 DEOPT PACKING pc=0x000001d2080f073f sp=0x00000053fb7fd750
Event: 17.930 Thread 0x000001d27d1d2440 DEOPT UNPACKING pc=0x000001d20f4ca4c2 sp=0x00000053fb7fcbd8 mode 0
Event: 17.938 Thread 0x000001d27d1d2440 Uncommon trap: trap_request=0xffffffc6 fr.pc=0x000001d20fbec0b8 relative=0x00000000000002f8
Event: 17.938 Thread 0x000001d27d1d2440 Uncommon trap: reason=bimorphic_or_optimized_type_check action=maybe_recompile pc=0x000001d20fbec0b8 method=java.util.concurrent.ConcurrentHashMap.get(Ljava/lang/Object;)Ljava/lang/Object; @ 149 c2
Event: 17.938 Thread 0x000001d27d1d2440 DEOPT PACKING pc=0x000001d20fbec0b8 sp=0x00000053fb7fd6e0
Event: 17.938 Thread 0x000001d27d1d2440 DEOPT UNPACKING pc=0x000001d20f4c9d22 sp=0x00000053fb7fd650 mode 2
Event: 18.414 Thread 0x000001d27d1d2440 Uncommon trap: trap_request=0xffffffc6 fr.pc=0x000001d20fbec0b8 relative=0x00000000000002f8
Event: 18.414 Thread 0x000001d27d1d2440 Uncommon trap: reason=bimorphic_or_optimized_type_check action=maybe_recompile pc=0x000001d20fbec0b8 method=java.util.concurrent.ConcurrentHashMap.get(Ljava/lang/Object;)Ljava/lang/Object; @ 149 c2
Event: 18.414 Thread 0x000001d27d1d2440 DEOPT PACKING pc=0x000001d20fbec0b8 sp=0x00000053fb7fd3c0
Event: 18.414 Thread 0x000001d27d1d2440 DEOPT UNPACKING pc=0x000001d20f4c9d22 sp=0x00000053fb7fd330 mode 2
Event: 18.419 Thread 0x000001d27d1d2440 Uncommon trap: trap_request=0xffffffc6 fr.pc=0x000001d20fbec0b8 relative=0x00000000000002f8
Event: 18.419 Thread 0x000001d27d1d2440 Uncommon trap: reason=bimorphic_or_optimized_type_check action=maybe_recompile pc=0x000001d20fbec0b8 method=java.util.concurrent.ConcurrentHashMap.get(Ljava/lang/Object;)Ljava/lang/Object; @ 149 c2
Event: 18.419 Thread 0x000001d27d1d2440 DEOPT PACKING pc=0x000001d20fbec0b8 sp=0x00000053fb7fceb0
Event: 18.419 Thread 0x000001d27d1d2440 DEOPT UNPACKING pc=0x000001d20f4c9d22 sp=0x00000053fb7fce20 mode 2
Event: 19.409 Thread 0x000001d27d1d2440 Uncommon trap: trap_request=0xffffff45 fr.pc=0x000001d20fc27874 relative=0x0000000000000654
Event: 19.409 Thread 0x000001d27d1d2440 Uncommon trap: reason=unstable_if action=reinterpret pc=0x000001d20fc27874 method=java.lang.String.<init>([CIILjava/lang/Void;)V @ 5 c2
Event: 19.409 Thread 0x000001d27d1d2440 DEOPT PACKING pc=0x000001d20fc27874 sp=0x00000053fb7fdc70
Event: 19.409 Thread 0x000001d27d1d2440 DEOPT UNPACKING pc=0x000001d20f4c9d22 sp=0x00000053fb7fdb08 mode 2
Event: 19.620 Thread 0x000001d27d1d2440 DEOPT PACKING pc=0x000001d208292324 sp=0x00000053fb7fdd40
Event: 19.620 Thread 0x000001d27d1d2440 DEOPT UNPACKING pc=0x000001d20f4ca4c2 sp=0x00000053fb7fd1b0 mode 0

Classes loaded (20 events):
Event: 20.085 Loading class sun/reflect/generics/reflectiveObjects/WildcardTypeImpl
Event: 20.085 Loading class sun/reflect/generics/reflectiveObjects/WildcardTypeImpl done
Event: 20.085 Loading class sun/reflect/annotation/AnnotatedTypeFactory$AnnotatedParameterizedTypeImpl
Event: 20.085 Loading class java/lang/reflect/AnnotatedParameterizedType
Event: 20.086 Loading class java/lang/reflect/AnnotatedParameterizedType done
Event: 20.086 Loading class sun/reflect/annotation/AnnotatedTypeFactory$AnnotatedParameterizedTypeImpl done
Event: 20.312 Loading class java/nio/channels/ReadableByteChannel
Event: 20.312 Loading class java/nio/channels/Channel
Event: 20.312 Loading class java/nio/channels/Channel done
Event: 20.312 Loading class java/nio/channels/ReadableByteChannel done
Event: 20.312 Loading class java/nio/channels/WritableByteChannel
Event: 20.312 Loading class java/nio/channels/WritableByteChannel done
Event: 20.340 Loading class java/util/concurrent/atomic/AtomicBoolean
Event: 20.341 Loading class java/util/concurrent/atomic/AtomicBoolean done
Event: 20.693 Loading class java/security/NoSuchAlgorithmException
Event: 20.693 Loading class java/security/GeneralSecurityException
Event: 20.693 Loading class java/security/GeneralSecurityException done
Event: 20.693 Loading class java/security/NoSuchAlgorithmException done
Event: 20.982 Loading class java/util/EventObject
Event: 20.982 Loading class java/util/EventObject done

Classes unloaded (0 events):
No events

Classes redefined (0 events):
No events

Internal exceptions (20 events):
Event: 13.936 Thread 0x000001d27d1d2440 Exception <a 'java/lang/NoSuchMethodError'{0x000000071af06a08}: 'java.lang.Object java.lang.invoke.Invokers$Holder.invokeExact_MT(java.lang.Object, java.lang.Object, java.lang.Object, java.lang.Object, java.lang.Object)'> (0x000000071af06a08) 
thrown [s\open\src\hotspot\share\interpreter\linkResolver.cpp, line 773]
Event: 14.314 Thread 0x000001d27d1d2440 Exception <a 'java/lang/NullPointerException'{0x000000071af5c288}> (0x000000071af5c288) 
thrown [s\open\src\hotspot\share\interpreter\linkResolver.cpp, line 1373]
Event: 14.378 Thread 0x000001d27d1d2440 Exception <a 'java/lang/NullPointerException'{0x000000071af94050}> (0x000000071af94050) 
thrown [s\open\src\hotspot\share\interpreter\linkResolver.cpp, line 1373]
Event: 14.378 Thread 0x000001d27d1d2440 Exception <a 'java/lang/NullPointerException'{0x000000071af94330}> (0x000000071af94330) 
thrown [s\open\src\hotspot\share\interpreter\linkResolver.cpp, line 1373]
Event: 14.378 Thread 0x000001d27d1d2440 Exception <a 'java/lang/NullPointerException'{0x000000071af94610}> (0x000000071af94610) 
thrown [s\open\src\hotspot\share\interpreter\linkResolver.cpp, line 1373]
Event: 14.388 Thread 0x000001d27d1d2440 Exception <a 'java/lang/NullPointerException'{0x000000071af993e8}> (0x000000071af993e8) 
thrown [s\open\src\hotspot\share\interpreter\linkResolver.cpp, line 1373]
Event: 14.409 Thread 0x000001d27d1d2440 Exception <a 'java/lang/NullPointerException'{0x000000071afabe08}> (0x000000071afabe08) 
thrown [s\open\src\hotspot\share\interpreter\linkResolver.cpp, line 1373]
Event: 14.409 Thread 0x000001d27d1d2440 Exception <a 'java/lang/NullPointerException'{0x000000071afac0e8}> (0x000000071afac0e8) 
thrown [s\open\src\hotspot\share\interpreter\linkResolver.cpp, line 1373]
Event: 14.409 Thread 0x000001d27d1d2440 Exception <a 'java/lang/NullPointerException'{0x000000071afac3c8}> (0x000000071afac3c8) 
thrown [s\open\src\hotspot\share\interpreter\linkResolver.cpp, line 1373]
Event: 14.409 Thread 0x000001d27d1d2440 Exception <a 'java/lang/NullPointerException'{0x000000071afac6a8}> (0x000000071afac6a8) 
thrown [s\open\src\hotspot\share\interpreter\linkResolver.cpp, line 1373]
Event: 16.222 Thread 0x000001d27d1d2440 Exception <a 'java/lang/NoSuchMethodError'{0x000000071adfd5a8}: 'java.lang.Object java.lang.invoke.DirectMethodHandle$Holder.invokeSpecialIFC(java.lang.Object, java.lang.Object, java.lang.Object, java.lang.Object)'> (0x000000071adfd5a8) 
thrown [s\open\src\hotspot\share\interpreter\linkResolver.cpp, line 773]
Event: 17.035 Thread 0x000001d27d1d2440 Exception <a 'java/lang/NoSuchMethodError'{0x000000071a40b8e0}: 'void java.lang.invoke.DirectMethodHandle$Holder.invokeSpecial(java.lang.Object, java.lang.Object, java.lang.Object)'> (0x000000071a40b8e0) 
thrown [s\open\src\hotspot\share\interpreter\linkResolver.cpp, line 773]
Event: 17.184 Thread 0x000001d27d1d2440 Exception <a 'java/lang/NoSuchMethodError'{0x000000071a52e3c8}: 'java.lang.Object java.lang.invoke.DirectMethodHandle$Holder.invokeInterface(java.lang.Object, java.lang.Object)'> (0x000000071a52e3c8) 
thrown [s\open\src\hotspot\share\interpreter\linkResolver.cpp, line 773]
Event: 17.187 Thread 0x000001d27d1d2440 Exception <a 'java/lang/NoSuchMethodError'{0x000000071a537498}: 'int java.lang.invoke.DirectMethodHandle$Holder.invokeSpecial(java.lang.Object, java.lang.Object, java.lang.Object)'> (0x000000071a537498) 
thrown [s\open\src\hotspot\share\interpreter\linkResolver.cpp, line 773]
Event: 17.208 Thread 0x000001d27d1d2440 Exception <a 'java/lang/NoSuchMethodError'{0x000000071a5bbea8}: 'int java.lang.invoke.DirectMethodHandle$Holder.invokeStatic(java.lang.Object, java.lang.Object, java.lang.Object, java.lang.Object)'> (0x000000071a5bbea8) 
thrown [s\open\src\hotspot\share\interpreter\linkResolver.cpp, line 773]
Event: 17.209 Thread 0x000001d27d1d2440 Exception <a 'java/lang/NoSuchMethodError'{0x000000071a5bf528}: 'java.lang.Object java.lang.invoke.Invokers$Holder.invokeExact_MT(java.lang.Object, java.lang.Object, java.lang.Object, java.lang.Object, java.lang.Object, java.lang.Object)'> (0x000000071a5bf528) 
thrown [s\open\src\hotspot\share\interpreter\linkResolver.cpp, line 773]
Event: 17.213 Thread 0x000001d27d1d2440 Exception <a 'java/lang/NoSuchMethodError'{0x000000071a5d3330}: 'int java.lang.invoke.DirectMethodHandle$Holder.invokeSpecialIFC(java.lang.Object, java.lang.Object, java.lang.Object, java.lang.Object, java.lang.Object)'> (0x000000071a5d3330) 
thrown [s\open\src\hotspot\share\interpreter\linkResolver.cpp, line 773]
Event: 17.462 Thread 0x000001d27d1d2440 Exception <a 'java/lang/NoSuchMethodError'{0x000000071a34b870}: 'java.lang.Object java.lang.invoke.DirectMethodHandle$Holder.newInvokeSpecial(java.lang.Object, java.lang.Object, java.lang.Object, java.lang.Object, java.lang.Object)'> (0x000000071a34b870) 
thrown [s\open\src\hotspot\share\interpreter\linkResolver.cpp, line 773]
Event: 17.572 Thread 0x000001d27d1d2440 Exception <a 'java/lang/NoSuchMethodError'{0x000000071a044840}: 'int java.lang.invoke.DirectMethodHandle$Holder.invokeStaticInit(java.lang.Object, java.lang.Object)'> (0x000000071a044840) 
thrown [s\open\src\hotspot\share\interpreter\linkResolver.cpp, line 773]
Event: 17.584 Thread 0x000001d27d1d2440 Exception <a 'java/lang/NoClassDefFoundError'{0x000000071a07b758}: javax/enterprise/inject/Typed> (0x000000071a07b758) 
thrown [s\open\src\hotspot\share\classfile\systemDictionary.cpp, line 294]

VM Operations (20 events):
Event: 14.312 Executing VM operation: HandshakeAllThreads
Event: 14.312 Executing VM operation: HandshakeAllThreads done
Event: 14.312 Executing VM operation: Cleanup
Event: 14.312 Executing VM operation: Cleanup done
Event: 14.336 Executing VM operation: HandshakeAllThreads
Event: 14.336 Executing VM operation: HandshakeAllThreads done
Event: 15.338 Executing VM operation: Cleanup
Event: 15.338 Executing VM operation: Cleanup done
Event: 16.239 Executing VM operation: HandshakeAllThreads
Event: 16.239 Executing VM operation: HandshakeAllThreads done
Event: 17.225 Executing VM operation: Cleanup
Event: 17.315 Executing VM operation: Cleanup done
Event: 17.771 Executing VM operation: G1CollectForAllocation
Event: 17.778 Executing VM operation: G1CollectForAllocation done
Event: 18.783 Executing VM operation: Cleanup
Event: 18.923 Executing VM operation: Cleanup done
Event: 20.290 Executing VM operation: HandshakeAllThreads
Event: 20.290 Executing VM operation: HandshakeAllThreads done
Event: 20.290 Executing VM operation: Cleanup
Event: 20.292 Executing VM operation: Cleanup done

Events (20 events):
Event: 4.700 Thread 0x000001d21cfdce40 Thread added: 0x000001d21cfdce40
Event: 4.700 Thread 0x000001d21cfdda40 Thread added: 0x000001d21cfdda40
Event: 4.700 Thread 0x000001d21cfdf390 Thread added: 0x000001d21cfdf390
Event: 4.700 Thread 0x000001d21cfdfcd0 Thread added: 0x000001d21cfdfcd0
Event: 4.700 Thread 0x000001d21cfe0610 Thread added: 0x000001d21cfe0610
Event: 4.700 Thread 0x000001d21cfe2290 Thread added: 0x000001d21cfe2290
Event: 4.893 Thread 0x000001d262432ea0 Thread added: 0x000001d262432ea0
Event: 5.021 Thread 0x000001d2624457c0 Thread added: 0x000001d2624457c0
Event: 5.313 Thread 0x000001d26255aaf0 Thread added: 0x000001d26255aaf0
Event: 5.316 Thread 0x000001d2625674e0 Thread added: 0x000001d2625674e0
Event: 7.693 Thread 0x000001d2624457c0 Thread exited: 0x000001d2624457c0
Event: 13.936 Thread 0x000001d2627080f0 Thread added: 0x000001d2627080f0
Event: 13.938 Thread 0x000001d2627c7b30 Thread added: 0x000001d2627c7b30
Event: 15.554 Thread 0x000001d2627c7b30 Thread exited: 0x000001d2627c7b30
Event: 16.402 Thread 0x000001d26246ed20 Thread added: 0x000001d26246ed20
Event: 16.402 Thread 0x000001d26246f2b0 Thread added: 0x000001d26246f2b0
Event: 16.405 Thread 0x000001d26246fa60 Thread added: 0x000001d26246fa60
Event: 16.860 Thread 0x000001d26246fa60 Thread exited: 0x000001d26246fa60
Event: 17.591 Thread 0x000001d263043130 Thread added: 0x000001d263043130
Event: 17.904 Thread 0x000001d263043130 Thread exited: 0x000001d263043130


Dynamic libraries:
0x00007ff622560000 - 0x00007ff622570000 	C:\Program Files\Java\jdk-20\bin\java.exe
0x00007ff8a2c80000 - 0x00007ff8a2e89000 	C:\Windows\SYSTEM32\ntdll.dll
0x00007ff8a0b80000 - 0x00007ff8a0c3d000 	C:\Windows\System32\KERNEL32.DLL
0x00007ff8a0110000 - 0x00007ff8a0494000 	C:\Windows\System32\KERNELBASE.dll
0x00007ff8a04d0000 - 0x00007ff8a05e1000 	C:\Windows\System32\ucrtbase.dll
0x00007ff890a20000 - 0x00007ff890a39000 	C:\Program Files\Java\jdk-20\bin\jli.dll
0x00007ff8a2b80000 - 0x00007ff8a2c2e000 	C:\Windows\System32\ADVAPI32.dll
0x00007ff8a0eb0000 - 0x00007ff8a0f53000 	C:\Windows\System32\msvcrt.dll
0x00007ff8967c0000 - 0x00007ff8967db000 	C:\Program Files\Java\jdk-20\bin\VCRUNTIME140.dll
0x00007ff8a1910000 - 0x00007ff8a19ae000 	C:\Windows\System32\sechost.dll
0x00007ff8a10c0000 - 0x00007ff8a11e1000 	C:\Windows\System32\RPCRT4.dll
0x00007ff8a28b0000 - 0x00007ff8a2a5d000 	C:\Windows\System32\USER32.dll
0x00007ff8a04a0000 - 0x00007ff8a04c6000 	C:\Windows\System32\win32u.dll
0x00007ff8a0c40000 - 0x00007ff8a0c6a000 	C:\Windows\System32\GDI32.dll
0x00007ff8a07d0000 - 0x00007ff8a08ee000 	C:\Windows\System32\gdi32full.dll
0x00007ff8a0730000 - 0x00007ff8a07cd000 	C:\Windows\System32\msvcp_win.dll
0x00007ff889e00000 - 0x00007ff88a0a5000 	C:\Windows\WinSxS\amd64_microsoft.windows.common-controls_6595b64144ccf1df_6.0.22000.120_none_9d947278b86cc467\COMCTL32.dll
0x00007ff896fa0000 - 0x00007ff896faa000 	C:\Windows\SYSTEM32\VERSION.dll
0x00007ff8a2a60000 - 0x00007ff8a2a91000 	C:\Windows\System32\IMM32.DLL
0x00007ff89c110000 - 0x00007ff89c11c000 	C:\Program Files\Java\jdk-20\bin\vcruntime140_1.dll
0x00007ff88f320000 - 0x00007ff88f3ae000 	C:\Program Files\Java\jdk-20\bin\msvcp140.dll
0x00007ff815810000 - 0x00007ff8164a8000 	C:\Program Files\Java\jdk-20\bin\server\jvm.dll
0x00007ff89c120000 - 0x00007ff89c129000 	C:\Windows\SYSTEM32\WSOCK32.dll
0x00007ff8a1290000 - 0x00007ff8a12ff000 	C:\Windows\System32\WS2_32.dll
0x00007ff898e20000 - 0x00007ff898e53000 	C:\Windows\SYSTEM32\WINMM.dll
0x00007ff89f1f0000 - 0x00007ff89f208000 	C:\Windows\SYSTEM32\kernel.appcore.dll
0x00007ff89a260000 - 0x00007ff89a26a000 	C:\Program Files\Java\jdk-20\bin\jimage.dll
0x00007ff89dcb0000 - 0x00007ff89ded1000 	C:\Windows\SYSTEM32\DBGHELP.DLL
0x00007ff886a60000 - 0x00007ff886a91000 	C:\Windows\SYSTEM32\dbgcore.DLL
0x00007ff8a05f0000 - 0x00007ff8a066f000 	C:\Windows\System32\bcryptPrimitives.dll
0x00007ff894e60000 - 0x00007ff894e86000 	C:\Program Files\Java\jdk-20\bin\java.dll
0x00007ff87e8e0000 - 0x00007ff87e9b7000 	C:\Program Files\Java\jdk-20\bin\jsvml.dll
0x00007ff8a1aa0000 - 0x00007ff8a2265000 	C:\Windows\System32\SHELL32.dll
0x00007ff89e1e0000 - 0x00007ff89ea42000 	C:\Windows\SYSTEM32\windows.storage.dll
0x00007ff8a1590000 - 0x00007ff8a1906000 	C:\Windows\System32\combase.dll
0x00007ff89e070000 - 0x00007ff89e1d7000 	C:\Windows\SYSTEM32\wintypes.dll
0x00007ff8a0f60000 - 0x00007ff8a104a000 	C:\Windows\System32\SHCORE.dll
0x00007ff8a1050000 - 0x00007ff8a10ad000 	C:\Windows\System32\shlwapi.dll
0x00007ff8a0040000 - 0x00007ff8a0065000 	C:\Windows\SYSTEM32\profapi.dll
0x00007ff8967a0000 - 0x00007ff8967b3000 	C:\Program Files\Java\jdk-20\bin\net.dll
0x00007ff89b5f0000 - 0x00007ff89b704000 	C:\Windows\SYSTEM32\WINHTTP.dll
0x00007ff89f6a0000 - 0x00007ff89f707000 	C:\Windows\system32\mswsock.dll
0x00007ff894e40000 - 0x00007ff894e56000 	C:\Program Files\Java\jdk-20\bin\nio.dll
0x00007ff891e40000 - 0x00007ff891e58000 	C:\Program Files\Java\jdk-20\bin\zip.dll
0x0000000069ac0000 - 0x0000000069ae4000 	C:\Program Files\NetBeans-18\netbeans\java\maven\lib\jansi-native\Windows\x86_64\jansi.dll
0x00007ff896640000 - 0x00007ff896650000 	C:\Program Files\Java\jdk-20\bin\verify.dll

dbghelp: loaded successfully - version: 4.0.5 - missing functions: none
symbol engine: initialized successfully - sym options: 0x614 - pdb path: .;C:\Program Files\Java\jdk-20\bin;C:\Windows\SYSTEM32;C:\Windows\WinSxS\amd64_microsoft.windows.common-controls_6595b64144ccf1df_6.0.22000.120_none_9d947278b86cc467;C:\Program Files\Java\jdk-20\bin\server;C:\Program Files\NetBeans-18\netbeans\java\maven\lib\jansi-native\Windows\x86_64

VM Arguments:
jvm_args: -Dclassworlds.conf=C:\Program Files\NetBeans-18\netbeans\java\maven\bin\m2.conf -Dmaven.home=C:\Program Files\NetBeans-18\netbeans\java\maven -Dlibrary.jansi.path=C:\Program Files\NetBeans-18\netbeans\java\maven\lib\jansi-native -Dmaven.multiModuleProjectDirectory=C:\Users\FLOW\Documents\NetBeansProjects\Peminjaman-Ruang 
java_command: org.codehaus.plexus.classworlds.launcher.Launcher -Dexec.vmArgs= -Dexec.args=${exec.vmArgs} -classpath %classpath ${exec.mainClass} ${exec.appArgs} -Dexec.appArgs= -Dexec.mainClass=peminjaman.peminjaman.ruang.PeminjamanRuang -Dexec.executable=C:\Program Files\Java\jdk-20\bin\java.exe -Dmaven.ext.class.path=C:\Program Files\NetBeans-18\netbeans\java\maven-nblib\netbeans-eventspy.jar --no-transfer-progress process-classes org.codehaus.mojo:exec-maven-plugin:3.1.0:exec
java_class_path (initial): C:\Program Files\NetBeans-18\netbeans\java\maven\boot\plexus-classworlds-2.6.0.jar
Launcher Type: SUN_STANDARD

[Global flags]
     intx CICompilerCount                          = 12                                        {product} {ergonomic}
     uint ConcGCThreads                            = 3                                         {product} {ergonomic}
     uint G1ConcRefinementThreads                  = 13                                        {product} {ergonomic}
   size_t G1HeapRegionSize                         = 2097152                                   {product} {ergonomic}
    uintx GCDrainStackTargetSize                   = 64                                        {product} {ergonomic}
   size_t InitialHeapSize                          = 255852544                                 {product} {ergonomic}
   size_t MarkStackSize                            = 4194304                                   {product} {ergonomic}
   size_t MaxHeapSize                              = 4093640704                                {product} {ergonomic}
   size_t MaxNewSize                               = 2455764992                                {product} {ergonomic}
   size_t MinHeapDeltaBytes                        = 2097152                                   {product} {ergonomic}
   size_t MinHeapSize                              = 8388608                                   {product} {ergonomic}
    uintx NonNMethodCodeHeapSize                   = 7602480                                {pd product} {ergonomic}
    uintx NonProfiledCodeHeapSize                  = 122027880                              {pd product} {ergonomic}
    uintx ProfiledCodeHeapSize                     = 122027880                              {pd product} {ergonomic}
    uintx ReservedCodeCacheSize                    = 251658240                              {pd product} {ergonomic}
     bool SegmentedCodeCache                       = true                                      {product} {ergonomic}
   size_t SoftMaxHeapSize                          = 4093640704                             {manageable} {ergonomic}
     bool UseCompressedClassPointers               = true                           {product lp64_product} {ergonomic}
     bool UseCompressedOops                        = true                           {product lp64_product} {ergonomic}
     bool UseG1GC                                  = true                                      {product} {ergonomic}
     bool UseLargePagesIndividualAllocation        = false                                  {pd product} {ergonomic}

Logging:
Log output configuration:
 #0: stdout all=warning uptime,level,tags foldmultilines=false
 #1: stderr all=off uptime,level,tags foldmultilines=false

Environment Variables:
JAVA_HOME=C:\Program Files\Java\jdk-20
PATH=C:\Program Files\Common Files\Oracle\Java\javapath;C:\Windows\system32;C:\Windows;C:\Windows\System32\Wbem;C:\Windows\System32\WindowsPowerShell\v1.0\;C:\Windows\System32\OpenSSH\;C:\Program Files (x86)\NVIDIA Corporation\PhysX\Common;C:\Program Files\NVIDIA Corporation\NVIDIA NvDLISR;C:\Users\FLOW\AppData\Local\Programs\Python\Launcher\;C:\Users\FLOW\AppData\Local\Microsoft\WindowsApps;;C:\Users\FLOW\AppData\Local\Programs\Microsoft VS Code\bin
USERNAME=FLOW
OS=Windows_NT
PROCESSOR_IDENTIFIER=AMD64 Family 25 Model 68 Stepping 1, AuthenticAMD
TMP=C:\Users\FLOW\AppData\Local\Temp
TEMP=C:\Users\FLOW\AppData\Local\Temp




---------------  S Y S T E M  ---------------

OS:
 Windows 11 , 64 bit Build 22000 (10.0.22000.2360)
OS uptime: 0 days 7:30 hours

CPU: total 16 (initial active 16) (16 cores per cpu, 2 threads per core) family 25 model 68 stepping 1 microcode 0x0, cx8, cmov, fxsr, ht, mmx, 3dnowpref, sse, sse2, sse3, ssse3, sse4a, sse4.1, sse4.2, popcnt, lzcnt, tsc, tscinvbit, avx, avx2, aes, erms, clmul, bmi1, bmi2, adx, sha, fma, vzeroupper, clflush, clflushopt, rdtscp, rdpid, fsrm, f16c, pku, cet_ss

Memory: 4k page, system-wide physical 15612M (698M free)
TotalPageFile size 62716M (AvailPageFile size 1241M)
current process WorkingSet (physical memory assigned to process): 85M, peak: 89M
current process commit charge ("private bytes"): 357M, peak: 363M

vm_info: Java HotSpot(TM) 64-Bit Server VM (20.0.2+9-78) for windows-amd64 JRE (20.0.2+9-78), built on 2023-06-14T10:08:48Z by "mach5one" with MS VC++ 17.1 (VS2022)

END.
