#
# There is insufficient memory for the Java Runtime Environment to continue.
# Native memory allocation (malloc) failed to allocate 203824 bytes for Chunk::new
# Possible reasons:
#   The system is out of physical RAM or swap space
#   The process is running with CompressedOops enabled, and the Java Heap may be blocking the growth of the native heap
# Possible solutions:
#   Reduce memory load on the system
#   Increase physical memory or swap space
#   Check if swap backing store is full
#   Decrease Java heap size (-Xmx/-Xms)
#   Decrease number of Java threads
#   Decrease Java thread stack sizes (-Xss)
#   Set larger code cache with -XX:ReservedCodeCacheSize=
#   JVM is running with Zero Based Compressed Oops mode in which the Java heap is
#     placed in the first 32GB address space. The Java Heap base address is the
#     maximum limit for the native heap growth. Please use -XX:HeapBaseMinAddress
#     to set the Java Heap base and to place the Java Heap above 32GB virtual address.
# This output file may be truncated or incomplete.
#
#  Out of Memory Error (arena.cpp:184), pid=34360, tid=19500
#
# JRE version: Java(TM) SE Runtime Environment (20.0.2+9) (build 20.0.2+9-78)
# Java VM: Java HotSpot(TM) 64-Bit Server VM (20.0.2+9-78, mixed mode, sharing, tiered, compressed oops, compressed class ptrs, g1 gc, windows-amd64)
# No core dump will be written. Minidumps are not enabled by default on client versions of Windows
#

---------------  S U M M A R Y ------------

Command Line: -Dclassworlds.conf=C:\Program Files\NetBeans-18\netbeans\java\maven\bin\m2.conf -Dmaven.home=C:\Program Files\NetBeans-18\netbeans\java\maven -Dlibrary.jansi.path=C:\Program Files\NetBeans-18\netbeans\java\maven\lib\jansi-native -Dmaven.multiModuleProjectDirectory=C:\Users\FLOW\Documents\NetBeansProjects\Peminjaman-Ruang org.codehaus.plexus.classworlds.launcher.Launcher -Dexec.vmArgs= -Dexec.args=${exec.vmArgs} -classpath %classpath ${exec.mainClass} ${exec.appArgs} -Dexec.appArgs= -Dexec.mainClass=peminjaman.peminjaman.ruang.PeminjamanRuang -Dexec.executable=C:\Program Files\Java\jdk-20\bin\java.exe -Dmaven.ext.class.path=C:\Program Files\NetBeans-18\netbeans\java\maven-nblib\netbeans-eventspy.jar --no-transfer-progress process-classes org.codehaus.mojo:exec-maven-plugin:3.1.0:exec

Host: AMD Ryzen 9 6900HS with Radeon Graphics        , 16 cores, 15G,  Windows 11 , 64 bit Build 22000 (10.0.22000.2360)
Time: Sun Oct  8 15:01:55 2023 Malay Peninsula Standard Time elapsed time: 13.897674 seconds (0d 0h 0m 13s)

---------------  T H R E A D  ---------------

Current thread (0x000001f02742dc70):  JavaThread "C2 CompilerThread0" daemon [_thread_in_native, id=19500, stack(0x0000004d9dd00000,0x0000004d9de00000)]


Current CompileTask:
C2:  13897 2092       4       jdk.internal.org.objectweb.asm.SymbolTable::addConstantUtf8 (98 bytes)

Stack: [0x0000004d9dd00000,0x0000004d9de00000]
Native frames: (J=compiled Java code, j=interpreted, Vv=VM code, C=native code)
V  [jvm.dll+0x6bc25a]
V  [jvm.dll+0x84971a]
V  [jvm.dll+0x84b315]
V  [jvm.dll+0x84ba13]
V  [jvm.dll+0x280e4f]
V  [jvm.dll+0xc2ab1]
V  [jvm.dll+0xc2dd5]
V  [jvm.dll+0x3bb64c]
V  [jvm.dll+0x385b75]
V  [jvm.dll+0x384fea]
V  [jvm.dll+0x24b529]
V  [jvm.dll+0x24a921]
V  [jvm.dll+0x1ce761]
V  [jvm.dll+0x25a0eb]
V  [jvm.dll+0x2587c0]
V  [jvm.dll+0x3f2dd5]
V  [jvm.dll+0x7f5c76]
V  [jvm.dll+0x6baecb]
C  [ucrtbase.dll+0x26c0c]
C  [KERNEL32.DLL+0x153e0]
C  [ntdll.dll+0x485b]


---------------  P R O C E S S  ---------------

Threads class SMR info:
_java_thread_list=0x000001f06d952230, length=14, elements={
0x000001f007b60df0, 0x000001f0274276f0, 0x000001f027428490, 0x000001f027429090,
0x000001f02742ad70, 0x000001f02742b6b0, 0x000001f02742d000, 0x000001f02742dc70,
0x000001f02742ead0, 0x000001f06cd4b9a0, 0x000001f06cd4df20, 0x000001f06d1801e0,
0x000001f06d7c6fc0, 0x000001f06d7c7550
}

Java Threads: ( => current thread )
  0x000001f007b60df0 JavaThread "main" [_thread_blocked, id=34656, stack(0x0000004d9cf00000,0x0000004d9d000000)]
  0x000001f0274276f0 JavaThread "Reference Handler" daemon [_thread_blocked, id=21500, stack(0x0000004d9d700000,0x0000004d9d800000)]
  0x000001f027428490 JavaThread "Finalizer" daemon [_thread_blocked, id=18740, stack(0x0000004d9d800000,0x0000004d9d900000)]
  0x000001f027429090 JavaThread "Signal Dispatcher" daemon [_thread_blocked, id=7340, stack(0x0000004d9d900000,0x0000004d9da00000)]
  0x000001f02742ad70 JavaThread "Attach Listener" daemon [_thread_blocked, id=19740, stack(0x0000004d9da00000,0x0000004d9db00000)]
  0x000001f02742b6b0 JavaThread "Service Thread" daemon [_thread_blocked, id=2268, stack(0x0000004d9db00000,0x0000004d9dc00000)]
  0x000001f02742d000 JavaThread "Monitor Deflation Thread" daemon [_thread_blocked, id=1712, stack(0x0000004d9dc00000,0x0000004d9dd00000)]
=>0x000001f02742dc70 JavaThread "C2 CompilerThread0" daemon [_thread_in_native, id=19500, stack(0x0000004d9dd00000,0x0000004d9de00000)]
  0x000001f02742ead0 JavaThread "C1 CompilerThread0" daemon [_thread_blocked, id=11552, stack(0x0000004d9de00000,0x0000004d9df00000)]
  0x000001f06cd4b9a0 JavaThread "Notification Thread" daemon [_thread_blocked, id=3452, stack(0x0000004d9e000000,0x0000004d9e100000)]
  0x000001f06cd4df20 JavaThread "Common-Cleaner" daemon [_thread_blocked, id=31968, stack(0x0000004d9e200000,0x0000004d9e300000)]
  0x000001f06d1801e0 JavaThread "C1 CompilerThread1" daemon [_thread_blocked, id=42172, stack(0x0000004d9df00000,0x0000004d9e000000)]
  0x000001f06d7c6fc0 JavaThread "C1 CompilerThread2" daemon [_thread_blocked, id=43428, stack(0x0000004d9e400000,0x0000004d9e500000)]
  0x000001f06d7c7550 JavaThread "C1 CompilerThread3" daemon [_thread_blocked, id=43432, stack(0x0000004d9ec00000,0x0000004d9ed00000)]

Other Threads:
  0x000001f027408c50 VMThread "VM Thread" [stack: 0x0000004d9d600000,0x0000004d9d700000] [id=32964]
  0x000001f06cd4cf00 WatcherThread "VM Periodic Task Thread" [stack: 0x0000004d9e100000,0x0000004d9e200000] [id=14280]
  0x000001f007bcc730 WorkerThread "GC Thread#0" [stack: 0x0000004d9d100000,0x0000004d9d200000] [id=34772]
  0x000001f06d05d7f0 WorkerThread "GC Thread#1" [stack: 0x0000004d9e500000,0x0000004d9e600000] [id=22168]
  0x000001f06d05dd90 WorkerThread "GC Thread#2" [stack: 0x0000004d9e600000,0x0000004d9e700000] [id=22264]
  0x000001f06d05c710 WorkerThread "GC Thread#3" [stack: 0x0000004d9e700000,0x0000004d9e800000] [id=33512]
  0x000001f06d05ccb0 WorkerThread "GC Thread#4" [stack: 0x0000004d9e800000,0x0000004d9e900000] [id=36076]
  0x000001f06d05c170 WorkerThread "GC Thread#5" [stack: 0x0000004d9e900000,0x0000004d9ea00000] [id=43312]
  0x000001f06d05c9e0 WorkerThread "GC Thread#6" [stack: 0x0000004d9ea00000,0x0000004d9eb00000] [id=43316]
  0x000001f06d05d520 WorkerThread "GC Thread#7" [stack: 0x0000004d9eb00000,0x0000004d9ec00000] [id=43324]
  0x000001f06d05c440 WorkerThread "GC Thread#8" [stack: 0x0000000000000000,0x0000000000000000] [id=44672]
  0x000001f06d7f53c0 WorkerThread "GC Thread#9" [stack: 0x0000004d9ed00000,0x0000004d9ee00000] [id=44676]
  0x000001f06d7f64a0 WorkerThread "GC Thread#10" [stack: 0x0000004d9ee00000,0x0000004d9ef00000] [id=44680]
  0x000001f007bdda50 ConcurrentGCThread "G1 Main Marker" [stack: 0x0000004d9d200000,0x0000004d9d300000] [id=34776]
  0x000001f007be0390 WorkerThread "G1 Conc#0" [stack: 0x0000004d9d300000,0x0000004d9d400000] [id=34780]
  0x000001f007c2eb20 ConcurrentGCThread "G1 Refine#0" [stack: 0x0000004d9d400000,0x0000004d9d500000] [id=34812]
  0x000001f0272c9930 ConcurrentGCThread "G1 Service" [stack: 0x0000004d9d500000,0x0000004d9d600000] [id=32]

Threads with active compile tasks:
C2 CompilerThread0    13918 2092       4       jdk.internal.org.objectweb.asm.SymbolTable::addConstantUtf8 (98 bytes)

VM state: not at safepoint (normal execution)

VM Mutex/Monitor currently owned by a thread: None

Heap address: 0x000000070c000000, size: 3904 MB, Compressed Oops mode: Zero based, Oop shift amount: 3

CDS archive(s) mapped at: [0x000001f027c00000-0x000001f028860000-0x000001f028860000), size 12976128, SharedBaseAddress: 0x000001f027c00000, ArchiveRelocationMode: 1.
Compressed class space mapped at: 0x000001f028c00000-0x000001f068c00000, reserved size: 1073741824
Narrow klass base: 0x000001f027c00000, Narrow klass shift: 0, Narrow klass range: 0x100000000

GC Precious Log:
 CardTable entry size: 512
 Card Set container configuration: InlinePtr #cards 4 size 8 Array Of Cards #cards 16 size 48 Howl #buckets 8 coarsen threshold 3686 Howl Bitmap #cards 512 size 80 coarsen threshold 460 Card regions per heap region 1 cards per card region 4096
 CPUs: 16 total, 16 available
 Memory: 15612M
 Large Page Support: Disabled
 NUMA Support: Disabled
 Compressed Oops: Enabled (Zero based)
 Heap Region Size: 2M
 Heap Min Capacity: 8M
 Heap Initial Capacity: 244M
 Heap Max Capacity: 3904M
 Pre-touch: Disabled
 Parallel Workers: 13
 Concurrent Workers: 3
 Concurrent Refinement Workers: 13
 Periodic GC: Disabled

Heap:
 garbage-first heap   total 249856K, used 5704K [0x000000070c000000, 0x0000000800000000)
  region size 2048K, 3 young (6144K), 2 survivors (4096K)
 Metaspace       used 10492K, committed 10752K, reserved 1114112K
  class space    used 1246K, committed 1344K, reserved 1048576K

Heap Regions: E=young(eden), S=young(survivor), O=old, HS=humongous(starts), HC=humongous(continues), CS=collection set, F=free, OA=open archive, CA=closed archive, TAMS=top-at-mark-start, PB=parsable bottom
|   0|0x000000070c000000, 0x000000070c200000, 0x000000070c200000|100%| O|  |TAMS 0x000000070c000000| PB 0x000000070c000000| Untracked 
|   1|0x000000070c200000, 0x000000070c373200, 0x000000070c400000| 72%| O|  |TAMS 0x000000070c200000| PB 0x000000070c200000| Untracked 
|   2|0x000000070c400000, 0x000000070c400000, 0x000000070c600000|  0%| F|  |TAMS 0x000000070c400000| PB 0x000000070c400000| Untracked 
|   3|0x000000070c600000, 0x000000070c600000, 0x000000070c800000|  0%| F|  |TAMS 0x000000070c600000| PB 0x000000070c600000| Untracked 
|   4|0x000000070c800000, 0x000000070c800000, 0x000000070ca00000|  0%| F|  |TAMS 0x000000070c800000| PB 0x000000070c800000| Untracked 
|   5|0x000000070ca00000, 0x000000070ca00000, 0x000000070cc00000|  0%| F|  |TAMS 0x000000070ca00000| PB 0x000000070ca00000| Untracked 
|   6|0x000000070cc00000, 0x000000070cc00000, 0x000000070ce00000|  0%| F|  |TAMS 0x000000070cc00000| PB 0x000000070cc00000| Untracked 
|   7|0x000000070ce00000, 0x000000070ce00000, 0x000000070d000000|  0%| F|  |TAMS 0x000000070ce00000| PB 0x000000070ce00000| Untracked 
|   8|0x000000070d000000, 0x000000070d000000, 0x000000070d200000|  0%| F|  |TAMS 0x000000070d000000| PB 0x000000070d000000| Untracked 
|   9|0x000000070d200000, 0x000000070d200000, 0x000000070d400000|  0%| F|  |TAMS 0x000000070d200000| PB 0x000000070d200000| Untracked 
|  10|0x000000070d400000, 0x000000070d400000, 0x000000070d600000|  0%| F|  |TAMS 0x000000070d400000| PB 0x000000070d400000| Untracked 
|  11|0x000000070d600000, 0x000000070d600000, 0x000000070d800000|  0%| F|  |TAMS 0x000000070d600000| PB 0x000000070d600000| Untracked 
|  12|0x000000070d800000, 0x000000070d800000, 0x000000070da00000|  0%| F|  |TAMS 0x000000070d800000| PB 0x000000070d800000| Untracked 
|  13|0x000000070da00000, 0x000000070da00000, 0x000000070dc00000|  0%| F|  |TAMS 0x000000070da00000| PB 0x000000070da00000| Untracked 
|  14|0x000000070dc00000, 0x000000070dc00000, 0x000000070de00000|  0%| F|  |TAMS 0x000000070dc00000| PB 0x000000070dc00000| Untracked 
|  15|0x000000070de00000, 0x000000070de00000, 0x000000070e000000|  0%| F|  |TAMS 0x000000070de00000| PB 0x000000070de00000| Untracked 
|  16|0x000000070e000000, 0x000000070e000000, 0x000000070e200000|  0%| F|  |TAMS 0x000000070e000000| PB 0x000000070e000000| Untracked 
|  17|0x000000070e200000, 0x000000070e200000, 0x000000070e400000|  0%| F|  |TAMS 0x000000070e200000| PB 0x000000070e200000| Untracked 
|  18|0x000000070e400000, 0x000000070e400000, 0x000000070e600000|  0%| F|  |TAMS 0x000000070e400000| PB 0x000000070e400000| Untracked 
|  19|0x000000070e600000, 0x000000070e600000, 0x000000070e800000|  0%| F|  |TAMS 0x000000070e600000| PB 0x000000070e600000| Untracked 
|  20|0x000000070e800000, 0x000000070e800000, 0x000000070ea00000|  0%| F|  |TAMS 0x000000070e800000| PB 0x000000070e800000| Untracked 
|  21|0x000000070ea00000, 0x000000070ea00000, 0x000000070ec00000|  0%| F|  |TAMS 0x000000070ea00000| PB 0x000000070ea00000| Untracked 
|  22|0x000000070ec00000, 0x000000070ec00000, 0x000000070ee00000|  0%| F|  |TAMS 0x000000070ec00000| PB 0x000000070ec00000| Untracked 
|  23|0x000000070ee00000, 0x000000070ee00000, 0x000000070f000000|  0%| F|  |TAMS 0x000000070ee00000| PB 0x000000070ee00000| Untracked 
|  24|0x000000070f000000, 0x000000070f000000, 0x000000070f200000|  0%| F|  |TAMS 0x000000070f000000| PB 0x000000070f000000| Untracked 
|  25|0x000000070f200000, 0x000000070f200000, 0x000000070f400000|  0%| F|  |TAMS 0x000000070f200000| PB 0x000000070f200000| Untracked 
|  26|0x000000070f400000, 0x000000070f400000, 0x000000070f600000|  0%| F|  |TAMS 0x000000070f400000| PB 0x000000070f400000| Untracked 
|  27|0x000000070f600000, 0x000000070f600000, 0x000000070f800000|  0%| F|  |TAMS 0x000000070f600000| PB 0x000000070f600000| Untracked 
|  28|0x000000070f800000, 0x000000070f800000, 0x000000070fa00000|  0%| F|  |TAMS 0x000000070f800000| PB 0x000000070f800000| Untracked 
|  29|0x000000070fa00000, 0x000000070fa00000, 0x000000070fc00000|  0%| F|  |TAMS 0x000000070fa00000| PB 0x000000070fa00000| Untracked 
|  30|0x000000070fc00000, 0x000000070fc00000, 0x000000070fe00000|  0%| F|  |TAMS 0x000000070fc00000| PB 0x000000070fc00000| Untracked 
|  31|0x000000070fe00000, 0x000000070fe00000, 0x0000000710000000|  0%| F|  |TAMS 0x000000070fe00000| PB 0x000000070fe00000| Untracked 
|  32|0x0000000710000000, 0x0000000710000000, 0x0000000710200000|  0%| F|  |TAMS 0x0000000710000000| PB 0x0000000710000000| Untracked 
|  33|0x0000000710200000, 0x0000000710200000, 0x0000000710400000|  0%| F|  |TAMS 0x0000000710200000| PB 0x0000000710200000| Untracked 
|  34|0x0000000710400000, 0x0000000710400000, 0x0000000710600000|  0%| F|  |TAMS 0x0000000710400000| PB 0x0000000710400000| Untracked 
|  35|0x0000000710600000, 0x0000000710600000, 0x0000000710800000|  0%| F|  |TAMS 0x0000000710600000| PB 0x0000000710600000| Untracked 
|  36|0x0000000710800000, 0x0000000710800000, 0x0000000710a00000|  0%| F|  |TAMS 0x0000000710800000| PB 0x0000000710800000| Untracked 
|  37|0x0000000710a00000, 0x0000000710a00000, 0x0000000710c00000|  0%| F|  |TAMS 0x0000000710a00000| PB 0x0000000710a00000| Untracked 
|  38|0x0000000710c00000, 0x0000000710c00000, 0x0000000710e00000|  0%| F|  |TAMS 0x0000000710c00000| PB 0x0000000710c00000| Untracked 
|  39|0x0000000710e00000, 0x0000000710e00000, 0x0000000711000000|  0%| F|  |TAMS 0x0000000710e00000| PB 0x0000000710e00000| Untracked 
|  40|0x0000000711000000, 0x0000000711000000, 0x0000000711200000|  0%| F|  |TAMS 0x0000000711000000| PB 0x0000000711000000| Untracked 
|  41|0x0000000711200000, 0x0000000711200000, 0x0000000711400000|  0%| F|  |TAMS 0x0000000711200000| PB 0x0000000711200000| Untracked 
|  42|0x0000000711400000, 0x0000000711400000, 0x0000000711600000|  0%| F|  |TAMS 0x0000000711400000| PB 0x0000000711400000| Untracked 
|  43|0x0000000711600000, 0x0000000711600000, 0x0000000711800000|  0%| F|  |TAMS 0x0000000711600000| PB 0x0000000711600000| Untracked 
|  44|0x0000000711800000, 0x0000000711800000, 0x0000000711a00000|  0%| F|  |TAMS 0x0000000711800000| PB 0x0000000711800000| Untracked 
|  45|0x0000000711a00000, 0x0000000711a00000, 0x0000000711c00000|  0%| F|  |TAMS 0x0000000711a00000| PB 0x0000000711a00000| Untracked 
|  46|0x0000000711c00000, 0x0000000711c00000, 0x0000000711e00000|  0%| F|  |TAMS 0x0000000711c00000| PB 0x0000000711c00000| Untracked 
|  47|0x0000000711e00000, 0x0000000711e00000, 0x0000000712000000|  0%| F|  |TAMS 0x0000000711e00000| PB 0x0000000711e00000| Untracked 
|  48|0x0000000712000000, 0x0000000712000000, 0x0000000712200000|  0%| F|  |TAMS 0x0000000712000000| PB 0x0000000712000000| Untracked 
|  49|0x0000000712200000, 0x0000000712200000, 0x0000000712400000|  0%| F|  |TAMS 0x0000000712200000| PB 0x0000000712200000| Untracked 
|  50|0x0000000712400000, 0x0000000712400000, 0x0000000712600000|  0%| F|  |TAMS 0x0000000712400000| PB 0x0000000712400000| Untracked 
|  51|0x0000000712600000, 0x0000000712600000, 0x0000000712800000|  0%| F|  |TAMS 0x0000000712600000| PB 0x0000000712600000| Untracked 
|  52|0x0000000712800000, 0x0000000712800000, 0x0000000712a00000|  0%| F|  |TAMS 0x0000000712800000| PB 0x0000000712800000| Untracked 
|  53|0x0000000712a00000, 0x0000000712a00000, 0x0000000712c00000|  0%| F|  |TAMS 0x0000000712a00000| PB 0x0000000712a00000| Untracked 
|  54|0x0000000712c00000, 0x0000000712c00000, 0x0000000712e00000|  0%| F|  |TAMS 0x0000000712c00000| PB 0x0000000712c00000| Untracked 
|  55|0x0000000712e00000, 0x0000000712e00000, 0x0000000713000000|  0%| F|  |TAMS 0x0000000712e00000| PB 0x0000000712e00000| Untracked 
|  56|0x0000000713000000, 0x0000000713000000, 0x0000000713200000|  0%| F|  |TAMS 0x0000000713000000| PB 0x0000000713000000| Untracked 
|  57|0x0000000713200000, 0x0000000713200000, 0x0000000713400000|  0%| F|  |TAMS 0x0000000713200000| PB 0x0000000713200000| Untracked 
|  58|0x0000000713400000, 0x0000000713400000, 0x0000000713600000|  0%| F|  |TAMS 0x0000000713400000| PB 0x0000000713400000| Untracked 
|  59|0x0000000713600000, 0x0000000713600000, 0x0000000713800000|  0%| F|  |TAMS 0x0000000713600000| PB 0x0000000713600000| Untracked 
|  60|0x0000000713800000, 0x0000000713800000, 0x0000000713a00000|  0%| F|  |TAMS 0x0000000713800000| PB 0x0000000713800000| Untracked 
|  61|0x0000000713a00000, 0x0000000713a00000, 0x0000000713c00000|  0%| F|  |TAMS 0x0000000713a00000| PB 0x0000000713a00000| Untracked 
|  62|0x0000000713c00000, 0x0000000713c00000, 0x0000000713e00000|  0%| F|  |TAMS 0x0000000713c00000| PB 0x0000000713c00000| Untracked 
|  63|0x0000000713e00000, 0x0000000713e00000, 0x0000000714000000|  0%| F|  |TAMS 0x0000000713e00000| PB 0x0000000713e00000| Untracked 
|  64|0x0000000714000000, 0x0000000714000000, 0x0000000714200000|  0%| F|  |TAMS 0x0000000714000000| PB 0x0000000714000000| Untracked 
|  65|0x0000000714200000, 0x0000000714200000, 0x0000000714400000|  0%| F|  |TAMS 0x0000000714200000| PB 0x0000000714200000| Untracked 
|  66|0x0000000714400000, 0x0000000714400000, 0x0000000714600000|  0%| F|  |TAMS 0x0000000714400000| PB 0x0000000714400000| Untracked 
|  67|0x0000000714600000, 0x0000000714600000, 0x0000000714800000|  0%| F|  |TAMS 0x0000000714600000| PB 0x0000000714600000| Untracked 
|  68|0x0000000714800000, 0x0000000714800000, 0x0000000714a00000|  0%| F|  |TAMS 0x0000000714800000| PB 0x0000000714800000| Untracked 
|  69|0x0000000714a00000, 0x0000000714a00000, 0x0000000714c00000|  0%| F|  |TAMS 0x0000000714a00000| PB 0x0000000714a00000| Untracked 
|  70|0x0000000714c00000, 0x0000000714c00000, 0x0000000714e00000|  0%| F|  |TAMS 0x0000000714c00000| PB 0x0000000714c00000| Untracked 
|  71|0x0000000714e00000, 0x0000000714e00000, 0x0000000715000000|  0%| F|  |TAMS 0x0000000714e00000| PB 0x0000000714e00000| Untracked 
|  72|0x0000000715000000, 0x0000000715000000, 0x0000000715200000|  0%| F|  |TAMS 0x0000000715000000| PB 0x0000000715000000| Untracked 
|  73|0x0000000715200000, 0x0000000715200000, 0x0000000715400000|  0%| F|  |TAMS 0x0000000715200000| PB 0x0000000715200000| Untracked 
|  74|0x0000000715400000, 0x0000000715400000, 0x0000000715600000|  0%| F|  |TAMS 0x0000000715400000| PB 0x0000000715400000| Untracked 
|  75|0x0000000715600000, 0x0000000715600000, 0x0000000715800000|  0%| F|  |TAMS 0x0000000715600000| PB 0x0000000715600000| Untracked 
|  76|0x0000000715800000, 0x0000000715800000, 0x0000000715a00000|  0%| F|  |TAMS 0x0000000715800000| PB 0x0000000715800000| Untracked 
|  77|0x0000000715a00000, 0x0000000715a00000, 0x0000000715c00000|  0%| F|  |TAMS 0x0000000715a00000| PB 0x0000000715a00000| Untracked 
|  78|0x0000000715c00000, 0x0000000715c00000, 0x0000000715e00000|  0%| F|  |TAMS 0x0000000715c00000| PB 0x0000000715c00000| Untracked 
|  79|0x0000000715e00000, 0x0000000715e00000, 0x0000000716000000|  0%| F|  |TAMS 0x0000000715e00000| PB 0x0000000715e00000| Untracked 
|  80|0x0000000716000000, 0x0000000716000000, 0x0000000716200000|  0%| F|  |TAMS 0x0000000716000000| PB 0x0000000716000000| Untracked 
|  81|0x0000000716200000, 0x0000000716200000, 0x0000000716400000|  0%| F|  |TAMS 0x0000000716200000| PB 0x0000000716200000| Untracked 
|  82|0x0000000716400000, 0x0000000716400000, 0x0000000716600000|  0%| F|  |TAMS 0x0000000716400000| PB 0x0000000716400000| Untracked 
|  83|0x0000000716600000, 0x0000000716600000, 0x0000000716800000|  0%| F|  |TAMS 0x0000000716600000| PB 0x0000000716600000| Untracked 
|  84|0x0000000716800000, 0x0000000716800000, 0x0000000716a00000|  0%| F|  |TAMS 0x0000000716800000| PB 0x0000000716800000| Untracked 
|  85|0x0000000716a00000, 0x0000000716a00000, 0x0000000716c00000|  0%| F|  |TAMS 0x0000000716a00000| PB 0x0000000716a00000| Untracked 
|  86|0x0000000716c00000, 0x0000000716c00000, 0x0000000716e00000|  0%| F|  |TAMS 0x0000000716c00000| PB 0x0000000716c00000| Untracked 
|  87|0x0000000716e00000, 0x0000000716e00000, 0x0000000717000000|  0%| F|  |TAMS 0x0000000716e00000| PB 0x0000000716e00000| Untracked 
|  88|0x0000000717000000, 0x0000000717000000, 0x0000000717200000|  0%| F|  |TAMS 0x0000000717000000| PB 0x0000000717000000| Untracked 
|  89|0x0000000717200000, 0x0000000717200000, 0x0000000717400000|  0%| F|  |TAMS 0x0000000717200000| PB 0x0000000717200000| Untracked 
|  90|0x0000000717400000, 0x0000000717400000, 0x0000000717600000|  0%| F|  |TAMS 0x0000000717400000| PB 0x0000000717400000| Untracked 
|  91|0x0000000717600000, 0x0000000717600000, 0x0000000717800000|  0%| F|  |TAMS 0x0000000717600000| PB 0x0000000717600000| Untracked 
|  92|0x0000000717800000, 0x0000000717800000, 0x0000000717a00000|  0%| F|  |TAMS 0x0000000717800000| PB 0x0000000717800000| Untracked 
|  93|0x0000000717a00000, 0x0000000717a00000, 0x0000000717c00000|  0%| F|  |TAMS 0x0000000717a00000| PB 0x0000000717a00000| Untracked 
|  94|0x0000000717c00000, 0x0000000717c00000, 0x0000000717e00000|  0%| F|  |TAMS 0x0000000717c00000| PB 0x0000000717c00000| Untracked 
|  95|0x0000000717e00000, 0x0000000717e00000, 0x0000000718000000|  0%| F|  |TAMS 0x0000000717e00000| PB 0x0000000717e00000| Untracked 
|  96|0x0000000718000000, 0x0000000718000000, 0x0000000718200000|  0%| F|  |TAMS 0x0000000718000000| PB 0x0000000718000000| Untracked 
|  97|0x0000000718200000, 0x0000000718200000, 0x0000000718400000|  0%| F|  |TAMS 0x0000000718200000| PB 0x0000000718200000| Untracked 
|  98|0x0000000718400000, 0x0000000718400000, 0x0000000718600000|  0%| F|  |TAMS 0x0000000718400000| PB 0x0000000718400000| Untracked 
|  99|0x0000000718600000, 0x0000000718600000, 0x0000000718800000|  0%| F|  |TAMS 0x0000000718600000| PB 0x0000000718600000| Untracked 
| 100|0x0000000718800000, 0x0000000718800000, 0x0000000718a00000|  0%| F|  |TAMS 0x0000000718800000| PB 0x0000000718800000| Untracked 
| 101|0x0000000718a00000, 0x0000000718a00000, 0x0000000718c00000|  0%| F|  |TAMS 0x0000000718a00000| PB 0x0000000718a00000| Untracked 
| 102|0x0000000718c00000, 0x0000000718c1efd0, 0x0000000718e00000|  6%| S|CS|TAMS 0x0000000718c00000| PB 0x0000000718c00000| Complete 
| 103|0x0000000718e00000, 0x0000000719000000, 0x0000000719000000|100%| S|CS|TAMS 0x0000000718e00000| PB 0x0000000718e00000| Complete 
| 104|0x0000000719000000, 0x0000000719000000, 0x0000000719200000|  0%| F|  |TAMS 0x0000000719000000| PB 0x0000000719000000| Untracked 
| 105|0x0000000719200000, 0x0000000719200000, 0x0000000719400000|  0%| F|  |TAMS 0x0000000719200000| PB 0x0000000719200000| Untracked 
| 106|0x0000000719400000, 0x0000000719400000, 0x0000000719600000|  0%| F|  |TAMS 0x0000000719400000| PB 0x0000000719400000| Untracked 
| 107|0x0000000719600000, 0x0000000719600000, 0x0000000719800000|  0%| F|  |TAMS 0x0000000719600000| PB 0x0000000719600000| Untracked 
| 108|0x0000000719800000, 0x0000000719800000, 0x0000000719a00000|  0%| F|  |TAMS 0x0000000719800000| PB 0x0000000719800000| Untracked 
| 109|0x0000000719a00000, 0x0000000719a00000, 0x0000000719c00000|  0%| F|  |TAMS 0x0000000719a00000| PB 0x0000000719a00000| Untracked 
| 110|0x0000000719c00000, 0x0000000719c00000, 0x0000000719e00000|  0%| F|  |TAMS 0x0000000719c00000| PB 0x0000000719c00000| Untracked 
| 111|0x0000000719e00000, 0x0000000719e00000, 0x000000071a000000|  0%| F|  |TAMS 0x0000000719e00000| PB 0x0000000719e00000| Untracked 
| 112|0x000000071a000000, 0x000000071a000000, 0x000000071a200000|  0%| F|  |TAMS 0x000000071a000000| PB 0x000000071a000000| Untracked 
| 113|0x000000071a200000, 0x000000071a200000, 0x000000071a400000|  0%| F|  |TAMS 0x000000071a200000| PB 0x000000071a200000| Untracked 
| 114|0x000000071a400000, 0x000000071a400000, 0x000000071a600000|  0%| F|  |TAMS 0x000000071a400000| PB 0x000000071a400000| Untracked 
| 115|0x000000071a600000, 0x000000071a600000, 0x000000071a800000|  0%| F|  |TAMS 0x000000071a600000| PB 0x000000071a600000| Untracked 
| 116|0x000000071a800000, 0x000000071a800000, 0x000000071aa00000|  0%| F|  |TAMS 0x000000071a800000| PB 0x000000071a800000| Untracked 
| 117|0x000000071aa00000, 0x000000071aa00000, 0x000000071ac00000|  0%| F|  |TAMS 0x000000071aa00000| PB 0x000000071aa00000| Untracked 
| 118|0x000000071ac00000, 0x000000071ac00000, 0x000000071ae00000|  0%| F|  |TAMS 0x000000071ac00000| PB 0x000000071ac00000| Untracked 
| 119|0x000000071ae00000, 0x000000071ae00000, 0x000000071b000000|  0%| F|  |TAMS 0x000000071ae00000| PB 0x000000071ae00000| Untracked 
| 120|0x000000071b000000, 0x000000071b000000, 0x000000071b200000|  0%| F|  |TAMS 0x000000071b000000| PB 0x000000071b000000| Untracked 
| 121|0x000000071b200000, 0x000000071b400000, 0x000000071b400000|100%| E|  |TAMS 0x000000071b200000| PB 0x000000071b200000| Complete 

Card table byte_map: [0x000001f01fc70000,0x000001f020410000] _byte_map_base: 0x000001f01c410000

Marking Bits: (CMBitMap*) 0x000001f007bccd60
 Bits: [0x000001f020bb0000, 0x000001f0248b0000)

Polling page: 0x000001f005b10000

Metaspace:

Usage:
  Non-class:      9.03 MB used.
      Class:      1.22 MB used.
       Both:     10.25 MB used.

Virtual space:
  Non-class space:       64.00 MB reserved,       9.19 MB ( 14%) committed,  1 nodes.
      Class space:        1.00 GB reserved,       1.31 MB ( <1%) committed,  1 nodes.
             Both:        1.06 GB reserved,      10.50 MB ( <1%) committed. 

Chunk freelists:
   Non-Class:  1.23 MB
       Class:  2.69 MB
        Both:  3.92 MB

MaxMetaspaceSize: unlimited
CompressedClassSpaceSize: 1.00 GB
Initial GC threshold: 21.00 MB
Current GC threshold: 21.00 MB
CDS: on
MetaspaceReclaimPolicy: balanced
 - commit_granule_bytes: 65536.
 - commit_granule_words: 8192.
 - virtual_space_node_default_size: 8388608.
 - enlarge_chunks_in_place: 1.
 - new_chunks_are_fully_committed: 0.
 - uncommit_free_chunks: 1.
 - use_allocation_guard: 0.


Internal statistics:

num_allocs_failed_limit: 0.
num_arena_births: 104.
num_arena_deaths: 0.
num_vsnodes_births: 2.
num_vsnodes_deaths: 0.
num_space_committed: 168.
num_space_uncommitted: 0.
num_chunks_returned_to_freelist: 0.
num_chunks_taken_from_freelist: 437.
num_chunk_merges: 0.
num_chunk_splits: 316.
num_chunks_enlarged: 265.
num_inconsistent_stats: 0.

CodeHeap 'non-profiled nmethods': size=119168Kb used=714Kb max_used=714Kb free=118453Kb
 bounds [0x000001f0177e0000, 0x000001f017a50000, 0x000001f01ec40000]
CodeHeap 'profiled nmethods': size=119104Kb used=4020Kb max_used=4020Kb free=115083Kb
 bounds [0x000001f00fc40000, 0x000001f010030000, 0x000001f017090000]
CodeHeap 'non-nmethods': size=7488Kb used=3105Kb max_used=3120Kb free=4382Kb
 bounds [0x000001f017090000, 0x000001f017410000, 0x000001f0177e0000]
 total_blobs=2558 nmethods=2100 adapters=365
 compilation: enabled
              stopped_count=0, restarted_count=0
 full_count=0

Compilation events (20 events):
Event: 13.876 Thread 0x000001f02742ead0 nmethod 2091 0x000001f010022810 code [0x000001f0100229a0, 0x000001f010022ae0]
Event: 13.878 Thread 0x000001f06d7c6fc0 nmethod 2090 0x000001f010022b90 code [0x000001f010022fa0, 0x000001f0100246d0]
Event: 13.879 Thread 0x000001f06d1801e0 nmethod 2088 0x000001f010025110 code [0x000001f0100255a0, 0x000001f010027ea8]
Event: 13.884 Thread 0x000001f02742dc70 2092       4       jdk.internal.org.objectweb.asm.SymbolTable::addConstantUtf8 (98 bytes)
Event: 13.890 Thread 0x000001f06d1801e0 2094       3       java.lang.PublicMethods$MethodList::<init> (10 bytes)
Event: 13.890 Thread 0x000001f06d1801e0 nmethod 2094 0x000001f010028e10 code [0x000001f010028fa0, 0x000001f010029160]
Event: 13.891 Thread 0x000001f06d1801e0 2095       3       jdk.internal.org.objectweb.asm.SymbolTable::put (150 bytes)
Event: 13.891 Thread 0x000001f06d1801e0 nmethod 2095 0x000001f010029210 code [0x000001f010029400, 0x000001f010029cc8]
Event: 13.891 Thread 0x000001f06d1801e0 2096       3       jdk.internal.org.objectweb.asm.Handler::putExceptionTable (63 bytes)
Event: 13.892 Thread 0x000001f06d1801e0 nmethod 2096 0x000001f010029f90 code [0x000001f01002a180, 0x000001f01002a5b8]
Event: 13.893 Thread 0x000001f06d1801e0 2097       3       java.lang.Class$AnnotationData::<init> (20 bytes)
Event: 13.893 Thread 0x000001f06d1801e0 nmethod 2097 0x000001f01002a890 code [0x000001f01002aa20, 0x000001f01002ac58]
Event: 13.893 Thread 0x000001f06d1801e0 2098       1       com.google.inject.name.NamedImpl::annotationType (3 bytes)
Event: 13.893 Thread 0x000001f06d1801e0 nmethod 2098 0x000001f017892610 code [0x000001f017892780, 0x000001f017892850]
Event: 13.894 Thread 0x000001f06d1801e0 2099       3       java.lang.Class$Atomic::casAnnotationData (13 bytes)
Event: 13.894 Thread 0x000001f06d1801e0 nmethod 2099 0x000001f01002ad10 code [0x000001f01002aea0, 0x000001f01002b000]
Event: 13.894 Thread 0x000001f06d1801e0 2100       3       java.lang.Class::createAnnotationData (185 bytes)
Event: 13.894 Thread 0x000001f06d7c7550 2101       3       com.google.inject.Key$AnnotationInstanceStrategy::getAnnotationType (10 bytes)
Event: 13.894 Thread 0x000001f06d7c7550 nmethod 2101 0x000001f01002b090 code [0x000001f01002b220, 0x000001f01002b3f8]
Event: 13.895 Thread 0x000001f06d1801e0 nmethod 2100 0x000001f01002b510 code [0x000001f01002b820, 0x000001f01002cbd8]

GC Heap History (4 events):
Event: 11.543 GC heap before
{Heap before GC invocations=0 (full 0):
 garbage-first heap   total 249856K, used 22528K [0x000000070c000000, 0x0000000800000000)
  region size 2048K, 11 young (22528K), 0 survivors (0K)
 Metaspace       used 5212K, committed 5376K, reserved 1114112K
  class space    used 603K, committed 704K, reserved 1048576K
}
Event: 12.107 GC heap after
{Heap after GC invocations=1 (full 0):
 garbage-first heap   total 249856K, used 3711K [0x000000070c000000, 0x0000000800000000)
  region size 2048K, 2 young (4096K), 2 survivors (4096K)
 Metaspace       used 5212K, committed 5376K, reserved 1114112K
  class space    used 603K, committed 704K, reserved 1048576K
}
Event: 13.830 GC heap before
{Heap before GC invocations=1 (full 0):
 garbage-first heap   total 249856K, used 36479K [0x000000070c000000, 0x0000000800000000)
  region size 2048K, 18 young (36864K), 2 survivors (4096K)
 Metaspace       used 10204K, committed 10432K, reserved 1114112K
  class space    used 1216K, committed 1344K, reserved 1048576K
}
Event: 13.837 GC heap after
{Heap after GC invocations=2 (full 0):
 garbage-first heap   total 249856K, used 5704K [0x000000070c000000, 0x0000000800000000)
  region size 2048K, 2 young (4096K), 2 survivors (4096K)
 Metaspace       used 10204K, committed 10432K, reserved 1114112K
  class space    used 1216K, committed 1344K, reserved 1048576K
}

Dll operation events (8 events):
Event: 0.049 Loaded shared library C:\Program Files\Java\jdk-20\bin\java.dll
Event: 0.129 Loaded shared library C:\Program Files\Java\jdk-20\bin\jsvml.dll
Event: 0.302 Loaded shared library C:\Program Files\Java\jdk-20\bin\net.dll
Event: 0.307 Loaded shared library C:\Program Files\Java\jdk-20\bin\nio.dll
Event: 0.353 Loaded shared library C:\Program Files\Java\jdk-20\bin\zip.dll
Event: 10.236 Loaded shared library C:\Program Files\Java\jdk-20\bin\jimage.dll
Event: 10.252 Loaded shared library C:\Program Files\NetBeans-18\netbeans\java\maven\lib\jansi-native\Windows\x86_64\jansi.dll
Event: 10.267 Loaded shared library C:\Program Files\Java\jdk-20\bin\verify.dll

Deoptimization events (20 events):
Event: 13.382 Thread 0x000001f007b60df0 Uncommon trap: trap_request=0xffffffc6 fr.pc=0x000001f017856ec4 relative=0x0000000000000304
Event: 13.382 Thread 0x000001f007b60df0 Uncommon trap: reason=bimorphic_or_optimized_type_check action=maybe_recompile pc=0x000001f017856ec4 method=java.util.HashMap.getNode(Ljava/lang/Object;)Ljava/util/HashMap$Node; @ 128 c2
Event: 13.382 Thread 0x000001f007b60df0 DEOPT PACKING pc=0x000001f017856ec4 sp=0x0000004d9cffe6b0
Event: 13.382 Thread 0x000001f007b60df0 DEOPT UNPACKING pc=0x000001f0170f9d22 sp=0x0000004d9cffe618 mode 2
Event: 13.384 Thread 0x000001f007b60df0 Uncommon trap: trap_request=0xffffffc6 fr.pc=0x000001f017883ddc relative=0x000000000000029c
Event: 13.384 Thread 0x000001f007b60df0 Uncommon trap: reason=bimorphic_or_optimized_type_check action=maybe_recompile pc=0x000001f017883ddc method=java.util.HashMap.getNode(Ljava/lang/Object;)Ljava/util/HashMap$Node; @ 128 c2
Event: 13.384 Thread 0x000001f007b60df0 DEOPT PACKING pc=0x000001f017883ddc sp=0x0000004d9cffe850
Event: 13.384 Thread 0x000001f007b60df0 DEOPT UNPACKING pc=0x000001f0170f9d22 sp=0x0000004d9cffe758 mode 2
Event: 13.811 Thread 0x000001f007b60df0 Uncommon trap: trap_request=0xffffff45 fr.pc=0x000001f01781eeb8 relative=0x0000000000000298
Event: 13.811 Thread 0x000001f007b60df0 Uncommon trap: reason=unstable_if action=reinterpret pc=0x000001f01781eeb8 method=java.util.concurrent.ConcurrentHashMap.get(Ljava/lang/Object;)Ljava/lang/Object; @ 76 c2
Event: 13.811 Thread 0x000001f007b60df0 DEOPT PACKING pc=0x000001f01781eeb8 sp=0x0000004d9cffb820
Event: 13.811 Thread 0x000001f007b60df0 DEOPT UNPACKING pc=0x000001f0170f9d22 sp=0x0000004d9cffb798 mode 2
Event: 13.867 Thread 0x000001f007b60df0 Uncommon trap: trap_request=0xffffff45 fr.pc=0x000001f01785338c relative=0x000000000000018c
Event: 13.867 Thread 0x000001f007b60df0 Uncommon trap: reason=unstable_if action=reinterpret pc=0x000001f01785338c method=java.lang.ClassLoader.checkName(Ljava/lang/String;)Z @ 1 c2
Event: 13.867 Thread 0x000001f007b60df0 DEOPT PACKING pc=0x000001f01785338c sp=0x0000004d9cffdf70
Event: 13.867 Thread 0x000001f007b60df0 DEOPT UNPACKING pc=0x000001f0170f9d22 sp=0x0000004d9cffdf08 mode 2
Event: 13.891 Thread 0x000001f007b60df0 Uncommon trap: trap_request=0xffffff45 fr.pc=0x000001f01788d464 relative=0x00000000000002e4
Event: 13.891 Thread 0x000001f007b60df0 Uncommon trap: reason=unstable_if action=reinterpret pc=0x000001f01788d464 method=jdk.internal.org.objectweb.asm.SymbolTable.put(Ljdk/internal/org/objectweb/asm/SymbolTable$Entry;)Ljdk/internal/org/objectweb/asm/SymbolTable$Entry; @ 13 c2
Event: 13.891 Thread 0x000001f007b60df0 DEOPT PACKING pc=0x000001f01788d464 sp=0x0000004d9cffdc10
Event: 13.891 Thread 0x000001f007b60df0 DEOPT UNPACKING pc=0x000001f0170f9d22 sp=0x0000004d9cffdb90 mode 2

Classes loaded (20 events):
Event: 13.760 Loading class java/nio/channels/ByteChannel
Event: 13.760 Loading class java/nio/channels/ByteChannel done
Event: 13.760 Loading class java/nio/channels/SeekableByteChannel done
Event: 13.760 Loading class java/nio/channels/GatheringByteChannel
Event: 13.761 Loading class java/nio/channels/GatheringByteChannel done
Event: 13.761 Loading class java/nio/channels/ScatteringByteChannel
Event: 13.761 Loading class java/nio/channels/ScatteringByteChannel done
Event: 13.761 Loading class java/nio/channels/spi/AbstractInterruptibleChannel
Event: 13.761 Loading class java/nio/channels/InterruptibleChannel
Event: 13.761 Loading class java/nio/channels/InterruptibleChannel done
Event: 13.761 Loading class java/nio/channels/spi/AbstractInterruptibleChannel done
Event: 13.761 Loading class java/nio/channels/FileChannel done
Event: 13.803 Loading class java/lang/ExceptionInInitializerError
Event: 13.803 Loading class java/lang/ExceptionInInitializerError done
Event: 13.811 Loading class jdk/internal/vm/annotation/ForceInline
Event: 13.811 Loading class jdk/internal/vm/annotation/ForceInline done
Event: 13.856 Loading class sun/invoke/util/ValueConversions$1
Event: 13.856 Loading class sun/invoke/util/ValueConversions$1 done
Event: 13.857 Loading class java/lang/invoke/BoundMethodHandle$Species_LI
Event: 13.857 Loading class java/lang/invoke/BoundMethodHandle$Species_LI done

Classes unloaded (0 events):
No events

Classes redefined (0 events):
No events

Internal exceptions (20 events):
Event: 10.669 Thread 0x000001f007b60df0 Exception <a 'java/lang/NoSuchMethodError'{0x000000071ace1cd8}: 'java.lang.Object java.lang.invoke.DirectMethodHandle$Holder.invokeSpecialIFC(java.lang.Object, java.lang.Object, java.lang.Object, java.lang.Object)'> (0x000000071ace1cd8) 
thrown [s\open\src\hotspot\share\interpreter\linkResolver.cpp, line 773]
Event: 10.958 Thread 0x000001f007b60df0 Exception <a 'java/lang/NoSuchMethodError'{0x000000071a6cf490}: 'void java.lang.invoke.DirectMethodHandle$Holder.invokeSpecial(java.lang.Object, java.lang.Object, java.lang.Object)'> (0x000000071a6cf490) 
thrown [s\open\src\hotspot\share\interpreter\linkResolver.cpp, line 773]
Event: 11.053 Thread 0x000001f007b60df0 Exception <a 'java/lang/NoSuchMethodError'{0x000000071a7f45f8}: 'java.lang.Object java.lang.invoke.DirectMethodHandle$Holder.invokeInterface(java.lang.Object, java.lang.Object)'> (0x000000071a7f45f8) 
thrown [s\open\src\hotspot\share\interpreter\linkResolver.cpp, line 773]
Event: 11.059 Thread 0x000001f007b60df0 Exception <a 'java/lang/NoSuchMethodError'{0x000000071a7fd6c8}: 'int java.lang.invoke.DirectMethodHandle$Holder.invokeSpecial(java.lang.Object, java.lang.Object, java.lang.Object)'> (0x000000071a7fd6c8) 
thrown [s\open\src\hotspot\share\interpreter\linkResolver.cpp, line 773]
Event: 11.094 Thread 0x000001f007b60df0 Exception <a 'java/lang/NoSuchMethodError'{0x000000071a4820b0}: 'int java.lang.invoke.DirectMethodHandle$Holder.invokeStatic(java.lang.Object, java.lang.Object, java.lang.Object, java.lang.Object)'> (0x000000071a4820b0) 
thrown [s\open\src\hotspot\share\interpreter\linkResolver.cpp, line 773]
Event: 11.094 Thread 0x000001f007b60df0 Exception <a 'java/lang/NoSuchMethodError'{0x000000071a485730}: 'java.lang.Object java.lang.invoke.Invokers$Holder.invokeExact_MT(java.lang.Object, java.lang.Object, java.lang.Object, java.lang.Object, java.lang.Object, java.lang.Object)'> (0x000000071a485730) 
thrown [s\open\src\hotspot\share\interpreter\linkResolver.cpp, line 773]
Event: 11.097 Thread 0x000001f007b60df0 Exception <a 'java/lang/NoSuchMethodError'{0x000000071a4992f8}: 'int java.lang.invoke.DirectMethodHandle$Holder.invokeSpecialIFC(java.lang.Object, java.lang.Object, java.lang.Object, java.lang.Object, java.lang.Object)'> (0x000000071a4992f8) 
thrown [s\open\src\hotspot\share\interpreter\linkResolver.cpp, line 773]
Event: 11.224 Thread 0x000001f007b60df0 Exception <a 'java/lang/NoSuchMethodError'{0x000000071a211028}: 'java.lang.Object java.lang.invoke.DirectMethodHandle$Holder.newInvokeSpecial(java.lang.Object, java.lang.Object, java.lang.Object, java.lang.Object, java.lang.Object)'> (0x000000071a211028) 
thrown [s\open\src\hotspot\share\interpreter\linkResolver.cpp, line 773]
Event: 11.308 Thread 0x000001f007b60df0 Exception <a 'java/lang/NoSuchMethodError'{0x000000071a308e78}: 'int java.lang.invoke.DirectMethodHandle$Holder.invokeStaticInit(java.lang.Object, java.lang.Object)'> (0x000000071a308e78) 
thrown [s\open\src\hotspot\share\interpreter\linkResolver.cpp, line 773]
Event: 11.325 Thread 0x000001f007b60df0 Exception <a 'java/lang/NoClassDefFoundError'{0x000000071a33f6e8}: javax/enterprise/inject/Typed> (0x000000071a33f6e8) 
thrown [s\open\src\hotspot\share\classfile\systemDictionary.cpp, line 294]
Event: 13.800 Thread 0x000001f007b60df0 Exception <a 'java/lang/NoSuchMethodError'{0x000000071913ba90}: 'void java.lang.invoke.DirectMethodHandle$Holder.invokeStatic(java.lang.Object, java.lang.Object, java.lang.Object)'> (0x000000071913ba90) 
thrown [s\open\src\hotspot\share\interpreter\linkResolver.cpp, line 773]
Event: 13.800 Thread 0x000001f007b60df0 Exception <a 'java/lang/NoSuchMethodError'{0x000000071913ef00}: 'void java.lang.invoke.DirectMethodHandle$Holder.invokeStaticInit(java.lang.Object, java.lang.Object, java.lang.Object)'> (0x000000071913ef00) 
thrown [s\open\src\hotspot\share\interpreter\linkResolver.cpp, line 773]
Event: 13.808 Thread 0x000001f007b60df0 Exception <a 'java/lang/ExceptionInInitializerError'{0x00000007191684e8}> (0x00000007191684e8) 
thrown [s\open\src\hotspot\share\oops\instanceKlass.cpp, line 1160]
Event: 13.857 Thread 0x000001f007b60df0 Exception <a 'java/lang/NoSuchMethodError'{0x000000071b275dd8}: 'long java.lang.invoke.DirectMethodHandle$Holder.invokeStatic(java.lang.Object, java.lang.Object, int)'> (0x000000071b275dd8) 
thrown [s\open\src\hotspot\share\interpreter\linkResolver.cpp, line 773]
Event: 13.859 Thread 0x000001f007b60df0 Exception <a 'java/lang/NoSuchMethodError'{0x000000071b288e70}: 'java.lang.Object java.lang.invoke.DirectMethodHandle$Holder.invokeStatic(java.lang.Object, java.lang.Object, java.lang.Object, java.lang.Object, int)'> (0x000000071b288e70) 
thrown [s\open\src\hotspot\share\interpreter\linkResolver.cpp, line 773]
Event: 13.860 Thread 0x000001f007b60df0 Exception <a 'java/lang/NoSuchMethodError'{0x000000071b290d88}: 'java.lang.Object java.lang.invoke.DirectMethodHandle$Holder.invokeSpecial(java.lang.Object, java.lang.Object, java.lang.Object, java.lang.Object, long)'> (0x000000071b290d88) 
thrown [s\open\src\hotspot\share\interpreter\linkResolver.cpp, line 773]
Event: 13.862 Thread 0x000001f007b60df0 Exception <a 'java/lang/NoSuchMethodError'{0x000000071b29c878}: 'java.lang.Object java.lang.invoke.DirectMethodHandle$Holder.invokeSpecial(java.lang.Object, java.lang.Object, java.lang.Object, int, java.lang.Object)'> (0x000000071b29c878) 
thrown [s\open\src\hotspot\share\interpreter\linkResolver.cpp, line 773]
Event: 13.863 Thread 0x000001f007b60df0 Exception <a 'java/lang/NoSuchMethodError'{0x000000071b2a4d98}: 'int java.lang.invoke.DirectMethodHandle$Holder.invokeSpecial(java.lang.Object, java.lang.Object, java.lang.Object, int)'> (0x000000071b2a4d98) 
thrown [s\open\src\hotspot\share\interpreter\linkResolver.cpp, line 773]
Event: 13.867 Thread 0x000001f007b60df0 Implicit null exception at 0x000001f01785321d to 0x000001f01785337c
Event: 13.869 Thread 0x000001f007b60df0 Exception <a 'java/lang/NoSuchMethodError'{0x000000071b327bf8}: 'java.lang.Object java.lang.invoke.Invokers$Holder.invokeExact_MT(java.lang.Object, int, java.lang.Object)'> (0x000000071b327bf8) 
thrown [s\open\src\hotspot\share\interpreter\linkResolver.cpp, line 773]

VM Operations (20 events):
Event: 10.226 Executing VM operation: HandshakeAllThreads
Event: 10.226 Executing VM operation: HandshakeAllThreads done
Event: 10.226 Executing VM operation: Cleanup
Event: 10.226 Executing VM operation: Cleanup done
Event: 10.242 Executing VM operation: HandshakeAllThreads
Event: 10.242 Executing VM operation: HandshakeAllThreads done
Event: 10.691 Executing VM operation: HandshakeAllThreads
Event: 10.691 Executing VM operation: HandshakeAllThreads done
Event: 11.543 Executing VM operation: G1CollectForAllocation
Event: 12.108 Executing VM operation: G1CollectForAllocation done
Event: 12.948 Executing VM operation: HandshakeAllThreads
Event: 12.948 Executing VM operation: HandshakeAllThreads done
Event: 12.973 Executing VM operation: ICBufferFull
Event: 12.973 Executing VM operation: ICBufferFull done
Event: 13.209 Executing VM operation: HandshakeAllThreads
Event: 13.209 Executing VM operation: HandshakeAllThreads done
Event: 13.818 Executing VM operation: HandshakeAllThreads
Event: 13.818 Executing VM operation: HandshakeAllThreads done
Event: 13.830 Executing VM operation: G1CollectForAllocation
Event: 13.837 Executing VM operation: G1CollectForAllocation done

Events (20 events):
Event: 0.248 Thread 0x000001f02742ad70 Thread added: 0x000001f02742ad70
Event: 0.248 Thread 0x000001f02742b6b0 Thread added: 0x000001f02742b6b0
Event: 0.249 Thread 0x000001f02742d000 Thread added: 0x000001f02742d000
Event: 0.249 Thread 0x000001f02742dc70 Thread added: 0x000001f02742dc70
Event: 0.249 Thread 0x000001f02742ead0 Thread added: 0x000001f02742ead0
Event: 0.276 Thread 0x000001f06cd2bff0 Thread added: 0x000001f06cd2bff0
Event: 0.283 Thread 0x000001f06cd4b9a0 Thread added: 0x000001f06cd4b9a0
Event: 0.295 Thread 0x000001f06cd4df20 Thread added: 0x000001f06cd4df20
Event: 1.754 Thread 0x000001f06cd2bff0 Thread exited: 0x000001f06cd2bff0
Event: 10.702 Thread 0x000001f06d1801e0 Thread added: 0x000001f06d1801e0
Event: 10.703 Thread 0x000001f06d1898b0 Thread added: 0x000001f06d1898b0
Event: 10.728 Thread 0x000001f06d1c0bc0 Thread added: 0x000001f06d1c0bc0
Event: 10.810 Thread 0x000001f06d4ed0e0 Thread added: 0x000001f06d4ed0e0
Event: 10.954 Thread 0x000001f06d4ed0e0 Thread exited: 0x000001f06d4ed0e0
Event: 12.120 Thread 0x000001f06d1c0bc0 Thread exited: 0x000001f06d1c0bc0
Event: 12.120 Thread 0x000001f06d1898b0 Thread exited: 0x000001f06d1898b0
Event: 12.137 Thread 0x000001f06d1898b0 Thread added: 0x000001f06d1898b0
Event: 12.288 Thread 0x000001f06d7c6fc0 Thread added: 0x000001f06d7c6fc0
Event: 12.288 Thread 0x000001f06d7c7550 Thread added: 0x000001f06d7c7550
Event: 12.965 Thread 0x000001f06d1898b0 Thread exited: 0x000001f06d1898b0


Dynamic libraries:
0x00007ff622560000 - 0x00007ff622570000 	C:\Program Files\Java\jdk-20\bin\java.exe
0x00007ff8a2c80000 - 0x00007ff8a2e89000 	C:\Windows\SYSTEM32\ntdll.dll
0x00007ff8a0b80000 - 0x00007ff8a0c3d000 	C:\Windows\System32\KERNEL32.DLL
0x00007ff8a0110000 - 0x00007ff8a0494000 	C:\Windows\System32\KERNELBASE.dll
0x00007ff8a04d0000 - 0x00007ff8a05e1000 	C:\Windows\System32\ucrtbase.dll
0x00007ff890a20000 - 0x00007ff890a39000 	C:\Program Files\Java\jdk-20\bin\jli.dll
0x00007ff8a2b80000 - 0x00007ff8a2c2e000 	C:\Windows\System32\ADVAPI32.dll
0x00007ff8a0eb0000 - 0x00007ff8a0f53000 	C:\Windows\System32\msvcrt.dll
0x00007ff8a1910000 - 0x00007ff8a19ae000 	C:\Windows\System32\sechost.dll
0x00007ff8a10c0000 - 0x00007ff8a11e1000 	C:\Windows\System32\RPCRT4.dll
0x00007ff8a28b0000 - 0x00007ff8a2a5d000 	C:\Windows\System32\USER32.dll
0x00007ff8a04a0000 - 0x00007ff8a04c6000 	C:\Windows\System32\win32u.dll
0x00007ff8a0c40000 - 0x00007ff8a0c6a000 	C:\Windows\System32\GDI32.dll
0x00007ff8a07d0000 - 0x00007ff8a08ee000 	C:\Windows\System32\gdi32full.dll
0x00007ff8a0730000 - 0x00007ff8a07cd000 	C:\Windows\System32\msvcp_win.dll
0x00007ff8967c0000 - 0x00007ff8967db000 	C:\Program Files\Java\jdk-20\bin\VCRUNTIME140.dll
0x00007ff889e00000 - 0x00007ff88a0a5000 	C:\Windows\WinSxS\amd64_microsoft.windows.common-controls_6595b64144ccf1df_6.0.22000.120_none_9d947278b86cc467\COMCTL32.dll
0x00007ff896fa0000 - 0x00007ff896faa000 	C:\Windows\SYSTEM32\VERSION.dll
0x00007ff8a2a60000 - 0x00007ff8a2a91000 	C:\Windows\System32\IMM32.DLL
0x00007ff89c110000 - 0x00007ff89c11c000 	C:\Program Files\Java\jdk-20\bin\vcruntime140_1.dll
0x00007ff88f320000 - 0x00007ff88f3ae000 	C:\Program Files\Java\jdk-20\bin\msvcp140.dll
0x00007ff815810000 - 0x00007ff8164a8000 	C:\Program Files\Java\jdk-20\bin\server\jvm.dll
0x00007ff89c120000 - 0x00007ff89c129000 	C:\Windows\SYSTEM32\WSOCK32.dll
0x00007ff8a1290000 - 0x00007ff8a12ff000 	C:\Windows\System32\WS2_32.dll
0x00007ff898e20000 - 0x00007ff898e53000 	C:\Windows\SYSTEM32\WINMM.dll
0x00007ff89f1f0000 - 0x00007ff89f208000 	C:\Windows\SYSTEM32\kernel.appcore.dll
0x00007ff89a260000 - 0x00007ff89a26a000 	C:\Program Files\Java\jdk-20\bin\jimage.dll
0x00007ff89dcb0000 - 0x00007ff89ded1000 	C:\Windows\SYSTEM32\DBGHELP.DLL
0x00007ff886a60000 - 0x00007ff886a91000 	C:\Windows\SYSTEM32\dbgcore.DLL
0x00007ff8a05f0000 - 0x00007ff8a066f000 	C:\Windows\System32\bcryptPrimitives.dll
0x00007ff894e60000 - 0x00007ff894e86000 	C:\Program Files\Java\jdk-20\bin\java.dll
0x00007ff87e8e0000 - 0x00007ff87e9b7000 	C:\Program Files\Java\jdk-20\bin\jsvml.dll
0x00007ff8a1aa0000 - 0x00007ff8a2265000 	C:\Windows\System32\SHELL32.dll
0x00007ff89e1e0000 - 0x00007ff89ea42000 	C:\Windows\SYSTEM32\windows.storage.dll
0x00007ff8a1590000 - 0x00007ff8a1906000 	C:\Windows\System32\combase.dll
0x00007ff89e070000 - 0x00007ff89e1d7000 	C:\Windows\SYSTEM32\wintypes.dll
0x00007ff8a0f60000 - 0x00007ff8a104a000 	C:\Windows\System32\SHCORE.dll
0x00007ff8a1050000 - 0x00007ff8a10ad000 	C:\Windows\System32\shlwapi.dll
0x00007ff8a0040000 - 0x00007ff8a0065000 	C:\Windows\SYSTEM32\profapi.dll
0x00007ff8967a0000 - 0x00007ff8967b3000 	C:\Program Files\Java\jdk-20\bin\net.dll
0x00007ff89b5f0000 - 0x00007ff89b704000 	C:\Windows\SYSTEM32\WINHTTP.dll
0x00007ff89f6a0000 - 0x00007ff89f707000 	C:\Windows\system32\mswsock.dll
0x00007ff894e40000 - 0x00007ff894e56000 	C:\Program Files\Java\jdk-20\bin\nio.dll
0x00007ff891e40000 - 0x00007ff891e58000 	C:\Program Files\Java\jdk-20\bin\zip.dll
0x0000000069ac0000 - 0x0000000069ae4000 	C:\Program Files\NetBeans-18\netbeans\java\maven\lib\jansi-native\Windows\x86_64\jansi.dll
0x00007ff896640000 - 0x00007ff896650000 	C:\Program Files\Java\jdk-20\bin\verify.dll

dbghelp: loaded successfully - version: 4.0.5 - missing functions: none
symbol engine: initialized successfully - sym options: 0x614 - pdb path: .;C:\Program Files\Java\jdk-20\bin;C:\Windows\SYSTEM32;C:\Windows\WinSxS\amd64_microsoft.windows.common-controls_6595b64144ccf1df_6.0.22000.120_none_9d947278b86cc467;C:\Program Files\Java\jdk-20\bin\server;C:\Program Files\NetBeans-18\netbeans\java\maven\lib\jansi-native\Windows\x86_64

VM Arguments:
jvm_args: -Dclassworlds.conf=C:\Program Files\NetBeans-18\netbeans\java\maven\bin\m2.conf -Dmaven.home=C:\Program Files\NetBeans-18\netbeans\java\maven -Dlibrary.jansi.path=C:\Program Files\NetBeans-18\netbeans\java\maven\lib\jansi-native -Dmaven.multiModuleProjectDirectory=C:\Users\FLOW\Documents\NetBeansProjects\Peminjaman-Ruang 
java_command: org.codehaus.plexus.classworlds.launcher.Launcher -Dexec.vmArgs= -Dexec.args=${exec.vmArgs} -classpath %classpath ${exec.mainClass} ${exec.appArgs} -Dexec.appArgs= -Dexec.mainClass=peminjaman.peminjaman.ruang.PeminjamanRuang -Dexec.executable=C:\Program Files\Java\jdk-20\bin\java.exe -Dmaven.ext.class.path=C:\Program Files\NetBeans-18\netbeans\java\maven-nblib\netbeans-eventspy.jar --no-transfer-progress process-classes org.codehaus.mojo:exec-maven-plugin:3.1.0:exec
java_class_path (initial): C:\Program Files\NetBeans-18\netbeans\java\maven\boot\plexus-classworlds-2.6.0.jar
Launcher Type: SUN_STANDARD

[Global flags]
     intx CICompilerCount                          = 12                                        {product} {ergonomic}
     uint ConcGCThreads                            = 3                                         {product} {ergonomic}
     uint G1ConcRefinementThreads                  = 13                                        {product} {ergonomic}
   size_t G1HeapRegionSize                         = 2097152                                   {product} {ergonomic}
    uintx GCDrainStackTargetSize                   = 64                                        {product} {ergonomic}
   size_t InitialHeapSize                          = 255852544                                 {product} {ergonomic}
   size_t MarkStackSize                            = 4194304                                   {product} {ergonomic}
   size_t MaxHeapSize                              = 4093640704                                {product} {ergonomic}
   size_t MaxNewSize                               = 2455764992                                {product} {ergonomic}
   size_t MinHeapDeltaBytes                        = 2097152                                   {product} {ergonomic}
   size_t MinHeapSize                              = 8388608                                   {product} {ergonomic}
    uintx NonNMethodCodeHeapSize                   = 7602480                                {pd product} {ergonomic}
    uintx NonProfiledCodeHeapSize                  = 122027880                              {pd product} {ergonomic}
    uintx ProfiledCodeHeapSize                     = 122027880                              {pd product} {ergonomic}
    uintx ReservedCodeCacheSize                    = 251658240                              {pd product} {ergonomic}
     bool SegmentedCodeCache                       = true                                      {product} {ergonomic}
   size_t SoftMaxHeapSize                          = 4093640704                             {manageable} {ergonomic}
     bool UseCompressedClassPointers               = true                           {product lp64_product} {ergonomic}
     bool UseCompressedOops                        = true                           {product lp64_product} {ergonomic}
     bool UseG1GC                                  = true                                      {product} {ergonomic}
     bool UseLargePagesIndividualAllocation        = false                                  {pd product} {ergonomic}

Logging:
Log output configuration:
 #0: stdout all=warning uptime,level,tags foldmultilines=false
 #1: stderr all=off uptime,level,tags foldmultilines=false

Environment Variables:
JAVA_HOME=C:\Program Files\Java\jdk-20
PATH=C:\Program Files\Common Files\Oracle\Java\javapath;C:\Windows\system32;C:\Windows;C:\Windows\System32\Wbem;C:\Windows\System32\WindowsPowerShell\v1.0\;C:\Windows\System32\OpenSSH\;C:\Program Files (x86)\NVIDIA Corporation\PhysX\Common;C:\Program Files\NVIDIA Corporation\NVIDIA NvDLISR;C:\Users\FLOW\AppData\Local\Programs\Python\Launcher\;C:\Users\FLOW\AppData\Local\Microsoft\WindowsApps;;C:\Users\FLOW\AppData\Local\Programs\Microsoft VS Code\bin
USERNAME=FLOW
OS=Windows_NT
PROCESSOR_IDENTIFIER=AMD64 Family 25 Model 68 Stepping 1, AuthenticAMD
TMP=C:\Users\FLOW\AppData\Local\Temp
TEMP=C:\Users\FLOW\AppData\Local\Temp




---------------  S Y S T E M  ---------------

OS:
 Windows 11 , 64 bit Build 22000 (10.0.22000.2360)
OS uptime: 0 days 7:30 hours

CPU: total 16 (initial active 16) (16 cores per cpu, 2 threads per core) family 25 model 68 stepping 1 microcode 0x0, cx8, cmov, fxsr, ht, mmx, 3dnowpref, sse, sse2, sse3, ssse3, sse4a, sse4.1, sse4.2, popcnt, lzcnt, tsc, tscinvbit, avx, avx2, aes, erms, clmul, bmi1, bmi2, adx, sha, fma, vzeroupper, clflush, clflushopt, rdtscp, rdpid, fsrm, f16c, pku, cet_ss

Memory: 4k page, system-wide physical 15612M (447M free)
TotalPageFile size 62716M (AvailPageFile size 4M)
current process WorkingSet (physical memory assigned to process): 106M, peak: 106M
current process commit charge ("private bytes"): 365M, peak: 365M

vm_info: Java HotSpot(TM) 64-Bit Server VM (20.0.2+9-78) for windows-amd64 JRE (20.0.2+9-78), built on 2023-06-14T10:08:48Z by "mach5one" with MS VC++ 17.1 (VS2022)

END.
